#-----------------------------------------------------------
# Vivado v2015.4.2 (64-bit)
# SW Build 1494164 on Fri Feb 26 04:18:56 MST 2016
# IP Build 1491208 on Wed Feb 24 03:25:39 MST 2016
# Start of session at: Sat Jul 28 11:10:03 2018
# Process ID: 6088
# Current directory: C:/Users/ArzhangJunior/Desktop/lwipRTOS
# Command line: vivado.exe -gui_launcher_event rodinguilauncherevent1248 C:\Users\ArzhangJunior\Desktop\lwipRTOS\lwipRTOS.xpr
# Log file: C:/Users/ArzhangJunior/Desktop/lwipRTOS/vivado.log
# Journal file: C:/Users/ArzhangJunior/Desktop/lwipRTOS\vivado.jou
#-----------------------------------------------------------
start_gui
open_project C:/Users/ArzhangJunior/Desktop/lwipRTOS/lwipRTOS.xpr
Scanning sources...
Finished scanning sources
INFO: [IP_Flow 19-234] Refreshing IP repositories
INFO: [IP_Flow 19-1700] Loaded user IP repository 'c:/Users/ArzhangJunior/Desktop/lwipRTOS/tamu.edu_user_ZedboardOLED_1.0'.
INFO: [IP_Flow 19-2313] Loaded Vivado IP repository 'D:/Xilinx/Vivado/2015.4/data/ip'.
open_project: Time (s): cpu = 00:00:17 ; elapsed = 00:00:17 . Memory (MB): peak = 814.359 ; gain = 253.547
launch_sdk -workspace C:/Users/ArzhangJunior/Desktop/lwipRTOS/lwipRTOS.sdk -hwspec C:/Users/ArzhangJunior/Desktop/lwipRTOS/lwipRTOS.sdk/design_1_wrapper.hdf
INFO: [Vivado 12-393] Launching SDK...
INFO: [Vivado 12-417] Running xsdk -workspace C:/Users/ArzhangJunior/Desktop/lwipRTOS/lwipRTOS.sdk -hwspec C:/Users/ArzhangJunior/Desktop/lwipRTOS/lwipRTOS.sdk/design_1_wrapper.hdf
INFO: [Vivado 12-3157] SDK launch initiated. Please check console for any further messages.
exit
INFO: [Common 17-206] Exiting Vivado at Sat Jul 28 19:59:03 2018...
