#-----------------------------------------------------------
# Vivado v2015.4.2 (64-bit)
# SW Build 1494164 on Fri Feb 26 04:18:56 MST 2016
# IP Build 1491208 on Wed Feb 24 03:25:39 MST 2016
# Start of session at: Sat Sep 01 14:11:35 2018
# Process ID: 1780
# Current directory: E:/ZedBoard_Projects/FMCOMMS_IPCORE
# Command line: vivado.exe -gui_launcher_event rodinguilauncherevent12228 E:\ZedBoard_Projects\FMCOMMS_IPCORE\fmcomms1_zed.xpr
# Log file: E:/ZedBoard_Projects/FMCOMMS_IPCORE/vivado.log
# Journal file: E:/ZedBoard_Projects/FMCOMMS_IPCORE\vivado.jou
#-----------------------------------------------------------
start_gui
open_project E:/ZedBoard_Projects/FMCOMMS_IPCORE/fmcomms1_zed.xpr
INFO: [Project 1-313] Project file moved from 'C:/cygwin64/home/Dr-Abbasfar/adi/hdl/projects/fmcomms1/zed' since last save.
WARNING: [Project 1-312] File not found as 'E:/../library/common/ad_iobuf.v'; using path 'C:/cygwin64/home/Dr-Abbasfar/adi/hdl/library/common/ad_iobuf.v' instead.
WARNING: [Project 1-312] File not found as 'E:/common/xilinx/compression_system_constr.xdc'; using path 'C:/cygwin64/home/Dr-Abbasfar/adi/hdl/projects/common/xilinx/compression_system_constr.xdc' instead.
WARNING: [Project 1-312] File not found as 'E:/common/zed/zed_system_constr.xdc'; using path 'C:/cygwin64/home/Dr-Abbasfar/adi/hdl/projects/common/zed/zed_system_constr.xdc' instead.
Scanning sources...
Finished scanning sources
WARNING: [Project 1-312] File not found as 'E:/../library/common/ad_iobuf.v'; using path 'C:/cygwin64/home/Dr-Abbasfar/adi/hdl/library/common/ad_iobuf.v' instead.
WARNING: [Project 1-312] File not found as 'E:/common/xilinx/compression_system_constr.xdc'; using path 'C:/cygwin64/home/Dr-Abbasfar/adi/hdl/projects/common/xilinx/compression_system_constr.xdc' instead.
WARNING: [Project 1-312] File not found as 'E:/common/zed/zed_system_constr.xdc'; using path 'C:/cygwin64/home/Dr-Abbasfar/adi/hdl/projects/common/zed/zed_system_constr.xdc' instead.
WARNING: [Project 1-312] File not found as 'E:/../library/common/ad_iobuf.v'; using path 'C:/cygwin64/home/Dr-Abbasfar/adi/hdl/library/common/ad_iobuf.v' instead.
WARNING: [Project 1-312] File not found as 'E:/common/xilinx/compression_system_constr.xdc'; using path 'C:/cygwin64/home/Dr-Abbasfar/adi/hdl/projects/common/xilinx/compression_system_constr.xdc' instead.
WARNING: [Project 1-312] File not found as 'E:/common/zed/zed_system_constr.xdc'; using path 'C:/cygwin64/home/Dr-Abbasfar/adi/hdl/projects/common/zed/zed_system_constr.xdc' instead.
INFO: [filemgmt 56-1] IP Repository Path: Directory not found as 'E:/../library'; using path 'C:/cygwin64/home/Dr-Abbasfar/adi/hdl/library' instead.
INFO: [IP_Flow 19-234] Refreshing IP repositories
INFO: [IP_Flow 19-1700] Loaded user IP repository 'c:/cygwin64/home/Dr-Abbasfar/adi/hdl/library'.
INFO: [IP_Flow 19-2313] Loaded Vivado IP repository 'D:/Xilinx/Vivado/2015.4/data/ip'.
open_project: Time (s): cpu = 00:00:22 ; elapsed = 00:00:18 . Memory (MB): peak = 827.844 ; gain = 222.934
set_property  ip_repo_paths  {c:/cygwin64/home/Dr-Abbasfar/adi/hdl/library E:/ZedBoard_Projects/FMCOMMS_IPCORE/HLS} [current_project]
update_ip_catalog
INFO: [IP_Flow 19-234] Refreshing IP repositories
INFO: [IP_Flow 19-1700] Loaded user IP repository 'c:/cygwin64/home/Dr-Abbasfar/adi/hdl/library'.
INFO: [IP_Flow 19-1700] Loaded user IP repository 'e:/ZedBoard_Projects/FMCOMMS_IPCORE/HLS'.
open_bd_design {E:/ZedBoard_Projects/FMCOMMS_IPCORE/fmcomms1_zed.srcs/sources_1/bd/system/system.bd}
Adding component instance block -- xilinx.com:ip:processing_system7:5.5 - sys_ps7
Adding component instance block -- xilinx.com:ip:axi_iic:2.0 - axi_iic_main
Adding component instance block -- analog.com:user:util_i2c_mixer:1.0 - sys_i2c_mixer
Adding component instance block -- xilinx.com:ip:xlconcat:2.1 - sys_concat_intc
Adding component instance block -- xilinx.com:ip:proc_sys_reset:5.0 - sys_rstgen
INFO: [Ipptcl 7-1463] No Compatible Board Interface found. Board Tab not created in customize GUI
Adding component instance block -- xilinx.com:ip:util_vector_logic:2.0 - sys_logic_inv
Adding component instance block -- analog.com:user:axi_clkgen:1.0 - axi_hdmi_clkgen
Adding component instance block -- analog.com:user:axi_hdmi_tx:1.0 - axi_hdmi_core
Adding component instance block -- xilinx.com:ip:axi_vdma:6.2 - axi_hdmi_dma
Adding component instance block -- xilinx.com:ip:clk_wiz:5.2 - sys_audio_clkgen
Adding component instance block -- analog.com:user:axi_spdif_tx:1.0 - axi_spdif_tx_core
Adding component instance block -- analog.com:user:axi_i2s_adi:1.0 - axi_i2s_adi
Adding component instance block -- xilinx.com:ip:axi_iic:2.0 - axi_iic_fmc
Adding component instance block -- analog.com:user:axi_ad9122:1.0 - axi_ad9122
Adding component instance block -- analog.com:user:axi_dmac:1.0 - axi_ad9122_dma
Adding component instance block -- analog.com:user:util_upack:1.0 - util_upack_ad9122
Adding component instance block -- analog.com:user:axi_ad9643:1.0 - axi_ad9643
Adding component instance block -- analog.com:user:axi_dmac:1.0 - axi_ad9643_dma
Adding component instance block -- analog.com:user:util_cpack:1.0 - util_cpack_ad9643
Adding component instance block -- analog.com:user:util_wfifo:1.0 - util_ad9643_adc_fifo
Adding component instance block -- xilinx.com:ip:clk_wiz:5.2 - refclk_clkgen
WARNING: [IP_Flow 19-982] Invalid parameter order found. Parameter 'INPUT_MODE' with  order 14.40 tries to set value on parameter 'USE_PHASE_ALIGNMENT' of  order 8.00.
Adding component instance block -- xilinx.com:ip:axi_protocol_converter:2.1 - auto_pc
Adding component instance block -- xilinx.com:ip:axi_crossbar:2.1 - xbar
Adding component instance block -- xilinx.com:ip:axi_protocol_converter:2.1 - auto_pc
Successfully read diagram <system> from BD file <E:/ZedBoard_Projects/FMCOMMS_IPCORE/fmcomms1_zed.srcs/sources_1/bd/system/system.bd>
open_bd_design: Time (s): cpu = 00:00:22 ; elapsed = 00:00:17 . Memory (MB): peak = 995.137 ; gain = 154.711
startgroup
create_bd_cell -type ip -vlnv xilinx.com:hls:stepGen:1.0 stepGen_0
endgroup
set_property location {2.5 795 2157} [get_bd_cells stepGen_0]
startgroup
apply_bd_automation -rule xilinx.com:bd_rule:axi4 -config {Master "/sys_ps7/M_AXI_GP0" Clk "Auto" }  [get_bd_intf_pins stepGen_0/s_axi_AXILiteS]
</stepGen_0/s_axi_AXILiteS/Reg> is being mapped into </sys_ps7/Data> at <0x43C00000 [ 64K ]>
apply_bd_automation -rule xilinx.com:bd_rule:axi4 -config {Master "/sys_ps7/M_AXI_GP0" Clk "Auto" }  [get_bd_intf_pins stepGen_0/s_axi_CRTL_BUS]
</stepGen_0/s_axi_CRTL_BUS/Reg> is being mapped into </sys_ps7/Data> at <0x43C10000 [ 64K ]>
endgroup
save_bd_design
Wrote  : <E:/ZedBoard_Projects/FMCOMMS_IPCORE/fmcomms1_zed.srcs/sources_1/bd/system/system.bd> 
reset_run synth_1
launch_runs impl_1 -to_step write_bitstream -jobs 4
WARNING: [#UNDEF] When using EMIO pins for SPI_0 tie SSIN High in the PL bitstream
WARNING: [#UNDEF] When using EMIO pins for SPI_1 tie SSIN High in the PL bitstream
INFO: [BD 41-1343] Reset pin /axi_ad9122_dma/m_src_axi_aresetn (associated clock /axi_ad9122_dma/m_src_axi_aclk) is connected to reset source /sys_rstgen/peripheral_aresetn (synchronous to clock source /sys_ps7/FCLK_CLK0).
This may prevent design from meeting timing. Please add Processor System Reset module to create a reset that is synchronous to the associated clock source /sys_ps7/FCLK_CLK1.
INFO: [BD 41-1343] Reset pin /axi_ad9643_dma/m_dest_axi_aresetn (associated clock /axi_ad9643_dma/m_dest_axi_aclk) is connected to reset source /sys_rstgen/peripheral_aresetn (synchronous to clock source /sys_ps7/FCLK_CLK0).
This may prevent design from meeting timing. Please add Processor System Reset module to create a reset that is synchronous to the associated clock source /sys_ps7/FCLK_CLK1.
INFO: [BD 41-1343] Reset pin /axi_hp1_interconnect/S00_ARESETN (associated clock /axi_hp1_interconnect/S00_ACLK) is connected to reset source /sys_rstgen/peripheral_aresetn (synchronous to clock source /sys_ps7/FCLK_CLK0).
This may prevent design from meeting timing. Please add Processor System Reset module to create a reset that is synchronous to the associated clock source /sys_ps7/FCLK_CLK1.
INFO: [BD 41-1343] Reset pin /axi_hp1_interconnect/M00_ARESETN (associated clock /axi_hp1_interconnect/M00_ACLK) is connected to reset source /sys_rstgen/peripheral_aresetn (synchronous to clock source /sys_ps7/FCLK_CLK0).
This may prevent design from meeting timing. Please add Processor System Reset module to create a reset that is synchronous to the associated clock source /sys_ps7/FCLK_CLK1.
INFO: [BD 41-1343] Reset pin /axi_hp2_interconnect/S00_ARESETN (associated clock /axi_hp2_interconnect/S00_ACLK) is connected to reset source /sys_rstgen/peripheral_aresetn (synchronous to clock source /sys_ps7/FCLK_CLK0).
This may prevent design from meeting timing. Please add Processor System Reset module to create a reset that is synchronous to the associated clock source /sys_ps7/FCLK_CLK1.
INFO: [BD 41-1343] Reset pin /axi_hp2_interconnect/M00_ARESETN (associated clock /axi_hp2_interconnect/M00_ACLK) is connected to reset source /sys_rstgen/peripheral_aresetn (synchronous to clock source /sys_ps7/FCLK_CLK0).
This may prevent design from meeting timing. Please add Processor System Reset module to create a reset that is synchronous to the associated clock source /sys_ps7/FCLK_CLK1.
Verilog Output written to : E:/ZedBoard_Projects/FMCOMMS_IPCORE/fmcomms1_zed.srcs/sources_1/bd/system/hdl/system.v
Verilog Output written to : E:/ZedBoard_Projects/FMCOMMS_IPCORE/fmcomms1_zed.srcs/sources_1/bd/system/hdl/system_wrapper.v
Wrote  : <E:/ZedBoard_Projects/FMCOMMS_IPCORE/fmcomms1_zed.srcs/sources_1/bd/system/system.bd> 
INFO: [IP_Flow 19-1686] Generating 'Instantiation Template' target for IP 'system_sys_ps7_0'...
INFO: [IP_Flow 19-1686] Generating 'Synthesis' target for IP 'system_sys_ps7_0'...
INFO: [IP_Flow 19-1686] Generating 'Simulation' target for IP 'system_sys_ps7_0'...
WARNING: [xilinx.com:ip:processing_system7:5.5-1] system_sys_ps7_0: The Zynq BFM requires an AXI BFM license to run. Please ensure that you have purchased and setup the AXI BFM license prior to running simulation with this block. Please contact your Xilinx sales office for more information on purchasing this license
INFO: [IP_Flow 19-1686] Generating 'Miscellaneous' target for IP 'system_sys_ps7_0'...
INFO: [IP_Flow 19-1686] Generating 'Change Log' target for IP 'system_sys_ps7_0'...
INFO: [BD 41-1029] Generation completed for the IP Integrator block sys_ps7 .
INFO: [IP_Flow 19-1686] Generating 'Instantiation Template' target for IP 'system_axi_iic_main_0'...
INFO: [IP_Flow 19-1686] Generating 'Simulation' target for IP 'system_axi_iic_main_0'...
INFO: [IP_Flow 19-1686] Generating 'Change Log' target for IP 'system_axi_iic_main_0'...
INFO: [BD 41-1029] Generation completed for the IP Integrator block axi_iic_main .
INFO: [IP_Flow 19-1686] Generating 'Instantiation Template' target for IP 'system_sys_i2c_mixer_0'...
INFO: [IP_Flow 19-1686] Generating 'Simulation' target for IP 'system_sys_i2c_mixer_0'...
INFO: [BD 41-1029] Generation completed for the IP Integrator block sys_i2c_mixer .
INFO: [IP_Flow 19-1686] Generating 'Instantiation Template' target for IP 'system_sys_concat_intc_0'...
INFO: [IP_Flow 19-1686] Generating 'Simulation' target for IP 'system_sys_concat_intc_0'...
INFO: [IP_Flow 19-1686] Generating 'Change Log' target for IP 'system_sys_concat_intc_0'...
INFO: [BD 41-1029] Generation completed for the IP Integrator block sys_concat_intc .
INFO: [IP_Flow 19-1686] Generating 'Instantiation Template' target for IP 'system_sys_rstgen_0'...
INFO: [IP_Flow 19-1686] Generating 'Simulation' target for IP 'system_sys_rstgen_0'...
INFO: [IP_Flow 19-1686] Generating 'Change Log' target for IP 'system_sys_rstgen_0'...
INFO: [BD 41-1029] Generation completed for the IP Integrator block sys_rstgen .
INFO: [IP_Flow 19-1686] Generating 'Instantiation Template' target for IP 'system_sys_logic_inv_0'...
INFO: [IP_Flow 19-1686] Generating 'Simulation' target for IP 'system_sys_logic_inv_0'...
INFO: [IP_Flow 19-1686] Generating 'Change Log' target for IP 'system_sys_logic_inv_0'...
INFO: [BD 41-1029] Generation completed for the IP Integrator block sys_logic_inv .
INFO: [IP_Flow 19-1686] Generating 'Instantiation Template' target for IP 'system_axi_hdmi_clkgen_0'...
INFO: [IP_Flow 19-1686] Generating 'Simulation' target for IP 'system_axi_hdmi_clkgen_0'...
INFO: [BD 41-1029] Generation completed for the IP Integrator block axi_hdmi_clkgen .
INFO: [IP_Flow 19-1686] Generating 'Instantiation Template' target for IP 'system_axi_hdmi_core_0'...
INFO: [IP_Flow 19-1686] Generating 'Simulation' target for IP 'system_axi_hdmi_core_0'...
INFO: [BD 41-1029] Generation completed for the IP Integrator block axi_hdmi_core .
INFO: [IP_Flow 19-1686] Generating 'Instantiation Template' target for IP 'system_axi_hdmi_dma_0'...
INFO: [IP_Flow 19-1686] Generating 'Simulation' target for IP 'system_axi_hdmi_dma_0'...
INFO: [IP_Flow 19-1686] Generating 'Change Log' target for IP 'system_axi_hdmi_dma_0'...
INFO: [BD 41-1029] Generation completed for the IP Integrator block axi_hdmi_dma .
INFO: [IP_Flow 19-1686] Generating 'Instantiation Template' target for IP 'system_sys_audio_clkgen_0'...
INFO: [IP_Flow 19-1686] Generating 'Simulation' target for IP 'system_sys_audio_clkgen_0'...
INFO: [IP_Flow 19-1686] Generating 'Change Log' target for IP 'system_sys_audio_clkgen_0'...
INFO: [BD 41-1029] Generation completed for the IP Integrator block sys_audio_clkgen .
INFO: [IP_Flow 19-1686] Generating 'Instantiation Template' target for IP 'system_axi_spdif_tx_core_0'...
INFO: [IP_Flow 19-1686] Generating 'Simulation' target for IP 'system_axi_spdif_tx_core_0'...
INFO: [BD 41-1029] Generation completed for the IP Integrator block axi_spdif_tx_core .
INFO: [IP_Flow 19-1686] Generating 'Instantiation Template' target for IP 'system_axi_i2s_adi_0'...
INFO: [IP_Flow 19-1686] Generating 'Simulation' target for IP 'system_axi_i2s_adi_0'...
INFO: [BD 41-1029] Generation completed for the IP Integrator block axi_i2s_adi .
INFO: [IP_Flow 19-1686] Generating 'Instantiation Template' target for IP 'system_axi_iic_fmc_0'...
INFO: [IP_Flow 19-1686] Generating 'Simulation' target for IP 'system_axi_iic_fmc_0'...
INFO: [IP_Flow 19-1686] Generating 'Change Log' target for IP 'system_axi_iic_fmc_0'...
INFO: [BD 41-1029] Generation completed for the IP Integrator block axi_iic_fmc .
INFO: [IP_Flow 19-1686] Generating 'Instantiation Template' target for IP 'system_xbar_0'...
INFO: [IP_Flow 19-1686] Generating 'Synthesis' target for IP 'system_xbar_0'...
INFO: [Device 21-403] Loading part xc7z020clg484-1
INFO: [IP_Flow 19-1686] Generating 'Simulation' target for IP 'system_xbar_0'...
INFO: [IP_Flow 19-1686] Generating 'Change Log' target for IP 'system_xbar_0'...
INFO: [BD 41-1029] Generation completed for the IP Integrator block axi_cpu_interconnect/xbar .
INFO: [IP_Flow 19-1686] Generating 'Instantiation Template' target for IP 'system_axi_ad9122_0'...
INFO: [IP_Flow 19-1686] Generating 'Simulation' target for IP 'system_axi_ad9122_0'...
INFO: [BD 41-1029] Generation completed for the IP Integrator block axi_ad9122 .
INFO: [IP_Flow 19-1686] Generating 'Instantiation Template' target for IP 'system_axi_ad9122_dma_0'...
INFO: [IP_Flow 19-1686] Generating 'Simulation' target for IP 'system_axi_ad9122_dma_0'...
WARNING: [IP_Flow 19-1971] File named "../../ipshared/analog.com/common/sync_bits.v" already exists in file group "xilinx_anylanguagebehavioralsimulation", cannot add it again.
INFO: [BD 41-1029] Generation completed for the IP Integrator block axi_ad9122_dma .
INFO: [IP_Flow 19-1686] Generating 'Instantiation Template' target for IP 'system_util_upack_ad9122_0'...
INFO: [IP_Flow 19-1686] Generating 'Simulation' target for IP 'system_util_upack_ad9122_0'...
INFO: [BD 41-1029] Generation completed for the IP Integrator block util_upack_ad9122 .
INFO: [IP_Flow 19-1686] Generating 'Instantiation Template' target for IP 'system_axi_ad9643_0'...
INFO: [IP_Flow 19-1686] Generating 'Simulation' target for IP 'system_axi_ad9643_0'...
INFO: [BD 41-1029] Generation completed for the IP Integrator block axi_ad9643 .
INFO: [IP_Flow 19-1686] Generating 'Instantiation Template' target for IP 'system_axi_ad9643_dma_0'...
INFO: [IP_Flow 19-1686] Generating 'Simulation' target for IP 'system_axi_ad9643_dma_0'...
WARNING: [IP_Flow 19-1971] File named "../../ipshared/analog.com/common/sync_bits.v" already exists in file group "xilinx_anylanguagebehavioralsimulation", cannot add it again.
INFO: [BD 41-1029] Generation completed for the IP Integrator block axi_ad9643_dma .
INFO: [IP_Flow 19-1686] Generating 'Instantiation Template' target for IP 'system_util_cpack_ad9643_0'...
INFO: [IP_Flow 19-1686] Generating 'Simulation' target for IP 'system_util_cpack_ad9643_0'...
INFO: [BD 41-1029] Generation completed for the IP Integrator block util_cpack_ad9643 .
INFO: [IP_Flow 19-1686] Generating 'Instantiation Template' target for IP 'system_util_ad9643_adc_fifo_0'...
INFO: [IP_Flow 19-1686] Generating 'Simulation' target for IP 'system_util_ad9643_adc_fifo_0'...
INFO: [BD 41-1029] Generation completed for the IP Integrator block util_ad9643_adc_fifo .
INFO: [IP_Flow 19-1686] Generating 'Instantiation Template' target for IP 'system_refclk_clkgen_0'...
INFO: [IP_Flow 19-1686] Generating 'Simulation' target for IP 'system_refclk_clkgen_0'...
INFO: [IP_Flow 19-1686] Generating 'Change Log' target for IP 'system_refclk_clkgen_0'...
INFO: [BD 41-1029] Generation completed for the IP Integrator block refclk_clkgen .
INFO: [IP_Flow 19-1686] Generating 'Instantiation Template' target for IP 'system_stepGen_0_0'...
INFO: [IP_Flow 19-1686] Generating 'Synthesis' target for IP 'system_stepGen_0_0'...
INFO: [IP_Flow 19-1686] Generating 'Simulation' target for IP 'system_stepGen_0_0'...
INFO: [IP_Flow 19-1686] Generating 'Miscellaneous' target for IP 'system_stepGen_0_0'...
INFO: [IP_Flow 19-1686] Generating 'Software Driver' target for IP 'system_stepGen_0_0'...
INFO: [BD 41-1029] Generation completed for the IP Integrator block stepGen_0 .
INFO: [IP_Flow 19-1686] Generating 'Instantiation Template' target for IP 'system_auto_pc_0'...
INFO: [IP_Flow 19-1686] Generating 'Synthesis' target for IP 'system_auto_pc_0'...
INFO: [IP_Flow 19-1686] Generating 'Simulation' target for IP 'system_auto_pc_0'...
INFO: [IP_Flow 19-1686] Generating 'Change Log' target for IP 'system_auto_pc_0'...
INFO: [BD 41-1029] Generation completed for the IP Integrator block axi_cpu_interconnect/s00_couplers/auto_pc .
INFO: [IP_Flow 19-1686] Generating 'Instantiation Template' target for IP 'system_auto_pc_1'...
INFO: [IP_Flow 19-1686] Generating 'Synthesis' target for IP 'system_auto_pc_1'...
INFO: [IP_Flow 19-1686] Generating 'Simulation' target for IP 'system_auto_pc_1'...
INFO: [IP_Flow 19-1686] Generating 'Change Log' target for IP 'system_auto_pc_1'...
INFO: [BD 41-1029] Generation completed for the IP Integrator block axi_hp0_interconnect/s00_couplers/auto_pc .
Exporting to file E:/ZedBoard_Projects/FMCOMMS_IPCORE/fmcomms1_zed.srcs/sources_1/bd/system/hw_handoff/system.hwh
Generated Block Design Tcl file E:/ZedBoard_Projects/FMCOMMS_IPCORE/fmcomms1_zed.srcs/sources_1/bd/system/hw_handoff/system_bd.tcl
Generated Hardware Definition File E:/ZedBoard_Projects/FMCOMMS_IPCORE/fmcomms1_zed.srcs/sources_1/bd/system/hdl/system.hwdef
[Sat Sep 01 14:14:22 2018] Launched synth_1...
Run output will be captured here: E:/ZedBoard_Projects/FMCOMMS_IPCORE/fmcomms1_zed.runs/synth_1/runme.log
[Sat Sep 01 14:14:22 2018] Launched impl_1...
Run output will be captured here: E:/ZedBoard_Projects/FMCOMMS_IPCORE/fmcomms1_zed.runs/impl_1/runme.log
launch_runs: Time (s): cpu = 00:00:28 ; elapsed = 00:00:32 . Memory (MB): peak = 1209.875 ; gain = 146.219
file copy -force E:/ZedBoard_Projects/FMCOMMS_IPCORE/fmcomms1_zed.runs/impl_1/system_top.sysdef E:/ZedBoard_Projects/FMCOMMS_IPCORE/fmcomms1_zed.sdk/system_top.hdf

launch_sdk -workspace E:/ZedBoard_Projects/FMCOMMS_IPCORE/fmcomms1_zed.sdk -hwspec E:/ZedBoard_Projects/FMCOMMS_IPCORE/fmcomms1_zed.sdk/system_top.hdf
INFO: [Vivado 12-393] Launching SDK...
INFO: [Vivado 12-417] Running xsdk -workspace E:/ZedBoard_Projects/FMCOMMS_IPCORE/fmcomms1_zed.sdk -hwspec E:/ZedBoard_Projects/FMCOMMS_IPCORE/fmcomms1_zed.sdk/system_top.hdf
INFO: [Vivado 12-3157] SDK launch initiated. Please check console for any further messages.
exit
INFO: [Common 17-206] Exiting Vivado at Sat Sep 01 16:19:43 2018...
