#
# A fatal error has been detected by the Java Runtime Environment:
#
#  EXCEPTION_UNCAUGHT_CXX_EXCEPTION (0xe06d7363) at pc=0x00007ffbba6da388, pid=7036, tid=1168
#
# JRE version: Java(TM) SE Runtime Environment (8.0_45-b15) (build 1.8.0_45-b15)
# Java VM: Java HotSpot(TM) 64-Bit Server VM (25.45-b02 mixed mode windows-amd64 compressed oops)
# Problematic frame:
# C  [KERNELBASE.dll+0x3a388]
#
# Failed to write core dump. Minidumps are not enabled by default on client versions of Windows
#
# If you would like to submit a bug report, please visit:
#   http://bugreport.java.com/bugreport/crash.jsp
#

---------------  T H R E A D  ---------------

Current thread (0x00000000141e9000):  VMThread [stack: 0x0000000015ec0000,0x0000000015fc0000] [id=1168]

siginfo: ExceptionCode=0xe06d7363, ExceptionInformation=0x0000000019930520 0x0000000015fbf378 0x00007ffb8d902d50 0x00007ffb8d850000 

Registers:
RAX=0x0000000000000000, RBX=0x00007ffb8d902d50, RCX=0x00000000f46857d4, RDX=0x00007ffbbe281221
RSP=0x0000000015fbf1c0, RBP=0x0000000015fbf300, RSI=0x00000000ffffffff, RDI=0x000000000065e780
R8 =0x00007ffbbe283e77, R9 =0x0000000000000000, R10=0x0000000015fbed01, R11=0x0000000000629870
R12=0x0000000000000001, R13=0x0000000000000008, R14=0x0000000000000000, R15=0xffffffffffffffff
RIP=0x00007ffbba6da388, EFLAGS=0x0000000000000202

Top of Stack: (sp=0x0000000015fbf1c0)
0x0000000015fbf1c0:   0000000000008008 00007ffb8d902d50
0x0000000015fbf1d0:   00000000ffffffff 000000000065e780
0x0000000015fbf1e0:   00000001e06d7363 0000000000000000
0x0000000015fbf1f0:   00007ffbba6da388 0000000000000004
0x0000000015fbf200:   0000000019930520 0000000015fbf378
0x0000000015fbf210:   00007ffb8d902d50 00007ffb8d850000
0x0000000015fbf220:   0000000000000000 0000000000000001
0x0000000015fbf230:   000000000065e780 00000000ffffffff
0x0000000015fbf240:   0000000015fbf300 00007ffbbe25a39f
0x0000000015fbf250:   0000000015fbf310 00007ffb00000000
0x0000000015fbf260:   0000731950265c80 000000000000003f
0x0000000015fbf270:   00007ffb8d919000 00007ffb8d850000
0x0000000015fbf280:   000013b006a40e8c 0000000000370080
0x0000000015fbf290:   00007ffb8d902d50 00007ffb8d8aea3c
0x0000000015fbf2a0:   ffffffff0000001f 0000000000000000
0x0000000015fbf2b0:   0000000000000008 0000000000000001 

Instructions: (pc=0x00007ffbba6da388)
0x00007ffbba6da368:   49 8b d1 44 0f 47 c0 44 89 44 24 38 49 c1 e0 03
0x00007ffbba6da378:   e8 da 3d 04 00 48 8d 4c 24 20 ff 15 50 81 14 00
0x00007ffbba6da388:   48 8b 8c 24 c0 00 00 00 48 33 cc e8 08 fe 03 00
0x00007ffbba6da398:   48 81 c4 d8 00 00 00 c3 83 64 24 38 00 eb d6 cc 


Register to memory mapping:

RAX=0x0000000000000000 is an unknown value
RBX=0x00007ffb8d902d50 is an unknown value
RCX=0x00000000f46857d4 is an unallocated location in the heap
RDX=0x00007ffbbe281221 is an unknown value
RSP=0x0000000015fbf1c0 is an unknown value
RBP=0x0000000015fbf300 is an unknown value
RSI=0x00000000ffffffff is an unallocated location in the heap
RDI=0x000000000065e780 is an unknown value
R8 =0x00007ffbbe283e77 is an unknown value
R9 =0x0000000000000000 is an unknown value
R10=0x0000000015fbed01 is an unknown value
R11=0x0000000000629870 is an unknown value
R12=0x0000000000000001 is an unknown value
R13=0x0000000000000008 is an unknown value
R14=0x0000000000000000 is an unknown value
R15=0xffffffffffffffff is an unknown value


Stack: [0x0000000015ec0000,0x0000000015fc0000],  sp=0x0000000015fbf1c0,  free space=1020k
Native frames: (J=compiled Java code, j=interpreted, Vv=VM code, C=native code)
C  [KERNELBASE.dll+0x3a388]
C  [MSVCR110.dll+0x5ea3c]
C  [MSVCR110.dll+0x1315c]
C  [MSVCR110.dll+0x136a9]
C  [MSVCR110.dll+0x13e9c]
C  [MSVCR110.dll+0x239e]
C  [MSVCR110.dll+0xaf9e]
C  [MSVCP110.dll+0x39a7d]
C  [librdi_common.dll+0x14283e]
C  [librdi_common.dll+0x141449]
C  0x00007ffbad422400
C  0x00007ffbad422682
C  [ntdll.dll+0x34023]
C  [ntdll.dll+0x409d5]
C  [ntdll.dll+0x40898]
C  [KERNEL32.DLL+0x1b19a]
C  [MSVCR100.dll+0x20ccd]
V  [jvm.dll+0x20f135]
V  [jvm.dll+0x247ef7]
V  [jvm.dll+0x247196]
V  [jvm.dll+0x247631]
V  [jvm.dll+0x24784e]
V  [jvm.dll+0x29853a]
C  [MSVCR100.dll+0x21d9f]
C  [MSVCR100.dll+0x21e3b]
C  [KERNEL32.DLL+0x13034]
C  [ntdll.dll+0x71431]

VM_Operation (0x000000000014f500): Exit, mode: safepoint, requested by thread 0x0000000002a2e800


---------------  P R O C E S S  ---------------

Java Threads: ( => current thread )
  0x0000000017450000 JavaThread "Thread-22" [_thread_in_native, id=1876, stack(0x000000002a980000,0x000000002aa80000)]
  0x000000001c15a800 JavaThread "pool-2-thread-1" [_thread_blocked, id=5068, stack(0x0000000028b80000,0x0000000028c80000)]
  0x000000001c159800 JavaThread "Thread-18" daemon [_thread_blocked, id=5788, stack(0x0000000028980000,0x0000000028a80000)]
  0x0000000017451800 JavaThread "TCF Locator DNS Lookup" daemon [_thread_blocked, id=3492, stack(0x0000000022ad0000,0x0000000022bd0000)]
  0x000000001744b800 JavaThread "TCF Locator Timer" daemon [_thread_blocked, id=10892, stack(0x00000000229d0000,0x0000000022ad0000)]
  0x0000000017452000 JavaThread "TCF Locator Receiver" daemon [_thread_in_native, id=9080, stack(0x00000000228d0000,0x00000000229d0000)]
  0x000000001a195000 JavaThread "TCF Timer Dispatcher" daemon [_thread_blocked, id=5744, stack(0x00000000226d0000,0x00000000227d0000)]
  0x0000000019db5000 JavaThread "EMF Reference Cleaner" daemon [_thread_blocked, id=6744, stack(0x000000001af50000,0x000000001b050000)]
  0x0000000016243000 JavaThread "Service Thread" daemon [_thread_blocked, id=2092, stack(0x0000000016bc0000,0x0000000016cc0000)]
  0x00000000141fd000 JavaThread "C1 CompilerThread3" daemon [_thread_blocked, id=2576, stack(0x0000000016ac0000,0x0000000016bc0000)]
  0x00000000161f5000 JavaThread "C2 CompilerThread2" daemon [_thread_blocked, id=1164, stack(0x00000000169c0000,0x0000000016ac0000)]
  0x00000000161ed000 JavaThread "C2 CompilerThread1" daemon [_thread_blocked, id=8884, stack(0x00000000168c0000,0x00000000169c0000)]
  0x00000000161eb800 JavaThread "C2 CompilerThread0" daemon [_thread_blocked, id=7940, stack(0x00000000167c0000,0x00000000168c0000)]
  0x00000000161fd800 JavaThread "Attach Listener" daemon [_thread_blocked, id=1984, stack(0x00000000166c0000,0x00000000167c0000)]
  0x00000000161fc800 JavaThread "Signal Dispatcher" daemon [_thread_blocked, id=10112, stack(0x00000000165c0000,0x00000000166c0000)]
  0x000000000296b000 JavaThread "Finalizer" daemon [_thread_blocked, id=6620, stack(0x00000000160c0000,0x00000000161c0000)]
  0x0000000002964000 JavaThread "Reference Handler" daemon [_thread_blocked, id=232, stack(0x0000000015fc0000,0x00000000160c0000)]
  0x0000000002a2e800 JavaThread "main" [_thread_blocked, id=4400, stack(0x0000000000050000,0x0000000000150000)]

Other Threads:
=>0x00000000141e9000 VMThread [stack: 0x0000000015ec0000,0x0000000015fc0000] [id=1168]

VM state:at safepoint (shutting down)

VM Mutex/Monitor currently owned by a thread:  ([mutex/lock_event])
[0x0000000002a2d540] Threads_lock - owner thread: 0x00000000141e9000

Heap:
 PSYoungGen      total 70144K, used 53282K [0x00000000f5580000, 0x00000000fab80000, 0x0000000100000000)
  eden space 53248K, 74% used [0x00000000f5580000,0x00000000f7c69240,0x00000000f8980000)
  from space 16896K, 79% used [0x00000000f9b00000,0x00000000fa81f8f0,0x00000000fab80000)
  to   space 17408K, 0% used [0x00000000f8980000,0x00000000f8980000,0x00000000f9a80000)
 ParOldGen       total 92672K, used 45026K [0x00000000e0000000, 0x00000000e5a80000, 0x00000000f5580000)
  object space 92672K, 48% used [0x00000000e0000000,0x00000000e2bf8b80,0x00000000e5a80000)
 Metaspace       used 84706K, capacity 91524K, committed 91904K, reserved 1128448K
  class space    used 10287K, capacity 12430K, committed 12544K, reserved 1048576K

Card table byte_map: [0x0000000011df0000,0x0000000011f00000] byte_map_base: 0x00000000116f0000

Marking Bits: (ParMarkBitMap*) 0x0000000067ef4040
 Begin Bits: [0x0000000012700000, 0x0000000012f00000)
 End Bits:   [0x0000000012f00000, 0x0000000013700000)

Polling page: 0x0000000000570000

CodeCache: size=245760Kb used=42250Kb max_used=42298Kb free=203509Kb
 bounds [0x0000000002a30000, 0x00000000053f0000, 0x0000000011a30000]
 total_blobs=11835 nmethods=10986 adapters=757
 compilation: enabled

Compilation events (10 events):
Event: 1787.036 Thread 0x00000000141fd000 nmethod 13835 0x0000000002fc33d0 code [0x0000000002fc3520, 0x0000000002fc3630]
Event: 1787.036 Thread 0x00000000141fd000 13836       1       org.eclipse.osgi.internal.loader.BundleLoaderProxy::getBundleData (5 bytes)
Event: 1787.036 Thread 0x00000000141fd000 nmethod 13836 0x00000000053ae810 code [0x00000000053ae960, 0x00000000053aea70]
Event: 1787.049 Thread 0x00000000161eb800 nmethod 13821 0x0000000003266390 code [0x00000000032666e0, 0x0000000003269500]
Event: 1787.194 Thread 0x00000000141fd000 13837   !   3       org.eclipse.osgi.internal.baseadaptor.BaseStorage::compact (215 bytes)
Event: 1787.195 Thread 0x00000000141fd000 nmethod 13837 0x0000000004052910 code [0x0000000004052d60, 0x0000000004055228]
Event: 1787.327 Thread 0x00000000161f5000 13838       4       java.io.File::isDirectory (43 bytes)
Event: 1787.329 Thread 0x00000000161f5000 nmethod 13838 0x00000000045ffa90 code [0x00000000045ffbe0, 0x00000000045ffde8]
Event: 1787.425 Thread 0x00000000141fd000 13839       3       org.eclipse.osgi.framework.internal.core.AbstractBundle::close (52 bytes)
Event: 1787.426 Thread 0x00000000141fd000 nmethod 13839 0x0000000002dda790 code [0x0000000002dda9c0, 0x0000000002ddb6c8]

GC Heap History (10 events):
Event: 1454.447 GC heap before
{Heap before GC invocations=28 (full 4):
 PSYoungGen      total 70656K, used 70366K [0x00000000f5580000, 0x00000000fb100000, 0x0000000100000000)
  eden space 59904K, 100% used [0x00000000f5580000,0x00000000f9000000,0x00000000f9000000)
  from space 10752K, 97% used [0x00000000f9180000,0x00000000f9bb79e0,0x00000000f9c00000)
  to   space 16896K, 0% used [0x00000000fa080000,0x00000000fa080000,0x00000000fb100000)
 ParOldGen       total 92672K, used 44994K [0x00000000e0000000, 0x00000000e5a80000, 0x00000000f5580000)
  object space 92672K, 48% used [0x00000000e0000000,0x00000000e2bf0b80,0x00000000e5a80000)
 Metaspace       used 81724K, capacity 88334K, committed 88576K, reserved 1126400K
  class space    used 9922K, capacity 12028K, committed 12032K, reserved 1048576K
Event: 1454.456 GC heap after
Heap after GC invocations=28 (full 4):
 PSYoungGen      total 72704K, used 10065K [0x00000000f5580000, 0x00000000fae80000, 0x0000000100000000)
  eden space 58368K, 0% used [0x00000000f5580000,0x00000000f5580000,0x00000000f8e80000)
  from space 14336K, 70% used [0x00000000fa080000,0x00000000faa547f0,0x00000000fae80000)
  to   space 16384K, 0% used [0x00000000f8e80000,0x00000000f8e80000,0x00000000f9e80000)
 ParOldGen       total 92672K, used 44994K [0x00000000e0000000, 0x00000000e5a80000, 0x00000000f5580000)
  object space 92672K, 48% used [0x00000000e0000000,0x00000000e2bf0b80,0x00000000e5a80000)
 Metaspace       used 81724K, capacity 88334K, committed 88576K, reserved 1126400K
  class space    used 9922K, capacity 12028K, committed 12032K, reserved 1048576K
}
Event: 1645.855 GC heap before
{Heap before GC invocations=29 (full 4):
 PSYoungGen      total 72704K, used 68433K [0x00000000f5580000, 0x00000000fae80000, 0x0000000100000000)
  eden space 58368K, 100% used [0x00000000f5580000,0x00000000f8e80000,0x00000000f8e80000)
  from space 14336K, 70% used [0x00000000fa080000,0x00000000faa547f0,0x00000000fae80000)
  to   space 16384K, 0% used [0x00000000f8e80000,0x00000000f8e80000,0x00000000f9e80000)
 ParOldGen       total 92672K, used 44994K [0x00000000e0000000, 0x00000000e5a80000, 0x00000000f5580000)
  object space 92672K, 48% used [0x00000000e0000000,0x00000000e2bf0b80,0x00000000e5a80000)
 Metaspace       used 82002K, capacity 88654K, committed 88832K, reserved 1126400K
  class space    used 9931K, capacity 12028K, committed 12032K, reserved 1048576K
Event: 1645.863 GC heap after
Heap after GC invocations=29 (full 4):
 PSYoungGen      total 67584K, used 10552K [0x00000000f5580000, 0x00000000fac00000, 0x0000000100000000)
  eden space 56832K, 0% used [0x00000000f5580000,0x00000000f5580000,0x00000000f8d00000)
  from space 10752K, 98% used [0x00000000f8e80000,0x00000000f98ce1d8,0x00000000f9900000)
  to   space 15872K, 0% used [0x00000000f9c80000,0x00000000f9c80000,0x00000000fac00000)
 ParOldGen       total 92672K, used 45002K [0x00000000e0000000, 0x00000000e5a80000, 0x00000000f5580000)
  object space 92672K, 48% used [0x00000000e0000000,0x00000000e2bf2b80,0x00000000e5a80000)
 Metaspace       used 82002K, capacity 88654K, committed 88832K, reserved 1126400K
  class space    used 9931K, capacity 12028K, committed 12032K, reserved 1048576K
}
Event: 1661.010 GC heap before
{Heap before GC invocations=30 (full 4):
 PSYoungGen      total 67584K, used 67384K [0x00000000f5580000, 0x00000000fac00000, 0x0000000100000000)
  eden space 56832K, 100% used [0x00000000f5580000,0x00000000f8d00000,0x00000000f8d00000)
  from space 10752K, 98% used [0x00000000f8e80000,0x00000000f98ce1d8,0x00000000f9900000)
  to   space 15872K, 0% used [0x00000000f9c80000,0x00000000f9c80000,0x00000000fac00000)
 ParOldGen       total 92672K, used 45002K [0x00000000e0000000, 0x00000000e5a80000, 0x00000000f5580000)
  object space 92672K, 48% used [0x00000000e0000000,0x00000000e2bf2b80,0x00000000e5a80000)
 Metaspace       used 83147K, capacity 89864K, committed 90112K, reserved 1126400K
  class space    used 10128K, capacity 12262K, committed 12288K, reserved 1048576K
Event: 1661.019 GC heap after
Heap after GC invocations=30 (full 4):
 PSYoungGen      total 71168K, used 13834K [0x00000000f5580000, 0x00000000fac80000, 0x0000000100000000)
  eden space 55296K, 0% used [0x00000000f5580000,0x00000000f5580000,0x00000000f8b80000)
  from space 15872K, 87% used [0x00000000f9c80000,0x00000000faa02918,0x00000000fac00000)
  to   space 16896K, 0% used [0x00000000f8b80000,0x00000000f8b80000,0x00000000f9c00000)
 ParOldGen       total 92672K, used 45010K [0x00000000e0000000, 0x00000000e5a80000, 0x00000000f5580000)
  object space 92672K, 48% used [0x00000000e0000000,0x00000000e2bf4b80,0x00000000e5a80000)
 Metaspace       used 83147K, capacity 89864K, committed 90112K, reserved 1126400K
  class space    used 10128K, capacity 12262K, committed 12288K, reserved 1048576K
}
Event: 1750.080 GC heap before
{Heap before GC invocations=31 (full 4):
 PSYoungGen      total 71168K, used 69130K [0x00000000f5580000, 0x00000000fac80000, 0x0000000100000000)
  eden space 55296K, 100% used [0x00000000f5580000,0x00000000f8b80000,0x00000000f8b80000)
  from space 15872K, 87% used [0x00000000f9c80000,0x00000000faa02918,0x00000000fac00000)
  to   space 16896K, 0% used [0x00000000f8b80000,0x00000000f8b80000,0x00000000f9c00000)
 ParOldGen       total 92672K, used 45010K [0x00000000e0000000, 0x00000000e5a80000, 0x00000000f5580000)
  object space 92672K, 48% used [0x00000000e0000000,0x00000000e2bf4b80,0x00000000e5a80000)
 Metaspace       used 83468K, capacity 90120K, committed 90496K, reserved 1128448K
  class space    used 10154K, capacity 12326K, committed 12416K, reserved 1048576K
Event: 1750.088 GC heap after
Heap after GC invocations=31 (full 4):
 PSYoungGen      total 67072K, used 12639K [0x00000000f5580000, 0x00000000fab80000, 0x0000000100000000)
  eden space 54272K, 0% used [0x00000000f5580000,0x00000000f5580000,0x00000000f8a80000)
  from space 12800K, 98% used [0x00000000f8b80000,0x00000000f97d7fe0,0x00000000f9800000)
  to   space 16896K, 0% used [0x00000000f9b00000,0x00000000f9b00000,0x00000000fab80000)
 ParOldGen       total 92672K, used 45018K [0x00000000e0000000, 0x00000000e5a80000, 0x00000000f5580000)
  object space 92672K, 48% used [0x00000000e0000000,0x00000000e2bf6b80,0x00000000e5a80000)
 Metaspace       used 83468K, capacity 90120K, committed 90496K, reserved 1128448K
  class space    used 10154K, capacity 12326K, committed 12416K, reserved 1048576K
}
Event: 1782.590 GC heap before
{Heap before GC invocations=32 (full 4):
 PSYoungGen      total 67072K, used 66911K [0x00000000f5580000, 0x00000000fab80000, 0x0000000100000000)
  eden space 54272K, 100% used [0x00000000f5580000,0x00000000f8a80000,0x00000000f8a80000)
  from space 12800K, 98% used [0x00000000f8b80000,0x00000000f97d7fe0,0x00000000f9800000)
  to   space 16896K, 0% used [0x00000000f9b00000,0x00000000f9b00000,0x00000000fab80000)
 ParOldGen       total 92672K, used 45018K [0x00000000e0000000, 0x00000000e5a80000, 0x00000000f5580000)
  object space 92672K, 48% used [0x00000000e0000000,0x00000000e2bf6b80,0x00000000e5a80000)
 Metaspace       used 83829K, capacity 90588K, committed 90752K, reserved 1128448K
  class space    used 10190K, capacity 12330K, committed 12416K, reserved 1048576K
Event: 1782.599 GC heap after
Heap after GC invocations=32 (full 4):
 PSYoungGen      total 70144K, used 13438K [0x00000000f5580000, 0x00000000fab80000, 0x0000000100000000)
  eden space 53248K, 0% used [0x00000000f5580000,0x00000000f5580000,0x00000000f8980000)
  from space 16896K, 79% used [0x00000000f9b00000,0x00000000fa81f8f0,0x00000000fab80000)
  to   space 17408K, 0% used [0x00000000f8980000,0x00000000f8980000,0x00000000f9a80000)
 ParOldGen       total 92672K, used 45026K [0x00000000e0000000, 0x00000000e5a80000, 0x00000000f5580000)
  object space 92672K, 48% used [0x00000000e0000000,0x00000000e2bf8b80,0x00000000e5a80000)
 Metaspace       used 83829K, capacity 90588K, committed 90752K, reserved 1128448K
  class space    used 10190K, capacity 12330K, committed 12416K, reserved 1048576K
}

Deoptimization events (10 events):
Event: 1786.974 Thread 0x0000000002a2e800 Uncommon trap: reason=null_check action=maybe_recompile pc=0x0000000003f041d8 method=com.xilinx.sdk.targetmanager.internal.json.XMDJSONProcess.issueCommand(Ljava/lang/String;)Lcom/xilinx/sdk/targetmanager/internal/IXMDResult; @ 3
Event: 1786.978 Thread 0x0000000002a2e800 Uncommon trap: reason=bimorphic action=maybe_recompile pc=0x0000000004af11c0 method=org.eclipse.core.internal.dtree.AbstractDataTreeNode.assembleWith([Lorg/eclipse/core/internal/dtree/AbstractDataTreeNode;[Lorg/eclipse/core/internal/dtree/AbstractDataTreeN¡~	ïéë›@
Event: 1786.978 Thread 0x0000000002a2e800 Uncommon trap: reason=bimorphic action=maybe_recompile pc=0x0000000004af11c0 method=org.eclipse.core.internal.dtree.AbstractDataTreeNode.assembleWith([Lorg/eclipse/core/internal/dtree/AbstractDataTreeNode;[Lorg/eclipse/core/internal/dtree/AbstractDataTreeN3Çãõéë›@
Event: 1786.978 Thread 0x0000000002a2e800 Uncommon trap: reason=bimorphic action=maybe_recompile pc=0x0000000004af11c0 method=org.eclipse.core.internal.dtree.AbstractDataTreeNode.assembleWith([Lorg/eclipse/core/internal/dtree/AbstractDataTreeNode;[Lorg/eclipse/core/internal/dtree/AbstractDataTreeN
Event: 1786.978 Thread 0x0000000002a2e800 Uncommon trap: reason=bimorphic action=maybe_recompile pc=0x0000000004af11c0 method=org.eclipse.core.internal.dtree.AbstractDataTreeNode.assembleWith([Lorg/eclipse/core/internal/dtree/AbstractDataTreeNode;[Lorg/eclipse/core/internal/dtree/AbstractDataTreeN©_˜çíë›@
Event: 1786.982 Thread 0x0000000002a2e800 Uncommon trap: reason=unstable_if action=reinterpret pc=0x0000000004c2387c method=org.eclipse.core.internal.jobs.DeadlockDetector.reduceGraph(ILorg/eclipse/core/runtime/jobs/ISchedulingRule;)V @ 341
Event: 1787.026 Thread 0x000000001a194800 Uncommon trap: reason=unstable_if action=reinterpret pc=0x00000000053c6144 method=org.eclipse.core.internal.jobs.JobManager.nextJob()Lorg/eclipse/core/runtime/jobs/Job; @ 80
Event: 1787.026 Thread 0x000000001f09c800 Uncommon trap: reason=unstable_if action=reinterpret pc=0x00000000053c6144 method=org.eclipse.core.internal.jobs.JobManager.nextJob()Lorg/eclipse/core/runtime/jobs/Job; @ 80
Event: 1787.027 Thread 0x000000001f09a800 Uncommon trap: reason=unstable_if action=reinterpret pc=0x00000000053c6144 method=org.eclipse.core.internal.jobs.JobManager.nextJob()Lorg/eclipse/core/runtime/jobs/Job; @ 80
Event: 1787.426 Thread 0x0000000002a2e800 Uncommon trap: reason=unstable_if action=reinterpret pc=0x0000000004175190 method=sun.reflect.UnsafeStaticObjectFieldAccessorImpl.set(Ljava/lang/Object;Ljava/lang/Object;)V @ 13

Internal exceptions (10 events):
Event: 1785.881 Thread 0x0000000002a2e800 Implicit null exception at 0x00000000037fafc9 to 0x00000000037fc2ad
Event: 1786.049 Thread 0x0000000002a2e800 Implicit null exception at 0x0000000004dab649 to 0x0000000004dab975
Event: 1786.320 Thread 0x000000001c157800 Exception <a 'java/lang/InterruptedException'> (0x00000000f76c5398) thrown at [C:\re\workspace\8-2-build-windows-amd64-cygwin\jdk8u45\3627\hotspot\src\share\vm\runtime\objectMonitor.cpp, line 1683]
Event: 1786.949 Thread 0x0000000002a2e800 Implicit null exception at 0x0000000002e5b437 to 0x0000000002e5cd15
Event: 1786.975 Thread 0x0000000002a2e800 Exception <a 'java/lang/NullPointerException'> (0x00000000f78aeaf8) thrown at [C:\re\workspace\8-2-build-windows-amd64-cygwin\jdk8u45\3627\hotspot\src\share\vm\prims\jvm.cpp, line 1386]
Event: 1787.036 Thread 0x00000000171ff000 Exception <a 'java/lang/InterruptedException': sleep interrupted> (0x00000000f7a2fce8) thrown at [C:\re\workspace\8-2-build-windows-amd64-cygwin\jdk8u45\3627\hotspot\src\share\vm\prims\jvm.cpp, line 3211]
Event: 1787.037 Thread 0x000000001a612000 Exception <a 'java/lang/InterruptedException'> (0x00000000f7a4be98) thrown at [C:\re\workspace\8-2-build-windows-amd64-cygwin\jdk8u45\3627\hotspot\src\share\vm\runtime\objectMonitor.cpp, line 1683]
Event: 1787.037 Thread 0x0000000018027000 Exception <a 'java/lang/InterruptedException'> (0x00000000f7a59fa8) thrown at [C:\re\workspace\8-2-build-windows-amd64-cygwin\jdk8u45\3627\hotspot\src\share\vm\runtime\objectMonitor.cpp, line 1683]
Event: 1787.425 Thread 0x0000000018011800 Exception <a 'java/lang/InterruptedException'> (0x00000000f7a2fb68) thrown at [C:\re\workspace\8-2-build-windows-amd64-cygwin\jdk8u45\3627\hotspot\src\share\vm\runtime\objectMonitor.cpp, line 1683]
Event: 1787.426 Thread 0x0000000002a2e800 Implicit null exception at 0x0000000004174e77 to 0x000000000417517d

Events (10 events):
Event: 1787.426 loading class java/util/IdentityHashMap$KeyIterator done
Event: 1787.426 Thread 0x000000001f09a800 Thread added: 0x000000001f09a800
Event: 1787.426 Executing VM operation: RevokeBias
Event: 1787.426 Executing VM operation: RevokeBias done
Event: 1787.427 Executing VM operation: RevokeBias
Event: 1787.427 Executing VM operation: RevokeBias done
Event: 1787.427 Executing VM operation: RevokeBias
Event: 1787.427 Executing VM operation: RevokeBias done
Event: 1787.427 Thread 0x000000001f09a800 Thread exited: 0x000000001f09a800
Event: 1787.427 Executing VM operation: Exit


Dynamic libraries:
0x0000000000400000 - 0x000000000044f000 	D:\Xilinx\SDK\2015.4\eclipse\win64.o\eclipse.exe
0x00007ffbbe250000 - 0x00007ffbbe431000 	C:\WINDOWS\SYSTEM32\ntdll.dll
0x00007ffbbd900000 - 0x00007ffbbd9b2000 	C:\WINDOWS\System32\KERNEL32.DLL
0x00007ffbba6a0000 - 0x00007ffbba913000 	C:\WINDOWS\System32\KERNELBASE.dll
0x00007ffbbbaf0000 - 0x00007ffbbbc80000 	C:\WINDOWS\System32\USER32.dll
0x00007ffbbad60000 - 0x00007ffbbad80000 	C:\WINDOWS\System32\win32u.dll
0x00007ffbbbd50000 - 0x00007ffbbbd78000 	C:\WINDOWS\System32\GDI32.dll
0x00007ffbba920000 - 0x00007ffbbaab2000 	C:\WINDOWS\System32\gdi32full.dll
0x00007ffbbb640000 - 0x00007ffbbb6df000 	C:\WINDOWS\System32\msvcp_win.dll
0x00007ffbbb540000 - 0x00007ffbbb63a000 	C:\WINDOWS\System32\ucrtbase.dll
0x00007ffbbbc80000 - 0x00007ffbbbd1e000 	C:\WINDOWS\System32\msvcrt.dll
0x00007ffba9d20000 - 0x00007ffba9f89000 	C:\WINDOWS\WinSxS\amd64_microsoft.windows.common-controls_6595b64144ccf1df_6.0.17134.112_none_fb3f961b30681c12\COMCTL32.dll
0x00007ffbbc060000 - 0x00007ffbbc383000 	C:\WINDOWS\System32\combase.dll
0x00007ffbbb6e0000 - 0x00007ffbbb804000 	C:\WINDOWS\System32\RPCRT4.dll
0x00007ffbba620000 - 0x00007ffbba69a000 	C:\WINDOWS\System32\bcryptPrimitives.dll
0x00007ffbbbd20000 - 0x00007ffbbbd4d000 	C:\WINDOWS\System32\IMM32.DLL
0x0000000072000000 - 0x0000000072012000 	D:\Xilinx\SDK\2015.4\eclipse\win64.o\plugins\org.eclipse.equinox.launcher.win32.win32.x86_64_1.1.200.v20140116-2212\eclipse_1503.dll
0x00007ffbbbd80000 - 0x00007ffbbbe21000 	C:\WINDOWS\System32\ADVAPI32.dll
0x00007ffbbd7d0000 - 0x00007ffbbd82b000 	C:\WINDOWS\System32\sechost.dll
0x00007ffbae4f0000 - 0x00007ffbae4fa000 	C:\WINDOWS\SYSTEM32\VERSION.dll
0x00007ffbb7df0000 - 0x00007ffbb7e88000 	C:\WINDOWS\system32\uxtheme.dll
0x00007ffbbbed0000 - 0x00007ffbbc045000 	C:\WINDOWS\System32\MSCTF.dll
0x00007ffbbd830000 - 0x00007ffbbd8f2000 	C:\WINDOWS\System32\OLEAUT32.dll
0x00000000676f0000 - 0x0000000067f73000 	D:\Xilinx\SDK\2015.4\tps\win64\jre\bin\server\jvm.dll
0x00007ffbbda90000 - 0x00007ffbbda98000 	C:\WINDOWS\System32\PSAPI.DLL
0x00007ffbb10a0000 - 0x00007ffbb10a9000 	C:\WINDOWS\SYSTEM32\WSOCK32.dll
0x00007ffbb3f20000 - 0x00007ffbb3f43000 	C:\WINDOWS\SYSTEM32\WINMM.dll
0x00000000695f0000 - 0x00000000696c2000 	C:\WINDOWS\SYSTEM32\MSVCR100.dll
0x00007ffbbda20000 - 0x00007ffbbda8c000 	C:\WINDOWS\System32\WS2_32.dll
0x00007ffbb3610000 - 0x00007ffbb363a000 	C:\WINDOWS\SYSTEM32\WINMMBASE.dll
0x00007ffbbaac0000 - 0x00007ffbbab09000 	C:\WINDOWS\System32\cfgmgr32.dll
0x00000000675b0000 - 0x00000000675bf000 	D:\Xilinx\SDK\2015.4\tps\win64\jre\bin\verify.dll
0x0000000067580000 - 0x00000000675a9000 	D:\Xilinx\SDK\2015.4\tps\win64\jre\bin\java.dll
0x0000000067560000 - 0x0000000067576000 	D:\Xilinx\SDK\2015.4\tps\win64\jre\bin\zip.dll
0x00007ffbbc390000 - 0x00007ffbbd7d0000 	C:\WINDOWS\System32\SHELL32.dll
0x00007ffbbb890000 - 0x00007ffbbb939000 	C:\WINDOWS\System32\shcore.dll
0x00007ffbbae30000 - 0x00007ffbbb53d000 	C:\WINDOWS\System32\windows.storage.dll
0x00007ffbbdb90000 - 0x00007ffbbdbe1000 	C:\WINDOWS\System32\shlwapi.dll
0x00007ffbba5e0000 - 0x00007ffbba5f1000 	C:\WINDOWS\System32\kernel.appcore.dll
0x00007ffbba600000 - 0x00007ffbba61f000 	C:\WINDOWS\System32\profapi.dll
0x00007ffbba590000 - 0x00007ffbba5dc000 	C:\WINDOWS\System32\powrprof.dll
0x00007ffbba580000 - 0x00007ffbba58a000 	C:\WINDOWS\System32\FLTLIB.DLL
0x00007ffbba280000 - 0x00007ffbba297000 	C:\WINDOWS\SYSTEM32\CRYPTSP.dll
0x00007ffbb9600000 - 0x00007ffbb9633000 	C:\WINDOWS\system32\rsaenh.dll
0x00007ffbb9ef0000 - 0x00007ffbb9f15000 	C:\WINDOWS\SYSTEM32\bcrypt.dll
0x00007ffbba490000 - 0x00007ffbba4b8000 	C:\WINDOWS\SYSTEM32\USERENV.dll
0x00007ffbb9bd0000 - 0x00007ffbb9bdb000 	C:\WINDOWS\SYSTEM32\CRYPTBASE.dll
0x0000000067540000 - 0x000000006755a000 	D:\Xilinx\SDK\2015.4\tps\win64\jre\bin\net.dll
0x00007ffbb9a20000 - 0x00007ffbb9a86000 	C:\WINDOWS\system32\mswsock.dll
0x00007ffbb97a0000 - 0x00007ffbb97d8000 	C:\WINDOWS\SYSTEM32\IPHLPAPI.DLL
0x00007ffbbbae0000 - 0x00007ffbbbae8000 	C:\WINDOWS\System32\NSI.dll
0x00007ffbb4710000 - 0x00007ffbb4726000 	C:\WINDOWS\SYSTEM32\dhcpcsvc6.DLL
0x00007ffbb46f0000 - 0x00007ffbb470a000 	C:\WINDOWS\SYSTEM32\dhcpcsvc.DLL
0x0000000067520000 - 0x0000000067531000 	D:\Xilinx\SDK\2015.4\tps\win64\jre\bin\nio.dll
0x00007ffbb1440000 - 0x00007ffbb14d8000 	C:\WINDOWS\System32\TextInputFramework.dll
0x00007ffbb7a40000 - 0x00007ffbb7b1a000 	C:\WINDOWS\System32\CoreMessaging.dll
0x00007ffbb1a20000 - 0x00007ffbb1d3e000 	C:\WINDOWS\System32\CoreUIComponents.dll
0x00007ffbb92f0000 - 0x00007ffbb9321000 	C:\WINDOWS\SYSTEM32\ntmarta.dll
0x00007ffbb5200000 - 0x00007ffbb534d000 	C:\WINDOWS\SYSTEM32\wintypes.dll
0x00007ffbb7fa0000 - 0x00007ffbb7fc9000 	C:\WINDOWS\system32\dwmapi.dll
0x00007ffb8e9c0000 - 0x00007ffb8e9d6000 	C:\WINDOWS\system32\napinsp.dll
0x00007ffb8e9a0000 - 0x00007ffb8e9ba000 	C:\WINDOWS\system32\pnrpnsp.dll
0x00007ffbb65b0000 - 0x00007ffbb65c9000 	C:\WINDOWS\system32\NLAapi.dll
0x00007ffbb97e0000 - 0x00007ffbb989e000 	C:\WINDOWS\SYSTEM32\DNSAPI.dll
0x00007ffbb65e0000 - 0x00007ffbb65ee000 	C:\WINDOWS\System32\winrnr.dll
0x00007ffbb3330000 - 0x00007ffbb333a000 	C:\Windows\System32\rasadhlp.dll
0x00007ffbb3590000 - 0x00007ffbb3602000 	C:\WINDOWS\System32\fwpuclnt.dll
0x0000000002970000 - 0x0000000002a18000 	C:\Users\Dr-Abbasfar\.Xilinx\SDK\2015.4\org.eclipse.osgi\bundles\303\1\.cp\swt-win32-4335.dll
0x00007ffbbdbf0000 - 0x00007ffbbdd41000 	C:\WINDOWS\System32\ole32.dll
0x00007ffbbdaa0000 - 0x00007ffbbdb8d000 	C:\WINDOWS\System32\comdlg32.dll
0x00007ffbbab70000 - 0x00007ffbbad52000 	C:\WINDOWS\System32\CRYPT32.dll
0x00007ffbba560000 - 0x00007ffbba572000 	C:\WINDOWS\System32\MSASN1.dll
0x00007ffbb4cb0000 - 0x00007ffbb4d34000 	C:\WINDOWS\SYSTEM32\WINSPOOL.DRV
0x00007ffb85ad0000 - 0x00007ffb85ae9000 	C:\WINDOWS\SYSTEM32\USP10.dll
0x00007ffba5440000 - 0x00007ffba5790000 	C:\WINDOWS\SYSTEM32\WININET.dll
0x00007ffbb85b0000 - 0x00007ffbb8764000 	C:\WINDOWS\SYSTEM32\PROPSYS.dll
0x00007ffbbbe30000 - 0x00007ffbbbed0000 	C:\WINDOWS\System32\clbcatq.dll
0x000000001a870000 - 0x000000001a88e000 	C:\Users\Dr-Abbasfar\.Xilinx\SDK\2015.4\org.eclipse.osgi\bundles\303\1\.cp\swt-gdip-win32-4335.dll
0x00007ffb92c70000 - 0x00007ffb92e0a000 	C:\WINDOWS\WinSxS\amd64_microsoft.windows.gdiplus_6595b64144ccf1df_1.1.17134.112_none_2c2a89008afa95e0\gdiplus.dll
0x00007ffbb2020000 - 0x00007ffbb21ce000 	C:\WINDOWS\SYSTEM32\WindowsCodecs.dll
0x0000000180000000 - 0x0000000180012000 	C:\Users\Dr-Abbasfar\.Xilinx\SDK\2015.4\org.eclipse.osgi\bundles\121\1\.cp\os\win32\x86_64\localfile_1_0_0.dll
0x00007ffba2830000 - 0x00007ffba2841000 	C:\Users\Dr-Abbasfar\.Xilinx\SDK\2015.4\org.eclipse.osgi\bundles\124\1\.cp\jWinHttp-1.0.0.dll
0x00007ffbb5c20000 - 0x00007ffbb5cfd000 	C:\WINDOWS\SYSTEM32\WINHTTP.dll
0x00007ffb9c990000 - 0x00007ffb9c9fb000 	C:\WINDOWS\SYSTEM32\oleacc.dll
0x00007ffba4ef0000 - 0x00007ffba4ef7000 	C:\WINDOWS\SYSTEM32\msimg32.dll
0x00007ffba4310000 - 0x00007ffba431f000 	D:\Xilinx\SDK\2015.4\lib\win64.o\librdi_repo_manager.dll
0x00007ffb8e640000 - 0x00007ffb8e66a000 	D:\Xilinx\SDK\2015.4\lib\win64.o\libisl_sysinfo.dll
0x00007ffb8e200000 - 0x00007ffb8e254000 	D:\Xilinx\SDK\2015.4\lib\win64.o\librdi_commonxillic.dll
0x00007ffb46870000 - 0x00007ffb471fd000 	D:\Xilinx\SDK\2015.4\lib\win64.o\librdi_common.dll
0x00007ffb90bb0000 - 0x00007ffb90c57000 	C:\WINDOWS\SYSTEM32\MSVCP110.dll
0x00007ffb8d850000 - 0x00007ffb8d924000 	C:\WINDOWS\SYSTEM32\MSVCR110.dll
0x00007ffb8e610000 - 0x00007ffb8e632000 	D:\Xilinx\SDK\2015.4\lib\win64.o\libboost_filesystem.dll
0x00007ffb46650000 - 0x00007ffb4686e000 	D:\Xilinx\SDK\2015.4\lib\win64.o\libXil_lmgr11.dll
0x00007ffb46550000 - 0x00007ffb4664a000 	D:\Xilinx\SDK\2015.4\lib\win64.o\libboost_regex.dll
0x00007ffbbab10000 - 0x00007ffbbab67000 	C:\WINDOWS\System32\WINTRUST.dll
0x00007ffba3090000 - 0x00007ffba3099000 	D:\Xilinx\SDK\2015.4\lib\win64.o\libboost_system.dll
0x00007ffb461e0000 - 0x00007ffb4654e000 	D:\Xilinx\SDK\2015.4\lib\win64.o\libCOIN-all.dll
0x00007ffb8e180000 - 0x00007ffb8e1f4000 	D:\Xilinx\SDK\2015.4\lib\win64.o\libboost_program_options.dll
0x00007ffb9d4b0000 - 0x00007ffb9d4c0000 	D:\Xilinx\SDK\2015.4\lib\win64.o\libboost_date_time.dll
0x00007ffb8e980000 - 0x00007ffb8e993000 	D:\Xilinx\SDK\2015.4\lib\win64.o\libboost_signals.dll
0x00007ffb8e160000 - 0x00007ffb8e17d000 	D:\Xilinx\SDK\2015.4\lib\win64.o\libboost_thread.dll
0x00007ffb9aa10000 - 0x00007ffb9aa1b000 	D:\Xilinx\SDK\2015.4\lib\win64.o\libboost_xilinx.dll
0x00007ffb46160000 - 0x00007ffb461e0000 	D:\Xilinx\SDK\2015.4\lib\win64.o\libhdlpsolve.dll
0x00007ffb460c0000 - 0x00007ffb4615a000 	D:\Xilinx\SDK\2015.4\lib\win64.o\libhdxml.dll
0x00007ffb45c80000 - 0x00007ffb460b4e00 	D:\Xilinx\SDK\2015.4\lib\win64.o\libisl_iostreams.dll
0x00007ffb76ea0000 - 0x00007ffb76eb5000 	D:\Xilinx\SDK\2015.4\lib\win64.o\pthreadVC2.dll
0x00007ffb76e80000 - 0x00007ffb76e98000 	D:\Xilinx\SDK\2015.4\lib\win64.o\librdiconfig.dll
0x00007ffb45b50000 - 0x00007ffb45c80000 	D:\Xilinx\SDK\2015.4\lib\win64.o\librdi_curl.dll
0x00007ffb76ac0000 - 0x00007ffb76ae3000 	D:\Xilinx\SDK\2015.4\lib\win64.o\librdizlib.dll
0x00000000675c0000 - 0x00000000676e7000 	D:\Xilinx\SDK\2015.4\lib\win64.o\tcl85t.dll
0x00007ffb90b50000 - 0x00007ffb90b73000 	C:\WINDOWS\SYSTEM32\VCOMP110.DLL
0x00007ffbb2e20000 - 0x00007ffbb2fe8000 	C:\WINDOWS\SYSTEM32\urlmon.dll
0x00007ffba9c30000 - 0x00007ffba9c47000 	C:\WINDOWS\SYSTEM32\NETAPI32.dll
0x00007ffb93980000 - 0x00007ffb9398b000 	D:\Xilinx\SDK\2015.4\lib\win64.o\libboost_chrono.dll
0x00007ffb753e0000 - 0x00007ffb753f6000 	D:\Xilinx\SDK\2015.4\lib\win64.o\libboost_iostreams.dll
0x00007ffb74c10000 - 0x00007ffb74c33000 	D:\Xilinx\SDK\2015.4\lib\win64.o\libisl_iosutils.dll
0x00007ffbb21d0000 - 0x00007ffbb2472000 	C:\WINDOWS\SYSTEM32\iertutil.dll
0x00007ffb45960000 - 0x00007ffb45b4c000 	D:\Xilinx\SDK\2015.4\lib\win64.o\librdi_hsm.dll
0x00007ffb45910000 - 0x00007ffb45953000 	D:\Xilinx\SDK\2015.4\lib\win64.o\librdi_hdf.dll
0x00007ffb456b0000 - 0x00007ffb45905000 	D:\Xilinx\SDK\2015.4\lib\win64.o\librdi_ippcw.dll
0x0000000024590000 - 0x00000000247f3000 	D:\Xilinx\SDK\2015.4\lib\win64.o\xerces-c_3_1.dll
0x00007ffb9bd20000 - 0x00007ffb9bd64000 	C:\WINDOWS\SYSTEM32\edputil.dll
0x00007ffb44620000 - 0x00007ffb44e30000 	D:\Xilinx\SDK\2015.4\lib\win64.o\libXil_lmgr11FNP.dll
0x00007ffbbddd0000 - 0x00007ffbbe21b000 	C:\WINDOWS\System32\SETUPAPI.dll
0x00007ffba61b0000 - 0x00007ffba61bc000 	C:\WINDOWS\SYSTEM32\snmpapi.dll
0x00007ffbba460000 - 0x00007ffbba490000 	C:\WINDOWS\SYSTEM32\SspiCli.dll
0x00007ffbba370000 - 0x00007ffbba397000 	C:\WINDOWS\SYSTEM32\DEVOBJ.dll
0x00007ffbad440000 - 0x00007ffbad456000 	D:\Xilinx\SDK\2015.4\eclipse\win64.o\plugins\org.eclipse.cdt.core.win32.x86_64_5.2.0.201402142303\os\win32\x86_64\spawner.dll

VM Arguments:
jvm_args: -Dcom.xilinx.sdk.args.hwspec=E:/ZedBoard_Projects/FcommesSalar/zed/fmcomms1_zed.sdk/system_top.hdf -Xms64m -Xmx512m & 
java_command: <unknown>
java_class_path (initial): D:\Xilinx\SDK\2015.4\eclipse\win64.o\\plugins/org.eclipse.equinox.launcher_1.3.0.v20130327-1440.jar
Launcher Type: generic

Environment Variables:
USERNAME=Dr-Abbasfar
OS=Windows_NT
PROCESSOR_IDENTIFIER=Intel64 Family 6 Model 94 Stepping 3, GenuineIntel



---------------  S Y S T E M  ---------------

OS: Windows 10.0 , 64 bit Build 17134 (10.0.17134.1)

CPU:total 8 (4 cores per cpu, 2 threads per core) family 6 model 94 stepping 3, cmov, cx8, fxsr, mmx, sse, sse2, sse3, ssse3, sse4.1, sse4.2, popcnt, avx, avx2, aes, clmul, erms, rtm, 3dnowpref, lzcnt, ht, tsc, tscinvbit, bmi1, bmi2, adx

Memory: 4k page, physical 8265860k(4490236k free), swap 9576580k(4547912k free)

vm_info: Java HotSpot(TM) 64-Bit Server VM (25.45-b02) for windows-amd64 JRE (1.8.0_45-b15), built on Apr 30 2015 12:40:44 by "java_re" with MS VC++ 10.0 (VS2010)

time: Tue Jul 17 15:46:58 2018
elapsed time: 1787 seconds (0d 0h 29m 47s)

