#
# A fatal error has been detected by the Java Runtime Environment:
#
#  EXCEPTION_UNCAUGHT_CXX_EXCEPTION (0xe06d7363) at pc=0x00007fff24b7a388, pid=768, tid=956
#
# JRE version: Java(TM) SE Runtime Environment (8.0_45-b15) (build 1.8.0_45-b15)
# Java VM: Java HotSpot(TM) 64-Bit Server VM (25.45-b02 mixed mode windows-amd64 compressed oops)
# Problematic frame:
# C  [KERNELBASE.dll+0x3a388]
#
# Failed to write core dump. Minidumps are not enabled by default on client versions of Windows
#
# If you would like to submit a bug report, please visit:
#   http://bugreport.java.com/bugreport/crash.jsp
#

---------------  T H R E A D  ---------------

Current thread (0x00000000141f9800):  VMThread [stack: 0x0000000015ed0000,0x0000000015fd0000] [id=956]

siginfo: ExceptionCode=0xe06d7363, ExceptionInformation=0x0000000019930520 0x0000000015fcf578 0x00007ffed7fd2d50 0x00007ffed7f20000 

Registers:
RAX=0x0000000000000000, RBX=0x00007ffed7fd2d50, RCX=0x00000000f46857d4, RDX=0x00007fff27b01221
RSP=0x0000000015fcf3c0, RBP=0x0000000015fcf500, RSI=0x00000000ffffffff, RDI=0x0000000025d8ab10
R8 =0x00007fff27b03e77, R9 =0x0000000000000000, R10=0x0000000015fcef01, R11=0x0000000000629240
R12=0x0000000000000001, R13=0x0000000000000008, R14=0x0000000000000000, R15=0xffffffffffffffff
RIP=0x00007fff24b7a388, EFLAGS=0x0000000000000206

Top of Stack: (sp=0x0000000015fcf3c0)
0x0000000015fcf3c0:   0000000000002000 00007ffed7fd2d50
0x0000000015fcf3d0:   00000000ffffffff 0000000025d8ab10
0x0000000015fcf3e0:   00000001e06d7363 0000000000000000
0x0000000015fcf3f0:   00007fff24b7a388 00007fff00000004
0x0000000015fcf400:   0000000019930520 0000000015fcf578
0x0000000015fcf410:   00007ffed7fd2d50 00007ffed7f20000
0x0000000015fcf420:   0000000000000000 0000000000000001
0x0000000015fcf430:   0000000025d8ab10 00000000ffffffff
0x0000000015fcf440:   0000000015fcf500 00007fff27ada39f
0x0000000015fcf450:   0000000015fcf510 00007fff00000000
0x0000000015fcf460:   0000a365ec8f8d5a 00000000000003ff
0x0000000015fcf470:   00007ffed7fe9000 00007ffed7f20000
0x0000000015fcf480:   0000db25e7527afe 0000000000378240
0x0000000015fcf490:   00007ffed7fd2d50 00007ffed7f7ea3c
0x0000000015fcf4a0:   ffffffff0000001f 0000000000000000
0x0000000015fcf4b0:   0000000000000008 0000000000000001 

Instructions: (pc=0x00007fff24b7a388)
0x00007fff24b7a368:   49 8b d1 44 0f 47 c0 44 89 44 24 38 49 c1 e0 03
0x00007fff24b7a378:   e8 da 3d 04 00 48 8d 4c 24 20 ff 15 50 81 14 00
0x00007fff24b7a388:   48 8b 8c 24 c0 00 00 00 48 33 cc e8 08 fe 03 00
0x00007fff24b7a398:   48 81 c4 d8 00 00 00 c3 83 64 24 38 00 eb d6 cc 


Register to memory mapping:

RAX=0x0000000000000000 is an unknown value
RBX=0x00007ffed7fd2d50 is an unknown value
RCX=0x00000000f46857d4 is an unallocated location in the heap
RDX=0x00007fff27b01221 is an unknown value
RSP=0x0000000015fcf3c0 is an unknown value
RBP=0x0000000015fcf500 is an unknown value
RSI=0x00000000ffffffff is an unallocated location in the heap
RDI=0x0000000025d8ab10 is an unknown value
R8 =0x00007fff27b03e77 is an unknown value
R9 =0x0000000000000000 is an unknown value
R10=0x0000000015fcef01 is an unknown value
R11=0x0000000000629240 is an unknown value
R12=0x0000000000000001 is an unknown value
R13=0x0000000000000008 is an unknown value
R14=0x0000000000000000 is an unknown value
R15=0xffffffffffffffff is an unknown value


Stack: [0x0000000015ed0000,0x0000000015fd0000],  sp=0x0000000015fcf3c0,  free space=1020k
Native frames: (J=compiled Java code, j=interpreted, Vv=VM code, C=native code)
C  [KERNELBASE.dll+0x3a388]
C  [MSVCR110.dll+0x5ea3c]
C  [MSVCR110.dll+0x1315c]
C  [MSVCR110.dll+0x136a9]
C  [MSVCR110.dll+0x13e9c]
C  [MSVCR110.dll+0x239e]
C  [MSVCR110.dll+0xaf9e]
C  [MSVCP110.dll+0x39a7d]
C  0x00007ffed543283e
C  0x00007ffed5431449
C  0x00007fff048c2400
C  0x00007fff048c2682
C  [ntdll.dll+0x34023]
C  [ntdll.dll+0x409d5]
C  [ntdll.dll+0x40898]
C  [KERNEL32.DLL+0x1b19a]
C  [MSVCR100.dll+0x20ccd]
V  [jvm.dll+0x20f135]
V  [jvm.dll+0x247ef7]
V  [jvm.dll+0x247196]
V  [jvm.dll+0x247631]
V  [jvm.dll+0x24784e]
V  [jvm.dll+0x29853a]
C  [MSVCR100.dll+0x21d9f]
C  [MSVCR100.dll+0x21e3b]
C  [KERNEL32.DLL+0x13034]
C  [ntdll.dll+0x71431]

VM_Operation (0x000000000014f500): Exit, mode: safepoint, requested by thread 0x0000000002a3e800


---------------  P R O C E S S  ---------------

Java Threads: ( => current thread )
  0x00000000175ae000 JavaThread "Spawner Reaper" daemon [_thread_in_native, id=8852, stack(0x0000000039750000,0x0000000039850000)]
  0x00000000170aa800 JavaThread "Thread-32" daemon [_thread_blocked, id=736, stack(0x0000000036a50000,0x0000000036b50000)]
  0x000000001d948800 JavaThread "TCF Locator DNS Lookup" daemon [_thread_blocked, id=8880, stack(0x0000000023d10000,0x0000000023e10000)]
  0x000000001d947800 JavaThread "TCF Locator Timer" daemon [_thread_blocked, id=852, stack(0x0000000023c10000,0x0000000023d10000)]
  0x000000001d941800 JavaThread "TCF Locator Receiver" daemon [_thread_in_native, id=3216, stack(0x0000000023b10000,0x0000000023c10000)]
  0x000000001d947000 JavaThread "TCF Timer Dispatcher" daemon [_thread_blocked, id=10208, stack(0x0000000023910000,0x0000000023a10000)]
  0x000000001a160000 JavaThread "EMF Reference Cleaner" daemon [_thread_blocked, id=10260, stack(0x000000001ada0000,0x000000001aea0000)]
  0x00000000162ab000 JavaThread "Service Thread" daemon [_thread_blocked, id=4392, stack(0x0000000016bd0000,0x0000000016cd0000)]
  0x000000001620d800 JavaThread "C1 CompilerThread3" daemon [_thread_blocked, id=6880, stack(0x0000000016ad0000,0x0000000016bd0000)]
  0x0000000016209800 JavaThread "C2 CompilerThread2" daemon [_thread_blocked, id=4840, stack(0x00000000169d0000,0x0000000016ad0000)]
  0x0000000016204800 JavaThread "C2 CompilerThread1" daemon [_thread_blocked, id=10540, stack(0x00000000168d0000,0x00000000169d0000)]
  0x0000000016202800 JavaThread "C2 CompilerThread0" daemon [_thread_blocked, id=5220, stack(0x00000000167d0000,0x00000000168d0000)]
  0x0000000016201000 JavaThread "Attach Listener" daemon [_thread_blocked, id=11384, stack(0x00000000166d0000,0x00000000167d0000)]
  0x0000000016200000 JavaThread "Signal Dispatcher" daemon [_thread_blocked, id=10408, stack(0x00000000165d0000,0x00000000166d0000)]
  0x000000000297b000 JavaThread "Finalizer" daemon [_thread_blocked, id=5448, stack(0x00000000160d0000,0x00000000161d0000)]
  0x00000000141fd800 JavaThread "Reference Handler" daemon [_thread_blocked, id=12196, stack(0x0000000015fd0000,0x00000000160d0000)]
  0x0000000002a3e800 JavaThread "main" [_thread_blocked, id=10712, stack(0x0000000000050000,0x0000000000150000)]

Other Threads:
=>0x00000000141f9800 VMThread [stack: 0x0000000015ed0000,0x0000000015fd0000] [id=956]

VM state:at safepoint (shutting down)

VM Mutex/Monitor currently owned by a thread:  ([mutex/lock_event])
[0x0000000002a3e130] Threads_lock - owner thread: 0x00000000141f9800

Heap:
 PSYoungGen      total 131072K, used 103179K [0x00000000f5580000, 0x00000000ff900000, 0x0000000100000000)
  eden space 125440K, 82% used [0x00000000f5580000,0x00000000fba42f20,0x00000000fd000000)
  from space 5632K, 0% used [0x00000000fd000000,0x00000000fd000000,0x00000000fd580000)
  to   space 20992K, 0% used [0x00000000fe480000,0x00000000fe480000,0x00000000ff900000)
 ParOldGen       total 96256K, used 53109K [0x00000000e0000000, 0x00000000e5e00000, 0x00000000f5580000)
  object space 96256K, 55% used [0x00000000e0000000,0x00000000e33dd730,0x00000000e5e00000)
 Metaspace       used 90488K, capacity 97452K, committed 97664K, reserved 1134592K
  class space    used 10993K, capacity 13154K, committed 13184K, reserved 1048576K

Card table byte_map: [0x0000000011e00000,0x0000000011f10000] byte_map_base: 0x0000000011700000

Marking Bits: (ParMarkBitMap*) 0x0000000076d64040
 Begin Bits: [0x0000000012710000, 0x0000000012f10000)
 End Bits:   [0x0000000012f10000, 0x0000000013710000)

Polling page: 0x00000000005b0000

CodeCache: size=245760Kb used=47193Kb max_used=47210Kb free=198566Kb
 bounds [0x0000000002a40000, 0x00000000058c0000, 0x0000000011a40000]
 total_blobs=13389 nmethods=12521 adapters=774
 compilation: enabled

Compilation events (10 events):
Event: 540.832 Thread 0x000000001620d800 nmethod 16032 0x000000000589b050 code [0x000000000589b2a0, 0x000000000589c078]
Event: 540.833 Thread 0x000000001620d800 16034       3       org.eclipse.osgi.internal.serviceregistry.ServiceRegistry::removeServiceRegistration (139 bytes)
Event: 540.834 Thread 0x000000001620d800 nmethod 16034 0x000000000589fa50 code [0x000000000589fc60, 0x00000000058a06c8]
Event: 540.835 Thread 0x000000001620d800 16033   !   3       org.eclipse.osgi.internal.serviceregistry.ServiceRegistrationImpl::unregister (253 bytes)
Event: 540.838 Thread 0x000000001620d800 nmethod 16033 0x00000000058a0b10 code [0x00000000058a0f20, 0x00000000058a34f8]
Event: 540.886 Thread 0x000000001620d800 16035   !   3       org.eclipse.osgi.internal.baseadaptor.BaseStorage::compact (215 bytes)
Event: 540.886 Thread 0x0000000016202800 nmethod 16010 0x00000000058aa810 code [0x00000000058aab60, 0x00000000058ad920]
Event: 540.887 Thread 0x000000001620d800 nmethod 16035 0x00000000058a6a10 code [0x00000000058a6e60, 0x00000000058a9328]
Event: 540.949 Thread 0x000000001620d800 16036       3       org.eclipse.osgi.framework.internal.core.AbstractBundle::close (52 bytes)
Event: 540.950 Thread 0x000000001620d800 nmethod 16036 0x00000000058a5550 code [0x00000000058a5780, 0x00000000058a6488]

GC Heap History (10 events):
Event: 387.743 GC heap before
{Heap before GC invocations=30 (full 8):
 PSYoungGen      total 152064K, used 12593K [0x00000000f5580000, 0x0000000100000000, 0x0000000100000000)
  eden space 129536K, 0% used [0x00000000f5580000,0x00000000f5580000,0x00000000fd400000)
  from space 22528K, 55% used [0x00000000fea00000,0x00000000ff64c4f0,0x0000000100000000)
  to   space 22528K, 0% used [0x00000000fd400000,0x00000000fd400000,0x00000000fea00000)
 ParOldGen       total 96256K, used 48588K [0x00000000e0000000, 0x00000000e5e00000, 0x00000000f5580000)
  object space 96256K, 50% used [0x00000000e0000000,0x00000000e2f733f8,0x00000000e5e00000)
 Metaspace       used 85362K, capacity 91614K, committed 91904K, reserved 1128448K
  class space    used 10429K, capacity 12444K, committed 12544K, reserved 1048576K
Event: 388.053 GC heap after
Heap after GC invocations=30 (full 8):
 PSYoungGen      total 152064K, used 0K [0x00000000f5580000, 0x0000000100000000, 0x0000000100000000)
  eden space 129536K, 0% used [0x00000000f5580000,0x00000000f5580000,0x00000000fd400000)
  from space 22528K, 0% used [0x00000000fea00000,0x00000000fea00000,0x0000000100000000)
  to   space 22528K, 0% used [0x00000000fd400000,0x00000000fd400000,0x00000000fea00000)
 ParOldGen       total 96256K, used 57761K [0x00000000e0000000, 0x00000000e5e00000, 0x00000000f5580000)
  object space 96256K, 60% used [0x00000000e0000000,0x00000000e38684c8,0x00000000e5e00000)
 Metaspace       used 85362K, capacity 91614K, committed 91904K, reserved 1128448K
  class space    used 10429K, capacity 12444K, committed 12544K, reserved 1048576K
}
Event: 432.835 GC heap before
{Heap before GC invocations=31 (full 8):
 PSYoungGen      total 152064K, used 129536K [0x00000000f5580000, 0x0000000100000000, 0x0000000100000000)
  eden space 129536K, 100% used [0x00000000f5580000,0x00000000fd400000,0x00000000fd400000)
  from space 22528K, 0% used [0x00000000fea00000,0x00000000fea00000,0x0000000100000000)
  to   space 22528K, 0% used [0x00000000fd400000,0x00000000fd400000,0x00000000fea00000)
 ParOldGen       total 96256K, used 57761K [0x00000000e0000000, 0x00000000e5e00000, 0x00000000f5580000)
  object space 96256K, 60% used [0x00000000e0000000,0x00000000e38684c8,0x00000000e5e00000)
 Metaspace       used 87585K, capacity 94360K, committed 94464K, reserved 1130496K
  class space    used 10683K, capacity 12779K, committed 12800K, reserved 1048576K
Event: 432.840 GC heap after
Heap after GC invocations=31 (full 8):
 PSYoungGen      total 135168K, used 5249K [0x00000000f5580000, 0x00000000fff00000, 0x0000000100000000)
  eden space 129536K, 0% used [0x00000000f5580000,0x00000000f5580000,0x00000000fd400000)
  from space 5632K, 93% used [0x00000000fd400000,0x00000000fd9204f8,0x00000000fd980000)
  to   space 22016K, 0% used [0x00000000fe980000,0x00000000fe980000,0x00000000fff00000)
 ParOldGen       total 96256K, used 57769K [0x00000000e0000000, 0x00000000e5e00000, 0x00000000f5580000)
  object space 96256K, 60% used [0x00000000e0000000,0x00000000e386a4c8,0x00000000e5e00000)
 Metaspace       used 87585K, capacity 94360K, committed 94464K, reserved 1130496K
  class space    used 10683K, capacity 12779K, committed 12800K, reserved 1048576K
}
Event: 501.435 GC heap before
{Heap before GC invocations=32 (full 8):
 PSYoungGen      total 135168K, used 134785K [0x00000000f5580000, 0x00000000fff00000, 0x0000000100000000)
  eden space 129536K, 100% used [0x00000000f5580000,0x00000000fd400000,0x00000000fd400000)
  from space 5632K, 93% used [0x00000000fd400000,0x00000000fd9204f8,0x00000000fd980000)
  to   space 22016K, 0% used [0x00000000fe980000,0x00000000fe980000,0x00000000fff00000)
 ParOldGen       total 96256K, used 57769K [0x00000000e0000000, 0x00000000e5e00000, 0x00000000f5580000)
  object space 96256K, 60% used [0x00000000e0000000,0x00000000e386a4c8,0x00000000e5e00000)
 Metaspace       used 89515K, capacity 96642K, committed 96768K, reserved 1132544K
  class space    used 10911K, capacity 13055K, committed 13056K, reserved 1048576K
Event: 501.441 GC heap after
Heap after GC invocations=32 (full 8):
 PSYoungGen      total 142336K, used 5986K [0x00000000f5580000, 0x00000000ffa00000, 0x0000000100000000)
  eden space 125440K, 0% used [0x00000000f5580000,0x00000000f5580000,0x00000000fd000000)
  from space 16896K, 35% used [0x00000000fe980000,0x00000000fef588b0,0x00000000ffa00000)
  to   space 21504K, 0% used [0x00000000fd000000,0x00000000fd000000,0x00000000fe500000)
 ParOldGen       total 96256K, used 57777K [0x00000000e0000000, 0x00000000e5e00000, 0x00000000f5580000)
  object space 96256K, 60% used [0x00000000e0000000,0x00000000e386c4c8,0x00000000e5e00000)
 Metaspace       used 89515K, capacity 96642K, committed 96768K, reserved 1132544K
  class space    used 10911K, capacity 13055K, committed 13056K, reserved 1048576K
}
Event: 505.941 GC heap before
{Heap before GC invocations=33 (full 8):
 PSYoungGen      total 142336K, used 62806K [0x00000000f5580000, 0x00000000ffa00000, 0x0000000100000000)
  eden space 125440K, 45% used [0x00000000f5580000,0x00000000f8cfd290,0x00000000fd000000)
  from space 16896K, 35% used [0x00000000fe980000,0x00000000fef588b0,0x00000000ffa00000)
  to   space 21504K, 0% used [0x00000000fd000000,0x00000000fd000000,0x00000000fe500000)
 ParOldGen       total 96256K, used 57777K [0x00000000e0000000, 0x00000000e5e00000, 0x00000000f5580000)
  object space 96256K, 60% used [0x00000000e0000000,0x00000000e386c4c8,0x00000000e5e00000)
 Metaspace       used 89611K, capacity 96770K, committed 97024K, reserved 1132544K
  class space    used 10912K, capacity 13055K, committed 13056K, reserved 1048576K
Event: 505.945 GC heap after
Heap after GC invocations=33 (full 8):
 PSYoungGen      total 131072K, used 5213K [0x00000000f5580000, 0x00000000ff900000, 0x0000000100000000)
  eden space 125440K, 0% used [0x00000000f5580000,0x00000000f5580000,0x00000000fd000000)
  from space 5632K, 92% used [0x00000000fd000000,0x00000000fd517700,0x00000000fd580000)
  to   space 20992K, 0% used [0x00000000fe480000,0x00000000fe480000,0x00000000ff900000)
 ParOldGen       total 96256K, used 57785K [0x00000000e0000000, 0x00000000e5e00000, 0x00000000f5580000)
  object space 96256K, 60% used [0x00000000e0000000,0x00000000e386e4c8,0x00000000e5e00000)
 Metaspace       used 89611K, capacity 96770K, committed 97024K, reserved 1132544K
  class space    used 10912K, capacity 13055K, committed 13056K, reserved 1048576K
}
Event: 505.945 GC heap before
{Heap before GC invocations=34 (full 9):
 PSYoungGen      total 131072K, used 5213K [0x00000000f5580000, 0x00000000ff900000, 0x0000000100000000)
  eden space 125440K, 0% used [0x00000000f5580000,0x00000000f5580000,0x00000000fd000000)
  from space 5632K, 92% used [0x00000000fd000000,0x00000000fd517700,0x00000000fd580000)
  to   space 20992K, 0% used [0x00000000fe480000,0x00000000fe480000,0x00000000ff900000)
 ParOldGen       total 96256K, used 57785K [0x00000000e0000000, 0x00000000e5e00000, 0x00000000f5580000)
  object space 96256K, 60% used [0x00000000e0000000,0x00000000e386e4c8,0x00000000e5e00000)
 Metaspace       used 89611K, capacity 96770K, committed 97024K, reserved 1132544K
  class space    used 10912K, capacity 13055K, committed 13056K, reserved 1048576K
Event: 506.123 GC heap after
Heap after GC invocations=34 (full 9):
 PSYoungGen      total 131072K, used 0K [0x00000000f5580000, 0x00000000ff900000, 0x0000000100000000)
  eden space 125440K, 0% used [0x00000000f5580000,0x00000000f5580000,0x00000000fd000000)
  from space 5632K, 0% used [0x00000000fd000000,0x00000000fd000000,0x00000000fd580000)
  to   space 20992K, 0% used [0x00000000fe480000,0x00000000fe480000,0x00000000ff900000)
 ParOldGen       total 96256K, used 53109K [0x00000000e0000000, 0x00000000e5e00000, 0x00000000f5580000)
  object space 96256K, 55% used [0x00000000e0000000,0x00000000e33dd730,0x00000000e5e00000)
 Metaspace       used 89596K, capacity 96746K, committed 97024K, reserved 1132544K
  class space    used 10910K, capacity 13051K, committed 13056K, reserved 1048576K
}

Deoptimization events (10 events):
Event: 540.226 Thread 0x0000000002a3e800 Uncommon trap: reason=predicate action=maybe_recompile pc=0x000000000467cc90 method=java.util.concurrent.CopyOnWriteArrayList.indexOf(Ljava/lang/Object;[Ljava/lang/Object;II)I @ 41
Event: 540.226 Thread 0x0000000002a3e800 Uncommon trap: reason=unstable_if action=reinterpret pc=0x00000000050063b8 method=org.eclipse.ui.internal.UILockListener.isUI()Z @ 7
Event: 540.226 Thread 0x0000000002a3e800 Uncommon trap: reason=unstable_if action=reinterpret pc=0x0000000003de7648 method=org.eclipse.swt.graphics.Resource.dispose()V @ 15
Event: 540.772 Thread 0x0000000002a3e800 Uncommon trap: reason=unstable_if action=reinterpret pc=0x00000000053d6544 method=org.eclipse.swt.widgets.Display.getSystemFont()Lorg/eclipse/swt/graphics/Font; @ 8
Event: 540.775 Thread 0x0000000002a3e800 Uncommon trap: reason=null_check action=make_not_entrant pc=0x0000000003455f8c method=org.eclipse.core.runtime.internal.adaptor.EclipseLazyStarter.shouldActivateFor(Ljava/lang/String;Lorg/eclipse/osgi/baseadaptor/BaseData;Lorg/eclipse/core/runtime/internal
Event: 540.787 Thread 0x00000000174dc000 Uncommon trap: reason=unstable_if action=reinterpret pc=0x00000000035413c4 method=org.eclipse.osgi.framework.internal.core.BundleContextImpl.dispatchEvent(Ljava/lang/Object;Ljava/lang/Object;ILjava/lang/Object;)V @ 16
Event: 540.788 Thread 0x0000000002a3e800 Uncommon trap: reason=null_check action=make_not_entrant pc=0x0000000003083190 method=java.lang.Class.reflectionData()Ljava/lang/Class$ReflectionData; @ 24
Event: 540.817 Thread 0x000000001e052800 Uncommon trap: reason=unstable_if action=reinterpret pc=0x0000000004f6e138 method=org.eclipse.core.internal.jobs.JobManager.nextJob()Lorg/eclipse/core/runtime/jobs/Job; @ 80
Event: 540.817 Thread 0x00000000175ab000 Uncommon trap: reason=unstable_if action=reinterpret pc=0x0000000004f91fa4 method=org.eclipse.core.internal.jobs.JobManager.nextJob()Lorg/eclipse/core/runtime/jobs/Job; @ 80
Event: 540.950 Thread 0x0000000002a3e800 Uncommon trap: reason=unstable_if action=reinterpret pc=0x000000000360a88c method=sun.reflect.UnsafeStaticObjectFieldAccessorImpl.set(Ljava/lang/Object;Ljava/lang/Object;)V @ 13

Internal exceptions (10 events):
Event: 539.933 Thread 0x0000000002a3e800 Implicit null exception at 0x0000000003f3cd45 to 0x0000000003f3d015
Event: 540.218 Thread 0x000000001e05d000 Exception <a 'java/lang/InterruptedException'> (0x00000000fb3f8d78) thrown at [C:\re\workspace\8-2-build-windows-amd64-cygwin\jdk8u45\3627\hotspot\src\share\vm\runtime\objectMonitor.cpp, line 1683]
Event: 540.775 Thread 0x0000000002a3e800 Implicit null exception at 0x0000000003454983 to 0x0000000003455f69
Event: 540.788 Thread 0x0000000002a3e800 Implicit null exception at 0x0000000003082ebb to 0x000000000308316d
Event: 540.832 Thread 0x0000000016fd9000 Exception <a 'java/lang/InterruptedException': sleep interrupted> (0x00000000fb6d5960) thrown at [C:\re\workspace\8-2-build-windows-amd64-cygwin\jdk8u45\3627\hotspot\src\share\vm\prims\jvm.cpp, line 3211]
Event: 540.834 Thread 0x0000000020728800 Exception <a 'java/lang/InterruptedException'> (0x00000000fb80f2a0) thrown at [C:\re\workspace\8-2-build-windows-amd64-cygwin\jdk8u45\3627\hotspot\src\share\vm\runtime\objectMonitor.cpp, line 1683]
Event: 540.834 Thread 0x0000000018369000 Exception <a 'java/lang/InterruptedException'> (0x00000000fb842218) thrown at [C:\re\workspace\8-2-build-windows-amd64-cygwin\jdk8u45\3627\hotspot\src\share\vm\runtime\objectMonitor.cpp, line 1683]
Event: 540.949 Thread 0x00000000174dc000 Exception <a 'java/lang/InterruptedException'> (0x00000000fb6d42e8) thrown at [C:\re\workspace\8-2-build-windows-amd64-cygwin\jdk8u45\3627\hotspot\src\share\vm\runtime\objectMonitor.cpp, line 1683]
Event: 540.950 Thread 0x0000000002a3e800 Implicit null exception at 0x000000000360a57d to 0x000000000360a879
Event: 540.951 Thread 0x00000000175aa800 Exception <a 'java/io/IOException'> (0x00000000fba193a0) thrown at [C:\re\workspace\8-2-build-windows-amd64-cygwin\jdk8u45\3627\hotspot\src\share\vm\prims\jni.cpp, line 709]

Events (10 events):
Event: 540.950 loading class java/util/IdentityHashMap$IdentityHashMapIterator done
Event: 540.950 loading class java/util/IdentityHashMap$KeyIterator done
Event: 540.950 Thread 0x00000000175aa800 Thread added: 0x00000000175aa800
Event: 540.951 Thread 0x000000001620d800 flushing nmethod 0x000000000421d650
Event: 540.951 Executing VM operation: RevokeBias
Event: 540.951 Executing VM operation: RevokeBias done
Event: 540.951 Executing VM operation: RevokeBias
Event: 540.951 Executing VM operation: RevokeBias done
Event: 540.951 Thread 0x00000000175aa800 Thread exited: 0x00000000175aa800
Event: 540.952 Executing VM operation: Exit


Dynamic libraries:
0x0000000000400000 - 0x000000000044f000 	D:\Xilinx\SDK\2015.4\eclipse\win64.o\eclipse.exe
0x00007fff27ad0000 - 0x00007fff27cb1000 	C:\WINDOWS\SYSTEM32\ntdll.dll
0x00007fff25000000 - 0x00007fff250b2000 	C:\WINDOWS\System32\KERNEL32.DLL
0x00007fff24b40000 - 0x00007fff24db3000 	C:\WINDOWS\System32\KERNELBASE.dll
0x00007fff26370000 - 0x00007fff26500000 	C:\WINDOWS\System32\USER32.dll
0x00007fff249c0000 - 0x00007fff249e0000 	C:\WINDOWS\System32\win32u.dll
0x00007fff25600000 - 0x00007fff25628000 	C:\WINDOWS\System32\GDI32.dll
0x00007fff23ea0000 - 0x00007fff24032000 	C:\WINDOWS\System32\gdi32full.dll
0x00007fff24e10000 - 0x00007fff24eaf000 	C:\WINDOWS\System32\msvcp_win.dll
0x00007fff24a40000 - 0x00007fff24b3a000 	C:\WINDOWS\System32\ucrtbase.dll
0x00007fff24f60000 - 0x00007fff24ffe000 	C:\WINDOWS\System32\msvcrt.dll
0x00007fff12f60000 - 0x00007fff131c9000 	C:\WINDOWS\WinSxS\amd64_microsoft.windows.common-controls_6595b64144ccf1df_6.0.17134.112_none_fb3f961b30681c12\COMCTL32.dll
0x00007fff25ec0000 - 0x00007fff261e3000 	C:\WINDOWS\System32\combase.dll
0x00007fff25bd0000 - 0x00007fff25cf4000 	C:\WINDOWS\System32\RPCRT4.dll
0x00007fff24040000 - 0x00007fff240ba000 	C:\WINDOWS\System32\bcryptPrimitives.dll
0x00007fff26510000 - 0x00007fff2653d000 	C:\WINDOWS\System32\IMM32.DLL
0x0000000072000000 - 0x0000000072012000 	D:\Xilinx\SDK\2015.4\eclipse\win64.o\plugins\org.eclipse.equinox.launcher.win32.win32.x86_64_1.1.200.v20140116-2212\eclipse_1503.dll
0x00007fff26260000 - 0x00007fff26301000 	C:\WINDOWS\System32\ADVAPI32.dll
0x00007fff26310000 - 0x00007fff2636b000 	C:\WINDOWS\System32\sechost.dll
0x00007fff1a1a0000 - 0x00007fff1a1aa000 	C:\WINDOWS\SYSTEM32\VERSION.dll
0x00007fff221c0000 - 0x00007fff22258000 	C:\WINDOWS\system32\uxtheme.dll
0x00007fff25120000 - 0x00007fff25295000 	C:\WINDOWS\System32\MSCTF.dll
0x00007fff253b0000 - 0x00007fff25472000 	C:\WINDOWS\System32\OLEAUT32.dll
0x0000000076560000 - 0x0000000076de3000 	D:\Xilinx\SDK\2015.4\tps\win64\jre\bin\server\jvm.dll
0x00007fff255e0000 - 0x00007fff255e8000 	C:\WINDOWS\System32\PSAPI.DLL
0x00007fff1adc0000 - 0x00007fff1adc9000 	C:\WINDOWS\SYSTEM32\WSOCK32.dll
0x00007fff1d2f0000 - 0x00007fff1d313000 	C:\WINDOWS\SYSTEM32\WINMM.dll
0x00000000777d0000 - 0x00000000778a2000 	C:\WINDOWS\SYSTEM32\MSVCR100.dll
0x00007fff261f0000 - 0x00007fff2625c000 	C:\WINDOWS\System32\WS2_32.dll
0x00007fff1d260000 - 0x00007fff1d28a000 	C:\WINDOWS\SYSTEM32\WINMMBASE.dll
0x00007fff24dc0000 - 0x00007fff24e09000 	C:\WINDOWS\System32\cfgmgr32.dll
0x00000000779b0000 - 0x00000000779bf000 	D:\Xilinx\SDK\2015.4\tps\win64\jre\bin\verify.dll
0x0000000076530000 - 0x0000000076559000 	D:\Xilinx\SDK\2015.4\tps\win64\jre\bin\java.dll
0x0000000076510000 - 0x0000000076526000 	D:\Xilinx\SDK\2015.4\tps\win64\jre\bin\zip.dll
0x00007fff26660000 - 0x00007fff27aa0000 	C:\WINDOWS\System32\SHELL32.dll
0x00007fff252a0000 - 0x00007fff25349000 	C:\WINDOWS\System32\shcore.dll
0x00007fff240c0000 - 0x00007fff247cd000 	C:\WINDOWS\System32\windows.storage.dll
0x00007fff25350000 - 0x00007fff253a1000 	C:\WINDOWS\System32\shlwapi.dll
0x00007fff23e10000 - 0x00007fff23e21000 	C:\WINDOWS\System32\kernel.appcore.dll
0x00007fff23df0000 - 0x00007fff23e0f000 	C:\WINDOWS\System32\profapi.dll
0x00007fff23e30000 - 0x00007fff23e7c000 	C:\WINDOWS\System32\powrprof.dll
0x00007fff23de0000 - 0x00007fff23dea000 	C:\WINDOWS\System32\FLTLIB.DLL
0x00007fff237b0000 - 0x00007fff237c7000 	C:\WINDOWS\SYSTEM32\CRYPTSP.dll
0x00007fff231e0000 - 0x00007fff23213000 	C:\WINDOWS\system32\rsaenh.dll
0x00007fff238e0000 - 0x00007fff23905000 	C:\WINDOWS\SYSTEM32\bcrypt.dll
0x00007fff23d10000 - 0x00007fff23d38000 	C:\WINDOWS\SYSTEM32\USERENV.dll
0x00007fff237d0000 - 0x00007fff237db000 	C:\WINDOWS\SYSTEM32\CRYPTBASE.dll
0x00000000764f0000 - 0x000000007650a000 	D:\Xilinx\SDK\2015.4\tps\win64\jre\bin\net.dll
0x00007fff23600000 - 0x00007fff23666000 	C:\WINDOWS\system32\mswsock.dll
0x00007fff23380000 - 0x00007fff233b8000 	C:\WINDOWS\SYSTEM32\IPHLPAPI.DLL
0x00007fff26500000 - 0x00007fff26508000 	C:\WINDOWS\System32\NSI.dll
0x00007fff1e400000 - 0x00007fff1e416000 	C:\WINDOWS\SYSTEM32\dhcpcsvc6.DLL
0x00007fff1e110000 - 0x00007fff1e12a000 	C:\WINDOWS\SYSTEM32\dhcpcsvc.DLL
0x00000000757c0000 - 0x00000000757d1000 	D:\Xilinx\SDK\2015.4\tps\win64\jre\bin\nio.dll
0x00007fff1bc10000 - 0x00007fff1bca8000 	C:\WINDOWS\System32\TextInputFramework.dll
0x00007fff21ca0000 - 0x00007fff21d7a000 	C:\WINDOWS\System32\CoreMessaging.dll
0x00007fff1b3f0000 - 0x00007fff1b70e000 	C:\WINDOWS\System32\CoreUIComponents.dll
0x00007fff22ed0000 - 0x00007fff22f01000 	C:\WINDOWS\SYSTEM32\ntmarta.dll
0x00007fff1f580000 - 0x00007fff1f6cd000 	C:\WINDOWS\SYSTEM32\wintypes.dll
0x00007fff222a0000 - 0x00007fff222c9000 	C:\WINDOWS\system32\dwmapi.dll
0x00007fff1d1e0000 - 0x00007fff1d1f6000 	C:\WINDOWS\system32\napinsp.dll
0x00007fff1d1c0000 - 0x00007fff1d1da000 	C:\WINDOWS\system32\pnrpnsp.dll
0x00007fff20810000 - 0x00007fff20829000 	C:\WINDOWS\system32\NLAapi.dll
0x00007fff233c0000 - 0x00007fff2347e000 	C:\WINDOWS\SYSTEM32\DNSAPI.dll
0x00007fff1d110000 - 0x00007fff1d11e000 	C:\WINDOWS\System32\winrnr.dll
0x00007fff1bb00000 - 0x00007fff1bb0a000 	C:\Windows\System32\rasadhlp.dll
0x00007fff1d670000 - 0x00007fff1d6e2000 	C:\WINDOWS\System32\fwpuclnt.dll
0x0000000002980000 - 0x0000000002a28000 	C:\Users\Dr-Abbasfar\.Xilinx\SDK\2015.4\org.eclipse.osgi\bundles\303\1\.cp\swt-win32-4335.dll
0x00007fff25480000 - 0x00007fff255d1000 	C:\WINDOWS\System32\ole32.dll
0x00007fff25a80000 - 0x00007fff25b6d000 	C:\WINDOWS\System32\comdlg32.dll
0x00007fff247d0000 - 0x00007fff249b2000 	C:\WINDOWS\System32\CRYPT32.dll
0x00007fff23e80000 - 0x00007fff23e92000 	C:\WINDOWS\System32\MSASN1.dll
0x00007fff1e6d0000 - 0x00007fff1e754000 	C:\WINDOWS\SYSTEM32\WINSPOOL.DRV
0x00007fff126d0000 - 0x00007fff126e9000 	C:\WINDOWS\SYSTEM32\USP10.dll
0x00007fff10490000 - 0x00007fff107e0000 	C:\WINDOWS\SYSTEM32\WININET.dll
0x00007fff22920000 - 0x00007fff22ad4000 	C:\WINDOWS\SYSTEM32\PROPSYS.dll
0x00007fff26540000 - 0x00007fff265e0000 	C:\WINDOWS\System32\clbcatq.dll
0x000000001aca0000 - 0x000000001acbe000 	C:\Users\Dr-Abbasfar\.Xilinx\SDK\2015.4\org.eclipse.osgi\bundles\303\1\.cp\swt-gdip-win32-4335.dll
0x00007fff0f9e0000 - 0x00007fff0fb7a000 	C:\WINDOWS\WinSxS\amd64_microsoft.windows.gdiplus_6595b64144ccf1df_1.1.17134.112_none_2c2a89008afa95e0\gdiplus.dll
0x00007fff1bde0000 - 0x00007fff1bf8e000 	C:\WINDOWS\SYSTEM32\WindowsCodecs.dll
0x00007fff121b0000 - 0x00007fff121c1000 	C:\Users\Dr-Abbasfar\.Xilinx\SDK\2015.4\org.eclipse.osgi\bundles\124\1\.cp\jWinHttp-1.0.0.dll
0x00007fff1fee0000 - 0x00007fff1ffbd000 	C:\WINDOWS\SYSTEM32\WINHTTP.dll
0x00007fff06d60000 - 0x00007fff06dcb000 	C:\WINDOWS\SYSTEM32\oleacc.dll
0x00007fff00480000 - 0x00007fff004bf000 	C:\WINDOWS\system32\mlang.dll
0x00007fff0e980000 - 0x00007fff0e9d8000 	C:\WINDOWS\system32\dataexchange.dll
0x00007fff217b0000 - 0x00007fff2194c000 	C:\WINDOWS\system32\dcomp.dll
0x00007fff20ed0000 - 0x00007fff211db000 	C:\WINDOWS\system32\d3d11.dll
0x00007fff22ba0000 - 0x00007fff22c5b000 	C:\WINDOWS\system32\dxgi.dll
0x00007fff22300000 - 0x00007fff224b8000 	C:\WINDOWS\system32\twinapi.appcore.dll
0x00007fff222d0000 - 0x00007fff222f1000 	C:\WINDOWS\system32\RMCLIENT.dll
0x0000000180000000 - 0x0000000180012000 	C:\Users\Dr-Abbasfar\.Xilinx\SDK\2015.4\org.eclipse.osgi\bundles\121\1\.cp\os\win32\x86_64\localfile_1_0_0.dll
0x00007ffed8c30000 - 0x00007ffed985c000 	C:\Windows\System32\ieframe.dll
0x00007fff12ec0000 - 0x00007fff12ed7000 	C:\Windows\System32\NETAPI32.dll
0x00007fff1c2a0000 - 0x00007fff1c542000 	C:\Windows\System32\iertutil.dll
0x00007fff1fa70000 - 0x00007fff1fa87000 	C:\Windows\System32\WKSCLI.DLL
0x00007fff23480000 - 0x00007fff2348e000 	C:\Windows\System32\NETUTILS.DLL
0x00007fff166c0000 - 0x00007fff16710000 	C:\WINDOWS\SYSTEM32\msIso.dll
0x00007fff265e0000 - 0x00007fff26653000 	C:\WINDOWS\System32\coml2.dll
0x00007fff1c5c0000 - 0x00007fff1c788000 	C:\WINDOWS\SYSTEM32\urlmon.dll
0x00007fff23c40000 - 0x00007fff23cda000 	C:\WINDOWS\SYSTEM32\sxs.dll
0x00007ffed6130000 - 0x00007ffed76f6000 	C:\Windows\System32\mshtml.dll
0x00007fff23ce0000 - 0x00007fff23d10000 	C:\WINDOWS\SYSTEM32\SspiCli.dll
0x00007ffeffd00000 - 0x00007ffeffd29000 	C:\Windows\System32\srpapi.dll
0x00007fff249e0000 - 0x00007fff24a37000 	C:\WINDOWS\System32\WINTRUST.dll
0x00007fff15830000 - 0x00007fff15840000 	C:\WINDOWS\system32\msimtf.dll
0x00007fff182c0000 - 0x00007fff182cc000 	C:\WINDOWS\SYSTEM32\Secur32.dll
0x00007fff06510000 - 0x00007fff06710000 	C:\Windows\System32\uiautomationcore.dll
0x00007fff02410000 - 0x00007fff02425000 	C:\WINDOWS\SYSTEM32\ondemandconnroutehelper.dll
0x00007fff1e630000 - 0x00007fff1e63b000 	C:\WINDOWS\SYSTEM32\WINNSI.DLL
0x00007ffed5c80000 - 0x00007ffed612c000 	C:\Windows\System32\jscript9.dll
0x00007fff211e0000 - 0x00007fff217a7000 	C:\Windows\System32\d2d1.dll
0x00007fff16070000 - 0x00007fff1638c000 	C:\Windows\System32\DWrite.dll
0x00007ffed7e50000 - 0x00007ffed7f11000 	C:\Windows\System32\jscript.dll
0x00007ffeff3c0000 - 0x00007ffeff3f8000 	C:\Windows\System32\msls31.dll
0x00007ffee5bc0000 - 0x00007ffee5c0a000 	C:\Windows\System32\Dxtrans.dll
0x00007fff1f960000 - 0x00007fff1f97d000 	C:\Windows\System32\ATL.DLL
0x00007fff0d330000 - 0x00007fff0d341000 	C:\Windows\System32\ddrawex.dll
0x00007ffed7b10000 - 0x00007ffed7c06000 	C:\Windows\System32\DDRAW.dll
0x00007fff1d0c0000 - 0x00007fff1d0c8000 	C:\Windows\System32\DCIMAN32.dll
0x00007ffed8780000 - 0x00007ffed87f5000 	C:\Windows\System32\Dxtmsft.dll
0x00007fff0c0a0000 - 0x00007fff0c0b2000 	C:\WINDOWS\SYSTEM32\IMGUTIL.DLL
0x00007fff04880000 - 0x00007fff04896000 	C:\Windows\System32\pngfilt.dll
0x00007fff18ef0000 - 0x00007fff18eff000 	D:\Xilinx\SDK\2015.4\lib\win64.o\librdi_repo_manager.dll
0x00007ffeff1c0000 - 0x00007ffeff1ea000 	D:\Xilinx\SDK\2015.4\lib\win64.o\libisl_sysinfo.dll
0x00007ffed85d0000 - 0x00007ffed8624000 	D:\Xilinx\SDK\2015.4\lib\win64.o\librdi_commonxillic.dll
0x00007ffed8630000 - 0x00007ffed86d7000 	C:\WINDOWS\SYSTEM32\MSVCP110.dll
0x00007ffed7f20000 - 0x00007ffed7ff4000 	C:\WINDOWS\SYSTEM32\MSVCR110.dll
0x00007ffed44e0000 - 0x00007ffed46cc000 	D:\Xilinx\SDK\2015.4\lib\win64.o\librdi_hsm.dll

VM Arguments:
jvm_args: -Dcom.xilinx.sdk.args.hwspec=E:/ZedBoard_Projects/Fcommes_16_7_2018/zed/fmcomms1_zed.sdk/system_top.hdf -Xms64m -Xmx512m & 
java_command: <unknown>
java_class_path (initial): D:\Xilinx\SDK\2015.4\eclipse\win64.o\\plugins/org.eclipse.equinox.launcher_1.3.0.v20130327-1440.jar
Launcher Type: generic

Environment Variables:
USERNAME=Dr-Abbasfar
OS=Windows_NT
PROCESSOR_IDENTIFIER=Intel64 Family 6 Model 94 Stepping 3, GenuineIntel



---------------  S Y S T E M  ---------------

OS: Windows 10.0 , 64 bit Build 17134 (10.0.17134.1)

CPU:total 8 (4 cores per cpu, 2 threads per core) family 6 model 94 stepping 3, cmov, cx8, fxsr, mmx, sse, sse2, sse3, ssse3, sse4.1, sse4.2, popcnt, avx, avx2, aes, clmul, erms, rtm, 3dnowpref, lzcnt, ht, tsc, tscinvbit, bmi1, bmi2, adx

Memory: 4k page, physical 8265860k(3512168k free), swap 9576580k(4123572k free)

vm_info: Java HotSpot(TM) 64-Bit Server VM (25.45-b02) for windows-amd64 JRE (1.8.0_45-b15), built on Apr 30 2015 12:40:44 by "java_re" with MS VC++ 10.0 (VS2010)

time: Mon Jul 16 15:09:05 2018
elapsed time: 541 seconds (0d 0h 9m 1s)

