#
# A fatal error has been detected by the Java Runtime Environment:
#
#  EXCEPTION_UNCAUGHT_CXX_EXCEPTION (0xe06d7363) at pc=0x00007fff24b7a388, pid=6712, tid=8792
#
# JRE version: Java(TM) SE Runtime Environment (8.0_45-b15) (build 1.8.0_45-b15)
# Java VM: Java HotSpot(TM) 64-Bit Server VM (25.45-b02 mixed mode windows-amd64 compressed oops)
# Problematic frame:
# C  [KERNELBASE.dll+0x3a388]
#
# Failed to write core dump. Minidumps are not enabled by default on client versions of Windows
#
# If you would like to submit a bug report, please visit:
#   http://bugreport.java.com/bugreport/crash.jsp
#

---------------  T H R E A D  ---------------

Current thread (0x00000000141f9000):  VMThread [stack: 0x0000000015ee0000,0x0000000015fe0000] [id=8792]

siginfo: ExceptionCode=0xe06d7363, ExceptionInformation=0x0000000019930520 0x0000000015fdf578 0x00007ffed8032d50 0x00007ffed7f80000 

Registers:
RAX=0x0000000000000000, RBX=0x00007ffed8032d50, RCX=0x00000000f46857d4, RDX=0x00007fff27b01221
RSP=0x0000000015fdf3c0, RBP=0x0000000015fdf500, RSI=0x00000000ffffffff, RDI=0x0000000026266a10
R8 =0x00007fff27b03e77, R9 =0x0000000000000000, R10=0x0000000015fdef01, R11=0x000000000053a1f0
R12=0x0000000000000001, R13=0x0000000000000008, R14=0x0000000000000000, R15=0xffffffffffffffff
RIP=0x00007fff24b7a388, EFLAGS=0x0000000000000202

Top of Stack: (sp=0x0000000015fdf3c0)
0x0000000015fdf3c0:   0000000000008008 00007ffed8032d50
0x0000000015fdf3d0:   00000000ffffffff 0000000026266a10
0x0000000015fdf3e0:   00000001e06d7363 0000000000000000
0x0000000015fdf3f0:   00007fff24b7a388 0000000000000004
0x0000000015fdf400:   0000000019930520 0000000015fdf578
0x0000000015fdf410:   00007ffed8032d50 00007ffed7f80000
0x0000000015fdf420:   0000000000000000 0000000000000001
0x0000000015fdf430:   0000000026266a10 00000000ffffffff
0x0000000015fdf440:   0000000015fdf500 00007fff27ada39f
0x0000000015fdf450:   0000000015fdf510 00007fff00000000
0x0000000015fdf460:   00006bf1e44081ec 000000000000003f
0x0000000015fdf470:   00007ffed8049000 00007ffed7f80000
0x0000000015fdf480:   000035f2ea174d18 0000000000266080
0x0000000015fdf490:   00007ffed8032d50 00007ffed7fdea3c
0x0000000015fdf4a0:   ffffffff0000001f 0000000000000000
0x0000000015fdf4b0:   0000000000000008 0000000000000001 

Instructions: (pc=0x00007fff24b7a388)
0x00007fff24b7a368:   49 8b d1 44 0f 47 c0 44 89 44 24 38 49 c1 e0 03
0x00007fff24b7a378:   e8 da 3d 04 00 48 8d 4c 24 20 ff 15 50 81 14 00
0x00007fff24b7a388:   48 8b 8c 24 c0 00 00 00 48 33 cc e8 08 fe 03 00
0x00007fff24b7a398:   48 81 c4 d8 00 00 00 c3 83 64 24 38 00 eb d6 cc 


Register to memory mapping:

RAX=0x0000000000000000 is an unknown value
RBX=0x00007ffed8032d50 is an unknown value
RCX=0x00000000f46857d4 is an unallocated location in the heap
RDX=0x00007fff27b01221 is an unknown value
RSP=0x0000000015fdf3c0 is an unknown value
RBP=0x0000000015fdf500 is an unknown value
RSI=0x00000000ffffffff is an unallocated location in the heap
RDI=0x0000000026266a10 is an unknown value
R8 =0x00007fff27b03e77 is an unknown value
R9 =0x0000000000000000 is an unknown value
R10=0x0000000015fdef01 is an unknown value
R11=0x000000000053a1f0 is an unknown value
R12=0x0000000000000001 is an unknown value
R13=0x0000000000000008 is an unknown value
R14=0x0000000000000000 is an unknown value
R15=0xffffffffffffffff is an unknown value


Stack: [0x0000000015ee0000,0x0000000015fe0000],  sp=0x0000000015fdf3c0,  free space=1020k
Native frames: (J=compiled Java code, j=interpreted, Vv=VM code, C=native code)
C  [KERNELBASE.dll+0x3a388]
C  [MSVCR110.dll+0x5ea3c]
C  [MSVCR110.dll+0x1315c]
C  [MSVCR110.dll+0x136a9]
C  [MSVCR110.dll+0x13e9c]
C  [MSVCR110.dll+0x239e]
C  [MSVCR110.dll+0xaf9e]
C  [MSVCP110.dll+0x39a7d]
C  [librdi_common.dll+0x14283e]
C  [librdi_common.dll+0x141449]
C  0x00007ffeff422400
C  0x00007ffeff422682
C  [ntdll.dll+0x34023]
C  [ntdll.dll+0x409d5]
C  [ntdll.dll+0x40898]
C  [KERNEL32.DLL+0x1b19a]
C  [MSVCR100.dll+0x20ccd]
V  [jvm.dll+0x20f135]
V  [jvm.dll+0x247ef7]
V  [jvm.dll+0x247196]
V  [jvm.dll+0x247631]
V  [jvm.dll+0x24784e]
V  [jvm.dll+0x29853a]
C  [MSVCR100.dll+0x21d9f]
C  [MSVCR100.dll+0x21e3b]
C  [KERNEL32.DLL+0x13034]
C  [ntdll.dll+0x71431]

VM_Operation (0x000000000014f500): Exit, mode: safepoint, requested by thread 0x000000000298e800


---------------  P R O C E S S  ---------------

Java Threads: ( => current thread )
  0x000000001a175800 JavaThread "Spawner Reaper" daemon [_thread_in_native, id=800, stack(0x0000000064850000,0x0000000064950000)]
  0x000000001a180800 JavaThread "pool-2-thread-10" [_thread_blocked, id=12532, stack(0x000000005f150000,0x000000005f250000)]
  0x000000002148b000 JavaThread "pool-2-thread-9" [_thread_blocked, id=10436, stack(0x0000000059d50000,0x0000000059e50000)]
  0x000000001a184800 JavaThread "pool-2-thread-8" [_thread_blocked, id=1184, stack(0x0000000057b50000,0x0000000057c50000)]
  0x000000002148b800 JavaThread "pool-2-thread-7" [_thread_blocked, id=1604, stack(0x0000000055150000,0x0000000055250000)]
  0x000000001a17d000 JavaThread "pool-2-thread-6" [_thread_blocked, id=9292, stack(0x0000000053950000,0x0000000053a50000)]
  0x000000001a183800 JavaThread "pool-2-thread-5" [_thread_blocked, id=11796, stack(0x0000000052350000,0x0000000052450000)]
  0x000000001860d800 JavaThread "pool-2-thread-4" [_thread_blocked, id=88, stack(0x000000004dc50000,0x000000004dd50000)]
  0x0000000021488000 JavaThread "pool-2-thread-3" [_thread_blocked, id=1480, stack(0x000000004c650000,0x000000004c750000)]
  0x000000001a183000 JavaThread "pool-2-thread-2" [_thread_blocked, id=10548, stack(0x000000004ad50000,0x000000004ae50000)]
  0x000000001a17f000 JavaThread "pool-2-thread-1" [_thread_blocked, id=10888, stack(0x0000000049b50000,0x0000000049c50000)]
  0x000000001a17a800 JavaThread "Thread-24" daemon [_thread_blocked, id=9416, stack(0x0000000036650000,0x0000000036750000)]
  0x0000000018612000 JavaThread "TCF Locator DNS Lookup" daemon [_thread_blocked, id=8060, stack(0x00000000252f0000,0x00000000253f0000)]
  0x0000000018613000 JavaThread "TCF Locator Timer" daemon [_thread_blocked, id=11804, stack(0x00000000251f0000,0x00000000252f0000)]
  0x0000000018611800 JavaThread "TCF Locator Receiver" daemon [_thread_in_native, id=3520, stack(0x00000000250f0000,0x00000000251f0000)]
  0x0000000018610000 JavaThread "TCF Timer Dispatcher" daemon [_thread_blocked, id=9464, stack(0x0000000024d10000,0x0000000024e10000)]
  0x00000000186fa800 JavaThread "EMF Reference Cleaner" daemon [_thread_blocked, id=9000, stack(0x000000001b400000,0x000000001b500000)]
  0x00000000162b6800 JavaThread "Service Thread" daemon [_thread_blocked, id=12260, stack(0x0000000016be0000,0x0000000016ce0000)]
  0x0000000016216000 JavaThread "C1 CompilerThread3" daemon [_thread_blocked, id=6000, stack(0x0000000016ae0000,0x0000000016be0000)]
  0x0000000016214800 JavaThread "C2 CompilerThread2" daemon [_thread_blocked, id=6452, stack(0x00000000169e0000,0x0000000016ae0000)]
  0x000000001620b800 JavaThread "C2 CompilerThread1" daemon [_thread_blocked, id=4376, stack(0x00000000168e0000,0x00000000169e0000)]
  0x000000001621e000 JavaThread "C2 CompilerThread0" daemon [_thread_blocked, id=11492, stack(0x00000000167e0000,0x00000000168e0000)]
  0x000000001621d000 JavaThread "Attach Listener" daemon [_thread_blocked, id=8480, stack(0x00000000166e0000,0x00000000167e0000)]
  0x000000001621c000 JavaThread "Signal Dispatcher" daemon [_thread_blocked, id=10544, stack(0x00000000165e0000,0x00000000166e0000)]
  0x00000000028fb000 JavaThread "Finalizer" daemon [_thread_blocked, id=9272, stack(0x00000000160e0000,0x00000000161e0000)]
  0x00000000141fd000 JavaThread "Reference Handler" daemon [_thread_blocked, id=8276, stack(0x0000000015fe0000,0x00000000160e0000)]
  0x000000000298e800 JavaThread "main" [_thread_blocked, id=10616, stack(0x0000000000050000,0x0000000000150000)]

Other Threads:
=>0x00000000141f9000 VMThread [stack: 0x0000000015ee0000,0x0000000015fe0000] [id=8792]

VM state:at safepoint (shutting down)

VM Mutex/Monitor currently owned by a thread:  ([mutex/lock_event])
[0x000000000298dec0] Threads_lock - owner thread: 0x00000000141f9000

Heap:
 PSYoungGen      total 132608K, used 42503K [0x00000000f5580000, 0x00000000fd800000, 0x0000000100000000)
  eden space 131584K, 32% used [0x00000000f5580000,0x00000000f7f01c88,0x00000000fd600000)
  from space 1024K, 0% used [0x00000000fd700000,0x00000000fd700000,0x00000000fd800000)
  to   space 1024K, 0% used [0x00000000fd600000,0x00000000fd600000,0x00000000fd700000)
 ParOldGen       total 101376K, used 49804K [0x00000000e0000000, 0x00000000e6300000, 0x00000000f5580000)
  object space 101376K, 49% used [0x00000000e0000000,0x00000000e30a32f8,0x00000000e6300000)
 Metaspace       used 93788K, capacity 100858K, committed 100992K, reserved 1136640K
  class space    used 11163K, capacity 13350K, committed 13440K, reserved 1048576K

Card table byte_map: [0x0000000011d50000,0x0000000011e60000] byte_map_base: 0x0000000011650000

Marking Bits: (ParMarkBitMap*) 0x00000000761a4040
 Begin Bits: [0x0000000012710000, 0x0000000012f10000)
 End Bits:   [0x0000000012f10000, 0x0000000013710000)

Polling page: 0x0000000002760000

CodeCache: size=245760Kb used=60247Kb max_used=60247Kb free=185512Kb
 bounds [0x0000000002990000, 0x00000000064e0000, 0x0000000011990000]
 total_blobs=16123 nmethods=15245 adapters=783
 compilation: enabled

Compilation events (10 events):
Event: 17372.106 Thread 0x0000000016216000 20203       3       sun.reflect.ByteVectorImpl::resize (44 bytes)
Event: 17372.106 Thread 0x0000000016216000 nmethod 20203 0x000000000335f810 code [0x000000000335f980, 0x000000000335fc68]
Event: 17372.108 Thread 0x0000000016216000 20205       3       org.eclipse.osgi.internal.serviceregistry.ServiceRegistry::removeServiceRegistration (139 bytes)
Event: 17372.108 Thread 0x0000000016216000 nmethod 20205 0x000000000540c490 code [0x000000000540c6a0, 0x000000000540d108]
Event: 17372.108 Thread 0x0000000016216000 20204   !   3       org.eclipse.osgi.internal.serviceregistry.ServiceRegistrationImpl::unregister (253 bytes)
Event: 17372.110 Thread 0x0000000016216000 nmethod 20204 0x0000000005a69510 code [0x0000000005a69920, 0x0000000005a6bef8]
Event: 17372.192 Thread 0x0000000016216000 20206   !   3       org.eclipse.osgi.internal.baseadaptor.BaseStorage::compact (215 bytes)
Event: 17372.194 Thread 0x0000000016216000 nmethod 20206 0x00000000064d8a90 code [0x00000000064d8ee0, 0x00000000064db3a8]
Event: 17372.303 Thread 0x0000000016216000 20207       3       org.eclipse.osgi.framework.internal.core.AbstractBundle::close (52 bytes)
Event: 17372.304 Thread 0x0000000016216000 nmethod 20207 0x0000000005a68050 code [0x0000000005a68280, 0x0000000005a68f88]

GC Heap History (10 events):
Event: 17211.286 GC heap before
{Heap before GC invocations=594 (full 286):
 PSYoungGen      total 132608K, used 224K [0x00000000f5580000, 0x00000000fd800000, 0x0000000100000000)
  eden space 131584K, 0% used [0x00000000f5580000,0x00000000f5580000,0x00000000fd600000)
  from space 1024K, 21% used [0x00000000fd700000,0x00000000fd738000,0x00000000fd800000)
  to   space 1024K, 0% used [0x00000000fd600000,0x00000000fd600000,0x00000000fd700000)
 ParOldGen       total 101376K, used 49935K [0x00000000e0000000, 0x00000000e6300000, 0x00000000f5580000)
  object space 101376K, 49% used [0x00000000e0000000,0x00000000e30c3e98,0x00000000e6300000)
 Metaspace       used 92992K, capacity 100266K, committed 100608K, reserved 1136640K
  class space    used 11070K, capacity 13220K, committed 13312K, reserved 1048576K
Event: 17211.371 GC heap after
Heap after GC invocations=594 (full 286):
 PSYoungGen      total 132608K, used 0K [0x00000000f5580000, 0x00000000fd800000, 0x0000000100000000)
  eden space 131584K, 0% used [0x00000000f5580000,0x00000000f5580000,0x00000000fd600000)
  from space 1024K, 0% used [0x00000000fd700000,0x00000000fd700000,0x00000000fd800000)
  to   space 1024K, 0% used [0x00000000fd600000,0x00000000fd600000,0x00000000fd700000)
 ParOldGen       total 101376K, used 49804K [0x00000000e0000000, 0x00000000e6300000, 0x00000000f5580000)
  object space 101376K, 49% used [0x00000000e0000000,0x00000000e30a32f8,0x00000000e6300000)
 Metaspace       used 92992K, capacity 100266K, committed 100608K, reserved 1136640K
  class space    used 11070K, capacity 13220K, committed 13312K, reserved 1048576K
}
Event: 17271.297 GC heap before
{Heap before GC invocations=595 (full 286):
 PSYoungGen      total 132608K, used 3570K [0x00000000f5580000, 0x00000000fd800000, 0x0000000100000000)
  eden space 131584K, 2% used [0x00000000f5580000,0x00000000f58fc880,0x00000000fd600000)
  from space 1024K, 0% used [0x00000000fd700000,0x00000000fd700000,0x00000000fd800000)
  to   space 1024K, 0% used [0x00000000fd600000,0x00000000fd600000,0x00000000fd700000)
 ParOldGen       total 101376K, used 49804K [0x00000000e0000000, 0x00000000e6300000, 0x00000000f5580000)
  object space 101376K, 49% used [0x00000000e0000000,0x00000000e30a32f8,0x00000000e6300000)
 Metaspace       used 92992K, capacity 100266K, committed 100608K, reserved 1136640K
  class space    used 11070K, capacity 13220K, committed 13312K, reserved 1048576K
Event: 17271.300 GC heap after
Heap after GC invocations=595 (full 286):
 PSYoungGen      total 132608K, used 224K [0x00000000f5580000, 0x00000000fd800000, 0x0000000100000000)
  eden space 131584K, 0% used [0x00000000f5580000,0x00000000f5580000,0x00000000fd600000)
  from space 1024K, 21% used [0x00000000fd600000,0x00000000fd638000,0x00000000fd700000)
  to   space 1024K, 0% used [0x00000000fd700000,0x00000000fd700000,0x00000000fd800000)
 ParOldGen       total 101376K, used 49804K [0x00000000e0000000, 0x00000000e6300000, 0x00000000f5580000)
  object space 101376K, 49% used [0x00000000e0000000,0x00000000e30a32f8,0x00000000e6300000)
 Metaspace       used 92992K, capacity 100266K, committed 100608K, reserved 1136640K
  class space    used 11070K, capacity 13220K, committed 13312K, reserved 1048576K
}
Event: 17271.300 GC heap before
{Heap before GC invocations=596 (full 287):
 PSYoungGen      total 132608K, used 224K [0x00000000f5580000, 0x00000000fd800000, 0x0000000100000000)
  eden space 131584K, 0% used [0x00000000f5580000,0x00000000f5580000,0x00000000fd600000)
  from space 1024K, 21% used [0x00000000fd600000,0x00000000fd638000,0x00000000fd700000)
  to   space 1024K, 0% used [0x00000000fd700000,0x00000000fd700000,0x00000000fd800000)
 ParOldGen       total 101376K, used 49804K [0x00000000e0000000, 0x00000000e6300000, 0x00000000f5580000)
  object space 101376K, 49% used [0x00000000e0000000,0x00000000e30a32f8,0x00000000e6300000)
 Metaspace       used 92992K, capacity 100266K, committed 100608K, reserved 1136640K
  class space    used 11070K, capacity 13220K, committed 13312K, reserved 1048576K
Event: 17271.381 GC heap after
Heap after GC invocations=596 (full 287):
 PSYoungGen      total 132608K, used 0K [0x00000000f5580000, 0x00000000fd800000, 0x0000000100000000)
  eden space 131584K, 0% used [0x00000000f5580000,0x00000000f5580000,0x00000000fd600000)
  from space 1024K, 0% used [0x00000000fd600000,0x00000000fd600000,0x00000000fd700000)
  to   space 1024K, 0% used [0x00000000fd700000,0x00000000fd700000,0x00000000fd800000)
 ParOldGen       total 101376K, used 49804K [0x00000000e0000000, 0x00000000e6300000, 0x00000000f5580000)
  object space 101376K, 49% used [0x00000000e0000000,0x00000000e30a32f8,0x00000000e6300000)
 Metaspace       used 92992K, capacity 100266K, committed 100608K, reserved 1136640K
  class space    used 11070K, capacity 13220K, committed 13312K, reserved 1048576K
}
Event: 17331.307 GC heap before
{Heap before GC invocations=597 (full 287):
 PSYoungGen      total 132608K, used 3580K [0x00000000f5580000, 0x00000000fd800000, 0x0000000100000000)
  eden space 131584K, 2% used [0x00000000f5580000,0x00000000f58ff1c0,0x00000000fd600000)
  from space 1024K, 0% used [0x00000000fd600000,0x00000000fd600000,0x00000000fd700000)
  to   space 1024K, 0% used [0x00000000fd700000,0x00000000fd700000,0x00000000fd800000)
 ParOldGen       total 101376K, used 49804K [0x00000000e0000000, 0x00000000e6300000, 0x00000000f5580000)
  object space 101376K, 49% used [0x00000000e0000000,0x00000000e30a32f8,0x00000000e6300000)
 Metaspace       used 92992K, capacity 100266K, committed 100608K, reserved 1136640K
  class space    used 11070K, capacity 13220K, committed 13312K, reserved 1048576K
Event: 17331.310 GC heap after
Heap after GC invocations=597 (full 287):
 PSYoungGen      total 132608K, used 224K [0x00000000f5580000, 0x00000000fd800000, 0x0000000100000000)
  eden space 131584K, 0% used [0x00000000f5580000,0x00000000f5580000,0x00000000fd600000)
  from space 1024K, 21% used [0x00000000fd700000,0x00000000fd738000,0x00000000fd800000)
  to   space 1024K, 0% used [0x00000000fd600000,0x00000000fd600000,0x00000000fd700000)
 ParOldGen       total 101376K, used 49804K [0x00000000e0000000, 0x00000000e6300000, 0x00000000f5580000)
  object space 101376K, 49% used [0x00000000e0000000,0x00000000e30a32f8,0x00000000e6300000)
 Metaspace       used 92992K, capacity 100266K, committed 100608K, reserved 1136640K
  class space    used 11070K, capacity 13220K, committed 13312K, reserved 1048576K
}
Event: 17331.310 GC heap before
{Heap before GC invocations=598 (full 288):
 PSYoungGen      total 132608K, used 224K [0x00000000f5580000, 0x00000000fd800000, 0x0000000100000000)
  eden space 131584K, 0% used [0x00000000f5580000,0x00000000f5580000,0x00000000fd600000)
  from space 1024K, 21% used [0x00000000fd700000,0x00000000fd738000,0x00000000fd800000)
  to   space 1024K, 0% used [0x00000000fd600000,0x00000000fd600000,0x00000000fd700000)
 ParOldGen       total 101376K, used 49804K [0x00000000e0000000, 0x00000000e6300000, 0x00000000f5580000)
  object space 101376K, 49% used [0x00000000e0000000,0x00000000e30a32f8,0x00000000e6300000)
 Metaspace       used 92992K, capacity 100266K, committed 100608K, reserved 1136640K
  class space    used 11070K, capacity 13220K, committed 13312K, reserved 1048576K
Event: 17331.395 GC heap after
Heap after GC invocations=598 (full 288):
 PSYoungGen      total 132608K, used 0K [0x00000000f5580000, 0x00000000fd800000, 0x0000000100000000)
  eden space 131584K, 0% used [0x00000000f5580000,0x00000000f5580000,0x00000000fd600000)
  from space 1024K, 0% used [0x00000000fd700000,0x00000000fd700000,0x00000000fd800000)
  to   space 1024K, 0% used [0x00000000fd600000,0x00000000fd600000,0x00000000fd700000)
 ParOldGen       total 101376K, used 49804K [0x00000000e0000000, 0x00000000e6300000, 0x00000000f5580000)
  object space 101376K, 49% used [0x00000000e0000000,0x00000000e30a32f8,0x00000000e6300000)
 Metaspace       used 92992K, capacity 100266K, committed 100608K, reserved 1136640K
  class space    used 11070K, capacity 13220K, committed 13312K, reserved 1048576K
}

Deoptimization events (10 events):
Event: 17371.171 Thread 0x000000000298e800 Uncommon trap: reason=unstable_if action=reinterpret pc=0x0000000004de9b88 method=org.eclipse.swt.graphics.Resource.dispose()V @ 15
Event: 17371.171 Thread 0x000000002148a000 Uncommon trap: reason=unstable_if action=reinterpret pc=0x0000000005678b94 method=org.eclipse.core.internal.jobs.JobManager.createMonitor(Lorg/eclipse/core/runtime/jobs/Job;)Lorg/eclipse/core/runtime/IProgressMonitor; @ 6
Event: 17371.801 Thread 0x000000001a180000 Uncommon trap: reason=unstable_if action=reinterpret pc=0x0000000005678b94 method=org.eclipse.core.internal.jobs.JobManager.createMonitor(Lorg/eclipse/core/runtime/jobs/Job;)Lorg/eclipse/core/runtime/IProgressMonitor; @ 6
Event: 17371.901 Thread 0x000000000298e800 Uncommon trap: reason=unstable_if action=reinterpret pc=0x00000000048b9184 method=org.eclipse.swt.widgets.Display.getSystemFont()Lorg/eclipse/swt/graphics/Font; @ 8
Event: 17371.905 Thread 0x000000000298e800 Uncommon trap: reason=null_check action=make_not_entrant pc=0x000000000347ca3c method=org.eclipse.core.runtime.internal.adaptor.EclipseLazyStarter.shouldActivateFor(Ljava/lang/String;Lorg/eclipse/osgi/baseadaptor/BaseData;Lorg/eclipse/core/runtime/internal
Event: 17371.918 Thread 0x000000000298e800 Uncommon trap: reason=class_check action=maybe_recompile pc=0x0000000005bdf9cc method=org.eclipse.swt.widgets.Display.asyncExec(Ljava/lang/Runnable;)V @ 54
Event: 17371.918 Thread 0x000000000298e800 Uncommon trap: reason=class_check action=maybe_recompile pc=0x0000000005bdf9cc method=org.eclipse.swt.widgets.Display.asyncExec(Ljava/lang/Runnable;)V @ 54
Event: 17372.002 Thread 0x00000000180dc800 Uncommon trap: reason=unstable_if action=reinterpret pc=0x00000000034f4310 method=org.eclipse.osgi.framework.internal.core.BundleContextImpl.dispatchEvent(Ljava/lang/Object;Ljava/lang/Object;ILjava/lang/Object;)V @ 16
Event: 17372.303 Thread 0x000000000298e800 Uncommon trap: reason=unstable_if action=reinterpret pc=0x000000000484941c method=sun.reflect.UnsafeStaticObjectFieldAccessorImpl.set(Ljava/lang/Object;Ljava/lang/Object;)V @ 13
Event: 17372.303 Thread 0x000000000298e800 Uncommon trap: reason=unstable_if action=reinterpret pc=0x0000000002ac56e8 method=sun.reflect.UnsafeStaticObjectFieldAccessorImpl.set(Ljava/lang/Object;Ljava/lang/Object;)V @ 13

Internal exceptions (10 events):
Event: 17371.115 Thread 0x0000000021495800 Exception <a 'java/lang/InterruptedException'> (0x00000000f7778a98) thrown at [C:\re\workspace\8-2-build-windows-amd64-cygwin\jdk8u45\3627\hotspot\src\share\vm\runtime\objectMonitor.cpp, line 1683]
Event: 17371.170 Thread 0x000000000298e800 Implicit null exception at 0x0000000005de704a to 0x0000000005de8012
Event: 17371.905 Thread 0x000000000298e800 Implicit null exception at 0x000000000347ac4b to 0x000000000347ca19
Event: 17372.108 Thread 0x0000000017550000 Exception <a 'java/lang/InterruptedException': sleep interrupted> (0x00000000f7b0b130) thrown at [C:\re\workspace\8-2-build-windows-amd64-cygwin\jdk8u45\3627\hotspot\src\share\vm\prims\jvm.cpp, line 3211]
Event: 17372.109 Thread 0x000000001f822000 Exception <a 'java/lang/InterruptedException'> (0x00000000f7baf890) thrown at [C:\re\workspace\8-2-build-windows-amd64-cygwin\jdk8u45\3627\hotspot\src\share\vm\runtime\objectMonitor.cpp, line 1683]
Event: 17372.110 Thread 0x0000000017523800 Exception <a 'java/lang/InterruptedException'> (0x00000000f7bdddf0) thrown at [C:\re\workspace\8-2-build-windows-amd64-cygwin\jdk8u45\3627\hotspot\src\share\vm\runtime\objectMonitor.cpp, line 1683]
Event: 17372.303 Thread 0x00000000180dc800 Exception <a 'java/lang/InterruptedException'> (0x00000000f7b0b080) thrown at [C:\re\workspace\8-2-build-windows-amd64-cygwin\jdk8u45\3627\hotspot\src\share\vm\runtime\objectMonitor.cpp, line 1683]
Event: 17372.303 Thread 0x000000000298e800 Implicit null exception at 0x0000000004849013 to 0x0000000004849409
Event: 17372.303 Thread 0x000000000298e800 Implicit null exception at 0x0000000002ac55da to 0x0000000002ac56d5
Event: 17372.317 Thread 0x000000001a179000 Exception <a 'java/io/IOException'> (0x00000000f7ec60d0) thrown at [C:\re\workspace\8-2-build-windows-amd64-cygwin\jdk8u45\3627\hotspot\src\share\vm\prims\jni.cpp, line 709]

Events (10 events):
Event: 17372.316 loading class java/util/IdentityHashMap$IdentityHashMapIterator
Event: 17372.316 loading class java/util/IdentityHashMap$IdentityHashMapIterator done
Event: 17372.316 loading class java/util/IdentityHashMap$KeyIterator done
Event: 17372.316 Thread 0x000000001a179000 Thread added: 0x000000001a179000
Event: 17372.317 Executing VM operation: RevokeBias
Event: 17372.317 Executing VM operation: RevokeBias done
Event: 17372.317 Executing VM operation: RevokeBias
Event: 17372.317 Executing VM operation: RevokeBias done
Event: 17372.317 Thread 0x000000001a179000 Thread exited: 0x000000001a179000
Event: 17372.318 Executing VM operation: Exit


Dynamic libraries:
0x0000000000400000 - 0x000000000044f000 	D:\Xilinx\SDK\2015.4\eclipse\win64.o\eclipse.exe
0x00007fff27ad0000 - 0x00007fff27cb1000 	C:\WINDOWS\SYSTEM32\ntdll.dll
0x00007fff25000000 - 0x00007fff250b2000 	C:\WINDOWS\System32\KERNEL32.DLL
0x00007fff24b40000 - 0x00007fff24db3000 	C:\WINDOWS\System32\KERNELBASE.dll
0x00007fff26370000 - 0x00007fff26500000 	C:\WINDOWS\System32\USER32.dll
0x00007fff249c0000 - 0x00007fff249e0000 	C:\WINDOWS\System32\win32u.dll
0x00007fff25600000 - 0x00007fff25628000 	C:\WINDOWS\System32\GDI32.dll
0x00007fff23ea0000 - 0x00007fff24032000 	C:\WINDOWS\System32\gdi32full.dll
0x00007fff24e10000 - 0x00007fff24eaf000 	C:\WINDOWS\System32\msvcp_win.dll
0x00007fff24a40000 - 0x00007fff24b3a000 	C:\WINDOWS\System32\ucrtbase.dll
0x00007fff24f60000 - 0x00007fff24ffe000 	C:\WINDOWS\System32\msvcrt.dll
0x00007fff12f60000 - 0x00007fff131c9000 	C:\WINDOWS\WinSxS\amd64_microsoft.windows.common-controls_6595b64144ccf1df_6.0.17134.112_none_fb3f961b30681c12\COMCTL32.dll
0x00007fff25ec0000 - 0x00007fff261e3000 	C:\WINDOWS\System32\combase.dll
0x00007fff25bd0000 - 0x00007fff25cf4000 	C:\WINDOWS\System32\RPCRT4.dll
0x00007fff24040000 - 0x00007fff240ba000 	C:\WINDOWS\System32\bcryptPrimitives.dll
0x00007fff26510000 - 0x00007fff2653d000 	C:\WINDOWS\System32\IMM32.DLL
0x0000000072000000 - 0x0000000072012000 	D:\Xilinx\SDK\2015.4\eclipse\win64.o\plugins\org.eclipse.equinox.launcher.win32.win32.x86_64_1.1.200.v20140116-2212\eclipse_1503.dll
0x00007fff26260000 - 0x00007fff26301000 	C:\WINDOWS\System32\ADVAPI32.dll
0x00007fff26310000 - 0x00007fff2636b000 	C:\WINDOWS\System32\sechost.dll
0x00007fff1a1a0000 - 0x00007fff1a1aa000 	C:\WINDOWS\SYSTEM32\VERSION.dll
0x00007fff221c0000 - 0x00007fff22258000 	C:\WINDOWS\system32\uxtheme.dll
0x00007fff25120000 - 0x00007fff25295000 	C:\WINDOWS\System32\MSCTF.dll
0x00007fff253b0000 - 0x00007fff25472000 	C:\WINDOWS\System32\OLEAUT32.dll
0x00000000759a0000 - 0x0000000076223000 	D:\Xilinx\SDK\2015.4\tps\win64\jre\bin\server\jvm.dll
0x00007fff255e0000 - 0x00007fff255e8000 	C:\WINDOWS\System32\PSAPI.DLL
0x00007fff1adc0000 - 0x00007fff1adc9000 	C:\WINDOWS\SYSTEM32\WSOCK32.dll
0x00007fff1d2f0000 - 0x00007fff1d313000 	C:\WINDOWS\SYSTEM32\WINMM.dll
0x00000000777d0000 - 0x00000000778a2000 	C:\WINDOWS\SYSTEM32\MSVCR100.dll
0x00007fff261f0000 - 0x00007fff2625c000 	C:\WINDOWS\System32\WS2_32.dll
0x00007fff1d260000 - 0x00007fff1d28a000 	C:\WINDOWS\SYSTEM32\WINMMBASE.dll
0x00007fff24dc0000 - 0x00007fff24e09000 	C:\WINDOWS\System32\cfgmgr32.dll
0x0000000075860000 - 0x000000007586f000 	D:\Xilinx\SDK\2015.4\tps\win64\jre\bin\verify.dll
0x0000000075830000 - 0x0000000075859000 	D:\Xilinx\SDK\2015.4\tps\win64\jre\bin\java.dll
0x0000000075810000 - 0x0000000075826000 	D:\Xilinx\SDK\2015.4\tps\win64\jre\bin\zip.dll
0x00007fff26660000 - 0x00007fff27aa0000 	C:\WINDOWS\System32\SHELL32.dll
0x00007fff252a0000 - 0x00007fff25349000 	C:\WINDOWS\System32\shcore.dll
0x00007fff240c0000 - 0x00007fff247cd000 	C:\WINDOWS\System32\windows.storage.dll
0x00007fff25350000 - 0x00007fff253a1000 	C:\WINDOWS\System32\shlwapi.dll
0x00007fff23e10000 - 0x00007fff23e21000 	C:\WINDOWS\System32\kernel.appcore.dll
0x00007fff23df0000 - 0x00007fff23e0f000 	C:\WINDOWS\System32\profapi.dll
0x00007fff23e30000 - 0x00007fff23e7c000 	C:\WINDOWS\System32\powrprof.dll
0x00007fff23de0000 - 0x00007fff23dea000 	C:\WINDOWS\System32\FLTLIB.DLL
0x00007fff237b0000 - 0x00007fff237c7000 	C:\WINDOWS\SYSTEM32\CRYPTSP.dll
0x00007fff231e0000 - 0x00007fff23213000 	C:\WINDOWS\system32\rsaenh.dll
0x00007fff238e0000 - 0x00007fff23905000 	C:\WINDOWS\SYSTEM32\bcrypt.dll
0x00007fff23d10000 - 0x00007fff23d38000 	C:\WINDOWS\SYSTEM32\USERENV.dll
0x00007fff237d0000 - 0x00007fff237db000 	C:\WINDOWS\SYSTEM32\CRYPTBASE.dll
0x00000000757f0000 - 0x000000007580a000 	D:\Xilinx\SDK\2015.4\tps\win64\jre\bin\net.dll
0x00007fff23600000 - 0x00007fff23666000 	C:\WINDOWS\system32\mswsock.dll
0x00007fff23380000 - 0x00007fff233b8000 	C:\WINDOWS\SYSTEM32\IPHLPAPI.DLL
0x00007fff26500000 - 0x00007fff26508000 	C:\WINDOWS\System32\NSI.dll
0x00007fff1e400000 - 0x00007fff1e416000 	C:\WINDOWS\SYSTEM32\dhcpcsvc6.DLL
0x00007fff1e110000 - 0x00007fff1e12a000 	C:\WINDOWS\SYSTEM32\dhcpcsvc.DLL
0x00000000757d0000 - 0x00000000757e1000 	D:\Xilinx\SDK\2015.4\tps\win64\jre\bin\nio.dll
0x00007fff1bc10000 - 0x00007fff1bca8000 	C:\WINDOWS\System32\TextInputFramework.dll
0x00007fff21ca0000 - 0x00007fff21d7a000 	C:\WINDOWS\System32\CoreMessaging.dll
0x00007fff1b3f0000 - 0x00007fff1b70e000 	C:\WINDOWS\System32\CoreUIComponents.dll
0x00007fff22ed0000 - 0x00007fff22f01000 	C:\WINDOWS\SYSTEM32\ntmarta.dll
0x00007fff1f580000 - 0x00007fff1f6cd000 	C:\WINDOWS\SYSTEM32\wintypes.dll
0x00007fff222a0000 - 0x00007fff222c9000 	C:\WINDOWS\system32\dwmapi.dll
0x00007fff1d1e0000 - 0x00007fff1d1f6000 	C:\WINDOWS\system32\napinsp.dll
0x00007fff1d1c0000 - 0x00007fff1d1da000 	C:\WINDOWS\system32\pnrpnsp.dll
0x00007fff20810000 - 0x00007fff20829000 	C:\WINDOWS\system32\NLAapi.dll
0x00007fff233c0000 - 0x00007fff2347e000 	C:\WINDOWS\SYSTEM32\DNSAPI.dll
0x00007fff1d110000 - 0x00007fff1d11e000 	C:\WINDOWS\System32\winrnr.dll
0x00007fff1bb00000 - 0x00007fff1bb0a000 	C:\Windows\System32\rasadhlp.dll
0x00007fff1d670000 - 0x00007fff1d6e2000 	C:\WINDOWS\System32\fwpuclnt.dll
0x000000001a7c0000 - 0x000000001a868000 	C:\Users\Dr-Abbasfar\.Xilinx\SDK\2015.4\org.eclipse.osgi\bundles\303\1\.cp\swt-win32-4335.dll
0x00007fff25480000 - 0x00007fff255d1000 	C:\WINDOWS\System32\ole32.dll
0x00007fff25a80000 - 0x00007fff25b6d000 	C:\WINDOWS\System32\comdlg32.dll
0x00007fff247d0000 - 0x00007fff249b2000 	C:\WINDOWS\System32\CRYPT32.dll
0x00007fff23e80000 - 0x00007fff23e92000 	C:\WINDOWS\System32\MSASN1.dll
0x00007fff126d0000 - 0x00007fff126e9000 	C:\WINDOWS\SYSTEM32\USP10.dll
0x00007fff1e6d0000 - 0x00007fff1e754000 	C:\WINDOWS\SYSTEM32\WINSPOOL.DRV
0x00007fff10490000 - 0x00007fff107e0000 	C:\WINDOWS\SYSTEM32\WININET.dll
0x00007fff22920000 - 0x00007fff22ad4000 	C:\WINDOWS\SYSTEM32\PROPSYS.dll
0x00007fff26540000 - 0x00007fff265e0000 	C:\WINDOWS\System32\clbcatq.dll
0x000000001a880000 - 0x000000001a89e000 	C:\Users\Dr-Abbasfar\.Xilinx\SDK\2015.4\org.eclipse.osgi\bundles\303\1\.cp\swt-gdip-win32-4335.dll
0x00007fff0f9e0000 - 0x00007fff0fb7a000 	C:\WINDOWS\WinSxS\amd64_microsoft.windows.gdiplus_6595b64144ccf1df_1.1.17134.112_none_2c2a89008afa95e0\gdiplus.dll
0x00007fff1bde0000 - 0x00007fff1bf8e000 	C:\WINDOWS\SYSTEM32\WindowsCodecs.dll
0x00007ffed5520000 - 0x00007ffed5531000 	C:\Users\Dr-Abbasfar\.Xilinx\SDK\2015.4\org.eclipse.osgi\bundles\124\1\.cp\jWinHttp-1.0.0.dll
0x00007fff1fee0000 - 0x00007fff1ffbd000 	C:\WINDOWS\SYSTEM32\WINHTTP.dll
0x00007fff06d60000 - 0x00007fff06dcb000 	C:\WINDOWS\SYSTEM32\oleacc.dll
0x00007ffed8c30000 - 0x00007ffed985c000 	C:\Windows\System32\ieframe.dll
0x00007fff1c2a0000 - 0x00007fff1c542000 	C:\Windows\System32\iertutil.dll
0x00007fff12ec0000 - 0x00007fff12ed7000 	C:\Windows\System32\NETAPI32.dll
0x00007fff1fa70000 - 0x00007fff1fa87000 	C:\Windows\System32\WKSCLI.DLL
0x00007fff23480000 - 0x00007fff2348e000 	C:\Windows\System32\NETUTILS.DLL
0x00007fff166c0000 - 0x00007fff16710000 	C:\WINDOWS\SYSTEM32\msIso.dll
0x00007fff265e0000 - 0x00007fff26653000 	C:\WINDOWS\System32\coml2.dll
0x00007fff0e980000 - 0x00007fff0e9d8000 	C:\WINDOWS\system32\dataexchange.dll
0x00007fff217b0000 - 0x00007fff2194c000 	C:\WINDOWS\system32\dcomp.dll
0x00007fff20ed0000 - 0x00007fff211db000 	C:\WINDOWS\system32\d3d11.dll
0x00007fff22ba0000 - 0x00007fff22c5b000 	C:\WINDOWS\system32\dxgi.dll
0x00007fff22300000 - 0x00007fff224b8000 	C:\WINDOWS\system32\twinapi.appcore.dll
0x00007fff222d0000 - 0x00007fff222f1000 	C:\WINDOWS\system32\RMCLIENT.dll
0x00007fff1c5c0000 - 0x00007fff1c788000 	C:\WINDOWS\SYSTEM32\urlmon.dll
0x00007fff23c40000 - 0x00007fff23cda000 	C:\WINDOWS\SYSTEM32\sxs.dll
0x00007ffeadab0000 - 0x00007ffeaf076000 	C:\Windows\System32\mshtml.dll
0x00007fff23ce0000 - 0x00007fff23d10000 	C:\WINDOWS\SYSTEM32\SspiCli.dll
0x00007ffeffd00000 - 0x00007ffeffd29000 	C:\Windows\System32\srpapi.dll
0x00007fff249e0000 - 0x00007fff24a37000 	C:\WINDOWS\System32\WINTRUST.dll
0x000000001b670000 - 0x000000001b682000 	C:\Users\Dr-Abbasfar\.Xilinx\SDK\2015.4\org.eclipse.osgi\bundles\121\1\.cp\os\win32\x86_64\localfile_1_0_0.dll
0x00007fff00480000 - 0x00007fff004bf000 	C:\WINDOWS\system32\mlang.dll
0x00007fff15830000 - 0x00007fff15840000 	C:\WINDOWS\system32\msimtf.dll
0x00007fff182c0000 - 0x00007fff182cc000 	C:\WINDOWS\SYSTEM32\Secur32.dll
0x00007fff02410000 - 0x00007fff02425000 	C:\WINDOWS\SYSTEM32\ondemandconnroutehelper.dll
0x00007fff1e630000 - 0x00007fff1e63b000 	C:\WINDOWS\SYSTEM32\WINNSI.DLL
0x00007fff211e0000 - 0x00007fff217a7000 	C:\Windows\System32\d2d1.dll
0x00007fff16070000 - 0x00007fff1638c000 	C:\Windows\System32\DWrite.dll
0x00007ffec7960000 - 0x00007ffec7a21000 	C:\Windows\System32\jscript.dll
0x00007ffecc9d0000 - 0x00007ffecca08000 	C:\Windows\System32\msls31.dll
0x00007ffeb0600000 - 0x00007ffeb06f6000 	C:\Windows\System32\DDRAW.dll
0x00007fff0ba60000 - 0x00007fff0ba68000 	C:\Windows\System32\DCIMAN32.dll
0x00007fff09760000 - 0x00007fff0976f000 	D:\Xilinx\SDK\2015.4\lib\win64.o\librdi_repo_manager.dll
0x00007ffeb05a0000 - 0x00007ffeb05f4000 	D:\Xilinx\SDK\2015.4\lib\win64.o\librdi_commonxillic.dll
0x00007ffeb03b0000 - 0x00007ffeb059c000 	D:\Xilinx\SDK\2015.4\lib\win64.o\librdi_hsm.dll
0x00007ffed8650000 - 0x00007ffed86f7000 	C:\WINDOWS\SYSTEM32\MSVCP110.dll
0x00007ffed7f80000 - 0x00007ffed8054000 	C:\WINDOWS\SYSTEM32\MSVCR110.dll
0x00007ffead120000 - 0x00007ffeadaad000 	D:\Xilinx\SDK\2015.4\lib\win64.o\librdi_common.dll
0x00007ffed28e0000 - 0x00007ffed290a000 	D:\Xilinx\SDK\2015.4\lib\win64.o\libisl_sysinfo.dll
0x00007fff08a50000 - 0x00007fff08a59000 	D:\Xilinx\SDK\2015.4\lib\win64.o\libboost_system.dll
0x00007ffecdef0000 - 0x00007ffecdf12000 	D:\Xilinx\SDK\2015.4\lib\win64.o\libboost_filesystem.dll
0x00007ffeb02b0000 - 0x00007ffeb03aa000 	D:\Xilinx\SDK\2015.4\lib\win64.o\libboost_regex.dll
0x00007ffeb0090000 - 0x00007ffeb02ae000 	D:\Xilinx\SDK\2015.4\lib\win64.o\libXil_lmgr11.dll
0x00007ffeb0040000 - 0x00007ffeb0083000 	D:\Xilinx\SDK\2015.4\lib\win64.o\librdi_hdf.dll
0x0000000075870000 - 0x0000000075997000 	D:\Xilinx\SDK\2015.4\lib\win64.o\tcl85t.dll
0x00007ffeacec0000 - 0x00007ffead115000 	D:\Xilinx\SDK\2015.4\lib\win64.o\librdi_ippcw.dll

VM Arguments:
jvm_args: -Dcom.xilinx.sdk.args.hwspec=E:/ZedBoard_Projects/FcommesSalar/zed/fmcomms1_zed.sdk/system_top.hdf -Xms64m -Xmx512m & 
java_command: <unknown>
java_class_path (initial): D:\Xilinx\SDK\2015.4\eclipse\win64.o\\plugins/org.eclipse.equinox.launcher_1.3.0.v20130327-1440.jar
Launcher Type: generic

Environment Variables:
USERNAME=Dr-Abbasfar
OS=Windows_NT
PROCESSOR_IDENTIFIER=Intel64 Family 6 Model 94 Stepping 3, GenuineIntel



---------------  S Y S T E M  ---------------

OS: Windows 10.0 , 64 bit Build 17134 (10.0.17134.1)

CPU:total 8 (4 cores per cpu, 2 threads per core) family 6 model 94 stepping 3, cmov, cx8, fxsr, mmx, sse, sse2, sse3, ssse3, sse4.1, sse4.2, popcnt, avx, avx2, aes, clmul, erms, rtm, 3dnowpref, lzcnt, ht, tsc, tscinvbit, bmi1, bmi2, adx

Memory: 4k page, physical 8265860k(3670192k free), swap 9576580k(2512384k free)

vm_info: Java HotSpot(TM) 64-Bit Server VM (25.45-b02) for windows-amd64 JRE (1.8.0_45-b15), built on Apr 30 2015 12:40:44 by "java_re" with MS VC++ 10.0 (VS2010)

time: Mon Jul 16 20:01:22 2018
elapsed time: 17372 seconds (0d 4h 49m 32s)

