#-----------------------------------------------------------
# Vivado v2015.4.2 (64-bit)
# SW Build 1494164 on Fri Feb 26 04:18:56 MST 2016
# IP Build 1491208 on Wed Feb 24 03:25:39 MST 2016
# Start of session at: Mon Jul 16 14:59:15 2018
# Process ID: 5348
# Current directory: E:/ZedBoard_Projects/Fcommes_16_7_2018/zed
# Command line: vivado.exe -gui_launcher_event rodinguilauncherevent2704 E:\ZedBoard_Projects\Fcommes_16_7_2018\zed\fmcomms1_zed.xpr
# Log file: E:/ZedBoard_Projects/Fcommes_16_7_2018/zed/vivado.log
# Journal file: E:/ZedBoard_Projects/Fcommes_16_7_2018/zed\vivado.jou
#-----------------------------------------------------------
start_guioopen_project E:/ZedBoard_Projects/Fcommes_16_7_2018/zed/fmcomms1_zed.xpr
INFO: [Project 1-313] Project file moved from 'C:/cygwin64/home/Dr-Abbasfar/adi/hdl/projects/fmcomms1/zed' since last save.
WARNING: [Project 1-312] File not found as 'E:/library/common/ad_iobuf.v'; using path 'C:/cygwin64/home/Dr-Abbasfar/adi/hdl/library/common/ad_iobuf.v' instead.
WARNING: [Project 1-312] File not found as 'E:/ZedBoard_Projects/common/xilinx/compression_system_constr.xdc'; using path 'C:/cygwin64/home/Dr-Abbasfar/adi/hdl/projects/common/xilinx/compression_system_constr.xdc' instead.
WARNING: [Project 1-312] File not found as 'E:/ZedBoard_Projects/common/zed/zed_system_constr.xdc'; using path 'C:/cygwin64/home/Dr-Abbasfar/adi/hdl/projects/common/zed/zed_system_constr.xdc' instead.
Scanning sources...
Finished scanning sources
WARNING: [Project 1-312] File not found as 'E:/library/common/ad_iobuf.v'; using path 'C:/cygwin64/home/Dr-Abbasfar/adi/hdl/library/common/ad_iobuf.v' instead.
WARNING: [Project 1-312] File not found as 'E:/ZedBoard_Projects/common/xilinx/compression_system_constr.xdc'; using path 'C:/cygwin64/home/Dr-Abbasfar/adi/hdl/projects/common/xilinx/compression_system_constr.xdc' instead.
WARNING: [Project 1-312] File not found as 'E:/ZedBoard_Projects/common/zed/zed_system_constr.xdc'; using path 'C:/cygwin64/home/Dr-Abbasfar/adi/hdl/projects/common/zed/zed_system_constr.xdc' instead.
WARNING: [Project 1-312] File not found as 'E:/library/common/ad_iobuf.v'; using path 'C:/cygwin64/home/Dr-Abbasfar/adi/hdl/library/common/ad_iobuf.v' instead.
WARNING: [Project 1-312] File not found as 'E:/ZedBoard_Projects/common/xilinx/compression_system_constr.xdc'; using path 'C:/cygwin64/home/Dr-Abbasfar/adi/hdl/projects/common/xilinx/compression_system_constr.xdc' instead.
WARNING: [Project 1-312] File not found as 'E:/ZedBoard_Projects/common/zed/zed_system_constr.xdc'; using path 'C:/cygwin64/home/Dr-Abbasfar/adi/hdl/projects/common/zed/zed_system_constr.xdc' instead.
INFO: [filemgmt 56-1] IP Repository Path: Directory not found as 'E:/library'; using path 'C:/cygwin64/home/Dr-Abbasfar/adi/hdl/library' instead.
INFO: [IP_Flow 19-234] Refreshing IP repositories
INFO: [IP_Flow 19-1700] Loaded user IP repository 'c:/cygwin64/home/Dr-Abbasfar/adi/hdl/library'.IINFO: [IP_Flow 19-2313] Loaded Vivado IP repository 'D:/Xilinx/Vivado/2015.4/data/ip'.open_project: Time (s): cpu = 00:00:26 ; elapsed = 00:00:19 . Memory (MB): peak = 831.277 ; gain = 225.289
INFO: [Vivado 12-4159] Implementation run is out of date. Exported hardware information may be inconsistent with respect to the current state of the design. It is recommended that you re-run implementation and re-generate bitstream before doing hardware export.
INFO: [Vivado 12-4158] Exported Hardware file is out of date. Exported hardware information may be inconsistent with respect to the current state of the design. It is recommended that you re-export the design and launch SDK otherwise SDK is launched with out of date hardware system file.
launch_sdk -workspace E:/ZedBoard_Projects/Fcommes_16_7_2018/zed/fmcomms1_zed.sdk -hwspec E:/ZedBoard_Projects/Fcommes_16_7_2018/zed/fmcomms1_zed.sdk/system_top.hdf
INFO: [Vivado 12-393] Launching SDK...
INFO: [Vivado 12-417] Running xsdk -workspace E:/ZedBoard_Projects/Fcommes_16_7_2018/zed/fmcomms1_zed.sdk -hwspec E:/ZedBoard_Projects/Fcommes_16_7_2018/zed/fmcomms1_zed.sdk/system_top.hdf
INFO: [Vivado 12-3157] SDK launch initiated. Please check console for any further messages.
exit
INFO: [Common 17-206] Exiting Vivado at Mon Jul 16 15:09:20 2018...
