Copyright 1986-2015 Xilinx, Inc. All Rights Reserved.
---------------------------------------------------------------------------------------------
| Tool Version      : Vivado v.2015.4.2 (win64) Build 1494164 Fri Feb 26 04:18:56 MST 2016
| Date              : Tue Feb 27 11:47:04 2018
| Host              : DESKTOP-RORPLTQ running 64-bit major release  (build 9200)
| Command           : report_clock_utilization -file system_top_clock_utilization_routed.rpt
| Design            : system_top
| Device            : 7z020-clg484
| Speed File        : -1  PRODUCTION 1.11 2014-09-11
| Temperature Grade : C
---------------------------------------------------------------------------------------------

Clock Utilization Report

Table of Contents
-----------------
1. Clock Primitive Utilization
2. Details of Global Clocks
3. Details of Regional Clocks
4. Details of Multi-Regional Clocks
5. Details of I/O Clocks
6. Details of Local Clocks
7. Clock Regions : Key Resource Utilization
8. Net wise resources used in clock region X0Y0
9. Net wise resources used in clock region X1Y0
10. Net wise resources used in clock region X0Y1
11. Net wise resources used in clock region X1Y1
12. Net wise resources used in clock region X0Y2
13. Net wise resources used in clock region X1Y2

1. Clock Primitive Utilization
------------------------------

+-------+------+-----------+-----------+
| Type  | Used | Available | Num Fixed |
+-------+------+-----------+-----------+
| BUFG  |   11 |        32 |         0 |
| BUFH  |    0 |        72 |         0 |
| BUFIO |    0 |        16 |         0 |
| MMCM  |    4 |         4 |         0 |
| PLL   |    0 |         4 |         0 |
| BUFR  |    0 |        16 |         0 |
| BUFMR |    0 |         8 |         0 |
+-------+------+-----------+-----------+


2. Details of Global Clocks
---------------------------

+-------+--------------------------------------------------------------------------------------+----------------------------------------------------------------------------------------+---------------+-------+
|       |                                                                                      |                                                                                        |   Num Loads   |       |
+-------+--------------------------------------------------------------------------------------+----------------------------------------------------------------------------------------+-------+-------+-------+
| Index | BUFG Cell                                                                            | Net Name                                                                               |  BELs | Sites | Fixed |
+-------+--------------------------------------------------------------------------------------+----------------------------------------------------------------------------------------+-------+-------+-------+
|     1 | i_system_wrapper/system_i/axi_ad9122/inst/i_if/i_serdes_clk/i_mmcm_drp/i_fb_clk_bufg | i_system_wrapper/system_i/axi_ad9122/inst/i_if/i_serdes_clk/i_mmcm_drp/bufg_fb_clk_s   |     1 |     1 |    no |
|     2 | i_system_wrapper/system_i/axi_hdmi_clkgen/inst/i_mmcm_drp/i_fb_clk_bufg              | i_system_wrapper/system_i/axi_hdmi_clkgen/inst/i_mmcm_drp/bufg_fb_clk_s                |     1 |     1 |    no |
|     3 | i_system_wrapper/system_i/refclk_clkgen/inst/clkout1_buf                             | i_system_wrapper/system_i/refclk_clkgen/inst/clk_out1                                  |     1 |     1 |    no |
|     4 | i_system_wrapper/system_i/sys_audio_clkgen/inst/clkf_buf                             | i_system_wrapper/system_i/sys_audio_clkgen/inst/clkfbout_buf_system_sys_audio_clkgen_0 |     1 |     1 |    no |
|     5 | i_system_wrapper/system_i/axi_ad9122/inst/i_if/i_serdes_clk/i_mmcm_drp/i_clk_0_bufg  | i_system_wrapper/system_i/axi_ad9122/inst/i_if/i_serdes_clk/i_mmcm_drp/dac_clk_out_n   |    18 |    18 |    no |
|     6 | i_system_wrapper/system_i/sys_audio_clkgen/inst/clkout1_buf                          | i_system_wrapper/system_i/sys_audio_clkgen/inst/clk_out1                               |    36 |    11 |    no |
|     7 | i_system_wrapper/system_i/axi_hdmi_clkgen/inst/i_mmcm_drp/i_clk_0_bufg               | i_system_wrapper/system_i/axi_hdmi_clkgen/inst/i_mmcm_drp/clk_0                        |  1079 |   329 |    no |
|     8 | i_system_wrapper/system_i/axi_ad9643/inst/i_if/i_adc_clk/i_clk_gbuf                  | i_system_wrapper/system_i/axi_ad9643/inst/i_if/i_adc_clk/clk                           |  1191 |   295 |    no |
|     9 | i_system_wrapper/system_i/sys_ps7/inst/buffer_fclk_clk_1.FCLK_CLK_1_BUFG             | i_system_wrapper/system_i/sys_ps7/inst/FCLK_CLK1                                       |  1696 |   437 |    no |
|    10 | i_system_wrapper/system_i/axi_ad9122/inst/i_if/i_serdes_clk/i_mmcm_drp/i_clk_1_bufg  | i_system_wrapper/system_i/axi_ad9122/inst/i_if/i_serdes_clk/i_mmcm_drp/div_clk         |  8316 |  1863 |    no |
|    11 | i_system_wrapper/system_i/sys_ps7/inst/buffer_fclk_clk_0.FCLK_CLK_0_BUFG             | i_system_wrapper/system_i/sys_ps7/inst/FCLK_CLK0                                       | 15923 |  4883 |    no |
+-------+--------------------------------------------------------------------------------------+----------------------------------------------------------------------------------------+-------+-------+-------+


+-------+-------------------------------------------------------------------------------+--------------------------------------------------------------------------------------+--------------+-------+
|       |                                                                               |                                                                                      |   Num Loads  |       |
+-------+-------------------------------------------------------------------------------+--------------------------------------------------------------------------------------+------+-------+-------+
| Index | MMCM Cell                                                                     | Net Name                                                                             | BELs | Sites | Fixed |
+-------+-------------------------------------------------------------------------------+--------------------------------------------------------------------------------------+------+-------+-------+
|     1 | i_system_wrapper/system_i/axi_ad9122/inst/i_if/i_serdes_clk/i_mmcm_drp/i_mmcm | i_system_wrapper/system_i/axi_ad9122/inst/i_if/i_serdes_clk/i_mmcm_drp/mmcm_clk_0_s  |    1 |     1 |    no |
|     2 | i_system_wrapper/system_i/axi_ad9122/inst/i_if/i_serdes_clk/i_mmcm_drp/i_mmcm | i_system_wrapper/system_i/axi_ad9122/inst/i_if/i_serdes_clk/i_mmcm_drp/mmcm_clk_1_s  |    1 |     1 |    no |
|     3 | i_system_wrapper/system_i/axi_ad9122/inst/i_if/i_serdes_clk/i_mmcm_drp/i_mmcm | i_system_wrapper/system_i/axi_ad9122/inst/i_if/i_serdes_clk/i_mmcm_drp/mmcm_fb_clk_s |    1 |     1 |    no |
|     4 | i_system_wrapper/system_i/axi_hdmi_clkgen/inst/i_mmcm_drp/i_mmcm              | i_system_wrapper/system_i/axi_hdmi_clkgen/inst/i_mmcm_drp/mmcm_clk_0_s               |    1 |     1 |    no |
|     5 | i_system_wrapper/system_i/axi_hdmi_clkgen/inst/i_mmcm_drp/i_mmcm              | i_system_wrapper/system_i/axi_hdmi_clkgen/inst/i_mmcm_drp/mmcm_fb_clk_s              |    1 |     1 |    no |
|     6 | i_system_wrapper/system_i/refclk_clkgen/inst/mmcm_adv_inst                    | i_system_wrapper/system_i/refclk_clkgen/inst/clk_out1_system_refclk_clkgen_0         |    1 |     1 |    no |
|     7 | i_system_wrapper/system_i/refclk_clkgen/inst/mmcm_adv_inst                    | i_system_wrapper/system_i/refclk_clkgen/inst/clkfbout_system_refclk_clkgen_0         |    1 |     1 |    no |
|     8 | i_system_wrapper/system_i/sys_audio_clkgen/inst/mmcm_adv_inst                 | i_system_wrapper/system_i/sys_audio_clkgen/inst/clk_out1_system_sys_audio_clkgen_0   |    1 |     1 |    no |
|     9 | i_system_wrapper/system_i/sys_audio_clkgen/inst/mmcm_adv_inst                 | i_system_wrapper/system_i/sys_audio_clkgen/inst/clkfbout_system_sys_audio_clkgen_0   |    1 |     1 |    no |
+-------+-------------------------------------------------------------------------------+--------------------------------------------------------------------------------------+------+-------+-------+


3. Details of Regional Clocks
-----------------------------

4. Details of Multi-Regional Clocks
-----------------------------------

5. Details of I/O Clocks
------------------------

6. Details of Local Clocks
--------------------------

+-------+---------------------------------------------------------------------------+----------------------------------------------------------------------+--------------+-------+
|       |                                                                           |                                                                      |   Num Loads  |       |
+-------+---------------------------------------------------------------------------+----------------------------------------------------------------------+------+-------+-------+
| Index | Local Clk Src                                                             | Net Name                                                             | BELs | Sites | Fixed |
+-------+---------------------------------------------------------------------------+----------------------------------------------------------------------+------+-------+-------+
|     1 | i_system_wrapper/system_i/axi_ad9122/inst/i_if/i_serdes_clk/i_clk_in_ibuf | i_system_wrapper/system_i/axi_ad9122/inst/i_if/i_serdes_clk/clk_in_s |    1 |     1 |   yes |
+-------+---------------------------------------------------------------------------+----------------------------------------------------------------------+------+-------+-------+


7. Clock Regions : Key Resource Utilization
-------------------------------------------

+-------------------+--------------+--------------+--------------+--------------+--------------+--------------+--------------+--------------+--------------+--------------+--------------+--------------+--------------+--------------+--------------+
|                   | Global Clock |     BUFRs    |    BUFMRs    |    BUFIOs    |     MMCM     |      PLL     |      GT      |      PCI     |    ILOGIC    |    OLOGIC    |      FF      |     LUTM     |    RAMB18    |    RAMB36    |    DSP48E1   |
+-------------------+------+-------+------+-------+------+-------+------+-------+------+-------+------+-------+------+-------+------+-------+------+-------+------+-------+------+-------+------+-------+------+-------+------+-------+------+-------+
| Clock Region Name | Used | Avail | Used | Avail | Used | Avail | Used | Avail | Used | Avail | Used | Avail | Used | Avail | Used | Avail | Used | Avail | Used | Avail | Used | Avail | Used | Avail | Used | Avail | Used | Avail | Used | Avail |
+-------------------+------+-------+------+-------+------+-------+------+-------+------+-------+------+-------+------+-------+------+-------+------+-------+------+-------+------+-------+------+-------+------+-------+------+-------+------+-------+
| X0Y0              |    5 |    12 |    0 |     4 |    0 |     2 |    0 |     4 |    1 |     1 |    0 |     1 |    0 |     0 |    0 |     0 |    0 |    50 |    0 |    50 | 4931 | 20000 |  197 |  4000 |    0 |    60 |    2 |    30 |   26 |    60 |
| X1Y0              |    7 |    12 |    0 |     4 |    0 |     2 |    0 |     4 |    1 |     1 |    0 |     1 |    0 |     0 |    0 |     0 |    0 |    50 |   20 |    50 | 7332 | 25600 |  535 |  3400 |    0 |    60 |    3 |    30 |   32 |    40 |
| X0Y1              |    4 |    12 |    0 |     0 |    0 |     0 |    0 |     0 |    0 |     0 |    0 |     0 |    0 |     0 |    0 |     0 |    0 |     0 |    0 |     0 | 3396 |  9600 |  170 |  1600 |    0 |    20 |    1 |    10 |    3 |    20 |
| X1Y1              |    7 |    12 |    0 |     4 |    0 |     2 |    0 |     4 |    1 |     1 |    0 |     1 |    0 |     0 |    0 |     0 |   14 |    50 |    3 |    50 | 8059 | 20800 |  594 |  3400 |    0 |    60 |    2 |    30 |   34 |    40 |
| X0Y2              |    3 |    12 |    0 |     0 |    0 |     0 |    0 |     0 |    0 |     0 |    0 |     0 |    0 |     0 |    0 |     0 |    0 |     0 |    0 |     0 |  411 |  9600 |   94 |  1600 |    0 |    20 |    0 |    10 |   10 |    20 |
| X1Y2              |    7 |    12 |    0 |     4 |    0 |     2 |    0 |     4 |    1 |     1 |    0 |     1 |    0 |     0 |    0 |     0 |    1 |    50 |   16 |    50 | 2129 | 20800 |  177 |  3400 |    0 |    60 |    0 |    30 |   21 |    40 |
+-------------------+------+-------+------+-------+------+-------+------+-------+------+-------+------+-------+------+-------+------+-------+------+-------+------+-------+------+-------+------+-------+------+-------+------+-------+------+-------+
* RAMB36 site can be used as two RAMB18/FIFO18 sites.


8. Net wise resources used in clock region X0Y0
-----------------------------------------------

+-------------+--------------+-------+-----------+----------+---------+-----------+---------+---------+------+-------+----------+-----------------------------------------------------------------+
| Source Type | BUFHCE Site  | Fixed | MMCM Pins | PLL Pins | GT Pins | BRAM Pins | ILOGICs | OLOGICs |  FFs | LUTMs | DSP48E1s |                          Clock Net Name                         |
+-------------+--------------+-------+-----------+----------+---------+-----------+---------+---------+------+-------+----------+-----------------------------------------------------------------+
| BUFG        | BUFHCE_X0Y9  |   no  |         0 |        0 |       0 |         0 |       0 |       0 |   17 |     0 |        3 | i_system_wrapper/system_i/axi_ad9643/inst/i_if/i_adc_clk/clk    |
| BUFG        | BUFHCE_X0Y1  |   no  |         1 |        0 |       0 |         0 |       0 |       0 |  686 |     0 |        0 | i_system_wrapper/system_i/sys_ps7/inst/FCLK_CLK1                |
| BUFG        | BUFHCE_X0Y10 |   no  |         0 |        0 |       0 |         1 |       0 |       0 | 1040 |     9 |        9 | i_system_wrapper/system_i/axi_hdmi_clkgen/inst/i_mmcm_drp/clk_0 |
| BUFG        | BUFHCE_X0Y8  |   no  |         0 |        0 |       0 |         3 |       0 |       0 | 3188 |   188 |       14 | i_system_wrapper/system_i/sys_ps7/inst/FCLK_CLK0                |
+-------------+--------------+-------+-----------+----------+---------+-----------+---------+---------+------+-------+----------+-----------------------------------------------------------------+


9. Net wise resources used in clock region X1Y0
-----------------------------------------------

+-------------+--------------+-------+-----------+----------+---------+-----------+---------+---------+------+-------+----------+----------------------------------------------------------------------------------------+
| Source Type | BUFHCE Site  | Fixed | MMCM Pins | PLL Pins | GT Pins | BRAM Pins | ILOGICs | OLOGICs |  FFs | LUTMs | DSP48E1s |                                     Clock Net Name                                     |
+-------------+--------------+-------+-----------+----------+---------+-----------+---------+---------+------+-------+----------+----------------------------------------------------------------------------------------+
| BUFG        | BUFHCE_X1Y7  |   no  |         0 |        0 |       0 |         0 |       0 |      20 |    0 |     0 |        0 | i_system_wrapper/system_i/axi_hdmi_clkgen/inst/i_mmcm_drp/clk_0                        |
| BUFG        | BUFHCE_X1Y0  |   no  |         1 |        0 |       0 |         0 |       0 |       0 |    0 |     0 |        0 | i_system_wrapper/system_i/sys_audio_clkgen/inst/clkfbout_buf_system_sys_audio_clkgen_0 |
| BUFG        | BUFHCE_X1Y8  |   no  |         0 |        0 |       0 |         0 |       0 |       0 |    2 |     0 |        0 | i_system_wrapper/system_i/sys_audio_clkgen/inst/clk_out1                               |
| BUFG        | BUFHCE_X1Y1  |   no  |         1 |        0 |       0 |         1 |       0 |       0 |  126 |     0 |        0 | i_system_wrapper/system_i/sys_ps7/inst/FCLK_CLK1                                       |
| BUFG        | BUFHCE_X1Y11 |   no  |         0 |        0 |       0 |         1 |       0 |       0 |  394 |    32 |        0 | i_system_wrapper/system_i/axi_ad9643/inst/i_if/i_adc_clk/clk                           |
| BUFG        | BUFHCE_X1Y10 |   no  |         0 |        0 |       0 |         0 |       0 |       0 | 1036 |   183 |       15 | i_system_wrapper/system_i/axi_ad9122/inst/i_if/i_serdes_clk/i_mmcm_drp/div_clk         |
| BUFG        | BUFHCE_X1Y9  |   no  |         0 |        0 |       0 |         4 |       0 |       0 | 5774 |   320 |       17 | i_system_wrapper/system_i/sys_ps7/inst/FCLK_CLK0                                       |
+-------------+--------------+-------+-----------+----------+---------+-----------+---------+---------+------+-------+----------+----------------------------------------------------------------------------------------+


10. Net wise resources used in clock region X0Y1
------------------------------------------------

+-------------+--------------+-------+-----------+----------+---------+-----------+---------+---------+------+-------+----------+--------------------------------------------------------------------------------+
| Source Type | BUFHCE Site  | Fixed | MMCM Pins | PLL Pins | GT Pins | BRAM Pins | ILOGICs | OLOGICs |  FFs | LUTMs | DSP48E1s |                                 Clock Net Name                                 |
+-------------+--------------+-------+-----------+----------+---------+-----------+---------+---------+------+-------+----------+--------------------------------------------------------------------------------+
| BUFG        | BUFHCE_X0Y22 |   no  |         0 |        0 |       0 |         0 |       0 |       0 |   18 |     0 |        1 | i_system_wrapper/system_i/axi_ad9643/inst/i_if/i_adc_clk/clk                   |
| BUFG        | BUFHCE_X0Y21 |   no  |         0 |        0 |       0 |         0 |       0 |       0 |  176 |    25 |        2 | i_system_wrapper/system_i/axi_ad9122/inst/i_if/i_serdes_clk/i_mmcm_drp/div_clk |
| BUFG        | BUFHCE_X0Y23 |   no  |         0 |        0 |       0 |         2 |       0 |       0 |  747 |     0 |        0 | i_system_wrapper/system_i/sys_ps7/inst/FCLK_CLK1                               |
| BUFG        | BUFHCE_X0Y20 |   no  |         0 |        0 |       0 |         0 |       0 |       0 | 2455 |   145 |        0 | i_system_wrapper/system_i/sys_ps7/inst/FCLK_CLK0                               |
+-------------+--------------+-------+-----------+----------+---------+-----------+---------+---------+------+-------+----------+--------------------------------------------------------------------------------+


11. Net wise resources used in clock region X1Y1
------------------------------------------------

+-------------+--------------+-------+-----------+----------+---------+-----------+---------+---------+------+-------+----------+--------------------------------------------------------------------------------------+
| Source Type | BUFHCE Site  | Fixed | MMCM Pins | PLL Pins | GT Pins | BRAM Pins | ILOGICs | OLOGICs |  FFs | LUTMs | DSP48E1s |                                    Clock Net Name                                    |
+-------------+--------------+-------+-----------+----------+---------+-----------+---------+---------+------+-------+----------+--------------------------------------------------------------------------------------+
| BUFG        | BUFHCE_X1Y12 |   no  |         1 |        0 |       0 |         0 |       0 |       0 |    0 |     0 |        0 | i_system_wrapper/system_i/axi_ad9122/inst/i_if/i_serdes_clk/i_mmcm_drp/bufg_fb_clk_s |
| BUFG        | BUFHCE_X1Y23 |   no  |         0 |        0 |       0 |         0 |       0 |       3 |    0 |     0 |        0 | i_system_wrapper/system_i/axi_ad9122/inst/i_if/i_serdes_clk/i_mmcm_drp/dac_clk_out_n |
| BUFG        | BUFHCE_X1Y20 |   no  |         0 |        0 |       0 |         0 |       0 |       0 |   25 |     8 |        0 | i_system_wrapper/system_i/sys_audio_clkgen/inst/clk_out1                             |
| BUFG        | BUFHCE_X1Y18 |   no  |         0 |        0 |       0 |         2 |       0 |       0 |  127 |     0 |        0 | i_system_wrapper/system_i/sys_ps7/inst/FCLK_CLK1                                     |
| BUFG        | BUFHCE_X1Y19 |   no  |         0 |        0 |       0 |         0 |      14 |       0 |  706 |     0 |        2 | i_system_wrapper/system_i/axi_ad9643/inst/i_if/i_adc_clk/clk                         |
| BUFG        | BUFHCE_X1Y21 |   no  |         1 |        0 |       0 |         0 |       0 |       0 | 3251 |   288 |        0 | i_system_wrapper/system_i/sys_ps7/inst/FCLK_CLK0                                     |
| BUFG        | BUFHCE_X1Y22 |   no  |         0 |        0 |       0 |         2 |       0 |       3 | 3950 |   298 |       32 | i_system_wrapper/system_i/axi_ad9122/inst/i_if/i_serdes_clk/i_mmcm_drp/div_clk       |
+-------------+--------------+-------+-----------+----------+---------+-----------+---------+---------+------+-------+----------+--------------------------------------------------------------------------------------+


12. Net wise resources used in clock region X0Y2
------------------------------------------------

+-------------+--------------+-------+-----------+----------+---------+-----------+---------+---------+-----+-------+----------+--------------------------------------------------------------------------------+
| Source Type | BUFHCE Site  | Fixed | MMCM Pins | PLL Pins | GT Pins | BRAM Pins | ILOGICs | OLOGICs | FFs | LUTMs | DSP48E1s |                                 Clock Net Name                                 |
+-------------+--------------+-------+-----------+----------+---------+-----------+---------+---------+-----+-------+----------+--------------------------------------------------------------------------------+
| BUFG        |      ---     |   no  |         0 |        0 |       0 |         0 |       0 |       0 |   0 |     0 |        0 | i_system_wrapper/system_i/sys_ps7/inst/FCLK_CLK1                               |
| BUFG        | BUFHCE_X0Y32 |   no  |         0 |        0 |       0 |         0 |       0 |       0 |  18 |     0 |        0 | i_system_wrapper/system_i/sys_ps7/inst/FCLK_CLK0                               |
| BUFG        | BUFHCE_X0Y33 |   no  |         0 |        0 |       0 |         0 |       0 |       0 | 393 |    94 |       10 | i_system_wrapper/system_i/axi_ad9122/inst/i_if/i_serdes_clk/i_mmcm_drp/div_clk |
+-------------+--------------+-------+-----------+----------+---------+-----------+---------+---------+-----+-------+----------+--------------------------------------------------------------------------------+


13. Net wise resources used in clock region X1Y2
------------------------------------------------

+-------------+--------------+-------+-----------+----------+---------+-----------+---------+---------+------+-------+----------+--------------------------------------------------------------------------------------+
| Source Type | BUFHCE Site  | Fixed | MMCM Pins | PLL Pins | GT Pins | BRAM Pins | ILOGICs | OLOGICs |  FFs | LUTMs | DSP48E1s |                                    Clock Net Name                                    |
+-------------+--------------+-------+-----------+----------+---------+-----------+---------+---------+------+-------+----------+--------------------------------------------------------------------------------------+
| BUFG        | BUFHCE_X1Y34 |   no  |         0 |        0 |       0 |         0 |       0 |      15 |    0 |     0 |        0 | i_system_wrapper/system_i/axi_ad9122/inst/i_if/i_serdes_clk/i_mmcm_drp/dac_clk_out_n |
| BUFG        | BUFHCE_X1Y24 |   no  |         1 |        0 |       0 |         0 |       0 |       0 |    0 |     0 |        0 | i_system_wrapper/system_i/axi_hdmi_clkgen/inst/i_mmcm_drp/bufg_fb_clk_s              |
| BUFG        | BUFHCE_X1Y35 |   no  |         0 |        0 |       0 |         0 |       0 |       1 |    0 |     0 |        0 | i_system_wrapper/system_i/refclk_clkgen/inst/clk_out1                                |
| BUFG        | BUFHCE_X1Y25 |   no  |         1 |        0 |       0 |         0 |       0 |       0 |    0 |     0 |        0 | i_system_wrapper/system_i/sys_ps7/inst/FCLK_CLK1                                     |
| BUFG        | BUFHCE_X1Y31 |   no  |         0 |        0 |       0 |         0 |       1 |       0 |    2 |     0 |        0 | i_system_wrapper/system_i/axi_ad9643/inst/i_if/i_adc_clk/clk                         |
| BUFG        | BUFHCE_X1Y32 |   no  |         1 |        0 |       0 |         0 |       0 |       0 |  242 |     1 |        0 | i_system_wrapper/system_i/sys_ps7/inst/FCLK_CLK0                                     |
| BUFG        | BUFHCE_X1Y33 |   no  |         0 |        0 |       0 |         0 |       0 |      15 | 1885 |   176 |       21 | i_system_wrapper/system_i/axi_ad9122/inst/i_if/i_serdes_clk/i_mmcm_drp/div_clk       |
+-------------+--------------+-------+-----------+----------+---------+-----------+---------+---------+------+-------+----------+--------------------------------------------------------------------------------------+



# Location of BUFG Primitives 
set_property LOC BUFGCTRL_X0Y22 [get_cells i_system_wrapper/system_i/axi_ad9122/inst/i_if/i_serdes_clk/i_mmcm_drp/i_fb_clk_bufg]
set_property LOC BUFGCTRL_X0Y21 [get_cells i_system_wrapper/system_i/axi_ad9122/inst/i_if/i_serdes_clk/i_mmcm_drp/i_clk_0_bufg]
set_property LOC BUFGCTRL_X0Y17 [get_cells i_system_wrapper/system_i/axi_ad9122/inst/i_if/i_serdes_clk/i_mmcm_drp/i_clk_1_bufg]
set_property LOC BUFGCTRL_X0Y19 [get_cells i_system_wrapper/system_i/axi_ad9643/inst/i_if/i_adc_clk/i_clk_gbuf]
set_property LOC BUFGCTRL_X0Y23 [get_cells i_system_wrapper/system_i/axi_hdmi_clkgen/inst/i_mmcm_drp/i_fb_clk_bufg]
set_property LOC BUFGCTRL_X0Y20 [get_cells i_system_wrapper/system_i/axi_hdmi_clkgen/inst/i_mmcm_drp/i_clk_0_bufg]
set_property LOC BUFGCTRL_X0Y1 [get_cells i_system_wrapper/system_i/refclk_clkgen/inst/clkout1_buf]
set_property LOC BUFGCTRL_X0Y0 [get_cells i_system_wrapper/system_i/sys_audio_clkgen/inst/clkout1_buf]
set_property LOC BUFGCTRL_X0Y2 [get_cells i_system_wrapper/system_i/sys_audio_clkgen/inst/clkf_buf]
set_property LOC BUFGCTRL_X0Y16 [get_cells i_system_wrapper/system_i/sys_ps7/inst/buffer_fclk_clk_0.FCLK_CLK_0_BUFG]
set_property LOC BUFGCTRL_X0Y18 [get_cells i_system_wrapper/system_i/sys_ps7/inst/buffer_fclk_clk_1.FCLK_CLK_1_BUFG]

# Location of IO Clock Primitives

# Location of MMCM Clock Primitives
set_property LOC MMCME2_ADV_X1Y1 [get_cells i_system_wrapper/system_i/axi_ad9122/inst/i_if/i_serdes_clk/i_mmcm_drp/i_mmcm]
set_property LOC MMCME2_ADV_X1Y2 [get_cells i_system_wrapper/system_i/axi_hdmi_clkgen/inst/i_mmcm_drp/i_mmcm]
set_property LOC MMCME2_ADV_X0Y0 [get_cells i_system_wrapper/system_i/refclk_clkgen/inst/mmcm_adv_inst]
set_property LOC MMCME2_ADV_X1Y0 [get_cells i_system_wrapper/system_i/sys_audio_clkgen/inst/mmcm_adv_inst]

# Location of BUFH Clock Primitives

# Location of BUFR Clock Primitives

# Location of BUFMR Clock Primitives

# Location of PLL Clock Primitives

# Location of IO Primitives which is load of clock spine
set_property LOC IOB_X0Y20 [get_cells i2s_mclk_OBUF_inst]

# Location of clock ports
set_property LOC IOB_X1Y125 [get_ports adc_clk_in_n]
set_property LOC IOB_X1Y126 [get_ports adc_clk_in_p]
set_property LOC IOB_X1Y75 [get_ports dac_clk_in_n]
set_property LOC IOB_X1Y76 [get_ports dac_clk_in_p]

# Clock net "i_system_wrapper/system_i/axi_ad9122/inst/i_if/i_serdes_clk/i_mmcm_drp/dac_clk_out_n" driven by instance "i_system_wrapper/system_i/axi_ad9122/inst/i_if/i_serdes_clk/i_mmcm_drp/i_clk_0_bufg" located at site "BUFGCTRL_X0Y21"
#startgroup
create_pblock {CLKAG_i_system_wrapper/system_i/axi_ad9122/inst/i_if/i_serdes_clk/i_mmcm_drp/dac_clk_out_n}
add_cells_to_pblock [get_pblocks  {CLKAG_i_system_wrapper/system_i/axi_ad9122/inst/i_if/i_serdes_clk/i_mmcm_drp/dac_clk_out_n}] [get_cells -filter { PRIMITIVE_GROUP != I/O && IS_PRIMITIVE==1 && PRIMITIVE_LEVEL !=INTERNAL } -of_object [get_pins -filter {DIRECTION==IN} -of_objects [get_nets -hierarchical -filter {PARENT=="i_system_wrapper/system_i/axi_ad9122/inst/i_if/i_serdes_clk/i_mmcm_drp/dac_clk_out_n"}]]]
resize_pblock [get_pblocks {CLKAG_i_system_wrapper/system_i/axi_ad9122/inst/i_if/i_serdes_clk/i_mmcm_drp/dac_clk_out_n}] -add {CLOCKREGION_X1Y1:CLOCKREGION_X1Y1 CLOCKREGION_X1Y2:CLOCKREGION_X1Y2}
#endgroup

# Clock net "i_system_wrapper/system_i/axi_ad9122/inst/i_if/i_serdes_clk/i_mmcm_drp/div_clk" driven by instance "i_system_wrapper/system_i/axi_ad9122/inst/i_if/i_serdes_clk/i_mmcm_drp/i_clk_1_bufg" located at site "BUFGCTRL_X0Y17"
#startgroup
create_pblock {CLKAG_i_system_wrapper/system_i/axi_ad9122/inst/i_if/i_serdes_clk/i_mmcm_drp/div_clk}
add_cells_to_pblock [get_pblocks  {CLKAG_i_system_wrapper/system_i/axi_ad9122/inst/i_if/i_serdes_clk/i_mmcm_drp/div_clk}] [get_cells -filter { PRIMITIVE_GROUP != I/O && IS_PRIMITIVE==1 && PRIMITIVE_LEVEL !=INTERNAL } -of_object [get_pins -filter {DIRECTION==IN} -of_objects [get_nets -hierarchical -filter {PARENT=="i_system_wrapper/system_i/axi_ad9122/inst/i_if/i_serdes_clk/i_mmcm_drp/div_clk"}]]]
resize_pblock [get_pblocks {CLKAG_i_system_wrapper/system_i/axi_ad9122/inst/i_if/i_serdes_clk/i_mmcm_drp/div_clk}] -add {CLOCKREGION_X0Y1:CLOCKREGION_X0Y1 CLOCKREGION_X0Y2:CLOCKREGION_X0Y2 CLOCKREGION_X1Y0:CLOCKREGION_X1Y0 CLOCKREGION_X1Y1:CLOCKREGION_X1Y1 CLOCKREGION_X1Y2:CLOCKREGION_X1Y2}
#endgroup

# Clock net "i_system_wrapper/system_i/axi_ad9643/inst/i_if/i_adc_clk/clk" driven by instance "i_system_wrapper/system_i/axi_ad9643/inst/i_if/i_adc_clk/i_clk_gbuf" located at site "BUFGCTRL_X0Y19"
#startgroup
create_pblock {CLKAG_i_system_wrapper/system_i/axi_ad9643/inst/i_if/i_adc_clk/clk}
add_cells_to_pblock [get_pblocks  {CLKAG_i_system_wrapper/system_i/axi_ad9643/inst/i_if/i_adc_clk/clk}] [get_cells -filter { PRIMITIVE_GROUP != I/O && IS_PRIMITIVE==1 && PRIMITIVE_LEVEL !=INTERNAL } -of_object [get_pins -filter {DIRECTION==IN} -of_objects [get_nets -hierarchical -filter {PARENT=="i_system_wrapper/system_i/axi_ad9643/inst/i_if/i_adc_clk/clk"}]]]
resize_pblock [get_pblocks {CLKAG_i_system_wrapper/system_i/axi_ad9643/inst/i_if/i_adc_clk/clk}] -add {CLOCKREGION_X0Y0:CLOCKREGION_X0Y0 CLOCKREGION_X0Y1:CLOCKREGION_X0Y1 CLOCKREGION_X1Y0:CLOCKREGION_X1Y0 CLOCKREGION_X1Y1:CLOCKREGION_X1Y1 CLOCKREGION_X1Y2:CLOCKREGION_X1Y2}
#endgroup

# Clock net "i_system_wrapper/system_i/axi_hdmi_clkgen/inst/i_mmcm_drp/clk_0" driven by instance "i_system_wrapper/system_i/axi_hdmi_clkgen/inst/i_mmcm_drp/i_clk_0_bufg" located at site "BUFGCTRL_X0Y20"
#startgroup
create_pblock {CLKAG_i_system_wrapper/system_i/axi_hdmi_clkgen/inst/i_mmcm_drp/clk_0}
add_cells_to_pblock [get_pblocks  {CLKAG_i_system_wrapper/system_i/axi_hdmi_clkgen/inst/i_mmcm_drp/clk_0}] [get_cells -filter { PRIMITIVE_GROUP != I/O && IS_PRIMITIVE==1 && PRIMITIVE_LEVEL !=INTERNAL } -of_object [get_pins -filter {DIRECTION==IN} -of_objects [get_nets -hierarchical -filter {PARENT=="i_system_wrapper/system_i/axi_hdmi_clkgen/inst/i_mmcm_drp/clk_0"}]]]
resize_pblock [get_pblocks {CLKAG_i_system_wrapper/system_i/axi_hdmi_clkgen/inst/i_mmcm_drp/clk_0}] -add {CLOCKREGION_X0Y0:CLOCKREGION_X0Y0 CLOCKREGION_X1Y0:CLOCKREGION_X1Y0}
#endgroup

# Clock net "i_system_wrapper/system_i/refclk_clkgen/inst/clk_out1" driven by instance "i_system_wrapper/system_i/refclk_clkgen/inst/clkout1_buf" located at site "BUFGCTRL_X0Y1"
#startgroup
create_pblock {CLKAG_i_system_wrapper/system_i/refclk_clkgen/inst/clk_out1}
add_cells_to_pblock [get_pblocks  {CLKAG_i_system_wrapper/system_i/refclk_clkgen/inst/clk_out1}] [get_cells -filter { PRIMITIVE_GROUP != I/O && IS_PRIMITIVE==1 && PRIMITIVE_LEVEL !=INTERNAL } -of_object [get_pins -filter {DIRECTION==IN} -of_objects [get_nets -hierarchical -filter {PARENT=="i_system_wrapper/system_i/refclk_clkgen/inst/clk_out1"}]]]
resize_pblock [get_pblocks {CLKAG_i_system_wrapper/system_i/refclk_clkgen/inst/clk_out1}] -add {CLOCKREGION_X1Y2:CLOCKREGION_X1Y2}
#endgroup

# Clock net "i_system_wrapper/system_i/sys_audio_clkgen/inst/clk_out1" driven by instance "i_system_wrapper/system_i/sys_audio_clkgen/inst/clkout1_buf" located at site "BUFGCTRL_X0Y0"
#startgroup
create_pblock {CLKAG_i_system_wrapper/system_i/sys_audio_clkgen/inst/clk_out1}
add_cells_to_pblock [get_pblocks  {CLKAG_i_system_wrapper/system_i/sys_audio_clkgen/inst/clk_out1}] [get_cells -filter { PRIMITIVE_GROUP != I/O && IS_PRIMITIVE==1 && PRIMITIVE_LEVEL !=INTERNAL && NAME!=i2s_mclk_OBUF_inst} -of_object [get_pins -filter {DIRECTION==IN} -of_objects [get_nets -hierarchical -filter {PARENT=="i_system_wrapper/system_i/sys_audio_clkgen/inst/clk_out1"}]]]
resize_pblock [get_pblocks {CLKAG_i_system_wrapper/system_i/sys_audio_clkgen/inst/clk_out1}] -add {CLOCKREGION_X1Y0:CLOCKREGION_X1Y0 CLOCKREGION_X1Y1:CLOCKREGION_X1Y1}
#endgroup

# Clock net "i_system_wrapper/system_i/sys_ps7/inst/FCLK_CLK0" driven by instance "i_system_wrapper/system_i/sys_ps7/inst/buffer_fclk_clk_0.FCLK_CLK_0_BUFG" located at site "BUFGCTRL_X0Y16"
#startgroup
create_pblock {CLKAG_i_system_wrapper/system_i/sys_ps7/inst/FCLK_CLK0}
add_cells_to_pblock [get_pblocks  {CLKAG_i_system_wrapper/system_i/sys_ps7/inst/FCLK_CLK0}] [get_cells -filter { PRIMITIVE_GROUP != I/O && IS_PRIMITIVE==1 && PRIMITIVE_LEVEL !=INTERNAL && NAME!=i_system_wrapper/system_i/axi_hdmi_clkgen/inst/i_mmcm_drp/i_mmcm && NAME!=i_system_wrapper/system_i/axi_ad9122/inst/i_if/i_serdes_clk/i_mmcm_drp/i_mmcm} -of_object [get_pins -filter {DIRECTION==IN} -of_objects [get_nets -hierarchical -filter {PARENT=="i_system_wrapper/system_i/sys_ps7/inst/FCLK_CLK0"}]]]
resize_pblock [get_pblocks {CLKAG_i_system_wrapper/system_i/sys_ps7/inst/FCLK_CLK0}] -add {CLOCKREGION_X0Y0:CLOCKREGION_X0Y0 CLOCKREGION_X0Y1:CLOCKREGION_X0Y1 CLOCKREGION_X0Y2:CLOCKREGION_X0Y2 CLOCKREGION_X1Y0:CLOCKREGION_X1Y0 CLOCKREGION_X1Y1:CLOCKREGION_X1Y1 CLOCKREGION_X1Y2:CLOCKREGION_X1Y2}
#endgroup

# Clock net "i_system_wrapper/system_i/sys_ps7/inst/FCLK_CLK1" driven by instance "i_system_wrapper/system_i/sys_ps7/inst/buffer_fclk_clk_1.FCLK_CLK_1_BUFG" located at site "BUFGCTRL_X0Y18"
#startgroup
create_pblock {CLKAG_i_system_wrapper/system_i/sys_ps7/inst/FCLK_CLK1}
add_cells_to_pblock [get_pblocks  {CLKAG_i_system_wrapper/system_i/sys_ps7/inst/FCLK_CLK1}] [get_cells -filter { PRIMITIVE_GROUP != I/O && IS_PRIMITIVE==1 && PRIMITIVE_LEVEL !=INTERNAL && NAME!=i_system_wrapper/system_i/axi_hdmi_clkgen/inst/i_mmcm_drp/i_mmcm && NAME!=i_system_wrapper/system_i/sys_audio_clkgen/inst/mmcm_adv_inst && NAME!=i_system_wrapper/system_i/refclk_clkgen/inst/mmcm_adv_inst} -of_object [get_pins -filter {DIRECTION==IN} -of_objects [get_nets -hierarchical -filter {PARENT=="i_system_wrapper/system_i/sys_ps7/inst/FCLK_CLK1"}]]]
resize_pblock [get_pblocks {CLKAG_i_system_wrapper/system_i/sys_ps7/inst/FCLK_CLK1}] -add {CLOCKREGION_X0Y0:CLOCKREGION_X0Y0 CLOCKREGION_X0Y1:CLOCKREGION_X0Y1 CLOCKREGION_X0Y2:CLOCKREGION_X0Y2 CLOCKREGION_X1Y0:CLOCKREGION_X1Y0 CLOCKREGION_X1Y1:CLOCKREGION_X1Y1 CLOCKREGION_X1Y2:CLOCKREGION_X1Y2}
#endgroup
