   Compiling ../../../test_core.cpp in debug mode
   Compiling ../../../core.cpp in debug mode
   Generating csim.exe
32769
40769
33161
40759
33552
40730
33942
40682
34328
40615
34711
40529
35090
40424
35462
40301
35828
40160
36187
40001
36538
39825
36879
39631
37211
39422
37532
39196
37841
38954
38139
38698
38423
38428
38694
38143
38950
37846
39192
37537
39418
37216
39628
36885
39822
36544
39998
36193
40158
35834
40299
35468
40423
35096
40527
34718
40614
34335
40681
33948
40729
33559
40759
33167
40769
32775
40759
32383
40731
31991
40683
31602
40616
31215
40531
30832
40426
30453
40303
30081
40163
29714
40004
29355
39828
29005
39635
28663
39425
28331
39199
28010
38958
27700
38702
27403
38432
27118
38148
26847
37851
26591
37542
26349
37222
26123
36890
25912
36549
25718
36199
25541
35840
25382
35474
25240
35102
25116
34724
25011
34341
24925
33954
24857
33565
24808
33174
24779
32781
24769
32389
24778
31997
24806
31608
24853
31221
24920
30838
25005
30460
25109
30087
25231
29720
25372
29361
25530
29010
25706
28668
25899
28337
26108
28015
26334
27705
26575
27408
26830
27123
27100
26852
27384
26595
27681
26353
27990
26126
28310
25915
28641
25721
28982
25544
29332
25384
29691
25242
30057
25118
30429
25013
30807
24926
31190
24858
31576
24809
31966
24779
32357
24769
32749
24777
33142
24805
33533
24852
33923
24918
34310
25003
34693
25107
35071
25229
35444
25370
35811
25528
36170
25703
36521
25896
36863
26105
37195
26330
37517
26571
37827
26826
38125
27096
38410
27379
38681
27676
38938
27985
39180
28305
39407
28636
39618
28977
39813
29327
39990
29685
40150
30051
40293
30423
40417
30801
40523
31184
40610
31570
40678
31959
40727
32351
40758
@I [SIM-1] CSim done with 0 errors.
