Copyright 1986-2015 Xilinx, Inc. All Rights Reserved.
---------------------------------------------------------------------------------------------------------------
| Tool Version : Vivado v.2015.4.2 (win64) Build 1494164 Fri Feb 26 04:18:56 MST 2016
| Date         : Thu Feb 08 10:52:09 2018
| Host         : DESKTOP-RORPLTQ running 64-bit major release  (build 9200)
| Command      : report_utilization -file system_top_utilization_synth.rpt -pb system_top_utilization_synth.pb
| Design       : system_top
| Device       : 7z020clg484-1
| Design State : Synthesized
---------------------------------------------------------------------------------------------------------------

Utilization Design Information

Table of Contents
-----------------
1. Slice Logic
1.1 Summary of Registers by Type
2. Memory
3. DSP
4. IO and GT Specific
5. Clocking
6. Specific Feature
7. Primitives
8. Black Boxes
9. Instantiated Netlists

1. Slice Logic
--------------

+----------------------------+-------+-------+-----------+-------+
|          Site Type         |  Used | Fixed | Available | Util% |
+----------------------------+-------+-------+-----------+-------+
| Slice LUTs*                | 12636 |     0 |     53200 | 23.75 |
|   LUT as Logic             | 11511 |     0 |     53200 | 21.64 |
|   LUT as Memory            |  1125 |     0 |     17400 |  6.47 |
|     LUT as Distributed RAM |    66 |     0 |           |       |
|     LUT as Shift Register  |  1059 |     0 |           |       |
| Slice Registers            | 18926 |     0 |    106400 | 17.79 |
|   Register as Flip Flop    | 18926 |     0 |    106400 | 17.79 |
|   Register as Latch        |     0 |     0 |    106400 |  0.00 |
| F7 Muxes                   |   199 |     0 |     26600 |  0.75 |
| F8 Muxes                   |    12 |     0 |     13300 |  0.09 |
+----------------------------+-------+-------+-----------+-------+
* Warning! The Final LUT count, after physical optimizations and full implementation, is typically lower. Run opt_design after synthesis, if not already completed, for a more realistic count.


1.1 Summary of Registers by Type
--------------------------------

+-------+--------------+-------------+--------------+
| Total | Clock Enable | Synchronous | Asynchronous |
+-------+--------------+-------------+--------------+
| 0     |            _ |           - |            - |
| 0     |            _ |           - |          Set |
| 0     |            _ |           - |        Reset |
| 0     |            _ |         Set |            - |
| 0     |            _ |       Reset |            - |
| 0     |          Yes |           - |            - |
| 69    |          Yes |           - |          Set |
| 4289  |          Yes |           - |        Reset |
| 239   |          Yes |         Set |            - |
| 14329 |          Yes |       Reset |            - |
+-------+--------------+-------------+--------------+


2. Memory
---------

+-------------------+------+-------+-----------+-------+
|     Site Type     | Used | Fixed | Available | Util% |
+-------------------+------+-------+-----------+-------+
| Block RAM Tile    |    6 |     0 |       140 |  4.29 |
|   RAMB36/FIFO*    |    6 |     0 |       140 |  4.29 |
|     RAMB36E1 only |    6 |       |           |       |
|   RAMB18          |    0 |     0 |       280 |  0.00 |
+-------------------+------+-------+-----------+-------+
* Note: Each Block RAM Tile only has one FIFO logic available and therefore can accommodate only one FIFO36E1 or one FIFO18E1. However, if a FIFO18E1 occupies a Block RAM Tile, that tile can still accommodate a RAMB18E1


3. DSP
------

+----------------+------+-------+-----------+-------+
|    Site Type   | Used | Fixed | Available | Util% |
+----------------+------+-------+-----------+-------+
| DSPs           |   95 |     0 |       220 | 43.18 |
|   DSP48E1 only |   95 |       |           |       |
+----------------+------+-------+-----------+-------+


4. IO and GT Specific
---------------------

+-----------------------------+------+-------+-----------+--------+
|          Site Type          | Used | Fixed | Available |  Util% |
+-----------------------------+------+-------+-----------+--------+
| Bonded IOB                  |  137 |     0 |       200 |  68.50 |
| Bonded IPADs                |    0 |     0 |         2 |   0.00 |
| Bonded IOPADs               |  130 |     0 |       130 | 100.00 |
| PHY_CONTROL                 |    0 |     0 |         4 |   0.00 |
| PHASER_REF                  |    0 |     0 |         4 |   0.00 |
| OUT_FIFO                    |    0 |     0 |        16 |   0.00 |
| IN_FIFO                     |    0 |     0 |        16 |   0.00 |
| IDELAYCTRL                  |    1 |     0 |         4 |  25.00 |
| IBUFGDS                     |    0 |     0 |       192 |   0.00 |
| PHASER_OUT/PHASER_OUT_PHY   |    0 |     0 |        16 |   0.00 |
| PHASER_IN/PHASER_IN_PHY     |    0 |     0 |        16 |   0.00 |
| IDELAYE2/IDELAYE2_FINEDELAY |   15 |     0 |       200 |   7.50 |
|   IDELAYE2 only             |   15 |     0 |           |        |
| ILOGIC                      |   15 |     0 |       200 |   7.50 |
|   IDDR                      |   15 |       |           |        |
| OLOGIC                      |   20 |     0 |       200 |  10.00 |
|   OSERDES                   |   18 |       |           |        |
|   ODDR                      |    2 |       |           |        |
+-----------------------------+------+-------+-----------+--------+


5. Clocking
-----------

+------------+------+-------+-----------+--------+
|  Site Type | Used | Fixed | Available |  Util% |
+------------+------+-------+-----------+--------+
| BUFGCTRL   |   12 |     0 |        32 |  37.50 |
| BUFIO      |    0 |     0 |        16 |   0.00 |
| MMCME2_ADV |    4 |     0 |         4 | 100.00 |
| PLLE2_ADV  |    0 |     0 |         4 |   0.00 |
| BUFMRCE    |    0 |     0 |         8 |   0.00 |
| BUFHCE     |    0 |     0 |        72 |   0.00 |
| BUFR       |    0 |     0 |        16 |   0.00 |
+------------+------+-------+-----------+--------+


6. Specific Feature
-------------------

+-------------+------+-------+-----------+-------+
|  Site Type  | Used | Fixed | Available | Util% |
+-------------+------+-------+-----------+-------+
| BSCANE2     |    0 |     0 |         4 |  0.00 |
| CAPTUREE2   |    0 |     0 |         1 |  0.00 |
| DNA_PORT    |    0 |     0 |         1 |  0.00 |
| EFUSE_USR   |    0 |     0 |         1 |  0.00 |
| FRAME_ECCE2 |    0 |     0 |         1 |  0.00 |
| ICAPE2      |    0 |     0 |         2 |  0.00 |
| STARTUPE2   |    0 |     0 |         1 |  0.00 |
| XADC        |    0 |     0 |         1 |  0.00 |
+-------------+------+-------+-----------+-------+


7. Primitives
-------------

+------------+-------+----------------------+
|  Ref Name  |  Used |  Functional Category |
+------------+-------+----------------------+
| FDRE       | 14329 |         Flop & Latch |
| FDCE       |  4289 |         Flop & Latch |
| LUT6       |  2772 |                  LUT |
| LUT3       |  2755 |                  LUT |
| LUT2       |  2625 |                  LUT |
| LUT1       |  2516 |                  LUT |
| LUT5       |  1545 |                  LUT |
| LUT4       |  1323 |                  LUT |
| CARRY4     |  1111 |           CarryLogic |
| SRL16E     |  1012 |   Distributed Memory |
| FDSE       |   239 |         Flop & Latch |
| MUXF7      |   199 |                MuxFx |
| BIBUF      |   130 |                   IO |
| RAMD32     |    98 |   Distributed Memory |
| DSP48E1    |    95 |     Block Arithmetic |
| FDPE       |    69 |         Flop & Latch |
| SRLC32E    |    47 |   Distributed Memory |
| IBUF       |    40 |                   IO |
| OBUFT      |    38 |                   IO |
| OBUFDS     |    38 |                   IO |
| RAMS32     |    32 |   Distributed Memory |
| OBUF       |    25 |                   IO |
| INV        |    19 |                  LUT |
| OSERDESE2  |    18 |                   IO |
| IBUFDS     |    17 |                   IO |
| IDELAYE2   |    15 |                   IO |
| IDDR       |    15 |                   IO |
| MUXF8      |    12 |                MuxFx |
| BUFG       |    12 |                Clock |
| RAMB36E1   |     6 |         Block Memory |
| MMCME2_ADV |     4 |                Clock |
| ODDR       |     2 |                   IO |
| PS7        |     1 | Specialized Resource |
| IDELAYCTRL |     1 |                   IO |
+------------+-------+----------------------+


8. Black Boxes
--------------

+----------+------+
| Ref Name | Used |
+----------+------+


9. Instantiated Netlists
------------------------

+----------+------+
| Ref Name | Used |
+----------+------+


