15:24:21 INFO  : Processing command line option -hwspec C:/PROJECT_FOR_RELEASE/AC701_100MHZ_32kb/ac701_lwip_design/project_1/project_1.sdk/design_1_wrapper.hdf.
15:24:27 INFO  : Launching XSDB server: xsdb.bat -s C:/Xilinx/SDK/2014.3/scripts/xsdb/xsdb/xsdb-server.tcl 2450
15:26:18 INFO  : Saving repository preferences.
15:26:18 INFO  : Reading in cores from local repositories: 
		 C:\PROJECT_FOR_RELEASE\repo_mb
15:26:18 INFO  : Cleaning BSP projects in the workspace.
15:26:20 INFO  : Saving repository preferences.
15:29:04 ERROR :  [Hsi 55-1440] Error(s) while running DRCs.
15:29:04 ERROR : Error generating bsp sources: Failed to generate BSP.
15:29:04 ERROR : Failed to regenerate sources for BSP project raw_apps_bsp
org.eclipse.core.runtime.CoreException: Internal error occurred while generating bsp sources. Please check the SDK Log view for further details.
	at com.xilinx.sdk.sw.ui.handlers.RegenBspSourcesHandler.internalGenerateBsp(RegenBspSourcesHandler.java:178)
	at com.xilinx.sdk.sw.ui.handlers.RegenBspSourcesHandler.access$2(RegenBspSourcesHandler.java:163)
	at com.xilinx.sdk.sw.ui.handlers.RegenBspSourcesHandler$1$1.run(RegenBspSourcesHandler.java:131)
	at org.eclipse.core.internal.resources.Workspace.run(Workspace.java:2345)
	at com.xilinx.sdk.sw.ui.handlers.RegenBspSourcesHandler$1.run(RegenBspSourcesHandler.java:135)
	at org.eclipse.jface.operation.ModalContext$ModalContextThread.run(ModalContext.java:121)
15:29:13 INFO  : Refreshed build settings on project raw_apps
15:32:10 INFO  : Refreshed build settings on project raw_apps
16:40:01 INFO  : Refreshed build settings on project socket_apps
16:49:24 INFO  : FPGA configured successfully with bitstream "C:/PROJECT_FOR_RELEASE/AC701_100MHZ_32kb/ac701_lwip_design/project_1/project_1.sdk/design_1_wrapper_hw_platform_0/download.bit"
16:49:43 INFO  : Processor reset is completed for microblaze_0
16:49:51 INFO  : Application is downloaded for microblaze_0. (C:\PROJECT_FOR_RELEASE\AC701_100MHZ_32kb\ac701_lwip_design\project_1\project_1.sdk\raw_apps\Debug\raw_apps.elf)
16:52:41 INFO  : Processor reset is completed for microblaze_0
16:52:49 INFO  : Application is downloaded for microblaze_0. (C:\PROJECT_FOR_RELEASE\AC701_100MHZ_32kb\ac701_lwip_design\project_1\project_1.sdk\socket_apps\Debug\socket_apps.elf)
16:53:30 INFO  : Processor reset is completed for microblaze_0
16:53:37 INFO  : Application is downloaded for microblaze_0. (C:\PROJECT_FOR_RELEASE\AC701_100MHZ_32kb\ac701_lwip_design\project_1\project_1.sdk\socket_apps\Debug\socket_apps.elf)
17:12:56 INFO  : Processor reset is completed for microblaze_0
17:13:03 INFO  : Application is downloaded for microblaze_0. (C:\PROJECT_FOR_RELEASE\AC701_100MHZ_32kb\ac701_lwip_design\project_1\project_1.sdk\socket_apps\Debug\socket_apps.elf)
17:15:30 ERROR : Unexpected error while parsing XMD response ?: com.google.gson.JsonSyntaxException: com.google.gson.stream.MalformedJsonException: invalid number or unquoted string near 
11:49:25 INFO  : Launching XSDB server: xsdb.bat -s C:/Xilinx/SDK/2014.3/scripts/xsdb/xsdb/xsdb-server.tcl 2450
11:49:43 INFO  : Restoring local repository preferences: 
		 C:\PROJECT_FOR_RELEASE\repo_mb
11:49:43 ERROR :  [Hsi 55-1550] Repository Directory C:\PROJECT_FOR_RELEASE\repo_mb doesn't exist in the disk
11:49:43 ERROR : Internal error. Unable to add C:\PROJECT_FOR_RELEASE\repo_mb as a repository.
11:53:20 ERROR :  [Hsi 55-1594] Core lwip141 of version 2.2 not found in repositories
11:53:20 ERROR :  [Hsi 55-1594] Core lwip141 of version 2.2 not found in repositories
 [Hsi 55-1594] Core lwip141 of version 2.2 not found in repositories
 [Hsi 55-1594] Core  of version  not found in repositories
11:53:20 ERROR :  [Hsi 55-1430] Driver Name is empty
11:53:20 ERROR :  [Hsi 55-1594] Core lwip141 of version 2.2 not found in repositories
11:53:20 ERROR :  [Hsi 55-1594] Core lwip141 of version 2.2 not found in repositories
 [Hsi 55-1594] Core lwip141 of version 2.2 not found in repositories
 [Hsi 55-1594] Core lwip141 of version 2.2 not found in repositories
11:53:28 ERROR :  [Hsi 55-1594] Core lwip141 of version 2.2 not found in repositories
11:53:28 ERROR :  [Hsi 55-1594] Core lwip141 of version 2.2 not found in repositories
 [Hsi 55-1594] Core lwip141 of version 2.2 not found in repositories
 [Hsi 55-1430] Driver Name is empty
11:53:28 ERROR :  [Hsi 55-1594] Core lwip141 of version 2.2 not found in repositories
 [Hsi 55-1594] Core lwip141 of version 2.2 not found in repositories
11:53:28 ERROR :  [Hsi 55-1594] Core lwip141 of version 2.2 not found in repositories
 [Hsi 55-1594] Core lwip141 of version 2.2 not found in repositories
11:53:29 ERROR :  [Hsi 55-1594] Core lwip141 of version 2.2 not found in repositories
11:53:29 ERROR :  [Hsi 55-1594] Core lwip141 of version 2.2 not found in repositories
 [Hsi 55-1594] Core lwip141 of version 2.2 not found in repositories
 [Hsi 55-1594] Core  of version  not found in repositories
11:53:29 ERROR :  [Hsi 55-1430] Driver Name is empty
11:53:29 ERROR :  [Hsi 55-1594] Core lwip141 of version 2.2 not found in repositories
11:53:29 ERROR :  [Hsi 55-1594] Core lwip141 of version 2.2 not found in repositories
 [Hsi 55-1594] Core lwip141 of version 2.2 not found in repositories
 [Hsi 55-1594] Core lwip141 of version 2.2 not found in repositories
11:54:17 INFO  : Saving repository preferences.
11:54:17 INFO  : Reading in cores from local repositories: 
		 C:\PROJECT_FOR_RELEASE\AC701_100MHZ_32kb\repo
11:54:18 INFO  : Cleaning BSP projects in the workspace.
11:54:20 INFO  : Saving repository preferences.
11:59:17 ERROR :  [Hsi 55-1594] Core lwip141 of version 2.2 not found in repositories
11:59:17 ERROR :  [Hsi 55-1594] Core lwip141 of version 2.2 not found in repositories
 [Hsi 55-1594] Core lwip141 of version 2.2 not found in repositories
 [Hsi 55-1430] Driver Name is empty
11:59:17 ERROR :  [Hsi 55-1594] Core lwip141 of version 2.2 not found in repositories
 [Hsi 55-1594] Core lwip141 of version 2.2 not found in repositories
 [Hsi 55-1430] Driver Name is empty
11:59:17 ERROR :  [Hsi 55-1594] Core lwip141 of version 2.2 not found in repositories
 [Hsi 55-1594] Core lwip141 of version 2.2 not found in repositories
12:02:30 INFO  : Saving repository preferences.
12:02:31 INFO  : Saving repository preferences.
12:02:39 ERROR :  [Hsi 55-1594] Core lwip141 of version 2.2 not found in repositories
12:02:39 ERROR :  [Hsi 55-1594] Core lwip141 of version 2.2 not found in repositories
 [Hsi 55-1594] Core lwip141 of version 2.2 not found in repositories
 [Hsi 55-1430] Driver Name is empty
12:02:39 ERROR :  [Hsi 55-1594] Core lwip141 of version 2.2 not found in repositories
 [Hsi 55-1594] Core lwip141 of version 2.2 not found in repositories
 [Hsi 55-1430] Driver Name is empty
12:02:39 ERROR :  [Hsi 55-1594] Core lwip141 of version 2.2 not found in repositories
 [Hsi 55-1594] Core lwip141 of version 2.2 not found in repositories
12:03:29 INFO  : Saving repository preferences.
12:03:29 INFO  : Reading in cores from local repositories: 
		 C:\PROJECT_FOR_RELEASE\KC705_150MHZ_32KB\repo
12:03:29 INFO  : Cleaning BSP projects in the workspace.
12:03:33 INFO  : Saving repository preferences.
12:04:30 ERROR :  [Hsi 55-1594] Core lwip141 of version 2.2 not found in repositories
12:04:30 ERROR :  [Hsi 55-1594] Core lwip141 of version 2.2 not found in repositories
 [Hsi 55-1594] Core lwip141 of version 2.2 not found in repositories
 [Hsi 55-1430] Driver Name is empty
12:04:30 ERROR :  [Hsi 55-1594] Core lwip141 of version 2.2 not found in repositories
 [Hsi 55-1594] Core lwip141 of version 2.2 not found in repositories
 [Hsi 55-1430] Driver Name is empty
12:04:30 ERROR :  [Hsi 55-1594] Core lwip141 of version 2.2 not found in repositories
 [Hsi 55-1594] Core lwip141 of version 2.2 not found in repositories
12:04:39 ERROR :  [Hsi 55-1594] Core lwip141 of version 2.2 not found in repositories
12:04:39 ERROR :  [Hsi 55-1594] Core lwip141 of version 2.2 not found in repositories
 [Hsi 55-1594] Core lwip141 of version 2.2 not found in repositories
 [Hsi 55-1430] Driver Name is empty
12:04:39 ERROR :  [Hsi 55-1594] Core lwip141 of version 2.2 not found in repositories
 [Hsi 55-1594] Core lwip141 of version 2.2 not found in repositories
 [Hsi 55-1430] Driver Name is empty
12:04:39 ERROR :  [Hsi 55-1594] Core lwip141 of version 2.2 not found in repositories
 [Hsi 55-1594] Core lwip141 of version 2.2 not found in repositories
