11:30:37 INFO  : Launching XSDB server: xsdb.bat D:/Xilinx/SDK/2015.4/scripts/xsdb/xsdb/xsdb-server.tcl
11:30:38 INFO  : XSDB server has started successfully.
11:30:39 INFO  : Processing command line option -hwspec E:/ZedBoard_Projects/FmComms_Lan/fmcomms1_zed.sdk/system_top.hdf.
11:31:45 INFO  : Project 'system_top_hw_platform_1' created. You can now create BSPs and application projects targeting this hardware platform.
11:53:42 INFO  : Connected to target on host '127.0.0.1' and port '3121'.
11:53:43 INFO  : 'targets -set -filter {jtag_cable_name =~ "Digilent Zed 210248492682" && level==0} -index 1' command is executed.
11:53:44 INFO  : FPGA configured successfully with bitstream "E:/ZedBoard_Projects/FmComms_Lan/fmcomms1_zed.sdk/system_top_hw_platform_0/system_top.bit"
11:54:14 INFO  : ps7_init is completed.
11:54:14 INFO  : ps7_post_config is completed.
11:54:14 INFO  : Processor reset is completed for ps7_cortexa9_0
11:55:34 INFO  : ps7_cortexa9_0 Processor is in use. Please stop existing Run or Debug sessions before launching.
11:55:35 INFO  : Processor reset is completed for ps7_cortexa9_0
11:55:58 INFO  : ps7_cortexa9_0 Processor is in use. Please stop existing Run or Debug sessions before launching.
11:55:59 INFO  : Processor reset is completed for ps7_cortexa9_0
11:59:44 INFO  : ps7_cortexa9_0 Processor is in use. Please stop existing Run or Debug sessions before launching.
11:59:46 INFO  : Processor reset is completed for ps7_cortexa9_0
12:04:41 INFO  : ps7_cortexa9_0 Processor is in use. Please stop existing Run or Debug sessions before launching.
12:04:43 INFO  : Processor reset is completed for ps7_cortexa9_0
12:15:02 INFO  : ps7_cortexa9_0 Processor is in use. Please stop existing Run or Debug sessions before launching.
12:15:06 INFO  : Processor reset is completed for ps7_cortexa9_0
12:19:01 INFO  : ps7_cortexa9_0 Processor is in use. Please stop existing Run or Debug sessions before launching.
12:19:02 INFO  : Processor reset is completed for ps7_cortexa9_0
