#-----------------------------------------------------------
# Webtalk v2015.4 (64-bit)
# SW Build 1412921 on Wed Nov 18 09:43:45 MST 2015
# 
# Start of session at: Tue Feb 27 12:08:11 2018
# Process ID: 4380
# Current directory: E:/ZedBoard_Projects/SIN_BRAM/zed/fmcomms1_zed.sdk/webtalk
# Command line: wbtcv.exe -mode batch -source sdk_webtalk.tcl
# Log file: E:/ZedBoard_Projects/SIN_BRAM/zed/fmcomms1_zed.sdk/webtalk/webtalk.log
# Journal file: E:/ZedBoard_Projects/SIN_BRAM/zed/fmcomms1_zed.sdk/webtalk\webtalk.jou
#-----------------------------------------------------------
source sdk_webtalk.tcl
# webtalk_init -webtalk_dir E:\\ZedBoard_Projects\\SIN_BRAM\\zed\\fmcomms1_zed.sdk\\webtalk
# webtalk_register_client -client project
# webtalk_add_data -client project -key date_generated -value "Tue Feb 27 12:08:10 2018" -context "software_version_and_target_device"
# webtalk_add_data -client project -key product_version -value "SDK v2015.4" -context "software_version_and_target_device"
# webtalk_add_data -client project -key build_version -value "2015.4" -context "software_version_and_target_device"
# webtalk_add_data -client project -key os_platform -value "amd64" -context "software_version_and_target_device"
# webtalk_add_data -client project -key registration_id -value "" -context "software_version_and_target_device"
# webtalk_add_data -client project -key tool_flow -value "SDK" -context "software_version_and_target_device"
# webtalk_add_data -client project -key beta -value "false" -context "software_version_and_target_device"
# webtalk_add_data -client project -key route_design -value "NA" -context "software_version_and_target_device"
# webtalk_add_data -client project -key target_family -value "NA" -context "software_version_and_target_device"
# webtalk_add_data -client project -key target_device -value "NA" -context "software_version_and_target_device"
# webtalk_add_data -client project -key target_package -value "NA" -context "software_version_and_target_device"
# webtalk_add_data -client project -key target_speed -value "NA" -context "software_version_and_target_device"
# webtalk_add_data -client project -key random_id -value "sb4nqdrqpg4fna8tmo7hqrm4q6" -context "software_version_and_target_device"
# webtalk_add_data -client project -key project_id -value "2015.4_12" -context "software_version_and_target_device"
# webtalk_add_data -client project -key project_iteration -value "12" -context "software_version_and_target_device"
# webtalk_add_data -client project -key os_name -value "" -context "user_environment"
# webtalk_add_data -client project -key os_release -value "" -context "user_environment"
# webtalk_add_data -client project -key cpu_name -value "" -context "user_environment"
# webtalk_add_data -client project -key cpu_speed -value "" -context "user_environment"
# webtalk_add_data -client project -key total_processors -value "" -context "user_environment"
# webtalk_add_data -client project -key system_ram -value "" -context "user_environment"
# webtalk_register_client -client sdk
# webtalk_add_data -client sdk -key uid -value "1519719923999" -context "sdk\\\\hardware/1519719923999"
# webtalk_add_data -client sdk -key isZynq -value "true" -context "sdk\\\\hardware/1519719923999"
# webtalk_add_data -client sdk -key Processors -value "2" -context "sdk\\\\hardware/1519719923999"
# webtalk_add_data -client sdk -key VivadoVersion -value "2015.4.2" -context "sdk\\\\hardware/1519719923999"
# webtalk_add_data -client sdk -key Arch -value "zynq" -context "sdk\\\\hardware/1519719923999"
# webtalk_add_data -client sdk -key Device -value "7z020" -context "sdk\\\\hardware/1519719923999"
# webtalk_add_data -client sdk -key IsHandoff -value "true" -context "sdk\\\\hardware/1519719923999"
# webtalk_add_data -client sdk -key uid -value "1519719949989" -context "sdk\\\\hardware/1519719949989"
# webtalk_add_data -client sdk -key isZynq -value "true" -context "sdk\\\\hardware/1519719949989"
# webtalk_add_data -client sdk -key Processors -value "2" -context "sdk\\\\hardware/1519719949989"
# webtalk_add_data -client sdk -key VivadoVersion -value "2015.4.2" -context "sdk\\\\hardware/1519719949989"
# webtalk_add_data -client sdk -key Arch -value "zynq" -context "sdk\\\\hardware/1519719949989"
# webtalk_add_data -client sdk -key Device -value "7z020" -context "sdk\\\\hardware/1519719949989"
# webtalk_add_data -client sdk -key IsHandoff -value "true" -context "sdk\\\\hardware/1519719949989"
# webtalk_add_data -client sdk -key uid -value "1519719978682" -context "sdk\\\\bsp/1519719978682"
# webtalk_add_data -client sdk -key hwid -value "1519719949989" -context "sdk\\\\bsp/1519719978682"
# webtalk_add_data -client sdk -key os -value "standalone" -context "sdk\\\\bsp/1519719978682"
# webtalk_add_data -client sdk -key apptemplate -value "empty_application" -context "sdk\\\\bsp/1519719978682"
# webtalk_add_data -client sdk -key uid -value "1519719991631" -context "sdk\\\\application/1519719991631"
# webtalk_add_data -client sdk -key hwid -value "1519719949989" -context "sdk\\\\application/1519719991631"
# webtalk_add_data -client sdk -key bspid -value "1519719978682" -context "sdk\\\\application/1519719991631"
# webtalk_add_data -client sdk -key newbsp -value "true" -context "sdk\\\\application/1519719991631"
# webtalk_add_data -client sdk -key os -value "standalone" -context "sdk\\\\application/1519719991631"
# webtalk_add_data -client sdk -key apptemplate -value "empty_application" -context "sdk\\\\application/1519719991631"
# webtalk_transmit -clientid 786138729 -regid "" -xml E:\\ZedBoard_Projects\\SIN_BRAM\\zed\\fmcomms1_zed.sdk\\webtalk\\usage_statistics_ext_sdk.xml -html E:\\ZedBoard_Projects\\SIN_BRAM\\zed\\fmcomms1_zed.sdk\\webtalk\\usage_statistics_ext_sdk.html -wdm E:\\ZedBoard_Projects\\SIN_BRAM\\zed\\fmcomms1_zed.sdk\\webtalk\\sdk_webtalk.wdm -intro "<H3>SDK Usage Report</H3><BR>"

    while executing
"webtalk_transmit -clientid 786138729 -regid "" -xml E:\\ZedBoard_Projects\\SIN_BRAM\\zed\\fmcomms1_zed.sdk\\webtalk\\usage_statistics_ext_sdk.xml -htm..."
    (file "sdk_webtalk.tcl" line 49)
INFO: [Common 17-206] Exiting Webtalk at Tue Feb 27 12:08:15 2018...
