#-----------------------------------------------------------
# Vivado v2015.4.2 (64-bit)
# SW Build 1494164 on Fri Feb 26 04:18:56 MST 2016
# IP Build 1491208 on Wed Feb 24 03:25:39 MST 2016
# Start of session at: Mon Aug 13 11:29:59 2018
# Process ID: 10348
# Current directory: E:/ZedBoard_Projects/FmComms_Lan
# Command line: vivado.exe -gui_launcher_event rodinguilauncherevent5656 E:\ZedBoard_Projects\FmComms_Lan\fmcomms1_zed.xpr
# Log file: E:/ZedBoard_Projects/FmComms_Lan/vivado.log
# Journal file: E:/ZedBoard_Projects/FmComms_Lan\vivado.jou
#-----------------------------------------------------------
start_gui
open_project E:/ZedBoard_Projects/FmComms_Lan/fmcomms1_zed.xpr
INFO: [Project 1-313] Project file moved from 'E:/ZedBoard_Projects/FmComms_Lan_ver1' since last save.
Scanning sources...
Finished scanning sources
INFO: [IP_Flow 19-234] Refreshing IP repositories
INFO: [IP_Flow 19-1700] Loaded user IP repository 'c:/cygwin64/home/Dr-Abbasfar/adi/hdl/library'.
INFO: [IP_Flow 19-2313] Loaded Vivado IP repository 'D:/Xilinx/Vivado/2015.4/data/ip'.
open_project: Time (s): cpu = 00:00:23 ; elapsed = 00:00:12 . Memory (MB): peak = 890.375 ; gain = 224.188
INFO: [Vivado 12-4158] Exported Hardware file is out of date. Exported hardware information may be inconsistent with respect to the current state of the design. It is recommended that you re-export the design and launch SDK otherwise SDK is launched with out of date hardware system file.
launch_sdk -workspace E:/ZedBoard_Projects/FmComms_Lan/fmcomms1_zed.sdk -hwspec E:/ZedBoard_Projects/FmComms_Lan/fmcomms1_zed.sdk/system_top.hdf
INFO: [Vivado 12-393] Launching SDK...
INFO: [Vivado 12-417] Running xsdk -workspace E:/ZedBoard_Projects/FmComms_Lan/fmcomms1_zed.sdk -hwspec E:/ZedBoard_Projects/FmComms_Lan/fmcomms1_zed.sdk/system_top.hdf
INFO: [Vivado 12-3157] SDK launch initiated. Please check console for any further messages.
exit
INFO: [Common 17-206] Exiting Vivado at Mon Aug 13 18:00:43 2018...
