#
# A fatal error has been detected by the Java Runtime Environment:
#
#  EXCEPTION_UNCAUGHT_CXX_EXCEPTION (0xe06d7363) at pc=0x00007ffa4ce74008, pid=5092, tid=4752
#
# JRE version: Java(TM) SE Runtime Environment (8.0_45-b15) (build 1.8.0_45-b15)
# Java VM: Java HotSpot(TM) 64-Bit Server VM (25.45-b02 mixed mode windows-amd64 compressed oops)
# Problematic frame:
# C  [KERNELBASE.dll+0x14008]
#
# Failed to write core dump. Minidumps are not enabled by default on client versions of Windows
#
# If you would like to submit a bug report, please visit:
#   http://bugreport.java.com/bugreport/crash.jsp
#

---------------  T H R E A D  ---------------

Current thread (0x0000000015fb9800):  VMThread [stack: 0x0000000017cc0000,0x0000000017dc0000] [id=4752]

siginfo: ExceptionCode=0xe06d7363, ExceptionInformation=0x0000000019930520 0x0000000017dbf448 0x00007ffa46072d50 0x00007ffa45fc0000 

Registers:
RAX=0x0000000017dbf198, RBX=0x00007ffa46072d50, RCX=0x00000000f46857d4, RDX=0x00007ffa5016e6b7
RSP=0x0000000017dbf290, RBP=0x0000000017dbf3d0, RSI=0x00000000ffffffff, RDI=0x000000000253f110
R8 =0x00007ffa501713a7, R9 =0x0000000000000000, R10=0x00000000024a97c0, R11=0x00000000024a97c0
R12=0x0000000000000001, R13=0x0000000000000008, R14=0x0000000000000000, R15=0xffffffffffffffff
RIP=0x00007ffa4ce74008, EFLAGS=0x0000000000000206

Top of Stack: (sp=0x0000000017dbf290)
0x0000000017dbf290:   0000000002490000 00007ffa46072d50
0x0000000017dbf2a0:   00000000ffffffff 000000000253f110
0x0000000017dbf2b0:   00000001e06d7363 0000000000000000
0x0000000017dbf2c0:   00007ffa4ce74008 0000000000000004
0x0000000017dbf2d0:   0000000019930520 0000000017dbf448
0x0000000017dbf2e0:   00007ffa46072d50 00007ffa45fc0000
0x0000000017dbf2f0:   0000000000000001 000000000253f110
0x0000000017dbf300:   00000000ffffffff 0000000017dbf3e0
0x0000000017dbf310:   0000000017dbf3d0 00007ffa501dc66f
0x0000000017dbf320:   0000000000000008 00007ffa00000000
0x0000000017dbf330:   0000b081ea8b3b2d 0000000000000000
0x0000000017dbf340:   00007ffa46089000 00007ffa45fc0000
0x0000000017dbf350:   00002a226dd9bdee 00000000000003ff
0x0000000017dbf360:   00007ffa46072d50 00007ffa4601ea3c
0x0000000017dbf370:   000000000000001f 0000000000000008
0x0000000017dbf380:   0000000000000001 000000000253f110 

Instructions: (pc=0x00007ffa4ce74008)
0x00007ffa4ce73fe8:   49 8b d1 44 0f 47 c0 44 89 44 24 38 49 c1 e0 03
0x00007ffa4ce73ff8:   e8 ca 16 07 00 48 8d 4c 24 20 ff 15 e8 4a 16 00
0x00007ffa4ce74008:   48 8b 8c 24 c0 00 00 00 48 33 cc e8 a8 e6 06 00
0x00007ffa4ce74018:   48 81 c4 d8 00 00 00 c3 83 64 24 38 00 eb d6 cc 


Register to memory mapping:

RAX=0x0000000017dbf198 is an unknown value
RBX=0x00007ffa46072d50 is an unknown value
RCX=0x00000000f46857d4 is an unallocated location in the heap
RDX=0x00007ffa5016e6b7 is an unknown value
RSP=0x0000000017dbf290 is an unknown value
RBP=0x0000000017dbf3d0 is an unknown value
RSI=0x00000000ffffffff is an unallocated location in the heap
RDI=0x000000000253f110 is an unknown value
R8 =0x00007ffa501713a7 is an unknown value
R9 =0x0000000000000000 is an unknown value
R10=0x00000000024a97c0 is an unknown value
R11=0x00000000024a97c0 is an unknown value
R12=0x0000000000000001 is an unknown value
R13=0x0000000000000008 is an unknown value
R14=0x0000000000000000 is an unknown value
R15=0xffffffffffffffff is an unknown value


Stack: [0x0000000017cc0000,0x0000000017dc0000],  sp=0x0000000017dbf290,  free space=1020k
Native frames: (J=compiled Java code, j=interpreted, Vv=VM code, C=native code)
C  [KERNELBASE.dll+0x14008]
C  [MSVCR110.dll+0x5ea3c]
C  [MSVCR110.dll+0x1315c]
C  [MSVCR110.dll+0x136a9]
C  [MSVCR110.dll+0x13e9c]
C  [MSVCR110.dll+0x239e]
C  [MSVCR110.dll+0xaf9e]
C  [MSVCP110.dll+0x39a7d]
C  [librdi_common.dll+0x14283e]
C  [librdi_common.dll+0x141449]
C  0x00007ffa36532400
C  0x00007ffa36532682
C  [ntdll.dll+0x11493]
C  [ntdll.dll+0x406b5]
C  [ntdll.dll+0x40574]
C  [KERNEL32.DLL+0xf06a]
C  [MSVCR100.dll+0x20ccd]
V  [jvm.dll+0x20f135]
V  [jvm.dll+0x247ef7]
V  [jvm.dll+0x247196]
V  [jvm.dll+0x247631]
V  [jvm.dll+0x24784e]
V  [jvm.dll+0x29853a]
C  [MSVCR100.dll+0x21d9f]
C  [MSVCR100.dll+0x21e3b]
C  [KERNEL32.DLL+0x11fe4]
C  [ntdll.dll+0x6efc1]

VM_Operation (0x000000000014f500): Exit, mode: safepoint, requested by thread 0x000000000474e800


---------------  P R O C E S S  ---------------

Java Threads: ( => current thread )
  0x0000000022d78000 JavaThread "Spawner Reaper" daemon [_thread_in_native, id=3128, stack(0x000000002eab0000,0x000000002ebb0000)]
  0x0000000022d80000 JavaThread "pool-2-thread-2" [_thread_blocked, id=5748, stack(0x000000002e5b0000,0x000000002e6b0000)]
  0x0000000022d75000 JavaThread "Thread-23" [_thread_in_native, id=8276, stack(0x000000002e4b0000,0x000000002e5b0000)]
  0x0000000022d7d800 JavaThread "pool-2-thread-1" [_thread_blocked, id=7504, stack(0x000000002d2b0000,0x000000002d3b0000)]
  0x0000000022d7c000 JavaThread "Thread-19" daemon [_thread_blocked, id=4444, stack(0x000000002c4b0000,0x000000002c5b0000)]
  0x000000001f463000 JavaThread "TCF Locator DNS Lookup" daemon [_thread_blocked, id=2792, stack(0x00000000265a0000,0x00000000266a0000)]
  0x000000001f462800 JavaThread "TCF Locator Timer" daemon [_thread_blocked, id=9392, stack(0x00000000264a0000,0x00000000265a0000)]
  0x00000000180e9000 JavaThread "TCF Locator Receiver" daemon [_thread_in_native, id=504, stack(0x00000000263a0000,0x00000000264a0000)]
  0x00000000180e6800 JavaThread "TCF Timer Dispatcher" daemon [_thread_blocked, id=9652, stack(0x00000000261a0000,0x00000000262a0000)]
  0x000000001c7a4000 JavaThread "EMF Reference Cleaner" daemon [_thread_blocked, id=9672, stack(0x000000001d800000,0x000000001d900000)]
  0x0000000018117800 JavaThread "Service Thread" daemon [_thread_blocked, id=5728, stack(0x0000000018ac0000,0x0000000018bc0000)]
  0x00000000180ec000 JavaThread "C1 CompilerThread3" daemon [_thread_blocked, id=2464, stack(0x00000000189c0000,0x0000000018ac0000)]
  0x00000000180eb000 JavaThread "C2 CompilerThread2" daemon [_thread_blocked, id=5864, stack(0x00000000188c0000,0x00000000189c0000)]
  0x00000000180ea800 JavaThread "C2 CompilerThread1" daemon [_thread_blocked, id=10960, stack(0x00000000187c0000,0x00000000188c0000)]
  0x00000000180e4800 JavaThread "C2 CompilerThread0" daemon [_thread_blocked, id=12048, stack(0x00000000186c0000,0x00000000187c0000)]
  0x00000000180f5800 JavaThread "Attach Listener" daemon [_thread_blocked, id=9112, stack(0x00000000185c0000,0x00000000186c0000)]
  0x00000000180f4800 JavaThread "Signal Dispatcher" daemon [_thread_blocked, id=10496, stack(0x00000000184c0000,0x00000000185c0000)]
  0x00000000046a9800 JavaThread "Finalizer" daemon [_thread_blocked, id=9664, stack(0x0000000017ec0000,0x0000000017fc0000)]
  0x00000000046a3000 JavaThread "Reference Handler" daemon [_thread_blocked, id=3084, stack(0x0000000017dc0000,0x0000000017ec0000)]
  0x000000000474e800 JavaThread "main" [_thread_blocked, id=6928, stack(0x0000000000050000,0x0000000000150000)]

Other Threads:
=>0x0000000015fb9800 VMThread [stack: 0x0000000017cc0000,0x0000000017dc0000] [id=4752]

VM state:at safepoint (shutting down)

VM Mutex/Monitor currently owned by a thread:  ([mutex/lock_event])
[0x000000000474db00] Threads_lock - owner thread: 0x0000000015fb9800

Heap:
 PSYoungGen      total 121856K, used 107366K [0x00000000f5580000, 0x00000000fe900000, 0x0000000100000000)
  eden space 95744K, 90% used [0x00000000f5580000,0x00000000faa770a0,0x00000000fb300000)
  from space 26112K, 77% used [0x00000000fce80000,0x00000000fe262948,0x00000000fe800000)
  to   space 27648K, 0% used [0x00000000fb300000,0x00000000fb300000,0x00000000fce00000)
 ParOldGen       total 85504K, used 36955K [0x00000000e0000000, 0x00000000e5380000, 0x00000000f5580000)
  object space 85504K, 43% used [0x00000000e0000000,0x00000000e2416c90,0x00000000e5380000)
 Metaspace       used 83938K, capacity 90762K, committed 90880K, reserved 1128448K
  class space    used 10378K, capacity 12475K, committed 12544K, reserved 1048576K

Card table byte_map: [0x0000000013b10000,0x0000000013c20000] byte_map_base: 0x0000000013410000

Marking Bits: (ParMarkBitMap*) 0x000000006e224040
 Begin Bits: [0x00000000144d0000, 0x0000000014cd0000)
 End Bits:   [0x0000000014cd0000, 0x00000000154d0000)

Polling page: 0x0000000004590000

CodeCache: size=245760Kb used=31073Kb max_used=31580Kb free=214686Kb
 bounds [0x0000000004750000, 0x0000000006680000, 0x0000000013750000]
 total_blobs=9654 nmethods=8800 adapters=762
 compilation: enabled

Compilation events (10 events):
Event: 115.340 Thread 0x00000000180ec000 nmethod 10772 0x0000000004f0af10 code [0x0000000004f0b0c0, 0x0000000004f0b6b8]
Event: 115.379 Thread 0x00000000180ea800 nmethod 10753 0x0000000005407e10 code [0x00000000054081a0, 0x000000000540a720]
Event: 115.388 Thread 0x00000000180ec000 10773   !   3       org.eclipse.osgi.internal.baseadaptor.BaseStorage::compact (215 bytes)
Event: 115.390 Thread 0x00000000180ec000 nmethod 10773 0x0000000006457890 code [0x0000000006457ce0, 0x000000000645a1a8]
Event: 115.411 Thread 0x00000000180eb000 10774       4       java.io.File::isDirectory (43 bytes)
Event: 115.414 Thread 0x00000000180eb000 nmethod 10774 0x0000000004a26e90 code [0x0000000004a26fe0, 0x0000000004a271e8]
Event: 115.447 Thread 0x00000000180ec000 10775       3       org.eclipse.osgi.framework.internal.core.AbstractBundle::close (52 bytes)
Event: 115.448 Thread 0x00000000180ec000 nmethod 10775 0x00000000051fd210 code [0x00000000051fd440, 0x00000000051fe148]
Event: 115.459 Thread 0x00000000180ec000 10776       1       java.util.concurrent.CopyOnWriteArrayList::getArray (5 bytes)
Event: 115.459 Thread 0x00000000180ec000 nmethod 10776 0x00000000048b6390 code [0x00000000048b64e0, 0x00000000048b65f0]

GC Heap History (10 events):
Event: 9.301 GC heap before
{Heap before GC invocations=15 (full 3):
 PSYoungGen      total 77824K, used 57344K [0x00000000f5580000, 0x00000000fcb80000, 0x0000000100000000)
  eden space 57344K, 100% used [0x00000000f5580000,0x00000000f8d80000,0x00000000f8d80000)
  from space 20480K, 0% used [0x00000000f8d80000,0x00000000f8d80000,0x00000000fa180000)
  to   space 20480K, 0% used [0x00000000fb780000,0x00000000fb780000,0x00000000fcb80000)
 ParOldGen       total 85504K, used 32541K [0x00000000e0000000, 0x00000000e5380000, 0x00000000f5580000)
  object space 85504K, 38% used [0x00000000e0000000,0x00000000e1fc76a0,0x00000000e5380000)
 Metaspace       used 60916K, capacity 65880K, committed 66176K, reserved 1105920K
  class space    used 7545K, capacity 9036K, committed 9088K, reserved 1048576K
Event: 9.312 GC heap after
Heap after GC invocations=15 (full 3):
 PSYoungGen      total 82944K, used 10866K [0x00000000f5580000, 0x00000000fc280000, 0x0000000100000000)
  eden space 71680K, 0% used [0x00000000f5580000,0x00000000f5580000,0x00000000f9b80000)
  from space 11264K, 96% used [0x00000000fb780000,0x00000000fc21cb18,0x00000000fc280000)
  to   space 19968K, 0% used [0x00000000f9b80000,0x00000000f9b80000,0x00000000faf00000)
 ParOldGen       total 85504K, used 32549K [0x00000000e0000000, 0x00000000e5380000, 0x00000000f5580000)
  object space 85504K, 38% used [0x00000000e0000000,0x00000000e1fc96a0,0x00000000e5380000)
 Metaspace       used 60916K, capacity 65880K, committed 66176K, reserved 1105920K
  class space    used 7545K, capacity 9036K, committed 9088K, reserved 1048576K
}
Event: 10.181 GC heap before
{Heap before GC invocations=16 (full 3):
 PSYoungGen      total 82944K, used 82545K [0x00000000f5580000, 0x00000000fc280000, 0x0000000100000000)
  eden space 71680K, 99% used [0x00000000f5580000,0x00000000f9b7f9c8,0x00000000f9b80000)
  from space 11264K, 96% used [0x00000000fb780000,0x00000000fc21cb18,0x00000000fc280000)
  to   space 19968K, 0% used [0x00000000f9b80000,0x00000000f9b80000,0x00000000faf00000)
 ParOldGen       total 85504K, used 32549K [0x00000000e0000000, 0x00000000e5380000, 0x00000000f5580000)
  object space 85504K, 38% used [0x00000000e0000000,0x00000000e1fc96a0,0x00000000e5380000)
 Metaspace       used 68388K, capacity 74204K, committed 74240K, reserved 1114112K
  class space    used 8488K, capacity 10229K, committed 10240K, reserved 1048576K
Event: 10.194 GC heap after
Heap after GC invocations=16 (full 3):
 PSYoungGen      total 91648K, used 19959K [0x00000000f5580000, 0x00000000fd700000, 0x0000000100000000)
  eden space 71680K, 0% used [0x00000000f5580000,0x00000000f5580000,0x00000000f9b80000)
  from space 19968K, 99% used [0x00000000f9b80000,0x00000000faefde08,0x00000000faf00000)
  to   space 22528K, 0% used [0x00000000fc100000,0x00000000fc100000,0x00000000fd700000)
 ParOldGen       total 85504K, used 32763K [0x00000000e0000000, 0x00000000e5380000, 0x00000000f5580000)
  object space 85504K, 38% used [0x00000000e0000000,0x00000000e1ffecb0,0x00000000e5380000)
 Metaspace       used 68388K, capacity 74204K, committed 74240K, reserved 1114112K
  class space    used 8488K, capacity 10229K, committed 10240K, reserved 1048576K
}
Event: 32.712 GC heap before
{Heap before GC invocations=17 (full 3):
 PSYoungGen      total 91648K, used 91639K [0x00000000f5580000, 0x00000000fd700000, 0x0000000100000000)
  eden space 71680K, 100% used [0x00000000f5580000,0x00000000f9b80000,0x00000000f9b80000)
  from space 19968K, 99% used [0x00000000f9b80000,0x00000000faefde08,0x00000000faf00000)
  to   space 22528K, 0% used [0x00000000fc100000,0x00000000fc100000,0x00000000fd700000)
 ParOldGen       total 85504K, used 32763K [0x00000000e0000000, 0x00000000e5380000, 0x00000000f5580000)
  object space 85504K, 38% used [0x00000000e0000000,0x00000000e1ffecb0,0x00000000e5380000)
 Metaspace       used 75739K, capacity 81800K, committed 82048K, reserved 1120256K
  class space    used 9474K, capacity 11292K, committed 11392K, reserved 1048576K
Event: 32.729 GC heap after
Heap after GC invocations=17 (full 3):
 PSYoungGen      total 107520K, used 20141K [0x00000000f5580000, 0x00000000fd880000, 0x0000000100000000)
  eden space 84992K, 0% used [0x00000000f5580000,0x00000000f5580000,0x00000000fa880000)
  from space 22528K, 89% used [0x00000000fc100000,0x00000000fd4ab6e0,0x00000000fd700000)
  to   space 24576K, 0% used [0x00000000fa880000,0x00000000fa880000,0x00000000fc080000)
 ParOldGen       total 85504K, used 36939K [0x00000000e0000000, 0x00000000e5380000, 0x00000000f5580000)
  object space 85504K, 43% used [0x00000000e0000000,0x00000000e2412c90,0x00000000e5380000)
 Metaspace       used 75739K, capacity 81800K, committed 82048K, reserved 1120256K
  class space    used 9474K, capacity 11292K, committed 11392K, reserved 1048576K
}
Event: 58.872 GC heap before
{Heap before GC invocations=18 (full 3):
 PSYoungGen      total 107520K, used 105133K [0x00000000f5580000, 0x00000000fd880000, 0x0000000100000000)
  eden space 84992K, 100% used [0x00000000f5580000,0x00000000fa880000,0x00000000fa880000)
  from space 22528K, 89% used [0x00000000fc100000,0x00000000fd4ab6e0,0x00000000fd700000)
  to   space 24576K, 0% used [0x00000000fa880000,0x00000000fa880000,0x00000000fc080000)
 ParOldGen       total 85504K, used 36939K [0x00000000e0000000, 0x00000000e5380000, 0x00000000f5580000)
  object space 85504K, 43% used [0x00000000e0000000,0x00000000e2412c90,0x00000000e5380000)
 Metaspace       used 79100K, capacity 85686K, committed 85888K, reserved 1124352K
  class space    used 9880K, capacity 11900K, committed 11904K, reserved 1048576K
Event: 58.884 GC heap after
Heap after GC invocations=18 (full 3):
 PSYoungGen      total 109568K, used 19283K [0x00000000f5580000, 0x00000000fe800000, 0x0000000100000000)
  eden space 84992K, 0% used [0x00000000f5580000,0x00000000f5580000,0x00000000fa880000)
  from space 24576K, 78% used [0x00000000fa880000,0x00000000fbb54e20,0x00000000fc080000)
  to   space 26112K, 0% used [0x00000000fce80000,0x00000000fce80000,0x00000000fe800000)
 ParOldGen       total 85504K, used 36947K [0x00000000e0000000, 0x00000000e5380000, 0x00000000f5580000)
  object space 85504K, 43% used [0x00000000e0000000,0x00000000e2414c90,0x00000000e5380000)
 Metaspace       used 79100K, capacity 85686K, committed 85888K, reserved 1124352K
  class space    used 9880K, capacity 11900K, committed 11904K, reserved 1048576K
}
Event: 83.243 GC heap before
{Heap before GC invocations=19 (full 3):
 PSYoungGen      total 109568K, used 104275K [0x00000000f5580000, 0x00000000fe800000, 0x0000000100000000)
  eden space 84992K, 100% used [0x00000000f5580000,0x00000000fa880000,0x00000000fa880000)
  from space 24576K, 78% used [0x00000000fa880000,0x00000000fbb54e20,0x00000000fc080000)
  to   space 26112K, 0% used [0x00000000fce80000,0x00000000fce80000,0x00000000fe800000)
 ParOldGen       total 85504K, used 36947K [0x00000000e0000000, 0x00000000e5380000, 0x00000000f5580000)
  object space 85504K, 43% used [0x00000000e0000000,0x00000000e2414c90,0x00000000e5380000)
 Metaspace       used 81376K, capacity 88074K, committed 88320K, reserved 1126400K
  class space    used 10112K, capacity 12178K, committed 12288K, reserved 1048576K
Event: 83.256 GC heap after
Heap after GC invocations=19 (full 3):
 PSYoungGen      total 121856K, used 20362K [0x00000000f5580000, 0x00000000fe900000, 0x0000000100000000)
  eden space 95744K, 0% used [0x00000000f5580000,0x00000000f5580000,0x00000000fb300000)
  from space 26112K, 77% used [0x00000000fce80000,0x00000000fe262948,0x00000000fe800000)
  to   space 27648K, 0% used [0x00000000fb300000,0x00000000fb300000,0x00000000fce00000)
 ParOldGen       total 85504K, used 36955K [0x00000000e0000000, 0x00000000e5380000, 0x00000000f5580000)
  object space 85504K, 43% used [0x00000000e0000000,0x00000000e2416c90,0x00000000e5380000)
 Metaspace       used 81376K, capacity 88074K, committed 88320K, reserved 1126400K
  class space    used 10112K, capacity 12178K, committed 12288K, reserved 1048576K
}

Deoptimization events (10 events):
Event: 114.377 Thread 0x000000000474e800 Uncommon trap: reason=bimorphic action=maybe_recompile pc=0x00000000065d9524 method=org.eclipse.emf.ecore.impl.ETypedElementImpl.getEType()Lorg/eclipse/emf/ecore/EClassifier; @ 18
Event: 114.377 Thread 0x000000000474e800 Uncommon trap: reason=bimorphic action=maybe_recompile pc=0x00000000065d9524 method=org.eclipse.emf.ecore.impl.ETypedElementImpl.getEType()Lorg/eclipse/emf/ecore/EClassifier; @ 18
Event: 114.425 Thread 0x000000000474e800 Uncommon trap: reason=bimorphic action=maybe_recompile pc=0x00000000065f78cc method=org.eclipse.e4.core.internal.contexts.ContextObjectSupplier$ContextInjectionListener.update(Lorg/eclipse/e4/core/contexts/IEclipseContext;I[Ljava/lang/Object;)Z @ 189
Event: 114.425 Thread 0x000000000474e800 Uncommon trap: reason=bimorphic action=maybe_recompile pc=0x00000000065f78cc method=org.eclipse.e4.core.internal.contexts.ContextObjectSupplier$ContextInjectionListener.update(Lorg/eclipse/e4/core/contexts/IEclipseContext;I[Ljava/lang/Object;)Z @ 189
Event: 114.425 Thread 0x000000000474e800 Uncommon trap: reason=bimorphic action=maybe_recompile pc=0x00000000065f78cc method=org.eclipse.e4.core.internal.contexts.ContextObjectSupplier$ContextInjectionListener.update(Lorg/eclipse/e4/core/contexts/IEclipseContext;I[Ljava/lang/Object;)Z @ 189
Event: 114.425 Thread 0x000000000474e800 Uncommon trap: reason=bimorphic action=maybe_recompile pc=0x00000000065f78cc method=org.eclipse.e4.core.internal.contexts.ContextObjectSupplier$ContextInjectionListener.update(Lorg/eclipse/e4/core/contexts/IEclipseContext;I[Ljava/lang/Object;)Z @ 189
Event: 114.752 Thread 0x0000000022d7a800 Uncommon trap: reason=unstable_if action=reinterpret pc=0x00000000048c0a24 method=sun.nio.cs.SingleByte$Encoder.encode(C)I @ 13
Event: 115.292 Thread 0x000000000474e800 Uncommon trap: reason=null_check action=make_not_entrant pc=0x0000000005093eb8 method=org.eclipse.core.runtime.internal.adaptor.EclipseLazyStarter.shouldActivateFor(Ljava/lang/String;Lorg/eclipse/osgi/baseadaptor/BaseData;Lorg/eclipse/core/runtime/internalq¢õFCÓ\@
Event: 115.301 Thread 0x000000000474e800 Uncommon trap: reason=null_check action=maybe_recompile pc=0x0000000004f9f6a4 method=com.xilinx.sdk.targetmanager.internal.json.XMDJSONProcess.issueCommand(Ljava/lang/String;)Lcom/xilinx/sdk/targetmanager/internal/IXMDResult; @ 3
Event: 115.447 Thread 0x000000000474e800 Uncommon trap: reason=unstable_if action=reinterpret pc=0x0000000005d3ab9c method=sun.reflect.UnsafeStaticObjectFieldAccessorImpl.set(Ljava/lang/Object;Ljava/lang/Object;)V @ 13

Internal exceptions (10 events):
Event: 114.125 Thread 0x000000000474e800 Implicit null exception at 0x000000000572a785 to 0x000000000572aa55
Event: 114.751 Thread 0x0000000022d76000 Exception <a 'java/lang/InterruptedException'> (0x00000000fa37f828) thrown at [C:\re\workspace\8-2-build-windows-amd64-cygwin\jdk8u45\3627\hotspot\src\share\vm\runtime\objectMonitor.cpp, line 1683]
Event: 115.292 Thread 0x000000000474e800 Implicit null exception at 0x0000000005092567 to 0x0000000005093e95
Event: 115.301 Thread 0x000000000474e800 Exception <a 'java/lang/NullPointerException'> (0x00000000fa5604f0) thrown at [C:\re\workspace\8-2-build-windows-amd64-cygwin\jdk8u45\3627\hotspot\src\share\vm\prims\jvm.cpp, line 1386]
Event: 115.335 Thread 0x000000001929e800 Exception <a 'java/lang/InterruptedException': sleep interrupted> (0x00000000fa743568) thrown at [C:\re\workspace\8-2-build-windows-amd64-cygwin\jdk8u45\3627\hotspot\src\share\vm\prims\jvm.cpp, line 3211]
Event: 115.337 Thread 0x000000001aaa6800 Exception <a 'java/lang/InterruptedException'> (0x00000000fa832ad8) thrown at [C:\re\workspace\8-2-build-windows-amd64-cygwin\jdk8u45\3627\hotspot\src\share\vm\runtime\objectMonitor.cpp, line 1683]
Event: 115.337 Thread 0x000000001a6bb000 Exception <a 'java/lang/InterruptedException'> (0x00000000fa84bf78) thrown at [C:\re\workspace\8-2-build-windows-amd64-cygwin\jdk8u45\3627\hotspot\src\share\vm\runtime\objectMonitor.cpp, line 1683]
Event: 115.447 Thread 0x000000001976c800 Exception <a 'java/lang/InterruptedException'> (0x00000000fa742200) thrown at [C:\re\workspace\8-2-build-windows-amd64-cygwin\jdk8u45\3627\hotspot\src\share\vm\runtime\objectMonitor.cpp, line 1683]
Event: 115.447 Thread 0x000000000474e800 Implicit null exception at 0x0000000005d3a797 to 0x0000000005d3ab89
Event: 115.459 Thread 0x0000000022d7a800 Exception <a 'java/io/IOException'> (0x00000000faa5df00) thrown at [C:\re\workspace\8-2-build-windows-amd64-cygwin\jdk8u45\3627\hotspot\src\share\vm\prims\jni.cpp, line 709]

Events (10 events):
Event: 115.459 Executing VM operation: RevokeBias
Event: 115.459 Executing VM operation: RevokeBias done
Event: 115.459 Executing VM operation: RevokeBias
Event: 115.459 Executing VM operation: RevokeBias done
Event: 115.459 Executing VM operation: RevokeBias
Event: 115.459 Executing VM operation: RevokeBias done
Event: 115.459 Executing VM operation: RevokeBias
Event: 115.459 Executing VM operation: RevokeBias done
Event: 115.459 Thread 0x0000000022d7a800 Thread exited: 0x0000000022d7a800
Event: 115.460 Executing VM operation: Exit


Dynamic libraries:
0x0000000000400000 - 0x000000000044f000 	D:\Xilinx\SDK\2015.4\eclipse\win64.o\eclipse.exe
0x00007ffa50160000 - 0x00007ffa50340000 	C:\WINDOWS\SYSTEM32\ntdll.dll
0x00007ffa4e640000 - 0x00007ffa4e6ee000 	C:\WINDOWS\System32\KERNEL32.DLL
0x00007ffa4ce60000 - 0x00007ffa4d0c6000 	C:\WINDOWS\System32\KERNELBASE.dll
0x00007ffa4d640000 - 0x00007ffa4d7cf000 	C:\WINDOWS\System32\USER32.dll
0x00007ffa4d570000 - 0x00007ffa4d590000 	C:\WINDOWS\System32\win32u.dll
0x00007ffa50100000 - 0x00007ffa50128000 	C:\WINDOWS\System32\GDI32.dll
0x00007ffa4d130000 - 0x00007ffa4d2c3000 	C:\WINDOWS\System32\gdi32full.dll
0x00007ffa4d590000 - 0x00007ffa4d62b000 	C:\WINDOWS\System32\msvcp_win.dll
0x00007ffa4ccb0000 - 0x00007ffa4cda6000 	C:\WINDOWS\System32\ucrtbase.dll
0x00007ffa4dce0000 - 0x00007ffa4dd7d000 	C:\WINDOWS\System32\msvcrt.dll
0x00007ffa3cb40000 - 0x00007ffa3cda9000 	C:\WINDOWS\WinSxS\amd64_microsoft.windows.common-controls_6595b64144ccf1df_6.0.16299.248_none_15ced204935f55d7\COMCTL32.dll
0x00007ffa4d9d0000 - 0x00007ffa4dcd8000 	C:\WINDOWS\System32\combase.dll
0x00007ffa4ff10000 - 0x00007ffa5002f000 	C:\WINDOWS\System32\RPCRT4.dll
0x00007ffa4d4f0000 - 0x00007ffa4d562000 	C:\WINDOWS\System32\bcryptPrimitives.dll
0x00007ffa4d9a0000 - 0x00007ffa4d9cd000 	C:\WINDOWS\System32\IMM32.DLL
0x0000000072000000 - 0x0000000072012000 	D:\Xilinx\SDK\2015.4\eclipse\win64.o\plugins\org.eclipse.equinox.launcher.win32.win32.x86_64_1.1.200.v20140116-2212\eclipse_1503.dll
0x00007ffa4fe50000 - 0x00007ffa4fef1000 	C:\WINDOWS\System32\ADVAPI32.dll
0x00007ffa4d7d0000 - 0x00007ffa4d82b000 	C:\WINDOWS\System32\sechost.dll
0x00007ffa402e0000 - 0x00007ffa402ea000 	C:\WINDOWS\SYSTEM32\VERSION.dll
0x000000006da20000 - 0x000000006e2a3000 	D:\Xilinx\SDK\2015.4\tps\win64\jre\bin\server\jvm.dll
0x00007ffa4ff00000 - 0x00007ffa4ff08000 	C:\WINDOWS\System32\PSAPI.DLL
0x00007ffa413a0000 - 0x00007ffa413a9000 	C:\WINDOWS\SYSTEM32\WSOCK32.dll
0x00007ffa44ef0000 - 0x00007ffa44f13000 	C:\WINDOWS\SYSTEM32\WINMM.dll
0x000000006f920000 - 0x000000006f9f2000 	C:\WINDOWS\SYSTEM32\MSVCR100.dll
0x00007ffa4e470000 - 0x00007ffa4e4dc000 	C:\WINDOWS\System32\WS2_32.dll
0x00007ffa44e90000 - 0x00007ffa44eba000 	C:\WINDOWS\SYSTEM32\winmmbase.dll
0x00007ffa4d2d0000 - 0x00007ffa4d31a000 	C:\WINDOWS\System32\cfgmgr32.dll
0x000000006d8e0000 - 0x000000006d8ef000 	D:\Xilinx\SDK\2015.4\tps\win64\jre\bin\verify.dll
0x000000006d8b0000 - 0x000000006d8d9000 	D:\Xilinx\SDK\2015.4\tps\win64\jre\bin\java.dll
0x000000006d890000 - 0x000000006d8a6000 	D:\Xilinx\SDK\2015.4\tps\win64\jre\bin\zip.dll
0x00007ffa4e8a0000 - 0x00007ffa4fcd6000 	C:\WINDOWS\System32\SHELL32.dll
0x00007ffa4e4e0000 - 0x00007ffa4e586000 	C:\WINDOWS\System32\shcore.dll
0x00007ffa4c560000 - 0x00007ffa4cca7000 	C:\WINDOWS\System32\windows.storage.dll
0x00007ffa4e840000 - 0x00007ffa4e891000 	C:\WINDOWS\System32\shlwapi.dll
0x00007ffa4c520000 - 0x00007ffa4c531000 	C:\WINDOWS\System32\kernel.appcore.dll
0x00007ffa4c4d0000 - 0x00007ffa4c51c000 	C:\WINDOWS\System32\powrprof.dll
0x00007ffa4c4b0000 - 0x00007ffa4c4cb000 	C:\WINDOWS\System32\profapi.dll
0x00007ffa4bea0000 - 0x00007ffa4beb7000 	C:\WINDOWS\SYSTEM32\CRYPTSP.dll
0x00007ffa4b8f0000 - 0x00007ffa4b923000 	C:\WINDOWS\system32\rsaenh.dll
0x00007ffa4bfb0000 - 0x00007ffa4bfd5000 	C:\WINDOWS\SYSTEM32\bcrypt.dll
0x00007ffa4c3e0000 - 0x00007ffa4c409000 	C:\WINDOWS\SYSTEM32\USERENV.dll
0x00007ffa4bec0000 - 0x00007ffa4becb000 	C:\WINDOWS\SYSTEM32\CRYPTBASE.dll
0x000000006d870000 - 0x000000006d88a000 	D:\Xilinx\SDK\2015.4\tps\win64\jre\bin\net.dll
0x00007ffa4bce0000 - 0x00007ffa4bd46000 	C:\WINDOWS\system32\mswsock.dll
0x00007ffa4ba70000 - 0x00007ffa4baa9000 	C:\WINDOWS\SYSTEM32\IPHLPAPI.DLL
0x00007ffa4e590000 - 0x00007ffa4e598000 	C:\WINDOWS\System32\NSI.dll
0x00007ffa47a50000 - 0x00007ffa47a66000 	C:\WINDOWS\SYSTEM32\dhcpcsvc6.DLL
0x00007ffa47910000 - 0x00007ffa4792a000 	C:\WINDOWS\SYSTEM32\dhcpcsvc.DLL
0x000000006d850000 - 0x000000006d861000 	D:\Xilinx\SDK\2015.4\tps\win64\jre\bin\nio.dll
0x00007ffa4a880000 - 0x00007ffa4a915000 	C:\WINDOWS\system32\uxtheme.dll
0x00007ffa4d830000 - 0x00007ffa4d997000 	C:\WINDOWS\System32\MSCTF.dll
0x00007ffa50030000 - 0x00007ffa500f5000 	C:\WINDOWS\System32\OLEAUT32.dll
0x00007ffa447e0000 - 0x00007ffa44878000 	C:\WINDOWS\System32\TextInputFramework.dll
0x00007ffa43fe0000 - 0x00007ffa442ce000 	C:\WINDOWS\System32\CoreUIComponents.dll
0x00007ffa49f50000 - 0x00007ffa4a02c000 	C:\WINDOWS\System32\CoreMessaging.dll
0x00007ffa4b5f0000 - 0x00007ffa4b621000 	C:\WINDOWS\SYSTEM32\ntmarta.dll
0x00007ffa47aa0000 - 0x00007ffa47bd6000 	C:\WINDOWS\SYSTEM32\wintypes.dll
0x00007ffa4aa20000 - 0x00007ffa4aa4a000 	C:\WINDOWS\system32\dwmapi.dll
0x00007ffa37110000 - 0x00007ffa37126000 	C:\WINDOWS\system32\napinsp.dll
0x00007ffa36bf0000 - 0x00007ffa36c0a000 	C:\WINDOWS\system32\pnrpnsp.dll
0x00007ffa48fc0000 - 0x00007ffa48fd8000 	C:\WINDOWS\system32\NLAapi.dll
0x00007ffa4bab0000 - 0x00007ffa4bb66000 	C:\WINDOWS\SYSTEM32\DNSAPI.dll
0x00007ffa37100000 - 0x00007ffa3710e000 	C:\WINDOWS\System32\winrnr.dll
0x00007ffa456a0000 - 0x00007ffa456aa000 	C:\Windows\System32\rasadhlp.dll
0x00007ffa45860000 - 0x00007ffa458d0000 	C:\WINDOWS\System32\fwpuclnt.dll
0x000000001cf70000 - 0x000000001d018000 	C:\Users\Dr-Abbasfar\.Xilinx\SDK\2015.4\org.eclipse.osgi\bundles\303\1\.cp\swt-win32-4335.dll
0x00007ffa4e6f0000 - 0x00007ffa4e839000 	C:\WINDOWS\System32\ole32.dll
0x00007ffa4fce0000 - 0x00007ffa4fdea000 	C:\WINDOWS\System32\comdlg32.dll
0x00007ffa4d320000 - 0x00007ffa4d4ee000 	C:\WINDOWS\System32\CRYPT32.dll
0x00007ffa4c540000 - 0x00007ffa4c552000 	C:\WINDOWS\System32\MSASN1.dll
0x00007ffa46cd0000 - 0x00007ffa46d56000 	C:\WINDOWS\SYSTEM32\WINSPOOL.DRV
0x00007ffa18960000 - 0x00007ffa18979000 	C:\WINDOWS\SYSTEM32\USP10.dll
0x00007ffa3af40000 - 0x00007ffa3b274000 	C:\WINDOWS\SYSTEM32\WININET.dll
0x00007ffa4b060000 - 0x00007ffa4b211000 	C:\WINDOWS\SYSTEM32\propsys.dll
0x00007ffa4e3d0000 - 0x00007ffa4e46e000 	C:\WINDOWS\System32\clbcatq.dll
0x000000001d040000 - 0x000000001d05e000 	C:\Users\Dr-Abbasfar\.Xilinx\SDK\2015.4\org.eclipse.osgi\bundles\303\1\.cp\swt-gdip-win32-4335.dll
0x00007ffa216f0000 - 0x00007ffa2188c000 	C:\WINDOWS\WinSxS\amd64_microsoft.windows.gdiplus_6595b64144ccf1df_1.1.16299.248_none_46b9c4e9edf1cfa5\gdiplus.dll
0x00007ffa44880000 - 0x00007ffa44a2b000 	C:\WINDOWS\SYSTEM32\WindowsCodecs.dll
0x0000000180000000 - 0x0000000180012000 	C:\Users\Dr-Abbasfar\.Xilinx\SDK\2015.4\org.eclipse.osgi\bundles\121\1\.cp\os\win32\x86_64\localfile_1_0_0.dll
0x00007ffa482e0000 - 0x00007ffa482f1000 	C:\Users\Dr-Abbasfar\.Xilinx\SDK\2015.4\org.eclipse.osgi\bundles\124\1\.cp\jWinHttp-1.0.0.dll
0x00007ffa48420000 - 0x00007ffa484fe000 	C:\WINDOWS\SYSTEM32\WINHTTP.dll
0x00007ffa2ec30000 - 0x00007ffa2ec9e000 	C:\WINDOWS\SYSTEM32\oleacc.dll
0x00007ffa48fe0000 - 0x00007ffa48fef000 	D:\Xilinx\SDK\2015.4\lib\win64.o\librdi_repo_manager.dll
0x00007ffa45e30000 - 0x00007ffa45e84000 	D:\Xilinx\SDK\2015.4\lib\win64.o\librdi_commonxillic.dll
0x00007ffa45de0000 - 0x00007ffa45e0a000 	D:\Xilinx\SDK\2015.4\lib\win64.o\libisl_sysinfo.dll
0x00007ffa467d0000 - 0x00007ffa46877000 	C:\WINDOWS\SYSTEM32\MSVCP110.dll
0x00007ffa45fc0000 - 0x00007ffa46094000 	C:\WINDOWS\SYSTEM32\MSVCR110.dll
0x00007ff9d8be0000 - 0x00007ff9d956d000 	D:\Xilinx\SDK\2015.4\lib\win64.o\librdi_common.dll
0x00007ffa23760000 - 0x00007ffa2394c000 	D:\Xilinx\SDK\2015.4\lib\win64.o\librdi_hsm.dll
0x00007ffa230b0000 - 0x00007ffa232ce000 	D:\Xilinx\SDK\2015.4\lib\win64.o\libXil_lmgr11.dll
0x00007ffa4d0d0000 - 0x00007ffa4d128000 	C:\WINDOWS\System32\WINTRUST.dll
0x00007ffa46d80000 - 0x00007ffa46d89000 	D:\Xilinx\SDK\2015.4\lib\win64.o\libboost_system.dll
0x00007ff9dc230000 - 0x00007ff9dc59e000 	D:\Xilinx\SDK\2015.4\lib\win64.o\libCOIN-all.dll
0x00007ffa234c0000 - 0x00007ffa235ba000 	D:\Xilinx\SDK\2015.4\lib\win64.o\libboost_regex.dll
0x00007ffa45be0000 - 0x00007ffa45c02000 	D:\Xilinx\SDK\2015.4\lib\win64.o\libboost_filesystem.dll
0x00007ffa460f0000 - 0x00007ffa46100000 	D:\Xilinx\SDK\2015.4\lib\win64.o\libboost_date_time.dll
0x00007ffa37300000 - 0x00007ffa37343000 	D:\Xilinx\SDK\2015.4\lib\win64.o\librdi_hdf.dll
0x00007ffa23030000 - 0x00007ffa230a4000 	D:\Xilinx\SDK\2015.4\lib\win64.o\libboost_program_options.dll
0x00007ffa1ef90000 - 0x00007ffa1f1e5000 	D:\Xilinx\SDK\2015.4\lib\win64.o\librdi_ippcw.dll
0x000000006d8f0000 - 0x000000006da17000 	D:\Xilinx\SDK\2015.4\lib\win64.o\tcl85t.dll
0x00007ffa42ac0000 - 0x00007ffa42ad3000 	D:\Xilinx\SDK\2015.4\lib\win64.o\libboost_signals.dll
0x00007ffa460e0000 - 0x00007ffa460eb000 	D:\Xilinx\SDK\2015.4\lib\win64.o\libboost_xilinx.dll
0x00007ffa22fb0000 - 0x00007ffa23030000 	D:\Xilinx\SDK\2015.4\lib\win64.o\libhdlpsolve.dll
0x00007ffa42aa0000 - 0x00007ffa42ab5000 	D:\Xilinx\SDK\2015.4\lib\win64.o\pthreadVC2.dll
0x00007ffa42970000 - 0x00007ffa4298d000 	D:\Xilinx\SDK\2015.4\lib\win64.o\libboost_thread.dll
0x00007ffa22f10000 - 0x00007ffa22faa000 	D:\Xilinx\SDK\2015.4\lib\win64.o\libhdxml.dll
0x00007ffa0a120000 - 0x00007ffa0a250000 	D:\Xilinx\SDK\2015.4\lib\win64.o\librdi_curl.dll
0x00007ffa42850000 - 0x00007ffa42868000 	D:\Xilinx\SDK\2015.4\lib\win64.o\librdiconfig.dll
0x00007ffa3f900000 - 0x00007ffa3f923000 	D:\Xilinx\SDK\2015.4\lib\win64.o\librdizlib.dll
0x00007ff9d87a0000 - 0x00007ff9d8bd4e00 	D:\Xilinx\SDK\2015.4\lib\win64.o\libisl_iostreams.dll
0x00007ffa42b20000 - 0x00007ffa42b43000 	C:\WINDOWS\SYSTEM32\VCOMP110.DLL
0x00007ffa42470000 - 0x00007ffa4263c000 	C:\WINDOWS\SYSTEM32\urlmon.dll
0x00007ffa3ef70000 - 0x00007ffa3ef87000 	C:\WINDOWS\SYSTEM32\NETAPI32.dll
0x00007ffa4e620000 - 0x00007ffa4e63d000 	C:\WINDOWS\System32\imagehlp.dll
0x00007ffa45e20000 - 0x00007ffa45e2b000 	D:\Xilinx\SDK\2015.4\lib\win64.o\libboost_chrono.dll
0x00007ffa3ae80000 - 0x00007ffa3ae96000 	D:\Xilinx\SDK\2015.4\lib\win64.o\libboost_iostreams.dll
0x00007ffa37770000 - 0x00007ffa37793000 	D:\Xilinx\SDK\2015.4\lib\win64.o\libisl_iosutils.dll
0x00007ffa421d0000 - 0x00007ffa42469000 	C:\WINDOWS\SYSTEM32\iertutil.dll
0x0000000027e20000 - 0x0000000028083000 	D:\Xilinx\SDK\2015.4\lib\win64.o\xerces-c_3_1.dll
0x00007ffa36bd0000 - 0x00007ffa36bd7000 	C:\WINDOWS\SYSTEM32\msimg32.dll
0x00007ffa2e170000 - 0x00007ffa2e1b4000 	C:\WINDOWS\SYSTEM32\edputil.dll
0x00007ff9d7750000 - 0x00007ff9d7f60000 	D:\Xilinx\SDK\2015.4\lib\win64.o\libXil_lmgr11FNP.dll
0x00007ffa4df80000 - 0x00007ffa4e3ce000 	C:\WINDOWS\System32\SETUPAPI.dll
0x00007ffa363b0000 - 0x00007ffa363bc000 	C:\WINDOWS\SYSTEM32\snmpapi.dll
0x00007ffa4c3b0000 - 0x00007ffa4c3e0000 	C:\WINDOWS\SYSTEM32\SspiCli.dll
0x00007ffa4c2c0000 - 0x00007ffa4c2e7000 	C:\WINDOWS\SYSTEM32\DEVOBJ.dll
0x00007ffa29200000 - 0x00007ffa29216000 	D:\Xilinx\SDK\2015.4\eclipse\win64.o\plugins\org.eclipse.cdt.core.win32.x86_64_5.2.0.201402142303\os\win32\x86_64\spawner.dll

VM Arguments:
jvm_args: -Dcom.xilinx.sdk.args.hwspec=E:/ZedBoard_Projects/SIN_BRAM/zed/fmcomms1_zed.sdk/system_top.hdf -Xms64m -Xmx512m & 
java_command: <unknown>
java_class_path (initial): D:\Xilinx\SDK\2015.4\eclipse\win64.o\\plugins/org.eclipse.equinox.launcher_1.3.0.v20130327-1440.jar
Launcher Type: generic

Environment Variables:
USERNAME=Dr-Abbasfar
OS=Windows_NT
PROCESSOR_IDENTIFIER=Intel64 Family 6 Model 94 Stepping 3, GenuineIntel



---------------  S Y S T E M  ---------------

OS: Windows 10.0 , 64 bit Build 16299 (10.0.16299.15)

CPU:total 8 (4 cores per cpu, 2 threads per core) family 6 model 94 stepping 3, cmov, cx8, fxsr, mmx, sse, sse2, sse3, ssse3, sse4.1, sse4.2, popcnt, avx, avx2, aes, clmul, erms, rtm, 3dnowpref, lzcnt, ht, tsc, tscinvbit, bmi1, bmi2, adx

Memory: 4k page, physical 8265860k(3386044k free), swap 9707652k(2925580k free)

vm_info: Java HotSpot(TM) 64-Bit Server VM (25.45-b02) for windows-amd64 JRE (1.8.0_45-b15), built on Apr 30 2015 12:40:44 by "java_re" with MS VC++ 10.0 (VS2010)

time: Tue Feb 27 12:10:10 2018
elapsed time: 115 seconds (0d 0h 1m 55s)

