#
# A fatal error has been detected by the Java Runtime Environment:
#
#  EXCEPTION_UNCAUGHT_CXX_EXCEPTION (0xe06d7363) at pc=0x00007ffa4ce74008, pid=8632, tid=9664
#
# JRE version: Java(TM) SE Runtime Environment (8.0_45-b15) (build 1.8.0_45-b15)
# Java VM: Java HotSpot(TM) 64-Bit Server VM (25.45-b02 mixed mode windows-amd64 compressed oops)
# Problematic frame:
# C  [KERNELBASE.dll+0x14008]
#
# Failed to write core dump. Minidumps are not enabled by default on client versions of Windows
#
# If you would like to submit a bug report, please visit:
#   http://bugreport.java.com/bugreport/crash.jsp
#

---------------  T H R E A D  ---------------

Current thread (0x0000000015fd9000):  VMThread [stack: 0x0000000017cc0000,0x0000000017dc0000] [id=9664]

siginfo: ExceptionCode=0xe06d7363, ExceptionInformation=0x0000000019930520 0x0000000017dbf648 0x00007ffa46072d50 0x00007ffa45fc0000 

Registers:
RAX=0x0000000017dbf398, RBX=0x00007ffa46072d50, RCX=0x00000000f46857d4, RDX=0x00007ffa5016e6b7
RSP=0x0000000017dbf490, RBP=0x0000000017dbf5d0, RSI=0x00000000ffffffff, RDI=0x0000000029dfdc80
R8 =0x00007ffa501713a7, R9 =0x0000000000000000, R10=0x00000000024d9670, R11=0x00000000024d9670
R12=0x0000000000000001, R13=0x0000000000000008, R14=0x0000000000000000, R15=0xffffffffffffffff
RIP=0x00007ffa4ce74008, EFLAGS=0x0000000000000206

Top of Stack: (sp=0x0000000017dbf490)
0x0000000017dbf490:   00000000024c0000 00007ffa46072d50
0x0000000017dbf4a0:   00000000ffffffff 0000000029dfdc80
0x0000000017dbf4b0:   00000001e06d7363 0000000000000000
0x0000000017dbf4c0:   00007ffa4ce74008 0000000000000004
0x0000000017dbf4d0:   0000000019930520 0000000017dbf648
0x0000000017dbf4e0:   00007ffa46072d50 00007ffa45fc0000
0x0000000017dbf4f0:   0000000000000001 0000000029dfdc80
0x0000000017dbf500:   00000000ffffffff 0000000017dbf5e0
0x0000000017dbf510:   0000000017dbf5d0 00007ffa501dc66f
0x0000000017dbf520:   0000000000000008 00007ffa00000000
0x0000000017dbf530:   0000ff9ae67b13ac 0000000000000000
0x0000000017dbf540:   00007ffa46089000 00007ffa45fc0000
0x0000000017dbf550:   00000f34b7fab0a6 00000000000003ff
0x0000000017dbf560:   00007ffa46072d50 00007ffa4601ea3c
0x0000000017dbf570:   000000000000001f 0000000000000008
0x0000000017dbf580:   0000000000000001 0000000029dfdc80 

Instructions: (pc=0x00007ffa4ce74008)
0x00007ffa4ce73fe8:   49 8b d1 44 0f 47 c0 44 89 44 24 38 49 c1 e0 03
0x00007ffa4ce73ff8:   e8 ca 16 07 00 48 8d 4c 24 20 ff 15 e8 4a 16 00
0x00007ffa4ce74008:   48 8b 8c 24 c0 00 00 00 48 33 cc e8 a8 e6 06 00
0x00007ffa4ce74018:   48 81 c4 d8 00 00 00 c3 83 64 24 38 00 eb d6 cc 


Register to memory mapping:

RAX=0x0000000017dbf398 is an unknown value
RBX=0x00007ffa46072d50 is an unknown value
RCX=0x00000000f46857d4 is an unallocated location in the heap
RDX=0x00007ffa5016e6b7 is an unknown value
RSP=0x0000000017dbf490 is an unknown value
RBP=0x0000000017dbf5d0 is an unknown value
RSI=0x00000000ffffffff is an unallocated location in the heap
RDI=0x0000000029dfdc80 is an unknown value
R8 =0x00007ffa501713a7 is an unknown value
R9 =0x0000000000000000 is an unknown value
R10=0x00000000024d9670 is an unknown value
R11=0x00000000024d9670 is an unknown value
R12=0x0000000000000001 is an unknown value
R13=0x0000000000000008 is an unknown value
R14=0x0000000000000000 is an unknown value
R15=0xffffffffffffffff is an unknown value


Stack: [0x0000000017cc0000,0x0000000017dc0000],  sp=0x0000000017dbf490,  free space=1021k
Native frames: (J=compiled Java code, j=interpreted, Vv=VM code, C=native code)
C  [KERNELBASE.dll+0x14008]
C  [MSVCR110.dll+0x5ea3c]
C  [MSVCR110.dll+0x1315c]
C  [MSVCR110.dll+0x136a9]
C  [MSVCR110.dll+0x13e9c]
C  [MSVCR110.dll+0x239e]
C  [MSVCR110.dll+0xaf9e]
C  [MSVCP110.dll+0x39a7d]
C  [librdi_common.dll+0x14283e]
C  [librdi_common.dll+0x141449]
C  0x00007ffa387d2400
C  0x00007ffa387d2682
C  [ntdll.dll+0x11493]
C  [ntdll.dll+0x406b5]
C  [ntdll.dll+0x40574]
C  [KERNEL32.DLL+0xf06a]
C  [MSVCR100.dll+0x20ccd]
V  [jvm.dll+0x20f135]
V  [jvm.dll+0x247ef7]
V  [jvm.dll+0x247196]
V  [jvm.dll+0x247631]
V  [jvm.dll+0x24784e]
V  [jvm.dll+0x29853a]
C  [MSVCR100.dll+0x21d9f]
C  [MSVCR100.dll+0x21e3b]
C  [KERNEL32.DLL+0x11fe4]
C  [ntdll.dll+0x6efc1]

VM_Operation (0x000000000014f500): Exit, mode: safepoint, requested by thread 0x000000000481e800


---------------  P R O C E S S  ---------------

Java Threads: ( => current thread )
  0x000000001e0e6000 JavaThread "Thread-23" [_thread_in_native, id=1800, stack(0x000000002c160000,0x000000002c260000)]
  0x000000001e0e8800 JavaThread "Thread-22" daemon [_thread_blocked, id=7728, stack(0x000000002c060000,0x000000002c160000)]
  0x000000001f566000 JavaThread "TCF Locator DNS Lookup" daemon [_thread_blocked, id=1316, stack(0x00000000250b0000,0x00000000251b0000)]
  0x000000001f566800 JavaThread "TCF Locator Timer" daemon [_thread_blocked, id=3948, stack(0x0000000024fb0000,0x00000000250b0000)]
  0x000000001f56a800 JavaThread "TCF Locator Receiver" daemon [_thread_in_native, id=1620, stack(0x0000000024eb0000,0x0000000024fb0000)]
  0x000000001f569800 JavaThread "TCF Timer Dispatcher" daemon [_thread_blocked, id=4752, stack(0x0000000024cb0000,0x0000000024db0000)]
  0x000000001c62e000 JavaThread "EMF Reference Cleaner" daemon [_thread_blocked, id=6568, stack(0x000000001d470000,0x000000001d570000)]
  0x000000001818e800 JavaThread "Service Thread" daemon [_thread_blocked, id=8804, stack(0x0000000018ac0000,0x0000000018bc0000)]
  0x0000000015fe8000 JavaThread "C1 CompilerThread3" daemon [_thread_blocked, id=7092, stack(0x00000000189c0000,0x0000000018ac0000)]
  0x00000000180ef800 JavaThread "C2 CompilerThread2" daemon [_thread_blocked, id=11604, stack(0x00000000188c0000,0x00000000189c0000)]
  0x00000000180ed800 JavaThread "C2 CompilerThread1" daemon [_thread_blocked, id=5728, stack(0x00000000187c0000,0x00000000188c0000)]
  0x00000000180ec000 JavaThread "C2 CompilerThread0" daemon [_thread_blocked, id=2464, stack(0x00000000186c0000,0x00000000187c0000)]
  0x00000000180fd800 JavaThread "Attach Listener" daemon [_thread_blocked, id=5864, stack(0x00000000185c0000,0x00000000186c0000)]
  0x00000000180fc800 JavaThread "Signal Dispatcher" daemon [_thread_blocked, id=10960, stack(0x00000000184c0000,0x00000000185c0000)]
  0x000000000473b000 JavaThread "Finalizer" daemon [_thread_blocked, id=9112, stack(0x0000000017ec0000,0x0000000017fc0000)]
  0x0000000015fdd000 JavaThread "Reference Handler" daemon [_thread_blocked, id=10496, stack(0x0000000017dc0000,0x0000000017ec0000)]
  0x000000000481e800 JavaThread "main" [_thread_blocked, id=11556, stack(0x0000000000050000,0x0000000000150000)]

Other Threads:
=>0x0000000015fd9000 VMThread [stack: 0x0000000017cc0000,0x0000000017dc0000] [id=9664]

VM state:at safepoint (shutting down)

VM Mutex/Monitor currently owned by a thread:  ([mutex/lock_event])
[0x000000000481dd80] Threads_lock - owner thread: 0x0000000015fd9000

Heap:
 PSYoungGen      total 119808K, used 74451K [0x00000000f5580000, 0x00000000fea80000, 0x0000000100000000)
  eden space 90112K, 57% used [0x00000000f5580000,0x00000000f8813e50,0x00000000fad80000)
  from space 29696K, 76% used [0x00000000fcc00000,0x00000000fe220db0,0x00000000fe900000)
  to   space 31232K, 0% used [0x00000000fad80000,0x00000000fad80000,0x00000000fcc00000)
 ParOldGen       total 109568K, used 41414K [0x00000000e0000000, 0x00000000e6b00000, 0x00000000f5580000)
  object space 109568K, 37% used [0x00000000e0000000,0x00000000e2871988,0x00000000e6b00000)
 Metaspace       used 80807K, capacity 87454K, committed 87552K, reserved 1124352K
  class space    used 9927K, capacity 12015K, committed 12032K, reserved 1048576K

Card table byte_map: [0x0000000013be0000,0x0000000013cf0000] byte_map_base: 0x00000000134e0000

Marking Bits: (ParMarkBitMap*) 0x000000006e224040
 Begin Bits: [0x00000000144f0000, 0x0000000014cf0000)
 End Bits:   [0x0000000014cf0000, 0x00000000154f0000)

Polling page: 0x0000000002490000

CodeCache: size=245760Kb used=29627Kb max_used=29725Kb free=216132Kb
 bounds [0x0000000004820000, 0x0000000006570000, 0x0000000013820000]
 total_blobs=9368 nmethods=8521 adapters=755
 compilation: enabled

Compilation events (10 events):
Event: 209.618 Thread 0x0000000015fe8000 nmethod 10465 0x0000000004a0d050 code [0x0000000004a0d1a0, 0x0000000004a0d450]
Event: 209.619 Thread 0x0000000015fe8000 10463       3       org.eclipse.equinox.log.internal.LogServiceManager::bundleChanged (38 bytes)
Event: 209.619 Thread 0x0000000015fe8000 nmethod 10463 0x0000000005477610 code [0x0000000005477800, 0x0000000005477e88]
Event: 209.653 Thread 0x00000000180ed800 nmethod 10456 0x000000000626c910 code [0x000000000626ccc0, 0x000000000626f640]
Event: 209.666 Thread 0x0000000015fe8000 10472   !   3       org.eclipse.osgi.internal.baseadaptor.BaseStorage::compact (215 bytes)
Event: 209.667 Thread 0x0000000015fe8000 nmethod 10472 0x0000000006272d10 code [0x0000000006273160, 0x0000000006275628]
Event: 209.687 Thread 0x00000000180ec000 10473       4       java.io.File::isDirectory (43 bytes)
Event: 209.689 Thread 0x00000000180ec000 nmethod 10473 0x0000000004cda5d0 code [0x0000000004cda720, 0x0000000004cda928]
Event: 209.724 Thread 0x0000000015fe8000 10474       3       org.eclipse.osgi.framework.internal.core.AbstractBundle::close (52 bytes)
Event: 209.725 Thread 0x0000000015fe8000 nmethod 10474 0x0000000004cdabd0 code [0x0000000004cdae00, 0x0000000004cdbb08]

GC Heap History (10 events):
Event: 5.386 GC heap before
{Heap before GC invocations=13 (full 3):
 PSYoungGen      total 82432K, used 66048K [0x00000000f5580000, 0x00000000fd080000, 0x0000000100000000)
  eden space 66048K, 100% used [0x00000000f5580000,0x00000000f9600000,0x00000000f9600000)
  from space 16384K, 0% used [0x00000000f9600000,0x00000000f9600000,0x00000000fa600000)
  to   space 21504K, 0% used [0x00000000fbb80000,0x00000000fbb80000,0x00000000fd080000)
 ParOldGen       total 109568K, used 41374K [0x00000000e0000000, 0x00000000e6b00000, 0x00000000f5580000)
  object space 109568K, 37% used [0x00000000e0000000,0x00000000e2867988,0x00000000e6b00000)
 Metaspace       used 63367K, capacity 68504K, committed 68736K, reserved 1107968K
  class space    used 7877K, capacity 9492K, committed 9600K, reserved 1048576K
Event: 5.398 GC heap after
Heap after GC invocations=13 (full 3):
 PSYoungGen      total 92160K, used 13838K [0x00000000f5580000, 0x00000000fca80000, 0x0000000100000000)
  eden space 76800K, 0% used [0x00000000f5580000,0x00000000f5580000,0x00000000fa080000)
  from space 15360K, 90% used [0x00000000fbb80000,0x00000000fc903948,0x00000000fca80000)
  to   space 21504K, 0% used [0x00000000fa080000,0x00000000fa080000,0x00000000fb580000)
 ParOldGen       total 109568K, used 41382K [0x00000000e0000000, 0x00000000e6b00000, 0x00000000f5580000)
  object space 109568K, 37% used [0x00000000e0000000,0x00000000e2869988,0x00000000e6b00000)
 Metaspace       used 63367K, capacity 68504K, committed 68736K, reserved 1107968K
  class space    used 7877K, capacity 9492K, committed 9600K, reserved 1048576K
}
Event: 13.634 GC heap before
{Heap before GC invocations=14 (full 3):
 PSYoungGen      total 92160K, used 90638K [0x00000000f5580000, 0x00000000fca80000, 0x0000000100000000)
  eden space 76800K, 100% used [0x00000000f5580000,0x00000000fa080000,0x00000000fa080000)
  from space 15360K, 90% used [0x00000000fbb80000,0x00000000fc903948,0x00000000fca80000)
  to   space 21504K, 0% used [0x00000000fa080000,0x00000000fa080000,0x00000000fb580000)
 ParOldGen       total 109568K, used 41382K [0x00000000e0000000, 0x00000000e6b00000, 0x00000000f5580000)
  object space 109568K, 37% used [0x00000000e0000000,0x00000000e2869988,0x00000000e6b00000)
 Metaspace       used 70401K, capacity 76106K, committed 76416K, reserved 1116160K
  class space    used 8775K, capacity 10552K, committed 10624K, reserved 1048576K
Event: 13.645 GC heap after
Heap after GC invocations=14 (full 3):
 PSYoungGen      total 98304K, used 20972K [0x00000000f5580000, 0x00000000fda80000, 0x0000000100000000)
  eden space 76800K, 0% used [0x00000000f5580000,0x00000000f5580000,0x00000000fa080000)
  from space 21504K, 97% used [0x00000000fa080000,0x00000000fb4fb300,0x00000000fb580000)
  to   space 24576K, 0% used [0x00000000fc280000,0x00000000fc280000,0x00000000fda80000)
 ParOldGen       total 109568K, used 41390K [0x00000000e0000000, 0x00000000e6b00000, 0x00000000f5580000)
  object space 109568K, 37% used [0x00000000e0000000,0x00000000e286b988,0x00000000e6b00000)
 Metaspace       used 70401K, capacity 76106K, committed 76416K, reserved 1116160K
  class space    used 8775K, capacity 10552K, committed 10624K, reserved 1048576K
}
Event: 48.372 GC heap before
{Heap before GC invocations=15 (full 3):
 PSYoungGen      total 98304K, used 97772K [0x00000000f5580000, 0x00000000fda80000, 0x0000000100000000)
  eden space 76800K, 100% used [0x00000000f5580000,0x00000000fa080000,0x00000000fa080000)
  from space 21504K, 97% used [0x00000000fa080000,0x00000000fb4fb300,0x00000000fb580000)
  to   space 24576K, 0% used [0x00000000fc280000,0x00000000fc280000,0x00000000fda80000)
 ParOldGen       total 109568K, used 41390K [0x00000000e0000000, 0x00000000e6b00000, 0x00000000f5580000)
  object space 109568K, 37% used [0x00000000e0000000,0x00000000e286b988,0x00000000e6b00000)
 Metaspace       used 74317K, capacity 80786K, committed 80896K, reserved 1118208K
  class space    used 9194K, capacity 11205K, committed 11264K, reserved 1048576K
Event: 48.385 GC heap after
Heap after GC invocations=15 (full 3):
 PSYoungGen      total 109056K, used 21994K [0x00000000f5580000, 0x00000000fdd80000, 0x0000000100000000)
  eden space 84480K, 0% used [0x00000000f5580000,0x00000000f5580000,0x00000000fa800000)
  from space 24576K, 89% used [0x00000000fc280000,0x00000000fd7faa60,0x00000000fda80000)
  to   space 27136K, 0% used [0x00000000fa800000,0x00000000fa800000,0x00000000fc280000)
 ParOldGen       total 109568K, used 41398K [0x00000000e0000000, 0x00000000e6b00000, 0x00000000f5580000)
  object space 109568K, 37% used [0x00000000e0000000,0x00000000e286d988,0x00000000e6b00000)
 Metaspace       used 74317K, capacity 80786K, committed 80896K, reserved 1118208K
  class space    used 9194K, capacity 11205K, committed 11264K, reserved 1048576K
}
Event: 80.263 GC heap before
{Heap before GC invocations=16 (full 3):
 PSYoungGen      total 109056K, used 106474K [0x00000000f5580000, 0x00000000fdd80000, 0x0000000100000000)
  eden space 84480K, 100% used [0x00000000f5580000,0x00000000fa800000,0x00000000fa800000)
  from space 24576K, 89% used [0x00000000fc280000,0x00000000fd7faa60,0x00000000fda80000)
  to   space 27136K, 0% used [0x00000000fa800000,0x00000000fa800000,0x00000000fc280000)
 ParOldGen       total 109568K, used 41398K [0x00000000e0000000, 0x00000000e6b00000, 0x00000000f5580000)
  object space 109568K, 37% used [0x00000000e0000000,0x00000000e286d988,0x00000000e6b00000)
 Metaspace       used 77755K, capacity 84408K, committed 84608K, reserved 1122304K
  class space    used 9608K, capacity 11622K, committed 11648K, reserved 1048576K
Event: 80.276 GC heap after
Heap after GC invocations=16 (full 3):
 PSYoungGen      total 111616K, used 23800K [0x00000000f5580000, 0x00000000fe900000, 0x0000000100000000)
  eden space 84480K, 0% used [0x00000000f5580000,0x00000000f5580000,0x00000000fa800000)
  from space 27136K, 87% used [0x00000000fa800000,0x00000000fbf3e298,0x00000000fc280000)
  to   space 29696K, 0% used [0x00000000fcc00000,0x00000000fcc00000,0x00000000fe900000)
 ParOldGen       total 109568K, used 41406K [0x00000000e0000000, 0x00000000e6b00000, 0x00000000f5580000)
  object space 109568K, 37% used [0x00000000e0000000,0x00000000e286f988,0x00000000e6b00000)
 Metaspace       used 77755K, capacity 84408K, committed 84608K, reserved 1122304K
  class space    used 9608K, capacity 11622K, committed 11648K, reserved 1048576K
}
Event: 146.858 GC heap before
{Heap before GC invocations=17 (full 3):
 PSYoungGen      total 111616K, used 108280K [0x00000000f5580000, 0x00000000fe900000, 0x0000000100000000)
  eden space 84480K, 100% used [0x00000000f5580000,0x00000000fa800000,0x00000000fa800000)
  from space 27136K, 87% used [0x00000000fa800000,0x00000000fbf3e298,0x00000000fc280000)
  to   space 29696K, 0% used [0x00000000fcc00000,0x00000000fcc00000,0x00000000fe900000)
 ParOldGen       total 109568K, used 41406K [0x00000000e0000000, 0x00000000e6b00000, 0x00000000f5580000)
  object space 109568K, 37% used [0x00000000e0000000,0x00000000e286f988,0x00000000e6b00000)
 Metaspace       used 79363K, capacity 86082K, committed 86144K, reserved 1124352K
  class space    used 9784K, capacity 11883K, committed 11904K, reserved 1048576K
Event: 146.874 GC heap after
Heap after GC invocations=17 (full 3):
 PSYoungGen      total 119808K, used 22659K [0x00000000f5580000, 0x00000000fea80000, 0x0000000100000000)
  eden space 90112K, 0% used [0x00000000f5580000,0x00000000f5580000,0x00000000fad80000)
  from space 29696K, 76% used [0x00000000fcc00000,0x00000000fe220db0,0x00000000fe900000)
  to   space 31232K, 0% used [0x00000000fad80000,0x00000000fad80000,0x00000000fcc00000)
 ParOldGen       total 109568K, used 41414K [0x00000000e0000000, 0x00000000e6b00000, 0x00000000f5580000)
  object space 109568K, 37% used [0x00000000e0000000,0x00000000e2871988,0x00000000e6b00000)
 Metaspace       used 79363K, capacity 86082K, committed 86144K, reserved 1124352K
  class space    used 9784K, capacity 11883K, committed 11904K, reserved 1048576K
}

Deoptimization events (10 events):
Event: 208.768 Thread 0x000000001e0e9800 Uncommon trap: reason=unstable_if action=reinterpret pc=0x00000000055c516c method=com.sun.org.apache.xml.internal.serializer.ToStream.escapingNotNeeded(C)Z @ 9
Event: 208.850 Thread 0x000000001e0e9800 Uncommon trap: reason=bimorphic action=maybe_recompile pc=0x0000000005d8cdb0 method=java.util.Properties.load0(Ljava/util/Properties$LineReader;)V @ 242
Event: 208.850 Thread 0x000000001e0e9800 Uncommon trap: reason=bimorphic action=maybe_recompile pc=0x00000000056391b8 method=java.util.Properties.load0(Ljava/util/Properties$LineReader;)V @ 242
Event: 208.867 Thread 0x000000000481e800 Uncommon trap: reason=unstable_if action=reinterpret pc=0x0000000005437c84 method=java.util.ArrayList.toArray([Ljava/lang/Object;)[Ljava/lang/Object; @ 48
Event: 208.889 Thread 0x000000000481e800 Uncommon trap: reason=unstable_if action=reinterpret pc=0x0000000004f2eb94 method=org.eclipse.e4.ui.internal.workbench.swt.PartRenderingEngine.someAreVisible(Ljava/util/List;)Z @ 41
Event: 209.029 Thread 0x000000001e0e4000 Uncommon trap: reason=unstable_if action=reinterpret pc=0x0000000004994d24 method=sun.nio.cs.SingleByte$Encoder.encode(C)I @ 13
Event: 209.029 Thread 0x000000001e0e4000 Uncommon trap: reason=unstable_if action=reinterpret pc=0x00000000059e3370 method=java.nio.charset.CharsetEncoder.encode(Ljava/nio/CharBuffer;Ljava/nio/ByteBuffer;Z)Ljava/nio/charset/CoderResult; @ 105
Event: 209.577 Thread 0x000000000481e800 Uncommon trap: reason=null_check action=make_not_entrant pc=0x00000000055dcba8 method=org.eclipse.core.runtime.internal.adaptor.EclipseLazyStarter.shouldActivateFor(Ljava/lang/String;Lorg/eclipse/osgi/baseadaptor/BaseData;Lorg/eclipse/core/runtime/internal¼Ê…˜3j@
Event: 209.594 Thread 0x000000000481e800 Uncommon trap: reason=unstable_if action=reinterpret pc=0x0000000006509768 method=org.eclipse.osgi.framework.internal.core.FilterImpl.compare_Long(IJLjava/lang/Object;)Z @ 145
Event: 209.595 Thread 0x000000001936d000 Uncommon trap: reason=unstable_if action=reinterpret pc=0x00000000053ce050 method=org.eclipse.osgi.framework.internal.core.BundleContextImpl.dispatchEvent(Ljava/lang/Object;Ljava/lang/Object;ILjava/lang/Object;)V @ 16

Internal exceptions (10 events):
Event: 208.494 Thread 0x000000001e0e9800 Exception <a 'java/net/SocketException': Socket closed> (0x00000000f6f5e8b8) thrown at [C:\re\workspace\8-2-build-windows-amd64-cygwin\jdk8u45\3627\hotspot\src\share\vm\prims\jni.cpp, line 735]
Event: 208.495 Thread 0x0000000023362000 Exception <a 'java/lang/InterruptedException'> (0x00000000f6f77900) thrown at [C:\re\workspace\8-2-build-windows-amd64-cygwin\jdk8u45\3627\hotspot\src\share\vm\runtime\objectMonitor.cpp, line 1683]
Event: 208.754 Thread 0x000000001e0e9800 Implicit null exception at 0x0000000006124d91 to 0x000000000612508d
Event: 209.028 Thread 0x000000001e0e3000 Exception <a 'java/lang/InterruptedException'> (0x00000000f8185778) thrown at [C:\re\workspace\8-2-build-windows-amd64-cygwin\jdk8u45\3627\hotspot\src\share\vm\runtime\objectMonitor.cpp, line 1683]
Event: 209.577 Thread 0x000000000481e800 Implicit null exception at 0x00000000055db957 to 0x00000000055dcb8d
Event: 209.589 Thread 0x000000000481e800 Exception <a 'java/lang/NullPointerException'> (0x00000000e02c14d8) thrown at [C:\re\workspace\8-2-build-windows-amd64-cygwin\jdk8u45\3627\hotspot\src\share\vm\prims\jvm.cpp, line 1386]
Event: 209.617 Thread 0x0000000018ea5800 Exception <a 'java/lang/InterruptedException': sleep interrupted> (0x00000000f84b0330) thrown at [C:\re\workspace\8-2-build-windows-amd64-cygwin\jdk8u45\3627\hotspot\src\share\vm\prims\jvm.cpp, line 3211]
Event: 209.618 Thread 0x000000001f36f000 Exception <a 'java/lang/InterruptedException'> (0x00000000f8591758) thrown at [C:\re\workspace\8-2-build-windows-amd64-cygwin\jdk8u45\3627\hotspot\src\share\vm\runtime\objectMonitor.cpp, line 1683]
Event: 209.618 Thread 0x000000001a372800 Exception <a 'java/lang/InterruptedException'> (0x00000000f85c2470) thrown at [C:\re\workspace\8-2-build-windows-amd64-cygwin\jdk8u45\3627\hotspot\src\share\vm\runtime\objectMonitor.cpp, line 1683]
Event: 209.725 Thread 0x000000001936d000 Exception <a 'java/lang/InterruptedException'> (0x00000000f84afbb8) thrown at [C:\re\workspace\8-2-build-windows-amd64-cygwin\jdk8u45\3627\hotspot\src\share\vm\runtime\objectMonitor.cpp, line 1683]

Events (10 events):
Event: 209.619 Thread 0x0000000015fe8000 flushing nmethod 0x0000000006259650
Event: 209.725 Thread 0x000000001936d000 Thread exited: 0x000000001936d000
Event: 209.725 Thread 0x000000001918e000 Thread exited: 0x000000001918e000
Event: 209.736 loading class java/util/IdentityHashMap$KeyIterator
Event: 209.736 loading class java/util/IdentityHashMap$IdentityHashMapIterator
Event: 209.736 loading class java/util/IdentityHashMap$IdentityHashMapIterator done
Event: 209.736 loading class java/util/IdentityHashMap$KeyIterator done
Event: 209.736 Thread 0x000000001e0e5800 Thread added: 0x000000001e0e5800
Event: 209.736 Thread 0x000000001e0e5800 Thread exited: 0x000000001e0e5800
Event: 209.737 Executing VM operation: Exit


Dynamic libraries:
0x0000000000400000 - 0x000000000044f000 	D:\Xilinx\SDK\2015.4\eclipse\win64.o\eclipse.exe
0x00007ffa50160000 - 0x00007ffa50340000 	C:\WINDOWS\SYSTEM32\ntdll.dll
0x00007ffa4e640000 - 0x00007ffa4e6ee000 	C:\WINDOWS\System32\KERNEL32.DLL
0x00007ffa4ce60000 - 0x00007ffa4d0c6000 	C:\WINDOWS\System32\KERNELBASE.dll
0x00007ffa4d640000 - 0x00007ffa4d7cf000 	C:\WINDOWS\System32\USER32.dll
0x00007ffa4d570000 - 0x00007ffa4d590000 	C:\WINDOWS\System32\win32u.dll
0x00007ffa50100000 - 0x00007ffa50128000 	C:\WINDOWS\System32\GDI32.dll
0x00007ffa4d130000 - 0x00007ffa4d2c3000 	C:\WINDOWS\System32\gdi32full.dll
0x00007ffa4d590000 - 0x00007ffa4d62b000 	C:\WINDOWS\System32\msvcp_win.dll
0x00007ffa4ccb0000 - 0x00007ffa4cda6000 	C:\WINDOWS\System32\ucrtbase.dll
0x00007ffa4dce0000 - 0x00007ffa4dd7d000 	C:\WINDOWS\System32\msvcrt.dll
0x00007ffa3cb40000 - 0x00007ffa3cda9000 	C:\WINDOWS\WinSxS\amd64_microsoft.windows.common-controls_6595b64144ccf1df_6.0.16299.248_none_15ced204935f55d7\COMCTL32.dll
0x00007ffa4d9d0000 - 0x00007ffa4dcd8000 	C:\WINDOWS\System32\combase.dll
0x00007ffa4ff10000 - 0x00007ffa5002f000 	C:\WINDOWS\System32\RPCRT4.dll
0x00007ffa4d4f0000 - 0x00007ffa4d562000 	C:\WINDOWS\System32\bcryptPrimitives.dll
0x00007ffa4d9a0000 - 0x00007ffa4d9cd000 	C:\WINDOWS\System32\IMM32.DLL
0x0000000072000000 - 0x0000000072012000 	D:\Xilinx\SDK\2015.4\eclipse\win64.o\plugins\org.eclipse.equinox.launcher.win32.win32.x86_64_1.1.200.v20140116-2212\eclipse_1503.dll
0x00007ffa4fe50000 - 0x00007ffa4fef1000 	C:\WINDOWS\System32\ADVAPI32.dll
0x00007ffa4d7d0000 - 0x00007ffa4d82b000 	C:\WINDOWS\System32\sechost.dll
0x00007ffa402e0000 - 0x00007ffa402ea000 	C:\WINDOWS\SYSTEM32\VERSION.dll
0x000000006da20000 - 0x000000006e2a3000 	D:\Xilinx\SDK\2015.4\tps\win64\jre\bin\server\jvm.dll
0x00007ffa4ff00000 - 0x00007ffa4ff08000 	C:\WINDOWS\System32\PSAPI.DLL
0x00007ffa44ef0000 - 0x00007ffa44f13000 	C:\WINDOWS\SYSTEM32\WINMM.dll
0x00007ffa413a0000 - 0x00007ffa413a9000 	C:\WINDOWS\SYSTEM32\WSOCK32.dll
0x000000006f920000 - 0x000000006f9f2000 	C:\WINDOWS\SYSTEM32\MSVCR100.dll
0x00007ffa4e470000 - 0x00007ffa4e4dc000 	C:\WINDOWS\System32\WS2_32.dll
0x00007ffa44e90000 - 0x00007ffa44eba000 	C:\WINDOWS\SYSTEM32\WINMMBASE.dll
0x00007ffa4d2d0000 - 0x00007ffa4d31a000 	C:\WINDOWS\System32\cfgmgr32.dll
0x000000006d8e0000 - 0x000000006d8ef000 	D:\Xilinx\SDK\2015.4\tps\win64\jre\bin\verify.dll
0x000000006d8b0000 - 0x000000006d8d9000 	D:\Xilinx\SDK\2015.4\tps\win64\jre\bin\java.dll
0x000000006d890000 - 0x000000006d8a6000 	D:\Xilinx\SDK\2015.4\tps\win64\jre\bin\zip.dll
0x00007ffa4e8a0000 - 0x00007ffa4fcd6000 	C:\WINDOWS\System32\SHELL32.dll
0x00007ffa4e4e0000 - 0x00007ffa4e586000 	C:\WINDOWS\System32\shcore.dll
0x00007ffa4c560000 - 0x00007ffa4cca7000 	C:\WINDOWS\System32\windows.storage.dll
0x00007ffa4e840000 - 0x00007ffa4e891000 	C:\WINDOWS\System32\shlwapi.dll
0x00007ffa4c520000 - 0x00007ffa4c531000 	C:\WINDOWS\System32\kernel.appcore.dll
0x00007ffa4c4d0000 - 0x00007ffa4c51c000 	C:\WINDOWS\System32\powrprof.dll
0x00007ffa4c4b0000 - 0x00007ffa4c4cb000 	C:\WINDOWS\System32\profapi.dll
0x00007ffa4bea0000 - 0x00007ffa4beb7000 	C:\WINDOWS\SYSTEM32\CRYPTSP.dll
0x00007ffa4b8f0000 - 0x00007ffa4b923000 	C:\WINDOWS\system32\rsaenh.dll
0x00007ffa4bfb0000 - 0x00007ffa4bfd5000 	C:\WINDOWS\SYSTEM32\bcrypt.dll
0x00007ffa4c3e0000 - 0x00007ffa4c409000 	C:\WINDOWS\SYSTEM32\USERENV.dll
0x00007ffa4bec0000 - 0x00007ffa4becb000 	C:\WINDOWS\SYSTEM32\CRYPTBASE.dll
0x000000006d870000 - 0x000000006d88a000 	D:\Xilinx\SDK\2015.4\tps\win64\jre\bin\net.dll
0x00007ffa4bce0000 - 0x00007ffa4bd46000 	C:\WINDOWS\system32\mswsock.dll
0x00007ffa4ba70000 - 0x00007ffa4baa9000 	C:\WINDOWS\SYSTEM32\IPHLPAPI.DLL
0x00007ffa4e590000 - 0x00007ffa4e598000 	C:\WINDOWS\System32\NSI.dll
0x00007ffa47a50000 - 0x00007ffa47a66000 	C:\WINDOWS\SYSTEM32\dhcpcsvc6.DLL
0x00007ffa47910000 - 0x00007ffa4792a000 	C:\WINDOWS\SYSTEM32\dhcpcsvc.DLL
0x000000006d850000 - 0x000000006d861000 	D:\Xilinx\SDK\2015.4\tps\win64\jre\bin\nio.dll
0x00007ffa4a880000 - 0x00007ffa4a915000 	C:\WINDOWS\system32\uxtheme.dll
0x00007ffa4d830000 - 0x00007ffa4d997000 	C:\WINDOWS\System32\MSCTF.dll
0x00007ffa50030000 - 0x00007ffa500f5000 	C:\WINDOWS\System32\OLEAUT32.dll
0x00007ffa447e0000 - 0x00007ffa44878000 	C:\WINDOWS\System32\TextInputFramework.dll
0x00007ffa43fe0000 - 0x00007ffa442ce000 	C:\WINDOWS\System32\CoreUIComponents.dll
0x00007ffa49f50000 - 0x00007ffa4a02c000 	C:\WINDOWS\System32\CoreMessaging.dll
0x00007ffa4b5f0000 - 0x00007ffa4b621000 	C:\WINDOWS\SYSTEM32\ntmarta.dll
0x00007ffa47aa0000 - 0x00007ffa47bd6000 	C:\WINDOWS\SYSTEM32\wintypes.dll
0x00007ffa4aa20000 - 0x00007ffa4aa4a000 	C:\WINDOWS\system32\dwmapi.dll
0x00007ffa37110000 - 0x00007ffa37126000 	C:\WINDOWS\system32\napinsp.dll
0x00007ffa36bf0000 - 0x00007ffa36c0a000 	C:\WINDOWS\system32\pnrpnsp.dll
0x00007ffa48fc0000 - 0x00007ffa48fd8000 	C:\WINDOWS\system32\NLAapi.dll
0x00007ffa4bab0000 - 0x00007ffa4bb66000 	C:\WINDOWS\SYSTEM32\DNSAPI.dll
0x00007ffa37100000 - 0x00007ffa3710e000 	C:\WINDOWS\System32\winrnr.dll
0x00007ffa456a0000 - 0x00007ffa456aa000 	C:\Windows\System32\rasadhlp.dll
0x00007ffa45860000 - 0x00007ffa458d0000 	C:\WINDOWS\System32\fwpuclnt.dll
0x000000001cc00000 - 0x000000001cca8000 	C:\Users\Dr-Abbasfar\.Xilinx\SDK\2015.4\org.eclipse.osgi\bundles\303\1\.cp\swt-win32-4335.dll
0x00007ffa4e6f0000 - 0x00007ffa4e839000 	C:\WINDOWS\System32\ole32.dll
0x00007ffa4fce0000 - 0x00007ffa4fdea000 	C:\WINDOWS\System32\comdlg32.dll
0x00007ffa4d320000 - 0x00007ffa4d4ee000 	C:\WINDOWS\System32\CRYPT32.dll
0x00007ffa4c540000 - 0x00007ffa4c552000 	C:\WINDOWS\System32\MSASN1.dll
0x00007ffa18960000 - 0x00007ffa18979000 	C:\WINDOWS\SYSTEM32\USP10.dll
0x00007ffa46cd0000 - 0x00007ffa46d56000 	C:\WINDOWS\SYSTEM32\WINSPOOL.DRV
0x00007ffa3af40000 - 0x00007ffa3b274000 	C:\WINDOWS\SYSTEM32\WININET.dll
0x00007ffa4b060000 - 0x00007ffa4b211000 	C:\WINDOWS\SYSTEM32\propsys.dll
0x00007ffa4e3d0000 - 0x00007ffa4e46e000 	C:\WINDOWS\System32\clbcatq.dll
0x000000001cd00000 - 0x000000001cd1e000 	C:\Users\Dr-Abbasfar\.Xilinx\SDK\2015.4\org.eclipse.osgi\bundles\303\1\.cp\swt-gdip-win32-4335.dll
0x00007ffa216f0000 - 0x00007ffa2188c000 	C:\WINDOWS\WinSxS\amd64_microsoft.windows.gdiplus_6595b64144ccf1df_1.1.16299.248_none_46b9c4e9edf1cfa5\gdiplus.dll
0x00007ffa44880000 - 0x00007ffa44a2b000 	C:\WINDOWS\SYSTEM32\WindowsCodecs.dll
0x0000000180000000 - 0x0000000180012000 	C:\Users\Dr-Abbasfar\.Xilinx\SDK\2015.4\org.eclipse.osgi\bundles\121\1\.cp\os\win32\x86_64\localfile_1_0_0.dll
0x00007ffa460e0000 - 0x00007ffa460f1000 	C:\Users\Dr-Abbasfar\.Xilinx\SDK\2015.4\org.eclipse.osgi\bundles\124\1\.cp\jWinHttp-1.0.0.dll
0x00007ffa48420000 - 0x00007ffa484fe000 	C:\WINDOWS\SYSTEM32\WINHTTP.dll
0x00007ffa2ec30000 - 0x00007ffa2ec9e000 	C:\WINDOWS\SYSTEM32\oleacc.dll
0x00007ffa48fe0000 - 0x00007ffa48fef000 	D:\Xilinx\SDK\2015.4\lib\win64.o\librdi_repo_manager.dll
0x00007ffa45e70000 - 0x00007ffa45ec4000 	D:\Xilinx\SDK\2015.4\lib\win64.o\librdi_commonxillic.dll
0x00007ffa467d0000 - 0x00007ffa46877000 	C:\WINDOWS\SYSTEM32\MSVCP110.dll
0x00007ffa23760000 - 0x00007ffa2394c000 	D:\Xilinx\SDK\2015.4\lib\win64.o\librdi_hsm.dll
0x00007ffa45e40000 - 0x00007ffa45e6a000 	D:\Xilinx\SDK\2015.4\lib\win64.o\libisl_sysinfo.dll
0x00007ffa45fc0000 - 0x00007ffa46094000 	C:\WINDOWS\SYSTEM32\MSVCR110.dll
0x00007ffa45de0000 - 0x00007ffa45e02000 	D:\Xilinx\SDK\2015.4\lib\win64.o\libboost_filesystem.dll
0x00007ffa234c0000 - 0x00007ffa235ba000 	D:\Xilinx\SDK\2015.4\lib\win64.o\libboost_regex.dll
0x00007ffa230b0000 - 0x00007ffa232ce000 	D:\Xilinx\SDK\2015.4\lib\win64.o\libXil_lmgr11.dll
0x00007ffa46d80000 - 0x00007ffa46d89000 	D:\Xilinx\SDK\2015.4\lib\win64.o\libboost_system.dll
0x00007ffa4d0d0000 - 0x00007ffa4d128000 	C:\WINDOWS\System32\WINTRUST.dll
0x00007ffa37300000 - 0x00007ffa37343000 	D:\Xilinx\SDK\2015.4\lib\win64.o\librdi_hdf.dll
0x00007ff9d8be0000 - 0x00007ff9d956d000 	D:\Xilinx\SDK\2015.4\lib\win64.o\librdi_common.dll
0x00007ffa1ef90000 - 0x00007ffa1f1e5000 	D:\Xilinx\SDK\2015.4\lib\win64.o\librdi_ippcw.dll
0x000000006d8f0000 - 0x000000006da17000 	D:\Xilinx\SDK\2015.4\lib\win64.o\tcl85t.dll
0x00007ffa3ef70000 - 0x00007ffa3ef87000 	C:\WINDOWS\SYSTEM32\NETAPI32.dll
0x00007ff9d87a0000 - 0x00007ff9d8bd4e00 	D:\Xilinx\SDK\2015.4\lib\win64.o\libisl_iostreams.dll
0x00007ffa23010000 - 0x00007ffa230aa000 	D:\Xilinx\SDK\2015.4\lib\win64.o\libhdxml.dll
0x00007ff9dc230000 - 0x00007ff9dc59e000 	D:\Xilinx\SDK\2015.4\lib\win64.o\libCOIN-all.dll
0x00007ffa22f90000 - 0x00007ffa23004000 	D:\Xilinx\SDK\2015.4\lib\win64.o\libboost_program_options.dll
0x00007ffa45bf0000 - 0x00007ffa45c03000 	D:\Xilinx\SDK\2015.4\lib\win64.o\libboost_signals.dll
0x00007ffa45e30000 - 0x00007ffa45e40000 	D:\Xilinx\SDK\2015.4\lib\win64.o\libboost_date_time.dll
0x00007ffa42ac0000 - 0x00007ffa42add000 	D:\Xilinx\SDK\2015.4\lib\win64.o\libboost_thread.dll
0x00007ffa45e20000 - 0x00007ffa45e2b000 	D:\Xilinx\SDK\2015.4\lib\win64.o\libboost_xilinx.dll
0x00007ffa0fb10000 - 0x00007ffa0fb90000 	D:\Xilinx\SDK\2015.4\lib\win64.o\libhdlpsolve.dll
0x00007ffa0a120000 - 0x00007ffa0a250000 	D:\Xilinx\SDK\2015.4\lib\win64.o\librdi_curl.dll
0x00007ffa42970000 - 0x00007ffa42988000 	D:\Xilinx\SDK\2015.4\lib\win64.o\librdiconfig.dll
0x00007ffa42aa0000 - 0x00007ffa42ab5000 	D:\Xilinx\SDK\2015.4\lib\win64.o\pthreadVC2.dll
0x00007ffa3f900000 - 0x00007ffa3f923000 	D:\Xilinx\SDK\2015.4\lib\win64.o\librdizlib.dll
0x00007ffa42470000 - 0x00007ffa4263c000 	C:\WINDOWS\SYSTEM32\urlmon.dll
0x00007ffa42b20000 - 0x00007ffa42b43000 	C:\WINDOWS\SYSTEM32\VCOMP110.DLL
0x00007ffa4e620000 - 0x00007ffa4e63d000 	C:\WINDOWS\System32\imagehlp.dll
0x00007ffa42850000 - 0x00007ffa42866000 	D:\Xilinx\SDK\2015.4\lib\win64.o\libboost_iostreams.dll
0x00007ffa37770000 - 0x00007ffa37793000 	D:\Xilinx\SDK\2015.4\lib\win64.o\libisl_iosutils.dll
0x00007ffa421d0000 - 0x00007ffa42469000 	C:\WINDOWS\SYSTEM32\iertutil.dll
0x00007ffa45dd0000 - 0x00007ffa45ddb000 	D:\Xilinx\SDK\2015.4\lib\win64.o\libboost_chrono.dll
0x0000000026f30000 - 0x0000000027193000 	D:\Xilinx\SDK\2015.4\lib\win64.o\xerces-c_3_1.dll
0x00007ffa36bd0000 - 0x00007ffa36bd7000 	C:\WINDOWS\SYSTEM32\msimg32.dll
0x00007ffa2e170000 - 0x00007ffa2e1b4000 	C:\WINDOWS\SYSTEM32\edputil.dll
0x00007ff9d7750000 - 0x00007ff9d7f60000 	D:\Xilinx\SDK\2015.4\lib\win64.o\libXil_lmgr11FNP.dll
0x00007ffa4df80000 - 0x00007ffa4e3ce000 	C:\WINDOWS\System32\SETUPAPI.dll
0x00007ffa363b0000 - 0x00007ffa363bc000 	C:\WINDOWS\SYSTEM32\snmpapi.dll
0x00007ffa4c3b0000 - 0x00007ffa4c3e0000 	C:\WINDOWS\SYSTEM32\SspiCli.dll
0x00007ffa4c2c0000 - 0x00007ffa4c2e7000 	C:\WINDOWS\SYSTEM32\DEVOBJ.dll
0x00007ffa38810000 - 0x00007ffa38826000 	D:\Xilinx\SDK\2015.4\eclipse\win64.o\plugins\org.eclipse.cdt.core.win32.x86_64_5.2.0.201402142303\os\win32\x86_64\spawner.dll

VM Arguments:
jvm_args: -Dcom.xilinx.sdk.args.hwspec=E:/ZedBoard_Projects/SIN_BRAM/zed/fmcomms1_zed.sdk/system_top.hdf -Xms64m -Xmx512m & 
java_command: <unknown>
java_class_path (initial): D:\Xilinx\SDK\2015.4\eclipse\win64.o\\plugins/org.eclipse.equinox.launcher_1.3.0.v20130327-1440.jar
Launcher Type: generic

Environment Variables:
USERNAME=Dr-Abbasfar
OS=Windows_NT
PROCESSOR_IDENTIFIER=Intel64 Family 6 Model 94 Stepping 3, GenuineIntel



---------------  S Y S T E M  ---------------

OS: Windows 10.0 , 64 bit Build 16299 (10.0.16299.15)

CPU:total 8 (4 cores per cpu, 2 threads per core) family 6 model 94 stepping 3, cmov, cx8, fxsr, mmx, sse, sse2, sse3, ssse3, sse4.1, sse4.2, popcnt, avx, avx2, aes, clmul, erms, rtm, 3dnowpref, lzcnt, ht, tsc, tscinvbit, bmi1, bmi2, adx

Memory: 4k page, physical 8265860k(4348584k free), swap 9707652k(4589836k free)

vm_info: Java HotSpot(TM) 64-Bit Server VM (25.45-b02) for windows-amd64 JRE (1.8.0_45-b15), built on Apr 30 2015 12:40:44 by "java_re" with MS VC++ 10.0 (VS2010)

time: Tue Feb 27 12:15:16 2018
elapsed time: 210 seconds (0d 0h 3m 30s)

