#
# A fatal error has been detected by the Java Runtime Environment:
#
#  EXCEPTION_UNCAUGHT_CXX_EXCEPTION (0xe06d7363) at pc=0x00007ffa4ce74008, pid=8456, tid=3252
#
# JRE version: Java(TM) SE Runtime Environment (8.0_45-b15) (build 1.8.0_45-b15)
# Java VM: Java HotSpot(TM) 64-Bit Server VM (25.45-b02 mixed mode windows-amd64 compressed oops)
# Problematic frame:
# C  [KERNELBASE.dll+0x14008]
#
# Failed to write core dump. Minidumps are not enabled by default on client versions of Windows
#
# If you would like to submit a bug report, please visit:
#   http://bugreport.java.com/bugreport/crash.jsp
#

---------------  T H R E A D  ---------------

Current thread (0x00000000160e9800):  VMThread [stack: 0x0000000017de0000,0x0000000017ee0000] [id=3252]

siginfo: ExceptionCode=0xe06d7363, ExceptionInformation=0x0000000019930520 0x0000000017edf648 0x00007ffa46072d50 0x00007ffa45fc0000 

Registers:
RAX=0x0000000017edf398, RBX=0x00007ffa46072d50, RCX=0x00000000f46857d4, RDX=0x00007ffa5016e6b7
RSP=0x0000000017edf490, RBP=0x0000000017edf5d0, RSI=0x00000000ffffffff, RDI=0x000000002845e700
R8 =0x00007ffa501713a7, R9 =0x0000000000000000, R10=0x00000000025890b0, R11=0x00000000025890b0
R12=0x0000000000000001, R13=0x0000000000000008, R14=0x0000000000000000, R15=0xffffffffffffffff
RIP=0x00007ffa4ce74008, EFLAGS=0x0000000000000206

Top of Stack: (sp=0x0000000017edf490)
0x0000000017edf490:   0000000000000005 00007ffa46072d50
0x0000000017edf4a0:   00000000ffffffff 000000002845e700
0x0000000017edf4b0:   00000001e06d7363 0000000000000000
0x0000000017edf4c0:   00007ffa4ce74008 0000000000000004
0x0000000017edf4d0:   0000000019930520 0000000017edf648
0x0000000017edf4e0:   00007ffa46072d50 00007ffa45fc0000
0x0000000017edf4f0:   0000000000000001 000000002845e700
0x0000000017edf500:   00000000ffffffff 0000000017edf5e0
0x0000000017edf510:   0000000017edf5d0 00007ffa501dc66f
0x0000000017edf520:   0000000000000008 00007ffa00000000
0x0000000017edf530:   000042891198d24e 0000000000000000
0x0000000017edf540:   00007ffa46089000 00007ffa45fc0000
0x0000000017edf550:   0000bd01db3e6acd 00000000000003ff
0x0000000017edf560:   00007ffa46072d50 00007ffa4601ea3c
0x0000000017edf570:   000000000000001f 0000000000000008
0x0000000017edf580:   0000000000000001 000000002845e700 

Instructions: (pc=0x00007ffa4ce74008)
0x00007ffa4ce73fe8:   49 8b d1 44 0f 47 c0 44 89 44 24 38 49 c1 e0 03
0x00007ffa4ce73ff8:   e8 ca 16 07 00 48 8d 4c 24 20 ff 15 e8 4a 16 00
0x00007ffa4ce74008:   48 8b 8c 24 c0 00 00 00 48 33 cc e8 a8 e6 06 00
0x00007ffa4ce74018:   48 81 c4 d8 00 00 00 c3 83 64 24 38 00 eb d6 cc 


Register to memory mapping:

RAX=0x0000000017edf398 is an unknown value
RBX=0x00007ffa46072d50 is an unknown value
RCX=0x00000000f46857d4 is an unallocated location in the heap
RDX=0x00007ffa5016e6b7 is an unknown value
RSP=0x0000000017edf490 is an unknown value
RBP=0x0000000017edf5d0 is an unknown value
RSI=0x00000000ffffffff is an unallocated location in the heap
RDI=0x000000002845e700 is an unknown value
R8 =0x00007ffa501713a7 is an unknown value
R9 =0x0000000000000000 is an unknown value
R10=0x00000000025890b0 is an unknown value
R11=0x00000000025890b0 is an unknown value
R12=0x0000000000000001 is an unknown value
R13=0x0000000000000008 is an unknown value
R14=0x0000000000000000 is an unknown value
R15=0xffffffffffffffff is an unknown value


Stack: [0x0000000017de0000,0x0000000017ee0000],  sp=0x0000000017edf490,  free space=1021k
Native frames: (J=compiled Java code, j=interpreted, Vv=VM code, C=native code)
C  [KERNELBASE.dll+0x14008]
C  [MSVCR110.dll+0x5ea3c]
C  [MSVCR110.dll+0x1315c]
C  [MSVCR110.dll+0x136a9]
C  [MSVCR110.dll+0x13e9c]
C  [MSVCR110.dll+0x239e]
C  [MSVCR110.dll+0xaf9e]
C  [MSVCP110.dll+0x39a7d]
C  [librdi_common.dll+0x14283e]
C  [librdi_common.dll+0x141449]
C  0x00007ffa45dd2400
C  0x00007ffa45dd2682
C  [ntdll.dll+0x11493]
C  [ntdll.dll+0x406b5]
C  [ntdll.dll+0x40574]
C  [KERNEL32.DLL+0xf06a]
C  [MSVCR100.dll+0x20ccd]
V  [jvm.dll+0x20f135]
V  [jvm.dll+0x247ef7]
V  [jvm.dll+0x247196]
V  [jvm.dll+0x247631]
V  [jvm.dll+0x24784e]
V  [jvm.dll+0x29853a]
C  [MSVCR100.dll+0x21d9f]
C  [MSVCR100.dll+0x21e3b]
C  [KERNEL32.DLL+0x11fe4]
C  [ntdll.dll+0x6efc1]

VM_Operation (0x000000000014f500): Exit, mode: safepoint, requested by thread 0x000000000472e800


---------------  P R O C E S S  ---------------

Java Threads: ( => current thread )
  0x0000000020104000 JavaThread "Spawner Reaper" daemon [_thread_in_native, id=10516, stack(0x0000000043300000,0x0000000043400000)]
  0x00000000200ff800 JavaThread "pool-2-thread-3" [_thread_blocked, id=680, stack(0x0000000043200000,0x0000000043300000)]
  0x0000000020102800 JavaThread "pool-2-thread-2" [_thread_blocked, id=1192, stack(0x0000000041f00000,0x0000000042000000)]
  0x0000000020103000 JavaThread "pool-2-thread-1" [_thread_blocked, id=1040, stack(0x0000000041000000,0x0000000041100000)]
  0x0000000020106000 JavaThread "Thread-104" daemon [_thread_blocked, id=7880, stack(0x0000000040e00000,0x0000000040f00000)]
  0x00000000235f9000 JavaThread "TCF Locator DNS Lookup" daemon [_thread_blocked, id=8204, stack(0x0000000025ff0000,0x00000000260f0000)]
  0x00000000235f7800 JavaThread "TCF Locator Timer" daemon [_thread_blocked, id=9560, stack(0x0000000025ef0000,0x0000000025ff0000)]
  0x00000000235f8800 JavaThread "TCF Locator Receiver" daemon [_thread_in_native, id=11784, stack(0x0000000025df0000,0x0000000025ef0000)]
  0x00000000235f7000 JavaThread "TCF Timer Dispatcher" daemon [_thread_blocked, id=11016, stack(0x0000000025bf0000,0x0000000025cf0000)]
  0x000000001a887800 JavaThread "EMF Reference Cleaner" daemon [_thread_blocked, id=5768, stack(0x000000001d850000,0x000000001d950000)]
  0x00000000182a8800 JavaThread "Service Thread" daemon [_thread_blocked, id=2072, stack(0x0000000018be0000,0x0000000018ce0000)]
  0x000000001820e000 JavaThread "C1 CompilerThread3" daemon [_thread_blocked, id=7908, stack(0x0000000018ae0000,0x0000000018be0000)]
  0x000000001820a000 JavaThread "C2 CompilerThread2" daemon [_thread_blocked, id=7468, stack(0x00000000189e0000,0x0000000018ae0000)]
  0x0000000018206800 JavaThread "C2 CompilerThread1" daemon [_thread_blocked, id=9352, stack(0x00000000188e0000,0x00000000189e0000)]
  0x0000000018204800 JavaThread "C2 CompilerThread0" daemon [_thread_blocked, id=11668, stack(0x00000000187e0000,0x00000000188e0000)]
  0x0000000018215800 JavaThread "Attach Listener" daemon [_thread_blocked, id=5328, stack(0x00000000186e0000,0x00000000187e0000)]
  0x0000000018214800 JavaThread "Signal Dispatcher" daemon [_thread_blocked, id=7328, stack(0x00000000185e0000,0x00000000186e0000)]
  0x0000000004879800 JavaThread "Finalizer" daemon [_thread_blocked, id=10336, stack(0x0000000017fe0000,0x00000000180e0000)]
  0x0000000004873000 JavaThread "Reference Handler" daemon [_thread_blocked, id=6596, stack(0x0000000017ee0000,0x0000000017fe0000)]
  0x000000000472e800 JavaThread "main" [_thread_blocked, id=3432, stack(0x0000000000050000,0x0000000000150000)]

Other Threads:
=>0x00000000160e9800 VMThread [stack: 0x0000000017de0000,0x0000000017ee0000] [id=3252]

VM state:at safepoint (shutting down)

VM Mutex/Monitor currently owned by a thread:  ([mutex/lock_event])
[0x000000000472da00] Threads_lock - owner thread: 0x00000000160e9800

Heap:
 PSYoungGen      total 128512K, used 91927K [0x00000000f5580000, 0x00000000ff780000, 0x0000000100000000)
  eden space 128000K, 71% used [0x00000000f5580000,0x00000000faf45f88,0x00000000fd280000)
  from space 512K, 0% used [0x00000000fd280000,0x00000000fd280000,0x00000000fd300000)
  to   space 18944K, 0% used [0x00000000fe500000,0x00000000fe500000,0x00000000ff780000)
 ParOldGen       total 92672K, used 54989K [0x00000000e0000000, 0x00000000e5a80000, 0x00000000f5580000)
  object space 92672K, 59% used [0x00000000e0000000,0x00000000e35b3740,0x00000000e5a80000)
 Metaspace       used 93462K, capacity 100712K, committed 100992K, reserved 1136640K
  class space    used 11282K, capacity 13598K, committed 13696K, reserved 1048576K

Card table byte_map: [0x0000000013c40000,0x0000000013d50000] byte_map_base: 0x0000000013540000

Marking Bits: (ParMarkBitMap*) 0x000000006e224040
 Begin Bits: [0x0000000014600000, 0x0000000014e00000)
 End Bits:   [0x0000000014e00000, 0x0000000015600000)

Polling page: 0x0000000004170000

CodeCache: size=245760Kb used=53598Kb max_used=53719Kb free=192161Kb
 bounds [0x0000000004880000, 0x0000000007d60000, 0x0000000013880000]
 total_blobs=14908 nmethods=14034 adapters=782
 compilation: enabled

Compilation events (10 events):
Event: 781.104 Thread 0x000000001820e000 nmethod 18428 0x0000000007b9b990 code [0x0000000007b9bae0, 0x0000000007b9bc30]
Event: 781.105 Thread 0x000000001820e000 18432   !   3       org.eclipse.osgi.internal.serviceregistry.ServiceRegistrationImpl::unregister (253 bytes)
Event: 781.106 Thread 0x000000001820e000 nmethod 18432 0x0000000004b75050 code [0x0000000004b75460, 0x0000000004b77a38]
Event: 781.159 Thread 0x000000001820e000 18433   !   3       org.eclipse.osgi.internal.baseadaptor.BaseStorage::compact (215 bytes)
Event: 781.161 Thread 0x0000000018204800 nmethod 18412 0x0000000006d18a10 code [0x0000000006d18dc0, 0x0000000006d1c0a0]
Event: 781.161 Thread 0x000000001820e000 nmethod 18433 0x0000000004b71250 code [0x0000000004b716a0, 0x0000000004b73b68]
Event: 781.221 Thread 0x000000001820e000 18434       3       org.eclipse.osgi.framework.internal.core.AbstractBundle::close (52 bytes)
Event: 781.222 Thread 0x000000001820e000 nmethod 18434 0x000000000522b6d0 code [0x000000000522b900, 0x000000000522c608]
Event: 781.230 Thread 0x000000001820e000 18435       3       java.lang.Thread::exit (51 bytes)
Event: 781.231 Thread 0x000000001820e000 nmethod 18435 0x0000000007b8ae10 code [0x0000000007b8af80, 0x0000000007b8b228]

GC Heap History (10 events):
Event: 603.474 GC heap before
{Heap before GC invocations=42 (full 11):
 PSYoungGen      total 132096K, used 4071K [0x00000000f5580000, 0x00000000ff980000, 0x0000000100000000)
  eden space 128000K, 0% used [0x00000000f5580000,0x00000000f5580000,0x00000000fd280000)
  from space 4096K, 99% used [0x00000000fd280000,0x00000000fd679f80,0x00000000fd680000)
  to   space 19968K, 0% used [0x00000000fe600000,0x00000000fe600000,0x00000000ff980000)
 ParOldGen       total 92672K, used 55659K [0x00000000e0000000, 0x00000000e5a80000, 0x00000000f5580000)
  object space 92672K, 60% used [0x00000000e0000000,0x00000000e365ae70,0x00000000e5a80000)
 Metaspace       used 92135K, capacity 99474K, committed 99584K, reserved 1134592K
  class space    used 11159K, capacity 13467K, committed 13568K, reserved 1048576K
Event: 603.824 GC heap after
Heap after GC invocations=42 (full 11):
 PSYoungGen      total 132096K, used 0K [0x00000000f5580000, 0x00000000ff980000, 0x0000000100000000)
  eden space 128000K, 0% used [0x00000000f5580000,0x00000000f5580000,0x00000000fd280000)
  from space 4096K, 0% used [0x00000000fd280000,0x00000000fd280000,0x00000000fd680000)
  to   space 19968K, 0% used [0x00000000fe600000,0x00000000fe600000,0x00000000ff980000)
 ParOldGen       total 92672K, used 57255K [0x00000000e0000000, 0x00000000e5a80000, 0x00000000f5580000)
  object space 92672K, 61% used [0x00000000e0000000,0x00000000e37e9fd8,0x00000000e5a80000)
 Metaspace       used 92135K, capacity 99474K, committed 99584K, reserved 1134592K
  class space    used 11159K, capacity 13467K, committed 13568K, reserved 1048576K
}
Event: 663.472 GC heap before
{Heap before GC invocations=43 (full 11):
 PSYoungGen      total 132096K, used 62814K [0x00000000f5580000, 0x00000000ff980000, 0x0000000100000000)
  eden space 128000K, 49% used [0x00000000f5580000,0x00000000f92d7a10,0x00000000fd280000)
  from space 4096K, 0% used [0x00000000fd280000,0x00000000fd280000,0x00000000fd680000)
  to   space 19968K, 0% used [0x00000000fe600000,0x00000000fe600000,0x00000000ff980000)
 ParOldGen       total 92672K, used 57255K [0x00000000e0000000, 0x00000000e5a80000, 0x00000000f5580000)
  object space 92672K, 61% used [0x00000000e0000000,0x00000000e37e9fd8,0x00000000e5a80000)
 Metaspace       used 92472K, capacity 99870K, committed 100096K, reserved 1136640K
  class space    used 11186K, capacity 13533K, committed 13568K, reserved 1048576K
Event: 663.476 GC heap after
Heap after GC invocations=43 (full 11):
 PSYoungGen      total 146944K, used 1439K [0x00000000f5580000, 0x00000000ff880000, 0x0000000100000000)
  eden space 128000K, 0% used [0x00000000f5580000,0x00000000f5580000,0x00000000fd280000)
  from space 18944K, 7% used [0x00000000fe600000,0x00000000fe767cb8,0x00000000ff880000)
  to   space 19456K, 0% used [0x00000000fd280000,0x00000000fd280000,0x00000000fe580000)
 ParOldGen       total 92672K, used 57263K [0x00000000e0000000, 0x00000000e5a80000, 0x00000000f5580000)
  object space 92672K, 61% used [0x00000000e0000000,0x00000000e37ebfd8,0x00000000e5a80000)
 Metaspace       used 92472K, capacity 99870K, committed 100096K, reserved 1136640K
  class space    used 11186K, capacity 13533K, committed 13568K, reserved 1048576K
}
Event: 663.476 GC heap before
{Heap before GC invocations=44 (full 12):
 PSYoungGen      total 146944K, used 1439K [0x00000000f5580000, 0x00000000ff880000, 0x0000000100000000)
  eden space 128000K, 0% used [0x00000000f5580000,0x00000000f5580000,0x00000000fd280000)
  from space 18944K, 7% used [0x00000000fe600000,0x00000000fe767cb8,0x00000000ff880000)
  to   space 19456K, 0% used [0x00000000fd280000,0x00000000fd280000,0x00000000fe580000)
 ParOldGen       total 92672K, used 57263K [0x00000000e0000000, 0x00000000e5a80000, 0x00000000f5580000)
  object space 92672K, 61% used [0x00000000e0000000,0x00000000e37ebfd8,0x00000000e5a80000)
 Metaspace       used 92472K, capacity 99870K, committed 100096K, reserved 1136640K
  class space    used 11186K, capacity 13533K, committed 13568K, reserved 1048576K
Event: 663.776 GC heap after
Heap after GC invocations=44 (full 12):
 PSYoungGen      total 146944K, used 0K [0x00000000f5580000, 0x00000000ff880000, 0x0000000100000000)
  eden space 128000K, 0% used [0x00000000f5580000,0x00000000f5580000,0x00000000fd280000)
  from space 18944K, 0% used [0x00000000fe600000,0x00000000fe600000,0x00000000ff880000)
  to   space 19456K, 0% used [0x00000000fd280000,0x00000000fd280000,0x00000000fe580000)
 ParOldGen       total 92672K, used 55771K [0x00000000e0000000, 0x00000000e5a80000, 0x00000000f5580000)
  object space 92672K, 60% used [0x00000000e0000000,0x00000000e3676e80,0x00000000e5a80000)
 Metaspace       used 92472K, capacity 99870K, committed 100096K, reserved 1136640K
  class space    used 11186K, capacity 13533K, committed 13568K, reserved 1048576K
}
Event: 723.486 GC heap before
{Heap before GC invocations=45 (full 12):
 PSYoungGen      total 146944K, used 4570K [0x00000000f5580000, 0x00000000ff880000, 0x0000000100000000)
  eden space 128000K, 3% used [0x00000000f5580000,0x00000000f59f6ab0,0x00000000fd280000)
  from space 18944K, 0% used [0x00000000fe600000,0x00000000fe600000,0x00000000ff880000)
  to   space 19456K, 0% used [0x00000000fd280000,0x00000000fd280000,0x00000000fe580000)
 ParOldGen       total 92672K, used 55771K [0x00000000e0000000, 0x00000000e5a80000, 0x00000000f5580000)
  object space 92672K, 60% used [0x00000000e0000000,0x00000000e3676e80,0x00000000e5a80000)
 Metaspace       used 92504K, capacity 99934K, committed 100096K, reserved 1136640K
  class space    used 11186K, capacity 13533K, committed 13568K, reserved 1048576K
Event: 723.489 GC heap after
Heap after GC invocations=45 (full 12):
 PSYoungGen      total 128512K, used 224K [0x00000000f5580000, 0x00000000ff780000, 0x0000000100000000)
  eden space 128000K, 0% used [0x00000000f5580000,0x00000000f5580000,0x00000000fd280000)
  from space 512K, 43% used [0x00000000fd280000,0x00000000fd2b8000,0x00000000fd300000)
  to   space 18944K, 0% used [0x00000000fe500000,0x00000000fe500000,0x00000000ff780000)
 ParOldGen       total 92672K, used 55779K [0x00000000e0000000, 0x00000000e5a80000, 0x00000000f5580000)
  object space 92672K, 60% used [0x00000000e0000000,0x00000000e3678e80,0x00000000e5a80000)
 Metaspace       used 92504K, capacity 99934K, committed 100096K, reserved 1136640K
  class space    used 11186K, capacity 13533K, committed 13568K, reserved 1048576K
}
Event: 723.489 GC heap before
{Heap before GC invocations=46 (full 13):
 PSYoungGen      total 128512K, used 224K [0x00000000f5580000, 0x00000000ff780000, 0x0000000100000000)
  eden space 128000K, 0% used [0x00000000f5580000,0x00000000f5580000,0x00000000fd280000)
  from space 512K, 43% used [0x00000000fd280000,0x00000000fd2b8000,0x00000000fd300000)
  to   space 18944K, 0% used [0x00000000fe500000,0x00000000fe500000,0x00000000ff780000)
 ParOldGen       total 92672K, used 55779K [0x00000000e0000000, 0x00000000e5a80000, 0x00000000f5580000)
  object space 92672K, 60% used [0x00000000e0000000,0x00000000e3678e80,0x00000000e5a80000)
 Metaspace       used 92504K, capacity 99934K, committed 100096K, reserved 1136640K
  class space    used 11186K, capacity 13533K, committed 13568K, reserved 1048576K
Event: 723.768 GC heap after
Heap after GC invocations=46 (full 13):
 PSYoungGen      total 128512K, used 0K [0x00000000f5580000, 0x00000000ff780000, 0x0000000100000000)
  eden space 128000K, 0% used [0x00000000f5580000,0x00000000f5580000,0x00000000fd280000)
  from space 512K, 0% used [0x00000000fd280000,0x00000000fd280000,0x00000000fd300000)
  to   space 18944K, 0% used [0x00000000fe500000,0x00000000fe500000,0x00000000ff780000)
 ParOldGen       total 92672K, used 54989K [0x00000000e0000000, 0x00000000e5a80000, 0x00000000f5580000)
  object space 92672K, 59% used [0x00000000e0000000,0x00000000e35b3740,0x00000000e5a80000)
 Metaspace       used 92504K, capacity 99934K, committed 100096K, reserved 1136640K
  class space    used 11186K, capacity 13533K, committed 13568K, reserved 1048576K
}

Deoptimization events (10 events):
Event: 780.465 Thread 0x000000000472e800 Uncommon trap: reason=unstable_if action=reinterpret pc=0x0000000005fe4344 method=java.util.concurrent.CopyOnWriteArrayList.indexOf(Ljava/lang/Object;[Ljava/lang/Object;II)I @ 49
Event: 780.465 Thread 0x000000000472e800 Uncommon trap: reason=unstable_if action=reinterpret pc=0x0000000006b58c74 method=org.eclipse.ui.internal.UILockListener.isUI()Z @ 7
Event: 780.466 Thread 0x000000000472e800 Uncommon trap: reason=unstable_if action=reinterpret pc=0x00000000060291c8 method=org.eclipse.swt.graphics.Resource.dispose()V @ 15
Event: 781.048 Thread 0x000000000472e800 Uncommon trap: reason=unstable_if action=reinterpret pc=0x00000000070a29c4 method=org.eclipse.swt.widgets.Display.getSystemFont()Lorg/eclipse/swt/graphics/Font; @ 8
Event: 781.052 Thread 0x000000000472e800 Uncommon trap: reason=unstable_if action=reinterpret pc=0x000000000557d658 method=org.eclipse.core.runtime.internal.adaptor.EclipseLazyStarter.shouldActivateFor(Ljava/lang/String;Lorg/eclipse/osgi/baseadaptor/BaseData;Lorg/eclipse/core/runtime/internal/ada-È‹khà@
Event: 781.052 Thread 0x000000000472e800 Uncommon trap: reason=class_check action=maybe_recompile pc=0x0000000004ff8c0c method=org.eclipse.swt.widgets.Display.asyncExec(Ljava/lang/Runnable;)V @ 54
Event: 781.052 Thread 0x000000000472e800 Uncommon trap: reason=class_check action=maybe_recompile pc=0x0000000004ff8c0c method=org.eclipse.swt.widgets.Display.asyncExec(Ljava/lang/Runnable;)V @ 54
Event: 781.066 Thread 0x000000000472e800 Uncommon trap: reason=null_check action=make_not_entrant pc=0x0000000006ca1f90 method=java.lang.Class.reflectionData()Ljava/lang/Class$ReflectionData; @ 24
Event: 781.093 Thread 0x00000000235f4000 Uncommon trap: reason=unstable_if action=reinterpret pc=0x000000000783ef1c method=org.eclipse.core.internal.jobs.JobManager.nextJob()Lorg/eclipse/core/runtime/jobs/Job; @ 80
Event: 781.221 Thread 0x000000000472e800 Uncommon trap: reason=unstable_if action=reinterpret pc=0x0000000004a5c61c method=sun.reflect.UnsafeStaticObjectFieldAccessorImpl.set(Ljava/lang/Object;Ljava/lang/Object;)V @ 13

Internal exceptions (10 events):
Event: 780.202 Thread 0x000000000472e800 Implicit null exception at 0x0000000006111d67 to 0x0000000006111e09
Event: 780.415 Thread 0x0000000020100000 Exception <a 'java/lang/InterruptedException'> (0x00000000fa7e69f8) thrown at [C:\re\workspace\8-2-build-windows-amd64-cygwin\jdk8u45\3627\hotspot\src\share\vm\runtime\objectMonitor.cpp, line 1683]
Event: 780.418 Thread 0x000000001a88a800 Implicit null exception at 0x00000000078344db to 0x0000000007837b99
Event: 781.066 Thread 0x000000000472e800 Implicit null exception at 0x0000000006ca1cbb to 0x0000000006ca1f6d
Event: 781.104 Thread 0x00000000190e7800 Exception <a 'java/lang/InterruptedException': sleep interrupted> (0x00000000fab28220) thrown at [C:\re\workspace\8-2-build-windows-amd64-cygwin\jdk8u45\3627\hotspot\src\share\vm\prims\jvm.cpp, line 3211]
Event: 781.105 Thread 0x000000001a884800 Exception <a 'java/lang/InterruptedException'> (0x00000000fac681c0) thrown at [C:\re\workspace\8-2-build-windows-amd64-cygwin\jdk8u45\3627\hotspot\src\share\vm\runtime\objectMonitor.cpp, line 1683]
Event: 781.105 Thread 0x0000000019334800 Exception <a 'java/lang/InterruptedException'> (0x00000000fac89ea8) thrown at [C:\re\workspace\8-2-build-windows-amd64-cygwin\jdk8u45\3627\hotspot\src\share\vm\runtime\objectMonitor.cpp, line 1683]
Event: 781.221 Thread 0x00000000190c5800 Exception <a 'java/lang/InterruptedException'> (0x00000000fab27dc0) thrown at [C:\re\workspace\8-2-build-windows-amd64-cygwin\jdk8u45\3627\hotspot\src\share\vm\runtime\objectMonitor.cpp, line 1683]
Event: 781.221 Thread 0x000000000472e800 Implicit null exception at 0x0000000004a5c217 to 0x0000000004a5c609
Event: 781.230 Thread 0x0000000020101000 Exception <a 'java/io/IOException'> (0x00000000faf26108) thrown at [C:\re\workspace\8-2-build-windows-amd64-cygwin\jdk8u45\3627\hotspot\src\share\vm\prims\jni.cpp, line 709]

Events (10 events):
Event: 781.229 loading class java/util/IdentityHashMap$IdentityHashMapIterator
Event: 781.229 loading class java/util/IdentityHashMap$IdentityHashMapIterator done
Event: 781.229 loading class java/util/IdentityHashMap$KeyIterator done
Event: 781.229 Thread 0x0000000020101000 Thread added: 0x0000000020101000
Event: 781.230 Executing VM operation: RevokeBias
Event: 781.230 Executing VM operation: RevokeBias done
Event: 781.230 Executing VM operation: RevokeBias
Event: 781.230 Executing VM operation: RevokeBias done
Event: 781.230 Thread 0x0000000020101000 Thread exited: 0x0000000020101000
Event: 781.231 Executing VM operation: Exit


Dynamic libraries:
0x0000000000400000 - 0x000000000044f000 	D:\Xilinx\SDK\2015.4\eclipse\win64.o\eclipse.exe
0x00007ffa50160000 - 0x00007ffa50340000 	C:\WINDOWS\SYSTEM32\ntdll.dll
0x00007ffa4e640000 - 0x00007ffa4e6ee000 	C:\WINDOWS\System32\KERNEL32.DLL
0x00007ffa4ce60000 - 0x00007ffa4d0c6000 	C:\WINDOWS\System32\KERNELBASE.dll
0x00007ffa4d640000 - 0x00007ffa4d7cf000 	C:\WINDOWS\System32\USER32.dll
0x00007ffa4d570000 - 0x00007ffa4d590000 	C:\WINDOWS\System32\win32u.dll
0x00007ffa50100000 - 0x00007ffa50128000 	C:\WINDOWS\System32\GDI32.dll
0x00007ffa4d130000 - 0x00007ffa4d2c3000 	C:\WINDOWS\System32\gdi32full.dll
0x00007ffa4d590000 - 0x00007ffa4d62b000 	C:\WINDOWS\System32\msvcp_win.dll
0x00007ffa4ccb0000 - 0x00007ffa4cda6000 	C:\WINDOWS\System32\ucrtbase.dll
0x00007ffa4dce0000 - 0x00007ffa4dd7d000 	C:\WINDOWS\System32\msvcrt.dll
0x00007ffa3cb40000 - 0x00007ffa3cda9000 	C:\WINDOWS\WinSxS\amd64_microsoft.windows.common-controls_6595b64144ccf1df_6.0.16299.248_none_15ced204935f55d7\COMCTL32.dll
0x00007ffa4d9d0000 - 0x00007ffa4dcd8000 	C:\WINDOWS\System32\combase.dll
0x00007ffa4ff10000 - 0x00007ffa5002f000 	C:\WINDOWS\System32\RPCRT4.dll
0x00007ffa4d4f0000 - 0x00007ffa4d562000 	C:\WINDOWS\System32\bcryptPrimitives.dll
0x00007ffa4d9a0000 - 0x00007ffa4d9cd000 	C:\WINDOWS\System32\IMM32.DLL
0x0000000072000000 - 0x0000000072012000 	D:\Xilinx\SDK\2015.4\eclipse\win64.o\plugins\org.eclipse.equinox.launcher.win32.win32.x86_64_1.1.200.v20140116-2212\eclipse_1503.dll
0x00007ffa4fe50000 - 0x00007ffa4fef1000 	C:\WINDOWS\System32\ADVAPI32.dll
0x00007ffa4d7d0000 - 0x00007ffa4d82b000 	C:\WINDOWS\System32\sechost.dll
0x00007ffa402e0000 - 0x00007ffa402ea000 	C:\WINDOWS\SYSTEM32\VERSION.dll
0x00007ffa4a880000 - 0x00007ffa4a915000 	C:\WINDOWS\system32\uxtheme.dll
0x00007ffa4d830000 - 0x00007ffa4d997000 	C:\WINDOWS\System32\MSCTF.dll
0x00007ffa50030000 - 0x00007ffa500f5000 	C:\WINDOWS\System32\OLEAUT32.dll
0x000000006da20000 - 0x000000006e2a3000 	D:\Xilinx\SDK\2015.4\tps\win64\jre\bin\server\jvm.dll
0x00007ffa4ff00000 - 0x00007ffa4ff08000 	C:\WINDOWS\System32\PSAPI.DLL
0x00007ffa413a0000 - 0x00007ffa413a9000 	C:\WINDOWS\SYSTEM32\WSOCK32.dll
0x00007ffa44ef0000 - 0x00007ffa44f13000 	C:\WINDOWS\SYSTEM32\WINMM.dll
0x000000006f920000 - 0x000000006f9f2000 	C:\WINDOWS\SYSTEM32\MSVCR100.dll
0x00007ffa4e470000 - 0x00007ffa4e4dc000 	C:\WINDOWS\System32\WS2_32.dll
0x00007ffa44e90000 - 0x00007ffa44eba000 	C:\WINDOWS\SYSTEM32\WINMMBASE.dll
0x00007ffa4d2d0000 - 0x00007ffa4d31a000 	C:\WINDOWS\System32\cfgmgr32.dll
0x000000006d8e0000 - 0x000000006d8ef000 	D:\Xilinx\SDK\2015.4\tps\win64\jre\bin\verify.dll
0x000000006d8b0000 - 0x000000006d8d9000 	D:\Xilinx\SDK\2015.4\tps\win64\jre\bin\java.dll
0x000000006d890000 - 0x000000006d8a6000 	D:\Xilinx\SDK\2015.4\tps\win64\jre\bin\zip.dll
0x00007ffa4e8a0000 - 0x00007ffa4fcd6000 	C:\WINDOWS\System32\SHELL32.dll
0x00007ffa4e4e0000 - 0x00007ffa4e586000 	C:\WINDOWS\System32\shcore.dll
0x00007ffa4c560000 - 0x00007ffa4cca7000 	C:\WINDOWS\System32\windows.storage.dll
0x00007ffa4e840000 - 0x00007ffa4e891000 	C:\WINDOWS\System32\shlwapi.dll
0x00007ffa4c520000 - 0x00007ffa4c531000 	C:\WINDOWS\System32\kernel.appcore.dll
0x00007ffa4c4d0000 - 0x00007ffa4c51c000 	C:\WINDOWS\System32\powrprof.dll
0x00007ffa4c4b0000 - 0x00007ffa4c4cb000 	C:\WINDOWS\System32\profapi.dll
0x00007ffa4bea0000 - 0x00007ffa4beb7000 	C:\WINDOWS\SYSTEM32\CRYPTSP.dll
0x00007ffa4b8f0000 - 0x00007ffa4b923000 	C:\WINDOWS\system32\rsaenh.dll
0x00007ffa4bfb0000 - 0x00007ffa4bfd5000 	C:\WINDOWS\SYSTEM32\bcrypt.dll
0x00007ffa4c3e0000 - 0x00007ffa4c409000 	C:\WINDOWS\SYSTEM32\USERENV.dll
0x00007ffa4bec0000 - 0x00007ffa4becb000 	C:\WINDOWS\SYSTEM32\CRYPTBASE.dll
0x000000006d870000 - 0x000000006d88a000 	D:\Xilinx\SDK\2015.4\tps\win64\jre\bin\net.dll
0x00007ffa4bce0000 - 0x00007ffa4bd46000 	C:\WINDOWS\system32\mswsock.dll
0x00007ffa4ba70000 - 0x00007ffa4baa9000 	C:\WINDOWS\SYSTEM32\IPHLPAPI.DLL
0x00007ffa4e590000 - 0x00007ffa4e598000 	C:\WINDOWS\System32\NSI.dll
0x00007ffa47a50000 - 0x00007ffa47a66000 	C:\WINDOWS\SYSTEM32\dhcpcsvc6.DLL
0x00007ffa47910000 - 0x00007ffa4792a000 	C:\WINDOWS\SYSTEM32\dhcpcsvc.DLL
0x000000006d850000 - 0x000000006d861000 	D:\Xilinx\SDK\2015.4\tps\win64\jre\bin\nio.dll
0x00007ffa447e0000 - 0x00007ffa44878000 	C:\WINDOWS\System32\TextInputFramework.dll
0x00007ffa43fe0000 - 0x00007ffa442ce000 	C:\WINDOWS\System32\CoreUIComponents.dll
0x00007ffa49f50000 - 0x00007ffa4a02c000 	C:\WINDOWS\System32\CoreMessaging.dll
0x00007ffa4b5f0000 - 0x00007ffa4b621000 	C:\WINDOWS\SYSTEM32\ntmarta.dll
0x00007ffa47aa0000 - 0x00007ffa47bd6000 	C:\WINDOWS\SYSTEM32\wintypes.dll
0x00007ffa4aa20000 - 0x00007ffa4aa4a000 	C:\WINDOWS\system32\dwmapi.dll
0x00007ffa37110000 - 0x00007ffa37126000 	C:\WINDOWS\system32\napinsp.dll
0x00007ffa36bf0000 - 0x00007ffa36c0a000 	C:\WINDOWS\system32\pnrpnsp.dll
0x00007ffa48fc0000 - 0x00007ffa48fd8000 	C:\WINDOWS\system32\NLAapi.dll
0x00007ffa4bab0000 - 0x00007ffa4bb66000 	C:\WINDOWS\SYSTEM32\DNSAPI.dll
0x00007ffa37100000 - 0x00007ffa3710e000 	C:\WINDOWS\System32\winrnr.dll
0x00007ffa456a0000 - 0x00007ffa456aa000 	C:\Windows\System32\rasadhlp.dll
0x00007ffa45860000 - 0x00007ffa458d0000 	C:\WINDOWS\System32\fwpuclnt.dll
0x000000001cb60000 - 0x000000001cc08000 	C:\Users\Dr-Abbasfar\.Xilinx\SDK\2015.4\org.eclipse.osgi\bundles\303\1\.cp\swt-win32-4335.dll
0x00007ffa4e6f0000 - 0x00007ffa4e839000 	C:\WINDOWS\System32\ole32.dll
0x00007ffa4fce0000 - 0x00007ffa4fdea000 	C:\WINDOWS\System32\comdlg32.dll
0x00007ffa4d320000 - 0x00007ffa4d4ee000 	C:\WINDOWS\System32\CRYPT32.dll
0x00007ffa4c540000 - 0x00007ffa4c552000 	C:\WINDOWS\System32\MSASN1.dll
0x00007ffa18960000 - 0x00007ffa18979000 	C:\WINDOWS\SYSTEM32\USP10.dll
0x00007ffa46cd0000 - 0x00007ffa46d56000 	C:\WINDOWS\SYSTEM32\WINSPOOL.DRV
0x00007ffa3af40000 - 0x00007ffa3b274000 	C:\WINDOWS\SYSTEM32\WININET.dll
0x00007ffa4b060000 - 0x00007ffa4b211000 	C:\WINDOWS\SYSTEM32\propsys.dll
0x00007ffa4e3d0000 - 0x00007ffa4e46e000 	C:\WINDOWS\System32\clbcatq.dll
0x000000001d040000 - 0x000000001d05e000 	C:\Users\Dr-Abbasfar\.Xilinx\SDK\2015.4\org.eclipse.osgi\bundles\303\1\.cp\swt-gdip-win32-4335.dll
0x00007ffa216f0000 - 0x00007ffa2188c000 	C:\WINDOWS\WinSxS\amd64_microsoft.windows.gdiplus_6595b64144ccf1df_1.1.16299.248_none_46b9c4e9edf1cfa5\gdiplus.dll
0x00007ffa44880000 - 0x00007ffa44a2b000 	C:\WINDOWS\SYSTEM32\WindowsCodecs.dll
0x0000000180000000 - 0x0000000180012000 	C:\Users\Dr-Abbasfar\.Xilinx\SDK\2015.4\org.eclipse.osgi\bundles\121\1\.cp\os\win32\x86_64\localfile_1_0_0.dll
0x00007ffa482e0000 - 0x00007ffa482f1000 	C:\Users\Dr-Abbasfar\.Xilinx\SDK\2015.4\org.eclipse.osgi\bundles\124\1\.cp\jWinHttp-1.0.0.dll
0x00007ffa48420000 - 0x00007ffa484fe000 	C:\WINDOWS\SYSTEM32\WINHTTP.dll
0x00007ffa2ec30000 - 0x00007ffa2ec9e000 	C:\WINDOWS\SYSTEM32\oleacc.dll
0x00007ffa2e6c0000 - 0x00007ffa2e70f000 	C:\WINDOWS\system32\dataexchange.dll
0x00007ffa4a030000 - 0x00007ffa4a172000 	C:\WINDOWS\system32\dcomp.dll
0x00007ffa496a0000 - 0x00007ffa49982000 	C:\WINDOWS\system32\d3d11.dll
0x00007ffa4b320000 - 0x00007ffa4b3cf000 	C:\WINDOWS\system32\dxgi.dll
0x00007ffa4aa80000 - 0x00007ffa4abfb000 	C:\WINDOWS\system32\twinapi.appcore.dll
0x00007ffa4acc0000 - 0x00007ffa4ace0000 	C:\WINDOWS\system32\RMCLIENT.dll
0x00007ffa27140000 - 0x00007ffa2717f000 	C:\WINDOWS\system32\mlang.dll
0x00007ffa37830000 - 0x00007ffa38479000 	C:\Windows\System32\ieframe.dll
0x00007ffa421d0000 - 0x00007ffa42469000 	C:\Windows\System32\iertutil.dll
0x00007ffa3ef70000 - 0x00007ffa3ef87000 	C:\Windows\System32\NETAPI32.dll
0x00007ffa4bb70000 - 0x00007ffa4bb7e000 	C:\Windows\System32\NETUTILS.DLL
0x00007ffa47f70000 - 0x00007ffa47f87000 	C:\Windows\System32\WKSCLI.DLL
0x00007ffa3b460000 - 0x00007ffa3b4cf000 	C:\WINDOWS\SYSTEM32\msIso.dll
0x00007ffa4e5a0000 - 0x00007ffa4e611000 	C:\WINDOWS\System32\coml2.dll
0x00007ffa42470000 - 0x00007ffa4263c000 	C:\WINDOWS\SYSTEM32\urlmon.dll
0x00007ffa4e620000 - 0x00007ffa4e63d000 	C:\WINDOWS\System32\imagehlp.dll
0x00007ffa4c310000 - 0x00007ffa4c3aa000 	C:\WINDOWS\SYSTEM32\sxs.dll
0x00007ff9d7ec0000 - 0x00007ff9d956c000 	C:\Windows\System32\mshtml.dll
0x00007ffa4c3b0000 - 0x00007ffa4c3e0000 	C:\WINDOWS\SYSTEM32\SspiCli.dll
0x00007ffa26e70000 - 0x00007ffa26e98000 	C:\Windows\System32\srpapi.dll
0x00007ffa4d0d0000 - 0x00007ffa4d128000 	C:\WINDOWS\System32\WINTRUST.dll
0x00007ffa26a70000 - 0x00007ffa26a80000 	C:\WINDOWS\system32\msimtf.dll
0x00007ffa3aea0000 - 0x00007ffa3aeac000 	C:\WINDOWS\SYSTEM32\Secur32.dll
0x00007ffa42640000 - 0x00007ffa42846000 	C:\Windows\System32\uiautomationcore.dll
0x00007ffa3a9e0000 - 0x00007ffa3a9f5000 	C:\WINDOWS\SYSTEM32\ondemandconnroutehelper.dll
0x00007ffa47be0000 - 0x00007ffa47beb000 	C:\WINDOWS\SYSTEM32\WINNSI.DLL
0x00007ffa49990000 - 0x00007ffa49f48000 	C:\Windows\System32\d2d1.dll
0x00007ffa3a220000 - 0x00007ffa3a52f000 	C:\Windows\System32\DWrite.dll
0x00007ffa23460000 - 0x00007ffa2352a000 	C:\Windows\System32\jscript.dll
0x00007ffa29210000 - 0x00007ffa29248000 	C:\Windows\System32\msls31.dll
0x00007ff9dcf00000 - 0x00007ff9dcff6000 	C:\Windows\System32\DDRAW.dll
0x00007ffa48fe0000 - 0x00007ffa48fe8000 	C:\Windows\System32\DCIMAN32.dll
0x00007ffa46d80000 - 0x00007ffa46d8f000 	D:\Xilinx\SDK\2015.4\lib\win64.o\librdi_repo_manager.dll
0x00007ffa3f900000 - 0x00007ffa3f92a000 	D:\Xilinx\SDK\2015.4\lib\win64.o\libisl_sysinfo.dll
0x00007ffa1f350000 - 0x00007ffa1f3a4000 	D:\Xilinx\SDK\2015.4\lib\win64.o\librdi_commonxillic.dll
0x00007ffa467d0000 - 0x00007ffa46877000 	C:\WINDOWS\SYSTEM32\MSVCP110.dll
0x00007ff9d6970000 - 0x00007ff9d6b5c000 	D:\Xilinx\SDK\2015.4\lib\win64.o\librdi_hsm.dll
0x00007ffa45fc0000 - 0x00007ffa46094000 	C:\WINDOWS\SYSTEM32\MSVCR110.dll
0x00007ff9d7310000 - 0x00007ff9d752e000 	D:\Xilinx\SDK\2015.4\lib\win64.o\libXil_lmgr11.dll
0x00007ff9d7530000 - 0x00007ff9d7ebd000 	D:\Xilinx\SDK\2015.4\lib\win64.o\librdi_common.dll
0x00007ffa363d0000 - 0x00007ffa363f2000 	D:\Xilinx\SDK\2015.4\lib\win64.o\libboost_filesystem.dll
0x00007ff9dce00000 - 0x00007ff9dcefa000 	D:\Xilinx\SDK\2015.4\lib\win64.o\libboost_regex.dll
0x00007ffa45be0000 - 0x00007ffa45be9000 	D:\Xilinx\SDK\2015.4\lib\win64.o\libboost_system.dll
0x00007ffa10c50000 - 0x00007ffa10c93000 	D:\Xilinx\SDK\2015.4\lib\win64.o\librdi_hdf.dll
0x00007ff9d6710000 - 0x00007ff9d6965000 	D:\Xilinx\SDK\2015.4\lib\win64.o\librdi_ippcw.dll

VM Arguments:
jvm_args: -Dcom.xilinx.sdk.args.hwspec=E:/ZedBoard_Projects/SIN_BRAM/zed/fmcomms1_zed.sdk/system_top.hdf -Xms64m -Xmx512m & 
java_command: <unknown>
java_class_path (initial): D:\Xilinx\SDK\2015.4\eclipse\win64.o\\plugins/org.eclipse.equinox.launcher_1.3.0.v20130327-1440.jar
Launcher Type: generic

Environment Variables:
USERNAME=Dr-Abbasfar
OS=Windows_NT
PROCESSOR_IDENTIFIER=Intel64 Family 6 Model 94 Stepping 3, GenuineIntel



---------------  S Y S T E M  ---------------

OS: Windows 10.0 , 64 bit Build 16299 (10.0.16299.15)

CPU:total 8 (4 cores per cpu, 2 threads per core) family 6 model 94 stepping 3, cmov, cx8, fxsr, mmx, sse, sse2, sse3, ssse3, sse4.1, sse4.2, popcnt, avx, avx2, aes, clmul, erms, rtm, 3dnowpref, lzcnt, ht, tsc, tscinvbit, bmi1, bmi2, adx

Memory: 4k page, physical 8265860k(3311440k free), swap 9707652k(2933664k free)

vm_info: Java HotSpot(TM) 64-Bit Server VM (25.45-b02) for windows-amd64 JRE (1.8.0_45-b15), built on Apr 30 2015 12:40:44 by "java_re" with MS VC++ 10.0 (VS2010)

time: Tue Feb 27 12:08:14 2018
elapsed time: 781 seconds (0d 0h 13m 1s)

