

================================================================
== Vivado HLS Report for 'stepGen'
================================================================
* Date:           Sat Sep 01 12:54:07 2018

* Version:        2015.4 (Build 1412921 on Wed Nov 18 09:58:55 AM 2015)
* Project:        StepGen
* Solution:       solution1
* Product family: zynq
* Target device:  xc7z020clg484-1


================================================================
== Performance Estimates
================================================================
+ Timing (ns): 
    * Summary: 
    +--------+-------+----------+------------+
    |  Clock | Target| Estimated| Uncertainty|
    +--------+-------+----------+------------+
    |ap_clk  |  10.00|      3.76|        1.25|
    +--------+-------+----------+------------+

+ Latency (clock cycles): 
    * Summary: 
    +-----+-----+-----+-----+---------+
    |  Latency  |  Interval | Pipeline|
    | min | max | min | max |   Type  |
    +-----+-----+-----+-----+---------+
    |  257|  257|  258|  258|   none  |
    +-----+-----+-----+-----+---------+

    + Detail: 
        * Instance: 
        N/A

        * Loop: 
        +----------+-----+-----+----------+-----------+-----------+------+----------+
        |          |  Latency  | Iteration|  Initiation Interval  | Trip |          |
        | Loop Name| min | max |  Latency |  achieved |   target  | Count| Pipelined|
        +----------+-----+-----+----------+-----------+-----------+------+----------+
        |- Loop 1  |  256|  256|         1|          -|          -|   256|    no    |
        +----------+-----+-----+----------+-----------+-----------+------+----------+



================================================================
== Utilization Estimates
================================================================
* Summary: 
+-----------------+---------+-------+--------+-------+
|       Name      | BRAM_18K| DSP48E|   FF   |  LUT  |
+-----------------+---------+-------+--------+-------+
|DSP              |        -|      -|       -|      -|
|Expression       |        -|      -|       0|     29|
|FIFO             |        -|      -|       -|      -|
|Instance         |        2|      -|     146|    150|
|Memory           |        -|      -|       -|      -|
|Multiplexer      |        -|      -|       -|     10|
|Register         |        -|      -|      11|      -|
+-----------------+---------+-------+--------+-------+
|Total            |        2|      0|     157|    189|
+-----------------+---------+-------+--------+-------+
|Available        |      280|    220|  106400|  53200|
+-----------------+---------+-------+--------+-------+
|Utilization (%)  |    ~0   |      0|   ~0   |   ~0  |
+-----------------+---------+-------+--------+-------+

+ Detail: 
    * Instance: 
    +--------------------------+------------------------+---------+-------+-----+-----+
    |         Instance         |         Module         | BRAM_18K| DSP48E|  FF | LUT |
    +--------------------------+------------------------+---------+-------+-----+-----+
    |stepGen_AXILiteS_s_axi_U  |stepGen_AXILiteS_s_axi  |        2|      0|  110|  110|
    |stepGen_CRTL_BUS_s_axi_U  |stepGen_CRTL_BUS_s_axi  |        0|      0|   36|   40|
    +--------------------------+------------------------+---------+-------+-----+-----+
    |Total                     |                        |        2|      0|  146|  150|
    +--------------------------+------------------------+---------+-------+-----+-----+

    * DSP48: 
    N/A

    * Memory: 
    N/A

    * FIFO: 
    N/A

    * Expression: 
    +-------------------+----------+-------+---+----+------------+------------+
    |   Variable Name   | Operation| DSP48E| FF| LUT| Bitwidth P0| Bitwidth P1|
    +-------------------+----------+-------+---+----+------------+------------+
    |idx_1_fu_75_p2     |     +    |      0|  0|   9|           1|           9|
    |out_vec_d0         |  Select  |      0|  0|  16|           1|          15|
    |exitcond_fu_69_p2  |   icmp   |      0|  0|   4|           9|          10|
    +-------------------+----------+-------+---+----+------------+------------+
    |Total              |          |      0|  0|  29|          11|          34|
    +-------------------+----------+-------+---+----+------------+------------+

    * Multiplexer: 
    +------------+----+-----------+-----+-----------+
    |    Name    | LUT| Input Size| Bits| Total Bits|
    +------------+----+-----------+-----+-----------+
    |ap_NS_fsm   |   1|          3|    1|          3|
    |idx_reg_58  |   9|          2|    9|         18|
    +------------+----+-----------+-----+-----------+
    |Total       |  10|          5|   10|         21|
    +------------+----+-----------+-----+-----------+

    * Register: 
    +------------+---+----+-----+-----------+
    |    Name    | FF| LUT| Bits| Const Bits|
    +------------+---+----+-----+-----------+
    |ap_CS_fsm   |  2|   0|    2|          0|
    |idx_reg_58  |  9|   0|    9|          0|
    +------------+---+----+-----+-----------+
    |Total       | 11|   0|   11|          0|
    +------------+---+----+-----+-----------+



================================================================
== Interface
================================================================
* Summary: 
+------------------------+-----+-----+------------+--------------+--------------+
|        RTL Ports       | Dir | Bits|  Protocol  | Source Object|    C Type    |
+------------------------+-----+-----+------------+--------------+--------------+
|s_axi_AXILiteS_AWVALID  |  in |    1|    s_axi   |   AXILiteS   |     array    |
|s_axi_AXILiteS_AWREADY  | out |    1|    s_axi   |   AXILiteS   |     array    |
|s_axi_AXILiteS_AWADDR   |  in |   12|    s_axi   |   AXILiteS   |     array    |
|s_axi_AXILiteS_WVALID   |  in |    1|    s_axi   |   AXILiteS   |     array    |
|s_axi_AXILiteS_WREADY   | out |    1|    s_axi   |   AXILiteS   |     array    |
|s_axi_AXILiteS_WDATA    |  in |   32|    s_axi   |   AXILiteS   |     array    |
|s_axi_AXILiteS_WSTRB    |  in |    4|    s_axi   |   AXILiteS   |     array    |
|s_axi_AXILiteS_ARVALID  |  in |    1|    s_axi   |   AXILiteS   |     array    |
|s_axi_AXILiteS_ARREADY  | out |    1|    s_axi   |   AXILiteS   |     array    |
|s_axi_AXILiteS_ARADDR   |  in |   12|    s_axi   |   AXILiteS   |     array    |
|s_axi_AXILiteS_RVALID   | out |    1|    s_axi   |   AXILiteS   |     array    |
|s_axi_AXILiteS_RREADY   |  in |    1|    s_axi   |   AXILiteS   |     array    |
|s_axi_AXILiteS_RDATA    | out |   32|    s_axi   |   AXILiteS   |     array    |
|s_axi_AXILiteS_RRESP    | out |    2|    s_axi   |   AXILiteS   |     array    |
|s_axi_AXILiteS_BVALID   | out |    1|    s_axi   |   AXILiteS   |     array    |
|s_axi_AXILiteS_BREADY   |  in |    1|    s_axi   |   AXILiteS   |     array    |
|s_axi_AXILiteS_BRESP    | out |    2|    s_axi   |   AXILiteS   |     array    |
|s_axi_CRTL_BUS_AWVALID  |  in |    1|    s_axi   |   CRTL_BUS   |  return void |
|s_axi_CRTL_BUS_AWREADY  | out |    1|    s_axi   |   CRTL_BUS   |  return void |
|s_axi_CRTL_BUS_AWADDR   |  in |    5|    s_axi   |   CRTL_BUS   |  return void |
|s_axi_CRTL_BUS_WVALID   |  in |    1|    s_axi   |   CRTL_BUS   |  return void |
|s_axi_CRTL_BUS_WREADY   | out |    1|    s_axi   |   CRTL_BUS   |  return void |
|s_axi_CRTL_BUS_WDATA    |  in |   32|    s_axi   |   CRTL_BUS   |  return void |
|s_axi_CRTL_BUS_WSTRB    |  in |    4|    s_axi   |   CRTL_BUS   |  return void |
|s_axi_CRTL_BUS_ARVALID  |  in |    1|    s_axi   |   CRTL_BUS   |  return void |
|s_axi_CRTL_BUS_ARREADY  | out |    1|    s_axi   |   CRTL_BUS   |  return void |
|s_axi_CRTL_BUS_ARADDR   |  in |    5|    s_axi   |   CRTL_BUS   |  return void |
|s_axi_CRTL_BUS_RVALID   | out |    1|    s_axi   |   CRTL_BUS   |  return void |
|s_axi_CRTL_BUS_RREADY   |  in |    1|    s_axi   |   CRTL_BUS   |  return void |
|s_axi_CRTL_BUS_RDATA    | out |   32|    s_axi   |   CRTL_BUS   |  return void |
|s_axi_CRTL_BUS_RRESP    | out |    2|    s_axi   |   CRTL_BUS   |  return void |
|s_axi_CRTL_BUS_BVALID   | out |    1|    s_axi   |   CRTL_BUS   |  return void |
|s_axi_CRTL_BUS_BREADY   |  in |    1|    s_axi   |   CRTL_BUS   |  return void |
|s_axi_CRTL_BUS_BRESP    | out |    2|    s_axi   |   CRTL_BUS   |  return void |
|ap_clk                  |  in |    1| ap_ctrl_hs |    stepGen   | return value |
|ap_rst_n                |  in |    1| ap_ctrl_hs |    stepGen   | return value |
|interrupt               | out |    1| ap_ctrl_hs |    stepGen   | return value |
+------------------------+-----+-----+------------+--------------+--------------+

