12:04:39 **** Auto Build of configuration Debug for project raw_apps ****
make all 
'Building target: raw_apps.elf'
'Invoking: MicroBlaze gcc linker'
mb-gcc -Wl,-T -Wl,../src/lscript.ld -L../../raw_apps_bsp/microblaze_0/lib -mlittle-endian -mxl-barrel-shift -mxl-pattern-compare -mno-xl-soft-div -mcpu=v9.4 -mno-xl-soft-mul -mxl-multiply-high -mhard-float -mxl-float-convert -mxl-float-sqrt -Wl,--no-relax -Wl,--gc-sections -o "raw_apps.elf"  ./src/dispatch.o ./src/echo.o ./src/http_response.o ./src/main.o ./src/platform.o ./src/platform_fs.o ./src/platform_gpio.o ./src/prot_malloc.o ./src/rxperf.o ./src/tftpserver.o ./src/tftputils.o ./src/txperf.o ./src/urxperf.o ./src/utxperf.o ./src/web_utils.o ./src/webserver.o   
./src/echo.o: In function `echo_recv_callback':
C:\PROJECT_FOR_RELEASE\AC701_100MHZ_32kb\SW\raw_apps\Debug/../src/echo.c:48: undefined reference to `tcp_close'
C:\PROJECT_FOR_RELEASE\AC701_100MHZ_32kb\SW\raw_apps\Debug/../src/echo.c:49: undefined reference to `tcp_recv'
C:\PROJECT_FOR_RELEASE\AC701_100MHZ_32kb\SW\raw_apps\Debug/../src/echo.c:54: undefined reference to `tcp_recved'
C:\PROJECT_FOR_RELEASE\AC701_100MHZ_32kb\SW\raw_apps\Debug/../src/echo.c:59: undefined reference to `tcp_write'
C:\PROJECT_FOR_RELEASE\AC701_100MHZ_32kb\SW\raw_apps\Debug/../src/echo.c:63: undefined reference to `pbuf_free'
./src/echo.o: In function `echo_accept_callback':
C:\PROJECT_FOR_RELEASE\AC701_100MHZ_32kb\SW\raw_apps\Debug/../src/echo.c:74: undefined reference to `tcp_recv'
C:\PROJECT_FOR_RELEASE\AC701_100MHZ_32kb\SW\raw_apps\Debug/../src/echo.c:78: undefined reference to `tcp_arg'
./src/echo.o: In function `start_echo_application':
C:\PROJECT_FOR_RELEASE\AC701_100MHZ_32kb\SW\raw_apps\Debug/../src/echo.c:93: undefined reference to `tcp_new'
C:\PROJECT_FOR_RELEASE\AC701_100MHZ_32kb\SW\raw_apps\Debug/../src/echo.c:100: undefined reference to `ip_addr_any'
C:\PROJECT_FOR_RELEASE\AC701_100MHZ_32kb\SW\raw_apps\Debug/../src/echo.c:100: undefined reference to `tcp_bind'
C:\PROJECT_FOR_RELEASE\AC701_100MHZ_32kb\SW\raw_apps\Debug/../src/echo.c:107: undefined reference to `tcp_arg'
C:\PROJECT_FOR_RELEASE\AC701_100MHZ_32kb\SW\raw_apps\Debug/../src/echo.c:110: undefined reference to `tcp_listen_with_backlog'
C:\PROJECT_FOR_RELEASE\AC701_100MHZ_32kb\SW\raw_apps\Debug/../src/echo.c:117: undefined reference to `tcp_accept'
./src/http_response.o: In function `do_404':
C:\PROJECT_FOR_RELEASE\AC701_100MHZ_32kb\SW\raw_apps\Debug/../src/http_response.c:69: undefined reference to `tcp_write'
C:\PROJECT_FOR_RELEASE\AC701_100MHZ_32kb\SW\raw_apps\Debug/../src/http_response.c:73: undefined reference to `tcp_write'
C:\PROJECT_FOR_RELEASE\AC701_100MHZ_32kb\SW\raw_apps\Debug/../src/http_response.c:74: undefined reference to `tcp_write'
C:\PROJECT_FOR_RELEASE\AC701_100MHZ_32kb\SW\raw_apps\Debug/../src/http_response.c:75: undefined reference to `tcp_write'
./src/http_response.o: In function `do_http_post':
C:\PROJECT_FOR_RELEASE\AC701_100MHZ_32kb\SW\raw_apps\Debug/../src/http_response.c:112: undefined reference to `tcp_write'
./src/http_response.o:C:\PROJECT_FOR_RELEASE\AC701_100MHZ_32kb\SW\raw_apps\Debug/../src/http_response.c:176: more undefined references to `tcp_write' follow
./src/main.o: In function `main':
C:\PROJECT_FOR_RELEASE\AC701_100MHZ_32kb\SW\raw_apps\Debug/../src/main.c:83: undefined reference to `lwip_init'
C:\PROJECT_FOR_RELEASE\AC701_100MHZ_32kb\SW\raw_apps\Debug/../src/main.c:92: undefined reference to `xemac_add'
C:\PROJECT_FOR_RELEASE\AC701_100MHZ_32kb\SW\raw_apps\Debug/../src/main.c:96: undefined reference to `netif_set_default'
C:\PROJECT_FOR_RELEASE\AC701_100MHZ_32kb\SW\raw_apps\Debug/../src/main.c:99: undefined reference to `netif_set_up'
C:\PROJECT_FOR_RELEASE\AC701_100MHZ_32kb\SW\raw_apps\Debug/../src/main.c:142: undefined reference to `tcp_fasttmr'
C:\PROJECT_FOR_RELEASE\AC701_100MHZ_32kb\SW\raw_apps\Debug/../src/main.c:146: undefined reference to `tcp_slowtmr'
C:\PROJECT_FOR_RELEASE\AC701_100MHZ_32kb\SW\raw_apps\Debug/../src/main.c:149: undefined reference to `xemacif_input'
./src/prot_malloc.o: In function `prot_mem_free':
C:\PROJECT_FOR_RELEASE\AC701_100MHZ_32kb\SW\raw_apps\Debug/../src/prot_malloc.c:37: undefined reference to `mem_free'
./src/rxperf.o: In function `rxperf_recv_callback':
C:\PROJECT_FOR_RELEASE\AC701_100MHZ_32kb\SW\raw_apps\Debug/../src/rxperf.c:38: undefined reference to `tcp_close'
C:\PROJECT_FOR_RELEASE\AC701_100MHZ_32kb\SW\raw_apps\Debug/../src/rxperf.c:44: undefined reference to `tcp_recved'
C:\PROJECT_FOR_RELEASE\AC701_100MHZ_32kb\SW\raw_apps\Debug/../src/rxperf.c:46: undefined reference to `pbuf_free'
./src/rxperf.o: In function `rxperf_accept_callback':
C:\PROJECT_FOR_RELEASE\AC701_100MHZ_32kb\SW\raw_apps\Debug/../src/rxperf.c:54: undefined reference to `tcp_recv'
./src/rxperf.o: In function `start_rxperf_application':
C:\PROJECT_FOR_RELEASE\AC701_100MHZ_32kb\SW\raw_apps\Debug/../src/rxperf.c:66: undefined reference to `tcp_new'
C:\PROJECT_FOR_RELEASE\AC701_100MHZ_32kb\SW\raw_apps\Debug/../src/rxperf.c:73: undefined reference to `ip_addr_any'
C:\PROJECT_FOR_RELEASE\AC701_100MHZ_32kb\SW\raw_apps\Debug/../src/rxperf.c:73: undefined reference to `tcp_bind'
C:\PROJECT_FOR_RELEASE\AC701_100MHZ_32kb\SW\raw_apps\Debug/../src/rxperf.c:80: undefined reference to `tcp_arg'
C:\PROJECT_FOR_RELEASE\AC701_100MHZ_32kb\SW\raw_apps\Debug/../src/rxperf.c:83: undefined reference to `tcp_listen_with_backlog'
C:\PROJECT_FOR_RELEASE\AC701_100MHZ_32kb\SW\raw_apps\Debug/../src/rxperf.c:90: undefined reference to `tcp_accept'
./src/tftpserver.o: In function `tftp_send_message':
C:\PROJECT_FOR_RELEASE\AC701_100MHZ_32kb\SW\raw_apps\Debug/../src/tftpserver.c:66: undefined reference to `pbuf_alloc'
C:\PROJECT_FOR_RELEASE\AC701_100MHZ_32kb\SW\raw_apps\Debug/../src/tftpserver.c:74: undefined reference to `udp_sendto'
C:\PROJECT_FOR_RELEASE\AC701_100MHZ_32kb\SW\raw_apps\Debug/../src/tftpserver.c:77: undefined reference to `pbuf_free'
./src/tftpserver.o: In function `tftp_cleanup':
C:\PROJECT_FOR_RELEASE\AC701_100MHZ_32kb\SW\raw_apps\Debug/../src/tftpserver.c:141: undefined reference to `udp_remove'
./src/tftpserver.o: In function `rrq_recv_callback':
C:\PROJECT_FOR_RELEASE\AC701_100MHZ_32kb\SW\raw_apps\Debug/../src/tftpserver.c:177: undefined reference to `pbuf_free'
./src/tftpserver.o: In function `tftp_process_read':
C:\PROJECT_FOR_RELEASE\AC701_100MHZ_32kb\SW\raw_apps\Debug/../src/tftpserver.c:198: undefined reference to `udp_remove'
C:\PROJECT_FOR_RELEASE\AC701_100MHZ_32kb\SW\raw_apps\Debug/../src/tftpserver.c:207: undefined reference to `mem_malloc'
C:\PROJECT_FOR_RELEASE\AC701_100MHZ_32kb\SW\raw_apps\Debug/../src/tftpserver.c:211: undefined reference to `udp_remove'
C:\PROJECT_FOR_RELEASE\AC701_100MHZ_32kb\SW\raw_apps\Debug/../src/tftpserver.c:221: undefined reference to `udp_recv'
./src/tftpserver.o: In function `wrq_recv_callback':
C:\PROJECT_FOR_RELEASE\AC701_100MHZ_32kb\SW\raw_apps\Debug/../src/tftpserver.c:243: undefined reference to `pbuf_free'
C:\PROJECT_FOR_RELEASE\AC701_100MHZ_32kb\SW\raw_apps\Debug/../src/tftpserver.c:255: undefined reference to `pbuf_free'
C:\PROJECT_FOR_RELEASE\AC701_100MHZ_32kb\SW\raw_apps\Debug/../src/tftpserver.c:269: undefined reference to `pbuf_free'
./src/tftpserver.o: In function `tftp_process_write':
C:\PROJECT_FOR_RELEASE\AC701_100MHZ_32kb\SW\raw_apps\Debug/../src/tftpserver.c:283: undefined reference to `udp_remove'
C:\PROJECT_FOR_RELEASE\AC701_100MHZ_32kb\SW\raw_apps\Debug/../src/tftpserver.c:291: undefined reference to `udp_remove'
C:\PROJECT_FOR_RELEASE\AC701_100MHZ_32kb\SW\raw_apps\Debug/../src/tftpserver.c:298: undefined reference to `mem_malloc'
C:\PROJECT_FOR_RELEASE\AC701_100MHZ_32kb\SW\raw_apps\Debug/../src/tftpserver.c:302: undefined reference to `udp_remove'
C:\PROJECT_FOR_RELEASE\AC701_100MHZ_32kb\SW\raw_apps\Debug/../src/tftpserver.c:313: undefined reference to `udp_recv'
./src/tftpserver.o: In function `process_tftp_request':
C:\PROJECT_FOR_RELEASE\AC701_100MHZ_32kb\SW\raw_apps\Debug/../src/tftpserver.c:334: undefined reference to `udp_new'
C:\PROJECT_FOR_RELEASE\AC701_100MHZ_32kb\SW\raw_apps\Debug/../src/tftpserver.c:341: undefined reference to `ip_addr_any'
C:\PROJECT_FOR_RELEASE\AC701_100MHZ_32kb\SW\raw_apps\Debug/../src/tftpserver.c:341: undefined reference to `udp_bind'
C:\PROJECT_FOR_RELEASE\AC701_100MHZ_32kb\SW\raw_apps\Debug/../src/tftpserver.c:362: undefined reference to `udp_remove'
./src/tftpserver.o: In function `tftp_recv_callback':
C:\PROJECT_FOR_RELEASE\AC701_100MHZ_32kb\SW\raw_apps\Debug/../src/tftpserver.c:379: undefined reference to `pbuf_free'
./src/tftpserver.o: In function `start_tftp_application':
C:\PROJECT_FOR_RELEASE\AC701_100MHZ_32kb\SW\raw_apps\Debug/../src/tftpserver.c:390: undefined reference to `udp_new'
C:\PROJECT_FOR_RELEASE\AC701_100MHZ_32kb\SW\raw_apps\Debug/../src/tftpserver.c:397: undefined reference to `ip_addr_any'
C:\PROJECT_FOR_RELEASE\AC701_100MHZ_32kb\SW\raw_apps\Debug/../src/tftpserver.c:397: undefined reference to `udp_bind'
C:\PROJECT_FOR_RELEASE\AC701_100MHZ_32kb\SW\raw_apps\Debug/../src/tftpserver.c:403: undefined reference to `udp_recv'
./src/txperf.o: In function `transfer_txperf_data':
C:\PROJECT_FOR_RELEASE\AC701_100MHZ_32kb\SW\raw_apps\Debug/../src/txperf.c:54: undefined reference to `tcp_write'
C:\PROJECT_FOR_RELEASE\AC701_100MHZ_32kb\SW\raw_apps\Debug/../src/txperf.c:60: undefined reference to `tcp_output'
C:\PROJECT_FOR_RELEASE\AC701_100MHZ_32kb\SW\raw_apps\Debug/../src/txperf.c:67: undefined reference to `tcp_write'
C:\PROJECT_FOR_RELEASE\AC701_100MHZ_32kb\SW\raw_apps\Debug/../src/txperf.c:72: undefined reference to `tcp_output'
./src/txperf.o: In function `txperf_sent_callback':
C:\PROJECT_FOR_RELEASE\AC701_100MHZ_32kb\SW\raw_apps\Debug/../src/txperf.c:94: undefined reference to `tcp_write'
C:\PROJECT_FOR_RELEASE\AC701_100MHZ_32kb\SW\raw_apps\Debug/../src/txperf.c:100: undefined reference to `tcp_output'
./src/txperf.o: In function `txperf_connected_callback':
C:\PROJECT_FOR_RELEASE\AC701_100MHZ_32kb\SW\raw_apps\Debug/../src/txperf.c:119: undefined reference to `tcp_arg'
C:\PROJECT_FOR_RELEASE\AC701_100MHZ_32kb\SW\raw_apps\Debug/../src/txperf.c:120: undefined reference to `tcp_sent'
./src/txperf.o: In function `start_txperf_application':
C:\PROJECT_FOR_RELEASE\AC701_100MHZ_32kb\SW\raw_apps\Debug/../src/txperf.c:136: undefined reference to `tcp_new'
C:\PROJECT_FOR_RELEASE\AC701_100MHZ_32kb\SW\raw_apps\Debug/../src/txperf.c:146: undefined reference to `tcp_connect'
./src/webserver.o: In function `http_sent_callback':
C:\PROJECT_FOR_RELEASE\AC701_100MHZ_32kb\SW\raw_apps\Debug/../src/webserver.c:76: undefined reference to `tcp_close'
C:\PROJECT_FOR_RELEASE\AC701_100MHZ_32kb\SW\raw_apps\Debug/../src/webserver.c:91: undefined reference to `tcp_write'
./src/webserver.o: In function `http_recv_callback':
C:\PROJECT_FOR_RELEASE\AC701_100MHZ_32kb\SW\raw_apps\Debug/../src/webserver.c:113: undefined reference to `pbuf_free'
C:\PROJECT_FOR_RELEASE\AC701_100MHZ_32kb\SW\raw_apps\Debug/../src/webserver.c:116: undefined reference to `pbuf_free'
C:\PROJECT_FOR_RELEASE\AC701_100MHZ_32kb\SW\raw_apps\Debug/../src/webserver.c:121: undefined reference to `tcp_recved'
C:\PROJECT_FOR_RELEASE\AC701_100MHZ_32kb\SW\raw_apps\Debug/../src/webserver.c:132: undefined reference to `pbuf_free'
./src/webserver.o: In function `http_accept_callback':
C:\PROJECT_FOR_RELEASE\AC701_100MHZ_32kb\SW\raw_apps\Debug/../src/webserver.c:141: undefined reference to `tcp_arg'
C:\PROJECT_FOR_RELEASE\AC701_100MHZ_32kb\SW\raw_apps\Debug/../src/webserver.c:143: undefined reference to `tcp_recv'
C:\PROJECT_FOR_RELEASE\AC701_100MHZ_32kb\SW\raw_apps\Debug/../src/webserver.c:144: undefined reference to `tcp_sent'
./src/webserver.o: In function `start_web_application':
C:\PROJECT_FOR_RELEASE\AC701_100MHZ_32kb\SW\raw_apps\Debug/../src/webserver.c:162: undefined reference to `tcp_new'
C:\PROJECT_FOR_RELEASE\AC701_100MHZ_32kb\SW\raw_apps\Debug/../src/webserver.c:169: undefined reference to `ip_addr_any'
C:\PROJECT_FOR_RELEASE\AC701_100MHZ_32kb\SW\raw_apps\Debug/../src/webserver.c:169: undefined reference to `tcp_bind'
C:\PROJECT_FOR_RELEASE\AC701_100MHZ_32kb\SW\raw_apps\Debug/../src/webserver.c:176: undefined reference to `tcp_arg'
C:\PROJECT_FOR_RELEASE\AC701_100MHZ_32kb\SW\raw_apps\Debug/../src/webserver.c:179: undefined reference to `tcp_listen_with_backlog'
C:\PROJECT_FOR_RELEASE\AC701_100MHZ_32kb\SW\raw_apps\Debug/../src/webserver.c:186: undefined reference to `tcp_accept'
collect2.exe: error: ld returned 1 exit status
make: *** [raw_apps.elf] Error 1

12:04:40 Build Finished (took 896ms)

